Running in Lattice mode

sourcing C:\lscc\diamond\3.6_x64\synpbase\lib\message_override.tcl


Starting:    C:\lscc\diamond\3.6_x64\synpbase\bin64\mbin\synbatch.exe
Install:     C:\lscc\diamond\3.6_x64\synpbase
Hostname:    ISCGAB
Date:        Thu Mar 31 21:37:12 2016
Version:     J-2015.03L-SP1

Arguments:   -product synplify_pro -batch key00_key00_synplify.tcl
ProductType: synplify_pro





log file: "C:\Users\Gabriela\Desktop\PracticasG\Teclado\key00\key00_key00.srr"

Running: hdl_info_gen in foreground



Generating HDL info...


hdl_info_gen Completed
Return Code: 0
Run Time:0h:00m:01s

log file: "C:\Users\Gabriela\Desktop\PracticasG\Teclado\key00\key00_key00.srr"

Running: key00 in foreground



Running proj_1|key00


Running: compile (Compile) on proj_1|key00


Running: compile_flow (Compile Process) on proj_1|key00


Running: compiler (Compile Input) on proj_1|key00

Copied C:\Users\Gabriela\Desktop\PracticasG\Teclado\key00\synwork\key00_key00_comp.srs to C:\Users\Gabriela\Desktop\PracticasG\Teclado\key00\key00_key00.srs


compiler Completed
Return Code: 0
Run Time:0h:00m:02s


Running: multi_srs_gen (Multi-srs Generator) on proj_1|key00

Copied C:\Users\Gabriela\Desktop\PracticasG\Teclado\key00\synwork\key00_key00_comp.srs to C:\Users\Gabriela\Desktop\PracticasG\Teclado\key00\synwork\key00_key00_s.srs


multi_srs_gen Completed
Return Code: 0
Run Time:0h:00m:00s

Copied C:\Users\Gabriela\Desktop\PracticasG\Teclado\key00\synwork\key00_key00_mult.srs to C:\Users\Gabriela\Desktop\PracticasG\Teclado\key00\key00_key00.srs

Copied C:\Users\Gabriela\Desktop\PracticasG\Teclado\key00\key00_key00.srr to C:\Users\Gabriela\Desktop\PracticasG\Teclado\key00\key00_key00.srf

Complete: Compile Process on proj_1|key00


Running: premap (Pre-mapping) on proj_1|key00


premap Completed with warnings
Return Code: 1
Run Time:0h:00m:01s

Complete: Compile on proj_1|key00


Running: map (Map) on proj_1|key00


Running: fpga_mapper (Map & Optimize) on proj_1|key00

Copied C:\Users\Gabriela\Desktop\PracticasG\Teclado\key00\synwork\key00_key00_m.srm to C:\Users\Gabriela\Desktop\PracticasG\Teclado\key00\key00_key00.srm


fpga_mapper Completed with warnings
Return Code: 1
Run Time:0h:00m:02s

Complete: Map on proj_1|key00

Copied C:\Users\Gabriela\Desktop\PracticasG\Teclado\key00\key00_key00.srr to C:\Users\Gabriela\Desktop\PracticasG\Teclado\key00\key00_key00.srf

Complete: Logic Synthesis on proj_1|key00

TCL script complete: "key00_key00_synplify.tcl"

exit status=0

exit status=0

Save changes for project:
C:\Users\Gabriela\Desktop\PracticasG\Teclado\key00\proj_1.prj

batch mode default:no

