
synpwrap -msg -prj "rom00_rom00_synplify.tcl" -log "rom00_rom00.srf"
Copyright (C) 1992-2015 Lattice Semiconductor Corporation. All rights reserved.
Lattice Diamond Version 3.6.0.83.4
    <postMsg mid="2011000" type="Info"    dynamic="0" navigation="0"  />

==contents of rom00_rom00.srf
#Build: Synplify Pro J-2015.03L-SP1, Build 123R, Aug 18 2015
#install: C:\lscc\diamond\3.6_x64\synpbase
#OS: Windows 8 6.2
#Hostname: ISCGAB

#Implementation: rom00

Synopsys HDL Compiler, version comp201503sp1p1, Build 117R, built Aug 18 2015
@N|Running in 64-bit mode
Copyright (C) 1994-2015 Synopsys, Inc. This software and the associated documentation are proprietary to Synopsys, Inc. This software may only be used in accordance with the terms and conditions of a written license agreement with Synopsys, Inc.  All other use, reproduction, or distribution of this software is strictly prohibited.

Synopsys VHDL Compiler, version comp201503sp1p1, Build 117R, built Aug 18 2015
@N|Running in 64-bit mode
Copyright (C) 1994-2015 Synopsys, Inc. This software and the associated documentation are proprietary to Synopsys, Inc. This software may only be used in accordance with the terms and conditions of a written license agreement with Synopsys, Inc.  All other use, reproduction, or distribution of this software is strictly prohibited.

@N: CD720 :"C:\lscc\diamond\3.6_x64\synpbase\lib\vhd\std.vhd":123:18:123:21|Setting time resolution to ns
@N:"C:\Users\Gabriela\Desktop\PracticasG\Teclado\toprom00.vhdl":9:7:9:14|Top entity is set to toprom00.
VHDL syntax check successful!
@N: CD630 :"C:\Users\Gabriela\Desktop\PracticasG\Teclado\toprom00.vhdl":9:7:9:14|Synthesizing work.toprom00.toprom0 
@N: CD630 :"C:\Users\Gabriela\Desktop\PracticasG\Teclado\contread00.vhdl":10:7:10:16|Synthesizing work.contread00.contread0 
Post processing for work.contread00.contread0
@N: CD630 :"C:\Users\Gabriela\Desktop\PracticasG\Teclado\rom00.vhd":10:7:10:11|Synthesizing work.rom00.rom0 
@W: CG296 :"C:\Users\Gabriela\Desktop\PracticasG\Teclado\rom00.vhd":44:6:44:12|Incomplete sensitivity list - assuming completeness
@W: CG290 :"C:\Users\Gabriela\Desktop\PracticasG\Teclado\rom00.vhd":46:7:46:15|Referenced variable inflagrom is not in sensitivity list
Post processing for work.rom00.rom0
@N: CD630 :"C:\Users\Gabriela\Desktop\PracticasG\Teclado\topdiv00.vhd":9:7:9:14|Synthesizing work.topdiv00.topdiv0 
@N: CD630 :"C:\Users\Gabriela\Desktop\PracticasG\Teclado\div00.vhd":10:7:10:11|Synthesizing work.div00.div0 
Post processing for work.div00.div0
@N: CD630 :"C:\Users\Gabriela\Desktop\PracticasG\Teclado\osc00.vhd":8:7:8:11|Synthesizing work.osc00.osc0 
@W: CD276 :"C:\lscc\diamond\3.6_x64\cae_library\synthesis\vhdl\machxo2.vhd":2297:8:2297:15|Map for port sedstdby of component osch not found
@N: CD630 :"C:\lscc\diamond\3.6_x64\cae_library\synthesis\vhdl\machxo2.vhd":2291:10:2291:13|Synthesizing work.osch.syn_black_box 
Post processing for work.osch.syn_black_box
Post processing for work.osc00.osc0
Post processing for work.topdiv00.topdiv0
Post processing for work.toprom00.toprom0

At c_vhdl Exit (Real Time elapsed 0h:00m:00s; CPU Time elapsed 0h:00m:00s; Memory used current: 77MB peak: 78MB)

Process took 0h:00m:01s realtime, 0h:00m:01s cputime
# Fri Apr 01 08:15:20 2016

###########################################################]
Synopsys Netlist Linker, version comp201503sp1p1, Build 117R, built Aug 18 2015
@N|Running in 64-bit mode

At syn_nfilter Exit (Real Time elapsed 0h:00m:00s; CPU Time elapsed 0h:00m:00s; Memory used current: 67MB peak: 68MB)

Process took 0h:00m:01s realtime, 0h:00m:01s cputime
# Fri Apr 01 08:15:20 2016

###########################################################]
@END

At c_hdl Exit (Real Time elapsed 0h:00m:00s; CPU Time elapsed 0h:00m:00s; Memory used current: 3MB peak: 4MB)

Process took 0h:00m:01s realtime, 0h:00m:01s cputime
# Fri Apr 01 08:15:20 2016

###########################################################]
Synopsys Netlist Linker, version comp201503sp1p1, Build 117R, built Aug 18 2015
@N|Running in 64-bit mode

At syn_nfilter Exit (Real Time elapsed 0h:00m:00s; CPU Time elapsed 0h:00m:00s; Memory used current: 67MB peak: 68MB)

Process took 0h:00m:01s realtime, 0h:00m:01s cputime
# Fri Apr 01 08:15:21 2016

###########################################################]
Pre-mapping Report

Synopsys Lattice Technology Pre-mapping, Version maplat, Build 1264R, Built Aug 18 2015 10:39:57
Copyright (C) 1994-2015, Synopsys, Inc. This software and the associated documentation are proprietary to Synopsys, Inc. This software may only be used in accordance with the terms and conditions of a written license agreement with Synopsys, Inc.  All other use, reproduction, or distribution of this software is strictly prohibited.
Product Version J-2015.03L-SP1

Mapper Startup Complete (Real Time elapsed 0h:00m:00s; CPU Time elapsed 0h:00m:00s; Memory used current: 99MB peak: 99MB)

@L: C:\Users\Gabriela\Desktop\PracticasG\Teclado\rom00\rom00_rom00_scck.rpt 
Printing clock  summary report in "C:\Users\Gabriela\Desktop\PracticasG\Teclado\rom00\rom00_rom00_scck.rpt" file 
@N: MF248 |Running in 64-bit mode.
@N: MF666 |Clock conversion enabled 

Design Input Complete (Real Time elapsed 0h:00m:00s; CPU Time elapsed 0h:00m:00s; Memory used current: 100MB peak: 102MB)


Mapper Initialization Complete (Real Time elapsed 0h:00m:00s; CPU Time elapsed 0h:00m:00s; Memory used current: 100MB peak: 102MB)


Start loading timing files (Real Time elapsed 0h:00m:00s; CPU Time elapsed 0h:00m:00s; Memory used current: 111MB peak: 112MB)


Finished loading timing files (Real Time elapsed 0h:00m:00s; CPU Time elapsed 0h:00m:00s; Memory used current: 111MB peak: 114MB)

ICG Latch Removal Summary:
Number of ICG latches removed:	0
Number of ICG latches not removed:	0
syn_allowed_resources : blockrams=26  set on top level netlist toprom00

Finished netlist restructuring (Real Time elapsed 0h:00m:00s; CPU Time elapsed 0h:00m:00s; Memory used current: 138MB peak: 140MB)



@S |Clock Summary
*****************

Start                            Requested     Requested     Clock                                           Clock              
Clock                            Frequency     Period        Type                                            Group              
--------------------------------------------------------------------------------------------------------------------------------
div00|outdiv_derived_clock       2.1 MHz       480.769       derived (from osc00|osc_int_inferred_clock)     Inferred_clkgroup_0
osc00|osc_int_inferred_clock     2.1 MHz       480.769       inferred                                        Inferred_clkgroup_0
================================================================================================================================

@W: MT529 :"c:\users\gabriela\desktop\practicasg\teclado\div00.vhd":22:2:22:3|Found inferred clock osc00|osc_int_inferred_clock which controls 22 sequential elements including RO01.OS01.sdiv[20:0]. This clock has no specified timing constraint which may prevent conversion of gated or generated clocks and may adversely impact design performance. 

Pre-mapping successful!

At Mapper Exit (Real Time elapsed 0h:00m:00s; CPU Time elapsed 0h:00m:00s; Memory used current: 76MB peak: 140MB)

Process took 0h:00m:01s realtime, 0h:00m:01s cputime
# Fri Apr 01 08:15:22 2016

###########################################################]
Map & Optimize Report

Synopsys Lattice Technology Mapper, Version maplat, Build 1264R, Built Aug 18 2015 10:39:57
Copyright (C) 1994-2015, Synopsys, Inc. This software and the associated documentation are proprietary to Synopsys, Inc. This software may only be used in accordance with the terms and conditions of a written license agreement with Synopsys, Inc.  All other use, reproduction, or distribution of this software is strictly prohibited.
Product Version J-2015.03L-SP1

Mapper Startup Complete (Real Time elapsed 0h:00m:00s; CPU Time elapsed 0h:00m:00s; Memory used current: 99MB peak: 99MB)

@N: MF248 |Running in 64-bit mode.
@N: MF666 |Clock conversion enabled 

Design Input Complete (Real Time elapsed 0h:00m:00s; CPU Time elapsed 0h:00m:00s; Memory used current: 98MB peak: 100MB)


Mapper Initialization Complete (Real Time elapsed 0h:00m:00s; CPU Time elapsed 0h:00m:00s; Memory used current: 98MB peak: 100MB)


Start loading timing files (Real Time elapsed 0h:00m:00s; CPU Time elapsed 0h:00m:00s; Memory used current: 111MB peak: 111MB)


Finished loading timing files (Real Time elapsed 0h:00m:00s; CPU Time elapsed 0h:00m:00s; Memory used current: 111MB peak: 113MB)



Starting Optimization and Mapping (Real Time elapsed 0h:00m:00s; CPU Time elapsed 0h:00m:00s; Memory used current: 138MB peak: 140MB)


Available hyper_sources - for debug and ip models
	None Found

@N: FA239 :"c:\users\gabriela\desktop\practicasg\teclado\rom00.vhd":51:16:51:21|ROM prom\.outwordrom_2[6:0] mapped in logic.
@N: FA239 :"c:\users\gabriela\desktop\practicasg\teclado\rom00.vhd":51:16:51:21|ROM prom\.outwordrom_2[6:0] mapped in logic.
@N: MO106 :"c:\users\gabriela\desktop\practicasg\teclado\rom00.vhd":51:16:51:21|Found ROM, 'prom\.outwordrom_2[6:0]', 16 words by 7 bits 

Finished RTL optimizations (Real Time elapsed 0h:00m:00s; CPU Time elapsed 0h:00m:00s; Memory used current: 138MB peak: 140MB)


Finished factoring (Real Time elapsed 0h:00m:00s; CPU Time elapsed 0h:00m:00s; Memory used current: 140MB peak: 140MB)


Finished gated-clock and generated-clock conversion (Real Time elapsed 0h:00m:00s; CPU Time elapsed 0h:00m:00s; Memory used current: 139MB peak: 140MB)


Finished generic timing optimizations - Pass 1 (Real Time elapsed 0h:00m:00s; CPU Time elapsed 0h:00m:00s; Memory used current: 139MB peak: 140MB)


Starting Early Timing Optimization (Real Time elapsed 0h:00m:00s; CPU Time elapsed 0h:00m:00s; Memory used current: 140MB peak: 140MB)


Finished Early Timing Optimization (Real Time elapsed 0h:00m:00s; CPU Time elapsed 0h:00m:00s; Memory used current: 140MB peak: 140MB)


Finished generic timing optimizations - Pass 2 (Real Time elapsed 0h:00m:00s; CPU Time elapsed 0h:00m:00s; Memory used current: 139MB peak: 140MB)


Finished preparing to map (Real Time elapsed 0h:00m:00s; CPU Time elapsed 0h:00m:00s; Memory used current: 139MB peak: 140MB)


Finished technology mapping (Real Time elapsed 0h:00m:00s; CPU Time elapsed 0h:00m:00s; Memory used current: 140MB peak: 141MB)

Pass		 CPU time		Worst Slack		Luts / Registers
------------------------------------------------------------
   1		0h:00m:00s		   471.53ns		  37 /        26

Finished technology timing optimizations and critical path resynthesis (Real Time elapsed 0h:00m:00s; CPU Time elapsed 0h:00m:00s; Memory used current: 140MB peak: 141MB)

@N: FX164 |The option to pack registers in the IOB has not been specified. Please set syn_useioff attribute.  
@A: BN291 :"c:\users\gabriela\desktop\practicasg\teclado\contread00.vhdl":22:3:22:4|Boundary register RO03.outcont_3_.fb packed into a complex cell. To disable register packing, set syn_keep=1 on net between register and complex cell. 
@A: BN291 :"c:\users\gabriela\desktop\practicasg\teclado\contread00.vhdl":22:3:22:4|Boundary register RO03.outcont_2_.fb packed into a complex cell. To disable register packing, set syn_keep=1 on net between register and complex cell. 
@A: BN291 :"c:\users\gabriela\desktop\practicasg\teclado\contread00.vhdl":22:3:22:4|Boundary register RO03.outcont_1_.fb packed into a complex cell. To disable register packing, set syn_keep=1 on net between register and complex cell. 
@A: BN291 :"c:\users\gabriela\desktop\practicasg\teclado\contread00.vhdl":22:3:22:4|Boundary register RO03.outcont_0_.fb packed into a complex cell. To disable register packing, set syn_keep=1 on net between register and complex cell. 

Finished restoring hierarchy (Real Time elapsed 0h:00m:00s; CPU Time elapsed 0h:00m:00s; Memory used current: 140MB peak: 141MB)

@N: MT611 :|Automatically generated clock div00|outdiv_derived_clock is not used and is being removed


#### START OF CLOCK OPTIMIZATION REPORT #####[

1 non-gated/non-generated clock tree(s) driving 26 clock pin(s) of sequential element(s)
0 gated/generated clock tree(s) driving 0 clock pin(s) of sequential element(s)
4 instances converted, 0 sequential instances remain driven by gated/generated clocks

============================= Non-Gated/Non-Generated Clocks ==============================
Clock Tree ID     Driving Element        Drive Element Type     Fanout     Sample Instance 
-------------------------------------------------------------------------------------------
@K:CKID0001       RO01.OS00.OSCInst0     OSCH                   26         RO01.OS01.outdiv
===========================================================================================


##### END OF CLOCK OPTIMIZATION REPORT ######]


Start Writing Netlists (Real Time elapsed 0h:00m:00s; CPU Time elapsed 0h:00m:00s; Memory used current: 108MB peak: 141MB)

Writing Analyst data base C:\Users\Gabriela\Desktop\PracticasG\Teclado\rom00\synwork\rom00_rom00_m.srm

Finished Writing Netlist Databases (Real Time elapsed 0h:00m:00s; CPU Time elapsed 0h:00m:00s; Memory used current: 139MB peak: 141MB)

Writing EDIF Netlist and constraint files
J-2015.03L-SP1
@N: BW106 |Synplicity Constraint File capacitance units using default value of 1pF 

Finished Writing EDIF Netlist and constraint files (Real Time elapsed 0h:00m:01s; CPU Time elapsed 0h:00m:01s; Memory used current: 142MB peak: 144MB)


Start final timing analysis (Real Time elapsed 0h:00m:01s; CPU Time elapsed 0h:00m:01s; Memory used current: 143MB peak: 144MB)

@W: MT420 |Found inferred clock osc00|osc_int_inferred_clock with period 480.77ns. Please declare a user-defined clock on object "n:RO01.OS00.osc_int"



@S |##### START OF TIMING REPORT #####[
# Timing Report written on Fri Apr 01 08:15:24 2016
#


Top view:               toprom00
Requested Frequency:    2.1 MHz
Wire load mode:         top
Paths requested:        5
Constraint File(s):    
@N: MT320 |Timing report estimates place and route data. Please look at the place and route timing report for final timing.

@N: MT322 |Clock constraints cover only FF-to-FF paths associated with the clock.



Performance Summary 
*******************


Worst slack in design: 469.591

                                 Requested     Estimated     Requested     Estimated                 Clock        Clock              
Starting Clock                   Frequency     Frequency     Period        Period        Slack       Type         Group              
-------------------------------------------------------------------------------------------------------------------------------------
osc00|osc_int_inferred_clock     2.1 MHz       89.5 MHz      480.769       11.178        469.591     inferred     Inferred_clkgroup_0
=====================================================================================================================================





Clock Relationships
*******************

Clocks                                                      |    rise  to  rise   |    fall  to  fall     |    rise  to  fall   |    fall  to  rise 
----------------------------------------------------------------------------------------------------------------------------------------------------
Starting                      Ending                        |  constraint  slack  |  constraint  slack    |  constraint  slack  |  constraint  slack
----------------------------------------------------------------------------------------------------------------------------------------------------
osc00|osc_int_inferred_clock  osc00|osc_int_inferred_clock  |  No paths    -      |  480.769     469.591  |  No paths    -      |  No paths    -    
====================================================================================================================================================
 Note: 'No paths' indicates there are no paths in the design for that pair of clock edges.
       'Diff grp' indicates that paths exist but the starting clock and ending clock are in different clock groups.



Interface Information 
*********************

No IO constraint found



====================================
Detailed Report for Clock: osc00|osc_int_inferred_clock
====================================



Starting Points with Worst Slack
********************************

                       Starting                                                          Arrival            
Instance               Reference                        Type        Pin     Net          Time        Slack  
                       Clock                                                                                
------------------------------------------------------------------------------------------------------------
RO01.OS01.sdiv[20]     osc00|osc_int_inferred_clock     FD1S3IX     Q       sdiv[20]     1.148       469.591
RO01.OS01.sdiv[18]     osc00|osc_int_inferred_clock     FD1S3IX     Q       sdiv[18]     1.108       469.631
RO01.OS01.sdiv[19]     osc00|osc_int_inferred_clock     FD1S3IX     Q       sdiv[19]     1.108       469.631
RO01.OS01.sdiv[17]     osc00|osc_int_inferred_clock     FD1S3IX     Q       sdiv[17]     1.044       469.695
RO01.OS01.sdiv[12]     osc00|osc_int_inferred_clock     FD1S3IX     Q       sdiv[12]     1.044       470.888
RO01.OS01.sdiv[13]     osc00|osc_int_inferred_clock     FD1S3IX     Q       sdiv[13]     1.044       470.888
RO01.OS01.sdiv[16]     osc00|osc_int_inferred_clock     FD1S3IX     Q       sdiv[16]     1.148       471.801
RO01.OS01.sdiv[15]     osc00|osc_int_inferred_clock     FD1S3IX     Q       sdiv[15]     1.044       471.904
RO01.OS01.sdiv[14]     osc00|osc_int_inferred_clock     FD1S3IX     Q       sdiv[14]     1.044       472.921
RO01.OS01.sdiv[0]      osc00|osc_int_inferred_clock     FD1S3IX     Q       sdiv[0]      0.972       475.313
============================================================================================================


Ending Points with Worst Slack
******************************

                       Starting                                                                        Required            
Instance               Reference                        Type        Pin     Net                        Time         Slack  
                       Clock                                                                                               
---------------------------------------------------------------------------------------------------------------------------
RO01.OS01.sdiv[19]     osc00|osc_int_inferred_clock     FD1S3IX     D       un1_sdiv_1_cry_19_0_S0     480.664      469.591
RO01.OS01.sdiv[20]     osc00|osc_int_inferred_clock     FD1S3IX     D       un1_sdiv_1_cry_19_0_S1     480.664      469.591
RO01.OS01.sdiv[17]     osc00|osc_int_inferred_clock     FD1S3IX     D       un1_sdiv_1_cry_17_0_S0     480.664      469.734
RO01.OS01.sdiv[18]     osc00|osc_int_inferred_clock     FD1S3IX     D       un1_sdiv_1_cry_17_0_S1     480.664      469.734
RO01.OS01.sdiv[15]     osc00|osc_int_inferred_clock     FD1S3IX     D       un1_sdiv_1_cry_15_0_S0     480.664      469.877
RO01.OS01.sdiv[16]     osc00|osc_int_inferred_clock     FD1S3IX     D       un1_sdiv_1_cry_15_0_S1     480.664      469.877
RO01.OS01.sdiv[13]     osc00|osc_int_inferred_clock     FD1S3IX     D       un1_sdiv_1_cry_13_0_S0     480.664      470.019
RO01.OS01.sdiv[14]     osc00|osc_int_inferred_clock     FD1S3IX     D       un1_sdiv_1_cry_13_0_S1     480.664      470.019
RO01.OS01.sdiv[11]     osc00|osc_int_inferred_clock     FD1S3IX     D       un1_sdiv_1_cry_11_0_S0     480.664      470.162
RO01.OS01.sdiv[12]     osc00|osc_int_inferred_clock     FD1S3IX     D       un1_sdiv_1_cry_11_0_S1     480.664      470.162
===========================================================================================================================



Worst Path Information
***********************


Path information for path number 1: 
      Requested Period:                      480.769
    - Setup time:                            0.106
    + Clock delay at ending point:           0.000 (ideal)
    = Required time:                         480.664

    - Propagation time:                      11.073
    - Clock delay at starting point:         0.000 (ideal)
    = Slack (critical) :                     469.591

    Number of logic level(s):                17
    Starting point:                          RO01.OS01.sdiv[20] / Q
    Ending point:                            RO01.OS01.sdiv[20] / D
    The start point is clocked by            osc00|osc_int_inferred_clock [falling] on pin CK
    The end   point is clocked by            osc00|osc_int_inferred_clock [falling] on pin CK

Instance / Net                                      Pin      Pin               Arrival     No. of    
Name                                   Type         Name     Dir     Delay     Time        Fan Out(s)
-----------------------------------------------------------------------------------------------------
RO01.OS01.sdiv[20]                     FD1S3IX      Q        Out     1.148     1.148       -         
sdiv[20]                               Net          -        -       -         -           4         
RO01.OS01.sdiv_RNIP4SJ[17]             ORCALUT4     D        In      0.000     1.148       -         
RO01.OS01.sdiv_RNIP4SJ[17]             ORCALUT4     Z        Out     1.193     2.341       -         
N_7_0                                  Net          -        -       -         -           4         
RO01.OS01.sdiv_RNI2LN81[12]            ORCALUT4     A        In      0.000     2.341       -         
RO01.OS01.sdiv_RNI2LN81[12]            ORCALUT4     Z        Out     1.017     3.357       -         
N_20_0                                 Net          -        -       -         -           1         
RO01.OS01.sdiv_RNIUUH72[12]            ORCALUT4     B        In      0.000     3.357       -         
RO01.OS01.sdiv_RNIUUH72[12]            ORCALUT4     Z        Out     1.017     4.374       -         
N_40                                   Net          -        -       -         -           1         
RO01.OS01.sdiv_RNI1CC13[14]            ORCALUT4     A        In      0.000     4.374       -         
RO01.OS01.sdiv_RNI1CC13[14]            ORCALUT4     Z        Out     1.089     5.463       -         
N_59_mux                               Net          -        -       -         -           2         
RO01.OS01.un1_sdiv_1_cry_0_0_RNO_0     ORCALUT4     B        In      0.000     5.463       -         
RO01.OS01.un1_sdiv_1_cry_0_0_RNO_0     ORCALUT4     Z        Out     1.017     6.480       -         
un1_sdiv_1_cry_0_0_RNO_0               Net          -        -       -         -           1         
RO01.OS01.un1_sdiv_1_cry_0_0_RNO       PFUMX        ALUT     In      0.000     6.480       -         
RO01.OS01.un1_sdiv_1_cry_0_0_RNO       PFUMX        Z        Out     0.214     6.694       -         
un1_outdiv37_i_0                       Net          -        -       -         -           1         
RO01.OS01.un1_sdiv_1_cry_0_0           CCU2D        B0       In      0.000     6.694       -         
RO01.OS01.un1_sdiv_1_cry_0_0           CCU2D        COUT     Out     1.545     8.239       -         
un1_sdiv_1_cry_0                       Net          -        -       -         -           1         
RO01.OS01.un1_sdiv_1_cry_1_0           CCU2D        CIN      In      0.000     8.239       -         
RO01.OS01.un1_sdiv_1_cry_1_0           CCU2D        COUT     Out     0.143     8.381       -         
un1_sdiv_1_cry_2                       Net          -        -       -         -           1         
RO01.OS01.un1_sdiv_1_cry_3_0           CCU2D        CIN      In      0.000     8.381       -         
RO01.OS01.un1_sdiv_1_cry_3_0           CCU2D        COUT     Out     0.143     8.524       -         
un1_sdiv_1_cry_4                       Net          -        -       -         -           1         
RO01.OS01.un1_sdiv_1_cry_5_0           CCU2D        CIN      In      0.000     8.524       -         
RO01.OS01.un1_sdiv_1_cry_5_0           CCU2D        COUT     Out     0.143     8.667       -         
un1_sdiv_1_cry_6                       Net          -        -       -         -           1         
RO01.OS01.un1_sdiv_1_cry_7_0           CCU2D        CIN      In      0.000     8.667       -         
RO01.OS01.un1_sdiv_1_cry_7_0           CCU2D        COUT     Out     0.143     8.810       -         
un1_sdiv_1_cry_8                       Net          -        -       -         -           1         
RO01.OS01.un1_sdiv_1_cry_9_0           CCU2D        CIN      In      0.000     8.810       -         
RO01.OS01.un1_sdiv_1_cry_9_0           CCU2D        COUT     Out     0.143     8.953       -         
un1_sdiv_1_cry_10                      Net          -        -       -         -           1         
RO01.OS01.un1_sdiv_1_cry_11_0          CCU2D        CIN      In      0.000     8.953       -         
RO01.OS01.un1_sdiv_1_cry_11_0          CCU2D        COUT     Out     0.143     9.095       -         
un1_sdiv_1_cry_12                      Net          -        -       -         -           1         
RO01.OS01.un1_sdiv_1_cry_13_0          CCU2D        CIN      In      0.000     9.095       -         
RO01.OS01.un1_sdiv_1_cry_13_0          CCU2D        COUT     Out     0.143     9.238       -         
un1_sdiv_1_cry_14                      Net          -        -       -         -           1         
RO01.OS01.un1_sdiv_1_cry_15_0          CCU2D        CIN      In      0.000     9.238       -         
RO01.OS01.un1_sdiv_1_cry_15_0          CCU2D        COUT     Out     0.143     9.381       -         
un1_sdiv_1_cry_16                      Net          -        -       -         -           1         
RO01.OS01.un1_sdiv_1_cry_17_0          CCU2D        CIN      In      0.000     9.381       -         
RO01.OS01.un1_sdiv_1_cry_17_0          CCU2D        COUT     Out     0.143     9.524       -         
un1_sdiv_1_cry_18                      Net          -        -       -         -           1         
RO01.OS01.un1_sdiv_1_cry_19_0          CCU2D        CIN      In      0.000     9.524       -         
RO01.OS01.un1_sdiv_1_cry_19_0          CCU2D        S1       Out     1.549     11.073      -         
un1_sdiv_1_cry_19_0_S1                 Net          -        -       -         -           1         
RO01.OS01.sdiv[20]                     FD1S3IX      D        In      0.000     11.073      -         
=====================================================================================================



##### END OF TIMING REPORT #####]


Finished final timing analysis (Real Time elapsed 0h:00m:01s; CPU Time elapsed 0h:00m:01s; Memory used current: 143MB peak: 144MB)


Finished timing report (Real Time elapsed 0h:00m:01s; CPU Time elapsed 0h:00m:01s; Memory used current: 143MB peak: 144MB)

---------------------------------------
Resource Usage Report
Part: lcmxo2_7000hc-5

Register bits: 26 of 6864 (0%)
PIC Latch:       0
I/O cells:       22


Details:
CCU2D:          11
FD1P3IX:        4
FD1S3AX:        1
FD1S3IX:        21
GSR:            1
IB:             5
INV:            1
OB:             17
ORCALUT4:       36
OSCH:           1
PFUMX:          2
PUR:            1
VHI:            3
VLO:            4
false:          2
true:           3
Mapper successful!

At Mapper Exit (Real Time elapsed 0h:00m:01s; CPU Time elapsed 0h:00m:01s; Memory used current: 53MB peak: 144MB)

Process took 0h:00m:01s realtime, 0h:00m:01s cputime
# Fri Apr 01 08:15:24 2016

###########################################################]


Synthesis exit by 0.

edif2ngd  -l "MachXO2" -d LCMXO2-7000HC -path "C:/Users/Gabriela/Desktop/PracticasG/Teclado/rom00" -path "C:/Users/Gabriela/Desktop/PracticasG/Teclado"   "C:/Users/Gabriela/Desktop/PracticasG/Teclado/rom00/rom00_rom00.edi" "rom00_rom00.ngo"   
edif2ngd:  version Diamond (64-bit) 3.6.0.83.4

Copyright (c) 1991-1994 by NeoCAD Inc. All rights reserved.
Copyright (c) 1995 AT&T Corp.   All rights reserved.
Copyright (c) 1995-2001 Lucent Technologies Inc.  All rights reserved.
Copyright (c) 2001 Agere Systems   All rights reserved.
Copyright (c) 2002-2015 Lattice Semiconductor Corporation,  All rights reserved.
Writing the design to rom00_rom00.ngo...

Total CPU Time: 0 secs  

Total REAL Time: 0 secs  


ngdbuild  -a "MachXO2" -d LCMXO2-7000HC  -p "C:/lscc/diamond/3.6_x64/ispfpga/xo2c00/data"  -p "C:/Users/Gabriela/Desktop/PracticasG/Teclado/rom00" -p "C:/Users/Gabriela/Desktop/PracticasG/Teclado"  "rom00_rom00.ngo" "rom00_rom00.ngd"  	
ngdbuild:  version Diamond (64-bit) 3.6.0.83.4

Copyright (c) 1991-1994 by NeoCAD Inc. All rights reserved.
Copyright (c) 1995 AT&T Corp.   All rights reserved.
Copyright (c) 1995-2001 Lucent Technologies Inc.  All rights reserved.
Copyright (c) 2001 Agere Systems   All rights reserved.
Copyright (c) 2002-2015 Lattice Semiconductor Corporation,  All rights reserved.
Reading 'rom00_rom00.ngo' ...
Loading NGL library 'C:/lscc/diamond/3.6_x64/ispfpga/xo2c00a/data/xo2alib.ngl'...
Loading NGL library 'C:/lscc/diamond/3.6_x64/ispfpga/xo2c00/data/xo2clib.ngl'...
Loading NGL library 'C:/lscc/diamond/3.6_x64/ispfpga/mg5g00/data/mg5glib.ngl'...
Loading NGL library 'C:/lscc/diamond/3.6_x64/ispfpga/or5g00/data/orc5glib.ngl'...


Running DRC...

    <postMsg mid="1166052" type="Warning" dynamic="2" navigation="1" arg0="logical" arg1="RO01/OS01/un1_sdiv_1_cry_19_0_COUT" arg2="RO01/OS01/un1_sdiv_1_cry_19_0_COUT"  />
    <postMsg mid="1166052" type="Warning" dynamic="2" navigation="1" arg0="logical" arg1="RO01/OS01/un1_sdiv_1_cry_0_0_S0" arg2="RO01/OS01/un1_sdiv_1_cry_0_0_S0"  />
    <postMsg mid="1166052" type="Warning" dynamic="2" navigation="1" arg0="logical" arg1="RO01/OS00/OSCInst0_SEDSTDBY" arg2="RO01/OS00/OSCInst0_SEDSTDBY"  />
    <postMsg mid="1163101" type="Warning" dynamic="1" navigation="0" arg0="3"  />

Design Results:
    107 blocks expanded
Complete the first expansion.
Writing 'rom00_rom00.ngd' ...
Total CPU Time: 0 secs  

Total REAL Time: 0 secs  


map -a "MachXO2" -p LCMXO2-7000HC -t TQFP144 -s 5 -oc Commercial   "rom00_rom00.ngd" -o "rom00_rom00_map.ncd" -pr "rom00_rom00.prf" -mp "rom00_rom00.mrp" -lpf "C:/Users/Gabriela/Desktop/PracticasG/Teclado/rom00/rom00_rom00_synplify.lpf" -lpf "C:/Users/Gabriela/Desktop/PracticasG/osc01/osc01.lpf" -c 0            
map:  version Diamond (64-bit) 3.6.0.83.4

Copyright (c) 1991-1994 by NeoCAD Inc. All rights reserved.
Copyright (c) 1995 AT&T Corp.   All rights reserved.
Copyright (c) 1995-2001 Lucent Technologies Inc.  All rights reserved.
Copyright (c) 2001 Agere Systems   All rights reserved.
Copyright (c) 2002-2015 Lattice Semiconductor Corporation,  All rights reserved.
   Process the file: rom00_rom00.ngd
   Picdevice="LCMXO2-7000HC"

   Pictype="TQFP144"

   Picspeed=5

   Remove unused logic

   Do not produce over sized NCDs.

Part used: LCMXO2-7000HCTQFP144, Performance used: 5.

Loading device for application map from file 'xo2c7000.nph' in environment: C:/lscc/diamond/3.6_x64/ispfpga.
Package Status:                     Final          Version 1.39.

Running general design DRC...

Removing unused logic...

Optimizing...




Design Summary:
   Number of registers:     26 out of  7209 (0%)
      PFU registers:           26 out of  6864 (0%)
      PIO registers:            0 out of   345 (0%)
   Number of SLICEs:        30 out of  3432 (1%)
      SLICEs as Logic/ROM:     30 out of  3432 (1%)
      SLICEs as RAM:            0 out of  2574 (0%)
      SLICEs as Carry:         11 out of  3432 (0%)
   Number of LUT4s:         60 out of  6864 (1%)
      Number used as logic LUTs:         38
      Number used as distributed RAM:     0
      Number used as ripple logic:       22
      Number used as shift registers:     0
   Number of PIO sites used: 22 + 4(JTAG) out of 115 (23%)
   Number of block RAMs:  0 out of 26 (0%)
   Number of GSRs:  0 out of 1 (0%)
   EFB used :       No
   JTAG used :      No
   Readback used :  No
   Oscillator used :  Yes
   Startup used :   No
   POR :            On
   Bandgap :        On
   Number of Power Controller:  0 out of 1 (0%)
   Number of Dynamic Bank Controller (BCINRD):  0 out of 6 (0%)
   Number of Dynamic Bank Controller (BCLVDSO):  0 out of 1 (0%)
   Number of DCCA:  0 out of 8 (0%)
   Number of DCMA:  0 out of 2 (0%)
   Number of PLLs:  0 out of 2 (0%)
   Number of DQSDLLs:  0 out of 2 (0%)
   Number of CLKDIVC:  0 out of 4 (0%)
   Number of ECLKSYNCA:  0 out of 4 (0%)
   Number of ECLKBRIDGECS:  0 out of 2 (0%)
   Notes:-
      1. Total number of LUT4s = (Number of logic LUT4s) + 2*(Number of distributed RAMs) + 2*(Number of ripple logic)
      2. Number of logic LUT4s does not include count of distributed RAM and ripple logic.
   Number of clocks:  1
     Net RO01/soscout0: 14 loads, 0 rising, 14 falling (Driver: RO01/OS00/OSCInst0 )
   Number of Clock Enables:  1
     Net G_3: 2 loads, 2 LSLICEs
   Number of LSRs:  2
     Net G_5: 2 loads, 2 LSLICEs
     Net RO01/OS01/sdiv_RNIC9G68[20]: 11 loads, 11 LSLICEs
   Number of nets driven by tri-state buffers:  0
   Top 10 highest fanout non-clock nets:
     Net outcont0_c[0]: 15 loads
     Net outcont0_c[1]: 14 loads
     Net outcont0_c[3]: 13 loads
     Net outcont0_c[2]: 11 loads
     Net RO01/OS01/sdiv_RNIC9G68[20]: 11 loads
     Net cdiv00_c[3]: 8 loads
     Net cdiv00_c[2]: 7 loads
     Net cdiv00_c[1]: 6 loads
     Net cdiv00_c[0]: 5 loads
     Net RO02/N_14: 5 loads
 

   Number of warnings:  0
   Number of errors:    0



Total CPU Time: 0 secs  
Total REAL Time: 0 secs  
Peak Memory Usage: 34 MB

Dumping design to file rom00_rom00_map.ncd.

mpartrce -p "rom00_rom00.p2t" -f "rom00_rom00.p3t" -tf "rom00_rom00.pt" "rom00_rom00_map.ncd" "rom00_rom00.ncd"

---- MParTrce Tool ----
Removing old design directory at request of -rem command line option to this program.
Running par. Please wait . . .

Lattice Place and Route Report for Design "rom00_rom00_map.ncd"
Fri Apr 01 08:15:27 2016

PAR: Place And Route Diamond (64-bit) 3.6.0.83.4.
Command Line: par -w -l 5 -i 6 -t 1 -c 0 -e 0 -gui -msgset C:/Users/Gabriela/Desktop/PracticasG/Teclado/promote.xml -exp parUseNBR=1:parCDP=0:parCDR=0:parPathBased=OFF rom00_rom00_map.ncd rom00_rom00.dir/5_1.ncd rom00_rom00.prf
Preference file: rom00_rom00.prf.
Placement level-cost: 5-1.
Routing Iterations: 6

Loading design for application par from file rom00_rom00_map.ncd.
Design name: toprom00
NCD version: 3.3
Vendor:      LATTICE
Device:      LCMXO2-7000HC
Package:     TQFP144
Performance: 5
Loading device for application par from file 'xo2c7000.nph' in environment: C:/lscc/diamond/3.6_x64/ispfpga.
Package Status:                     Final          Version 1.39.
Performance Hardware Data Status:   Final          Version 31.4.
License checked out.


Ignore Preference Error(s):  True
Device utilization summary:

   PIO (prelim)   22+4(JTAG)/336     8% used
                  22+4(JTAG)/115     23% bonded

   SLICE             30/3432         <1% used

   OSC                1/1           100% used


Number of Signals: 99
Number of Connections: 235
The following 1 signal is selected to use the primary clock routing resources:
    RO01/soscout0 (driver: RO01/OS00/OSCInst0, clk load #: 14)


The following 1 signal is selected to use the secondary clock routing resources:
    RO01/OS01/sdiv_RNIC9G68[20] (driver: RO01/OS01/SLICE_21, clk load #: 0, sr load #: 11, ce load #: 0)

No signal is selected as Global Set/Reset.
.
Starting Placer Phase 0.
..........
Finished Placer Phase 0.  REAL time: 0 secs 

Starting Placer Phase 1.
....................
Placer score = 11358.
Finished Placer Phase 1.  REAL time: 9 secs 

Starting Placer Phase 2.
.
Placer score =  11335
Finished Placer Phase 2.  REAL time: 9 secs 


------------------ Clock Report ------------------

Global Clock Resources:
  CLK_PIN    : 0 out of 8 (0%)
  PLL        : 0 out of 2 (0%)
  DCM        : 0 out of 2 (0%)
  DCC        : 0 out of 8 (0%)

Quadrants All (TL, TR, BL, BR) - Global Clocks:
  PRIMARY "RO01/soscout0" from OSC on comp "RO01/OS00/OSCInst0" on site "OSC", clk load = 14
  SECONDARY "RO01/OS01/sdiv_RNIC9G68[20]" from F1 on comp "RO01/OS01/SLICE_21" on site "R14C20A", clk load = 0, ce load = 0, sr load = 11

  PRIMARY  : 1 out of 8 (12%)
  SECONDARY: 1 out of 8 (12%)

Edge Clocks:
  No edge clock selected.

--------------- End of Clock Report ---------------


I/O Usage Summary (final):
   22 + 4(JTAG) out of 336 (7.7%) PIO sites used.
   22 + 4(JTAG) out of 115 (22.6%) bonded PIO sites used.
   Number of PIO comps: 22; differential: 0.
   Number of Vref pins used: 0.

I/O Bank Usage Summary:
+----------+----------------+------------+-----------+
| I/O Bank | Usage          | Bank Vccio | Bank Vref |
+----------+----------------+------------+-----------+
| 0        | 0 / 28 (  0%)  | -          | -         |
| 1        | 15 / 29 ( 51%) | 2.5V       | -         |
| 2        | 7 / 29 ( 24%)  | 2.5V       | -         |
| 3        | 0 / 9 (  0%)   | -          | -         |
| 4        | 0 / 10 (  0%)  | -          | -         |
| 5        | 0 / 10 (  0%)  | -          | -         |
+----------+----------------+------------+-----------+

Total placer CPU time: 8 secs 

Dumping design to file rom00_rom00.dir/5_1.ncd.

0 connections routed; 235 unrouted.
Starting router resource preassignment

Completed router resource preassignment. Real time: 10 secs 

Start NBR router at 08:15:37 04/01/16

*****************************************************************
Info: NBR allows conflicts(one node used by more than one signal)
      in the earlier iterations. In each iteration, it tries to  
      solve the conflicts while keeping the critical connections 
      routed as short as possible. The routing process is said to
      be completed when no conflicts exist and all connections   
      are routed.                                                
Note: NBR uses a different method to calculate timing slacks. The
      worst slack and total negative slack may not be the same as
      that in TRCE report. You should always run TRCE to verify  
      your design.                                               
*****************************************************************

Start NBR special constraint process at 08:15:37 04/01/16

Start NBR section for initial routing at 08:15:37 04/01/16
Level 4, iteration 1
5(0.00%) conflicts; 0(0.00%) untouched conn; 0 (nbr) score; 
Estimated worst slack/total negative slack<setup>: 468.942ns/0.000ns; real time: 10 secs 

Info: Initial congestion level at 75% usage is 0
Info: Initial congestion area  at 75% usage is 0 (0.00%)

Start NBR section for normal routing at 08:15:37 04/01/16
Level 4, iteration 1
2(0.00%) conflicts; 0(0.00%) untouched conn; 0 (nbr) score; 
Estimated worst slack/total negative slack<setup>: 468.942ns/0.000ns; real time: 10 secs 
Level 4, iteration 2
0(0.00%) conflict; 0(0.00%) untouched conn; 0 (nbr) score; 
Estimated worst slack/total negative slack<setup>: 468.942ns/0.000ns; real time: 10 secs 

Start NBR section for setup/hold timing optimization with effort level 3 at 08:15:37 04/01/16

Start NBR section for re-routing at 08:15:37 04/01/16
Level 4, iteration 1
0(0.00%) conflict; 0(0.00%) untouched conn; 0 (nbr) score; 
Estimated worst slack/total negative slack<setup>: 468.942ns/0.000ns; real time: 10 secs 

Start NBR section for post-routing at 08:15:37 04/01/16

End NBR router with 0 unrouted connection

NBR Summary
-----------
  Number of unrouted connections : 0 (0.00%)
  Number of connections with timing violations : 0 (0.00%)
  Estimated worst slack<setup> : 468.942ns
  Timing score<setup> : 0
-----------
Notes: The timing info is calculated for SETUP only and all PAR_ADJs are ignored.



Total CPU time 10 secs 
Total REAL time: 10 secs 
Completely routed.
End of route.  235 routed (100.00%); 0 unrouted.
Checking DRC ... 
No errors found.

Hold time timing score: 0, hold timing errors: 0

Timing score: 0 

Dumping design to file rom00_rom00.dir/5_1.ncd.


PAR_SUMMARY::Run status = completed
PAR_SUMMARY::Number of unrouted conns = 0
PAR_SUMMARY::Worst  slack<setup/<ns>> = 468.942
PAR_SUMMARY::Timing score<setup/<ns>> = 0.000
PAR_SUMMARY::Worst  slack<hold /<ns>> = 0.377
PAR_SUMMARY::Timing score<hold /<ns>> = 0.000
PAR_SUMMARY::Number of errors = 0

Total CPU  time to completion: 10 secs 
Total REAL time to completion: 11 secs 

par done!

Copyright (c) 1991-1994 by NeoCAD Inc. All rights reserved.
Copyright (c) 1995 AT&T Corp.   All rights reserved.
Copyright (c) 1995-2001 Lucent Technologies Inc.  All rights reserved.
Copyright (c) 2001 Agere Systems   All rights reserved.
Copyright (c) 2002-2015 Lattice Semiconductor Corporation,  All rights reserved.
Exiting par with exit code 0
Exiting mpartrce with exit code 0

bitgen -f "rom00_rom00.t2b" -w "rom00_rom00.ncd" -jedec "rom00_rom00.prf"


BITGEN: Bitstream Generator Diamond (64-bit) 3.6.0.83.4
Copyright (c) 1991-1994 by NeoCAD Inc. All rights reserved.
Copyright (c) 1995 AT&T Corp.   All rights reserved.
Copyright (c) 1995-2001 Lucent Technologies Inc.  All rights reserved.
Copyright (c) 2001 Agere Systems   All rights reserved.
Copyright (c) 2002-2015 Lattice Semiconductor Corporation,  All rights reserved.


Loading design for application Bitgen from file rom00_rom00.ncd.
Design name: toprom00
NCD version: 3.3
Vendor:      LATTICE
Device:      LCMXO2-7000HC
Package:     TQFP144
Performance: 5
Loading device for application Bitgen from file 'xo2c7000.nph' in environment: C:/lscc/diamond/3.6_x64/ispfpga.
Package Status:                     Final          Version 1.39.
Performance Hardware Data Status:   Final          Version 31.4.

Running DRC.
DRC detected 0 errors and 0 warnings.
Reading Preference File from rom00_rom00.prf.

Preference Summary:
+---------------------------------+---------------------------------+
|  Preference                     |  Current Setting                |
+---------------------------------+---------------------------------+
|                         RamCfg  |                        Reset**  |
+---------------------------------+---------------------------------+
|                     MCCLK_FREQ  |                         2.08**  |
+---------------------------------+---------------------------------+
|                  CONFIG_SECURE  |                          OFF**  |
+---------------------------------+---------------------------------+
|                      JTAG_PORT  |                       ENABLE**  |
+---------------------------------+---------------------------------+
|                       SDM_PORT  |                      DISABLE**  |
+---------------------------------+---------------------------------+
|                 SLAVE_SPI_PORT  |                      DISABLE**  |
+---------------------------------+---------------------------------+
|                MASTER_SPI_PORT  |                      DISABLE**  |
+---------------------------------+---------------------------------+
|                       I2C_PORT  |                      DISABLE**  |
+---------------------------------+---------------------------------+
|        MUX_CONFIGURATION_PORTS  |                      DISABLE**  |
+---------------------------------+---------------------------------+
|                  CONFIGURATION  |                          CFG**  |
+---------------------------------+---------------------------------+
|                COMPRESS_CONFIG  |                           ON**  |
+---------------------------------+---------------------------------+
|                        MY_ASSP  |                          OFF**  |
+---------------------------------+---------------------------------+
|               ONE_TIME_PROGRAM  |                          OFF**  |
+---------------------------------+---------------------------------+
|                 ENABLE_TRANSFR  |                      DISABLE**  |
+---------------------------------+---------------------------------+
|                  SHAREDEBRINIT  |                      DISABLE**  |
+---------------------------------+---------------------------------+
|            BACKGROUND_RECONFIG  |                          OFF**  |
+---------------------------------+---------------------------------+
 *  Default setting.
 ** The specified setting matches the default setting.


Creating bit map...
 
Bitstream Status: Final           Version 1.88.
 
Saving bit stream in "rom00_rom00.jed".
 
===========
UFM Summary.
===========
UFM Size:        2046 Pages (128*2046 Bits).
UFM Utilization: General Purpose Flash Memory.
 
Available General Purpose Flash Memory: 2046 Pages (Page 0 to Page 2045).
Initialized UFM Pages:                     0 Page.
 
