
           Lattice Mapping Report File for Design Module 'toposc00'


Design Information
------------------

Command line:   map -a MachXO2 -p LCMXO2-7000HE -t TQFP144 -s 4 -oc Commercial
     osc01_osc01.ngd -o osc01_osc01_map.ncd -pr osc01_osc01.prf -mp
     osc01_osc01.mrp -lpf D:/ArquitecturaDeComputadoras/PrimerParcial/Practicas/
     osc01/osc01/osc01_osc01_synplify.lpf -lpf
     D:/ArquitecturaDeComputadoras/PrimerParcial/Practicas/osc01/osc01.lpf -c 0
     -gui 
Target Vendor:  LATTICE
Target Device:  LCMXO2-7000HETQFP144
Target Performance:   4
Mapper:  xo2c00,  version:  Diamond (64-bit) 3.5.0.102
Mapped on:  09/22/15  08:11:26

Design Summary
--------------

   Number of registers:     22 out of  7209 (0%)
      PFU registers:           22 out of  6864 (0%)
      PIO registers:            0 out of   345 (0%)
   Number of SLICEs:        33 out of  3432 (1%)
      SLICEs as Logic/ROM:     33 out of  3432 (1%)
      SLICEs as RAM:            0 out of  2574 (0%)
      SLICEs as Carry:         11 out of  3432 (0%)
   Number of LUT4s:         65 out of  6864 (1%)
      Number of logic LUTs:       43
      Number of distributed RAM:   0 (0 LUT4s)
      Number of ripple logic:     11 (22 LUT4s)
      Number of shift registers:   0
   Number of PIO sites used: 5 + 4(JTAG) out of 115 (8%)
   Number of block RAMs:  0 out of 26 (0%)
   Number of GSRs:  0 out of 1 (0%)
   EFB used :       No
   JTAG used :      No
   Readback used :  No
   Oscillator used :  Yes
   Startup used :   No
   POR :            On
   Bandgap :        On
   Number of Power Controller:  0 out of 1 (0%)
   Number of Dynamic Bank Controller (BCINRD):  0 out of 6 (0%)
   Number of Dynamic Bank Controller (BCLVDSO):  0 out of 1 (0%)
   Number of DCCA:  0 out of 8 (0%)
   Number of DCMA:  0 out of 2 (0%)
   Number of PLLs:  0 out of 2 (0%)
   Number of DQSDLLs:  0 out of 2 (0%)
   Number of CLKDIVC:  0 out of 4 (0%)
   Number of ECLKSYNCA:  0 out of 4 (0%)
   Number of ECLKBRIDGECS:  0 out of 2 (0%)
   Notes:-
      1. Total number of LUT4s = (Number of logic LUT4s) + 2*(Number of
     distributed RAMs) + 2*(Number of ripple logic)
      2. Number of logic LUT4s does not include count of distributed RAM and
     ripple logic.
   Number of clocks:  1
     Net sosc_int: 12 loads, 12 rising, 0 falling (Driver: U00/OSCInst0 )
   Number of Clock Enables:  0

                                    Page 1




Design:  toposc00                                      Date:  09/22/15  08:11:26

Design Summary (cont)
---------------------
   Number of LSRs:  1
     Net U01/un1_outdiv44_RNI3P3C: 11 loads, 11 LSLICEs
   Number of nets driven by tri-state buffers:  0
   Top 10 highest fanout non-clock nets:
     Net U01/un1_outdiv44_RNI3P3C: 11 loads
     Net indiv0_c[0]: 8 loads
     Net indiv0_c[1]: 8 loads
     Net indiv0_c[2]: 8 loads
     Net indiv0_c[3]: 8 loads
     Net U01/sdiv[16]: 8 loads
     Net U01/sdiv[17]: 8 loads
     Net U01/sdiv[18]: 8 loads
     Net U01/sdiv[19]: 6 loads
     Net U01/sdiv[20]: 6 loads




   Number of warnings:  0
   Number of errors:    0
     

Design Errors/Warnings
----------------------

   No errors or warnings present.

IO (PIO) Attributes
-------------------

+---------------------+-----------+-----------+------------+
| IO Name             | Direction | Levelmode | IO         |
|                     |           |  IO_TYPE  | Register   |
+---------------------+-----------+-----------+------------+
| outdiv0             | OUTPUT    | LVCMOS25  |            |
+---------------------+-----------+-----------+------------+
| indiv0[0]           | INPUT     | LVCMOS25  |            |
+---------------------+-----------+-----------+------------+
| indiv0[3]           | INPUT     | LVCMOS25  |            |
+---------------------+-----------+-----------+------------+
| indiv0[2]           | INPUT     | LVCMOS25  |            |
+---------------------+-----------+-----------+------------+
| indiv0[1]           | INPUT     | LVCMOS25  |            |
+---------------------+-----------+-----------+------------+

Removed logic
-------------

Block VCC undriven or does not drive anything - clipped.
Block GSR_INST undriven or does not drive anything - clipped.
Block GND undriven or does not drive anything - clipped.
Block U01/VCC undriven or does not drive anything - clipped.
Signal U00/GND undriven or does not drive anything - clipped.
Signal U01/GND undriven or does not drive anything - clipped.
Signal VCC undriven or does not drive anything - clipped.
Signal U00/OSCInst0_SEDSTDBY undriven or does not drive anything - clipped.

                                    Page 2




Design:  toposc00                                      Date:  09/22/15  08:11:26

Removed logic (cont)
--------------------
Signal U01/un1_sdiv_cry_19_0_COUT undriven or does not drive anything - clipped.
     
Signal U01/un1_sdiv_cry_0_0_S0 undriven or does not drive anything - clipped.
Signal U01/N_1 undriven or does not drive anything - clipped.
Block U00/GND was optimized away.
Block U01/GND was optimized away.

Memory Usage
------------


     

OSC Summary
-----------

OSC 1:                                     Pin/Node Value
  OSC Instance Name:                                U00/OSCInst0
  OSC Type:                                         OSCH
  STDBY Input:                                      NONE
  OSC Output:                              NODE     sosc_int
  OSC Nominal Frequency (MHz):                      2.08

ASIC Components
---------------

Instance Name: U00/OSCInst0
         Type: OSCH

Run Time and Memory Usage
-------------------------

   Total CPU Time: 1 secs  
   Total REAL Time: 2 secs  
   Peak Memory Usage: 57 MB
        





















                                    Page 3


Copyright (c) 1991-1994 by NeoCAD Inc. All rights reserved.
     Copyright (c) 1995 AT&T Corp.   All rights reserved.
     Copyright (c) 1995-2001 Lucent Technologies Inc.  All rights reserved.
     Copyright (c) 2001 Agere Systems   All rights reserved.
     Copyright (c) 2002-2015 Lattice Semiconductor Corporation,  All rights
     reserved.
