
synpwrap -msg -prj "ram00_ram00_synplify.tcl" -log "ram00_ram00.srf"
Copyright (C) 1992-2015 Lattice Semiconductor Corporation. All rights reserved.
Lattice Diamond Version 3.6.0.83.4
    <postMsg mid="2011000" type="Info"    dynamic="0" navigation="0"  />

==contents of ram00_ram00.srf
#Build: Synplify Pro J-2015.03L-SP1, Build 123R, Aug 18 2015
#install: C:\lscc\diamond\3.6_x64\synpbase
#OS: Windows 8 6.2
#Hostname: ISCGAB

#Implementation: ram00

Synopsys HDL Compiler, version comp201503sp1p1, Build 117R, built Aug 18 2015
@N|Running in 64-bit mode
Copyright (C) 1994-2015 Synopsys, Inc. This software and the associated documentation are proprietary to Synopsys, Inc. This software may only be used in accordance with the terms and conditions of a written license agreement with Synopsys, Inc.  All other use, reproduction, or distribution of this software is strictly prohibited.

Synopsys VHDL Compiler, version comp201503sp1p1, Build 117R, built Aug 18 2015
@N|Running in 64-bit mode
Copyright (C) 1994-2015 Synopsys, Inc. This software and the associated documentation are proprietary to Synopsys, Inc. This software may only be used in accordance with the terms and conditions of a written license agreement with Synopsys, Inc.  All other use, reproduction, or distribution of this software is strictly prohibited.

@N: CD720 :"C:\lscc\diamond\3.6_x64\synpbase\lib\vhd\std.vhd":123:18:123:21|Setting time resolution to ns
@N:"C:\Users\Gabriela\Desktop\PracticasG\rams\ram00\topram00.vhdl":9:7:9:14|Top entity is set to topram00.
File C:\lscc\diamond\3.6_x64\synpbase\lib\cpld\lattice.vhd changed - recompiling
File C:\lscc\diamond\3.6_x64\synpbase\lib\lucent\machxo2.vhd changed - recompiling
File C:\Users\Gabriela\Desktop\PracticasG\rams\ram00\div00.vhdl changed - recompiling
File C:\Users\Gabriela\Desktop\PracticasG\rams\ram00\packageosc00.vhdl changed - recompiling
File C:\Users\Gabriela\Desktop\PracticasG\rams\ram00\toposc00.vhdl changed - recompiling
File C:\Users\Gabriela\Desktop\PracticasG\rams\ram00\contring00.vhdl changed - recompiling
File C:\Users\Gabriela\Desktop\PracticasG\rams\ram00\coder00.vhdl changed - recompiling
File C:\Users\Gabriela\Desktop\PracticasG\rams\ram00\packagekey00.vhdl changed - recompiling
File C:\Users\Gabriela\Desktop\PracticasG\rams\ram00\topkey00.vhdl changed - recompiling
File C:\Users\Gabriela\Desktop\PracticasG\rams\ram00\ram00.vhdl changed - recompiling
File C:\Users\Gabriela\Desktop\PracticasG\rams\ram00\coder7seg00.vhdl changed - recompiling
File C:\Users\Gabriela\Desktop\PracticasG\rams\ram00\contRead00.vhdl changed - recompiling
File C:\Users\Gabriela\Desktop\PracticasG\rams\ram00\packageram00.vhdl changed - recompiling
File C:\Users\Gabriela\Desktop\PracticasG\rams\ram00\topram00.vhdl changed - recompiling
VHDL syntax check successful!

Compiler output is up to date.  No re-compile necessary

@N: CD630 :"C:\Users\Gabriela\Desktop\PracticasG\rams\ram00\topram00.vhdl":9:7:9:14|Synthesizing work.topram00.topram0 
@W: CD277 :"C:\Users\Gabriela\Desktop\PracticasG\rams\ram00\packageram00.vhdl":18:7:18:10|Port direction mismatch between component and entity
@N: CD630 :"C:\Users\Gabriela\Desktop\PracticasG\rams\ram00\contRead00.vhdl":10:7:10:16|Synthesizing work.contread00.contread0 
@N: CD364 :"C:\Users\Gabriela\Desktop\PracticasG\rams\ram00\contRead00.vhdl":30:6:30:16|Removed redundant assignment
Post processing for work.contread00.contread0
@N: CD630 :"C:\Users\Gabriela\Desktop\PracticasG\rams\ram00\coder7seg00.vhdl":8:7:8:17|Synthesizing work.coder7seg00.coder7seg0 
@W: CG296 :"C:\Users\Gabriela\Desktop\PracticasG\rams\ram00\coder7seg00.vhdl":18:9:18:15|Incomplete sensitivity list - assuming completeness
@W: CG290 :"C:\Users\Gabriela\Desktop\PracticasG\rams\ram00\coder7seg00.vhdl":20:7:20:13|Referenced variable clkbuff is not in sensitivity list
Post processing for work.coder7seg00.coder7seg0
@N: CD630 :"C:\Users\Gabriela\Desktop\PracticasG\rams\ram00\ram00.vhdl":10:7:10:11|Synthesizing work.ram00.ram0 
Post processing for work.ram00.ram0
@N: CL134 :"C:\Users\Gabriela\Desktop\PracticasG\rams\ram00\ram00.vhdl":25:7:25:10|Found RAM dato, depth=16, width=7
@N: CD630 :"C:\Users\Gabriela\Desktop\PracticasG\rams\ram00\topkey00.vhdl":9:7:9:14|Synthesizing work.topkey00.topkey0 
@N: CD630 :"C:\Users\Gabriela\Desktop\PracticasG\rams\ram00\coder00.vhdl":10:7:10:13|Synthesizing work.coder00.coder0 
@N: CD364 :"C:\Users\Gabriela\Desktop\PracticasG\rams\ram00\coder00.vhdl":42:8:42:15|Removed redundant assignment
@N: CD364 :"C:\Users\Gabriela\Desktop\PracticasG\rams\ram00\coder00.vhdl":86:8:86:15|Removed redundant assignment
@N: CD364 :"C:\Users\Gabriela\Desktop\PracticasG\rams\ram00\coder00.vhdl":130:8:130:15|Removed redundant assignment
@N: CD364 :"C:\Users\Gabriela\Desktop\PracticasG\rams\ram00\coder00.vhdl":174:8:174:15|Removed redundant assignment
@W: CG296 :"C:\Users\Gabriela\Desktop\PracticasG\rams\ram00\coder00.vhdl":26:10:26:16|Incomplete sensitivity list - assuming completeness
@W: CG290 :"C:\Users\Gabriela\Desktop\PracticasG\rams\ram00\coder00.vhdl":32:5:32:8|Referenced variable clkc is not in sensitivity list
Post processing for work.coder00.coder0
@N: CD630 :"C:\Users\Gabriela\Desktop\PracticasG\rams\ram00\contring00.vhdl":8:7:8:16|Synthesizing work.contring00.contring0 
Post processing for work.contring00.contring0
@W: CL279 :"C:\Users\Gabriela\Desktop\PracticasG\rams\ram00\contring00.vhdl":20:4:20:5|Pruning register bits 2 to 0 of sring(3 downto 0)  
Post processing for work.topkey00.topkey0
@N: CD630 :"C:\Users\Gabriela\Desktop\PracticasG\rams\ram00\toposc00.vhdl":9:7:9:14|Synthesizing work.toposc00.toposc0 
@N: CD630 :"C:\Users\Gabriela\Desktop\PracticasG\rams\ram00\div00.vhdl":10:7:10:11|Synthesizing work.div00.div0 
Post processing for work.div00.div0
@N: CD630 :"C:\Users\Gabriela\Desktop\PracticasG\rams\ram00\osc00.vhdl":8:7:8:11|Synthesizing work.osc00.osc0 
@W: CD276 :"C:\lscc\diamond\3.6_x64\cae_library\synthesis\vhdl\machxo2.vhd":2297:8:2297:15|Map for port sedstdby of component osch not found
@N: CD630 :"C:\lscc\diamond\3.6_x64\cae_library\synthesis\vhdl\machxo2.vhd":2291:10:2291:13|Synthesizing work.osch.syn_black_box 
Post processing for work.osch.syn_black_box
Post processing for work.osc00.osc0
Post processing for work.toposc00.toposc0
Post processing for work.topram00.topram0

At c_vhdl Exit (Real Time elapsed 0h:00m:00s; CPU Time elapsed 0h:00m:00s; Memory used current: 74MB peak: 76MB)

Process took 0h:00m:01s realtime, 0h:00m:01s cputime
# Sat Apr 23 19:37:46 2016

###########################################################]
Synopsys Netlist Linker, version comp201503sp1p1, Build 117R, built Aug 18 2015
@N|Running in 64-bit mode

Linker output is up to date. No re-linking necessary


At syn_nfilter Exit (Real Time elapsed 0h:00m:00s; CPU Time elapsed 0h:00m:00s; Memory used current: 67MB peak: 68MB)

Process took 0h:00m:01s realtime, 0h:00m:01s cputime
# Sat Apr 23 19:37:47 2016

###########################################################]
@END

At c_hdl Exit (Real Time elapsed 0h:00m:01s; CPU Time elapsed 0h:00m:00s; Memory used current: 3MB peak: 4MB)

Process took 0h:00m:01s realtime, 0h:00m:01s cputime
# Sat Apr 23 19:37:47 2016

###########################################################]
Synopsys Netlist Linker, version comp201503sp1p1, Build 117R, built Aug 18 2015
@N|Running in 64-bit mode

Linker output is up to date. No re-linking necessary


At syn_nfilter Exit (Real Time elapsed 0h:00m:00s; CPU Time elapsed 0h:00m:00s; Memory used current: 67MB peak: 68MB)

Process took 0h:00m:01s realtime, 0h:00m:01s cputime
# Sat Apr 23 19:37:47 2016

###########################################################]
Pre-mapping Report

Synopsys Lattice Technology Pre-mapping, Version maplat, Build 1264R, Built Aug 18 2015 10:39:57
Copyright (C) 1994-2015, Synopsys, Inc. This software and the associated documentation are proprietary to Synopsys, Inc. This software may only be used in accordance with the terms and conditions of a written license agreement with Synopsys, Inc.  All other use, reproduction, or distribution of this software is strictly prohibited.
Product Version J-2015.03L-SP1

Mapper Startup Complete (Real Time elapsed 0h:00m:00s; CPU Time elapsed 0h:00m:00s; Memory used current: 99MB peak: 99MB)

@L: C:\Users\Gabriela\Desktop\PracticasG\rams\ram00\ram00\ram00_ram00_scck.rpt 
Printing clock  summary report in "C:\Users\Gabriela\Desktop\PracticasG\rams\ram00\ram00\ram00_ram00_scck.rpt" file 
@N: MF248 |Running in 64-bit mode.
@N: MF666 |Clock conversion enabled 

Design Input Complete (Real Time elapsed 0h:00m:00s; CPU Time elapsed 0h:00m:00s; Memory used current: 100MB peak: 102MB)


Mapper Initialization Complete (Real Time elapsed 0h:00m:00s; CPU Time elapsed 0h:00m:00s; Memory used current: 100MB peak: 102MB)


Start loading timing files (Real Time elapsed 0h:00m:00s; CPU Time elapsed 0h:00m:00s; Memory used current: 111MB peak: 112MB)


Finished loading timing files (Real Time elapsed 0h:00m:00s; CPU Time elapsed 0h:00m:00s; Memory used current: 111MB peak: 114MB)

@W: FX474 |User-specified initial value defined for some sequential elements which can prevent optimum synthesis results from being achieved. 
ICG Latch Removal Summary:
Number of ICG latches removed:	0
Number of ICG latches not removed:	0
syn_allowed_resources : blockrams=26  set on top level netlist topram00

Finished netlist restructuring (Real Time elapsed 0h:00m:00s; CPU Time elapsed 0h:00m:00s; Memory used current: 138MB peak: 140MB)



@S |Clock Summary
*****************

Start                             Requested     Requested     Clock                                            Clock              
Clock                             Frequency     Period        Type                                             Group              
----------------------------------------------------------------------------------------------------------------------------------
div00|outdiv_derived_clock        2.1 MHz       480.769       derived (from osc00|osc_int0_inferred_clock)     Inferred_clkgroup_0
osc00|osc_int0_inferred_clock     2.1 MHz       480.769       inferred                                         Inferred_clkgroup_0
==================================================================================================================================

@W: MT529 :"c:\users\gabriela\desktop\practicasg\rams\ram00\div00.vhdl":22:5:22:6|Found inferred clock osc00|osc_int0_inferred_clock which controls 22 sequential elements including RA01.OS01.sdiv[20:0]. This clock has no specified timing constraint which may prevent conversion of gated or generated clocks and may adversely impact design performance. 

Pre-mapping successful!

At Mapper Exit (Real Time elapsed 0h:00m:01s; CPU Time elapsed 0h:00m:00s; Memory used current: 76MB peak: 140MB)

Process took 0h:00m:01s realtime, 0h:00m:01s cputime
# Sat Apr 23 19:37:49 2016

###########################################################]
Map & Optimize Report

Synopsys Lattice Technology Mapper, Version maplat, Build 1264R, Built Aug 18 2015 10:39:57
Copyright (C) 1994-2015, Synopsys, Inc. This software and the associated documentation are proprietary to Synopsys, Inc. This software may only be used in accordance with the terms and conditions of a written license agreement with Synopsys, Inc.  All other use, reproduction, or distribution of this software is strictly prohibited.
Product Version J-2015.03L-SP1

Mapper Startup Complete (Real Time elapsed 0h:00m:00s; CPU Time elapsed 0h:00m:00s; Memory used current: 99MB peak: 99MB)

@N: MF248 |Running in 64-bit mode.
@N: MF666 |Clock conversion enabled 

Design Input Complete (Real Time elapsed 0h:00m:00s; CPU Time elapsed 0h:00m:00s; Memory used current: 98MB peak: 100MB)


Mapper Initialization Complete (Real Time elapsed 0h:00m:00s; CPU Time elapsed 0h:00m:00s; Memory used current: 98MB peak: 100MB)


Start loading timing files (Real Time elapsed 0h:00m:00s; CPU Time elapsed 0h:00m:00s; Memory used current: 111MB peak: 111MB)


Finished loading timing files (Real Time elapsed 0h:00m:00s; CPU Time elapsed 0h:00m:00s; Memory used current: 111MB peak: 113MB)



Starting Optimization and Mapping (Real Time elapsed 0h:00m:00s; CPU Time elapsed 0h:00m:00s; Memory used current: 138MB peak: 140MB)


Available hyper_sources - for debug and ip models
	None Found


Finished RTL optimizations (Real Time elapsed 0h:00m:00s; CPU Time elapsed 0h:00m:00s; Memory used current: 138MB peak: 140MB)

@N:"c:\users\gabriela\desktop\practicasg\rams\ram00\contread00.vhdl":22:4:22:5|Found counter in view:work.topram00(topram0) inst RA05.outcontRead[3:0]

Finished factoring (Real Time elapsed 0h:00m:01s; CPU Time elapsed 0h:00m:00s; Memory used current: 140MB peak: 141MB)


Finished gated-clock and generated-clock conversion (Real Time elapsed 0h:00m:01s; CPU Time elapsed 0h:00m:00s; Memory used current: 139MB peak: 141MB)


Finished generic timing optimizations - Pass 1 (Real Time elapsed 0h:00m:01s; CPU Time elapsed 0h:00m:00s; Memory used current: 141MB peak: 141MB)


Starting Early Timing Optimization (Real Time elapsed 0h:00m:01s; CPU Time elapsed 0h:00m:00s; Memory used current: 141MB peak: 141MB)


Finished Early Timing Optimization (Real Time elapsed 0h:00m:01s; CPU Time elapsed 0h:00m:01s; Memory used current: 141MB peak: 141MB)


Finished generic timing optimizations - Pass 2 (Real Time elapsed 0h:00m:01s; CPU Time elapsed 0h:00m:01s; Memory used current: 141MB peak: 141MB)


Finished preparing to map (Real Time elapsed 0h:00m:01s; CPU Time elapsed 0h:00m:01s; Memory used current: 141MB peak: 141MB)


Finished technology mapping (Real Time elapsed 0h:00m:02s; CPU Time elapsed 0h:00m:01s; Memory used current: 144MB peak: 146MB)

Pass		 CPU time		Worst Slack		Luts / Registers
------------------------------------------------------------
   1		0h:00m:01s		   468.69ns		  96 /        62

Finished technology timing optimizations and critical path resynthesis (Real Time elapsed 0h:00m:02s; CPU Time elapsed 0h:00m:01s; Memory used current: 144MB peak: 146MB)

@N: FX164 |The option to pack registers in the IOB has not been specified. Please set syn_useioff attribute.  
@N: FO126 :"c:\users\gabriela\desktop\practicasg\rams\ram00\ram00.vhdl":25:7:25:10|Generating RAM RA03.dato[6:0]
@A: BN291 :"c:\users\gabriela\desktop\practicasg\rams\ram00\contring00.vhdl":20:4:20:5|Boundary register RA02.K01.outr_3_.fb packed into a complex cell. To disable register packing, set syn_keep=1 on net between register and complex cell. 
@A: BN291 :"c:\users\gabriela\desktop\practicasg\rams\ram00\contring00.vhdl":20:4:20:5|Boundary register RA02.K01.outr_2_.fb packed into a complex cell. To disable register packing, set syn_keep=1 on net between register and complex cell. 
@A: BN291 :"c:\users\gabriela\desktop\practicasg\rams\ram00\contring00.vhdl":20:4:20:5|Boundary register RA02.K01.outr_1_.fb packed into a complex cell. To disable register packing, set syn_keep=1 on net between register and complex cell. 
@A: BN291 :"c:\users\gabriela\desktop\practicasg\rams\ram00\contring00.vhdl":20:4:20:5|Boundary register RA02.K01.outr_0_.fb packed into a complex cell. To disable register packing, set syn_keep=1 on net between register and complex cell. 
@A: BN291 :"c:\users\gabriela\desktop\practicasg\rams\ram00\coder00.vhdl":32:1:32:2|Boundary register RA02.K02.outcontc_3_.fb packed into a complex cell. To disable register packing, set syn_keep=1 on net between register and complex cell. 
@A: BN291 :"c:\users\gabriela\desktop\practicasg\rams\ram00\coder00.vhdl":32:1:32:2|Boundary register RA02.K02.outcontc_2_.fb packed into a complex cell. To disable register packing, set syn_keep=1 on net between register and complex cell. 
@A: BN291 :"c:\users\gabriela\desktop\practicasg\rams\ram00\coder00.vhdl":32:1:32:2|Boundary register RA02.K02.outcontc_1_.fb packed into a complex cell. To disable register packing, set syn_keep=1 on net between register and complex cell. 
@A: BN291 :"c:\users\gabriela\desktop\practicasg\rams\ram00\coder00.vhdl":32:1:32:2|Boundary register RA02.K02.outcontc_0_.fb packed into a complex cell. To disable register packing, set syn_keep=1 on net between register and complex cell. 
@A: BN291 :"c:\users\gabriela\desktop\practicasg\rams\ram00\ram00.vhdl":29:6:29:7|Boundary register RA03.outWordm_6_.fb packed into a complex cell. To disable register packing, set syn_keep=1 on net between register and complex cell. 
@A: BN291 :"c:\users\gabriela\desktop\practicasg\rams\ram00\ram00.vhdl":29:6:29:7|Boundary register RA03.outWordm_5_.fb packed into a complex cell. To disable register packing, set syn_keep=1 on net between register and complex cell. 
@A: BN291 :"c:\users\gabriela\desktop\practicasg\rams\ram00\ram00.vhdl":29:6:29:7|Boundary register RA03.outWordm_4_.fb packed into a complex cell. To disable register packing, set syn_keep=1 on net between register and complex cell. 
@A: BN291 :"c:\users\gabriela\desktop\practicasg\rams\ram00\ram00.vhdl":29:6:29:7|Boundary register RA03.outWordm_3_.fb packed into a complex cell. To disable register packing, set syn_keep=1 on net between register and complex cell. 
@A: BN291 :"c:\users\gabriela\desktop\practicasg\rams\ram00\ram00.vhdl":29:6:29:7|Boundary register RA03.outWordm_2_.fb packed into a complex cell. To disable register packing, set syn_keep=1 on net between register and complex cell. 
@A: BN291 :"c:\users\gabriela\desktop\practicasg\rams\ram00\ram00.vhdl":29:6:29:7|Boundary register RA03.outWordm_1_.fb packed into a complex cell. To disable register packing, set syn_keep=1 on net between register and complex cell. 
@A: BN291 :"c:\users\gabriela\desktop\practicasg\rams\ram00\ram00.vhdl":29:6:29:7|Boundary register RA03.outWordm_0_.fb packed into a complex cell. To disable register packing, set syn_keep=1 on net between register and complex cell. 
@A: BN291 :"c:\users\gabriela\desktop\practicasg\rams\ram00\ram00.vhdl":29:6:29:7|Boundary register RA03.outFlagm.fb packed into a complex cell. To disable register packing, set syn_keep=1 on net between register and complex cell. 
@A: BN291 :"c:\users\gabriela\desktop\practicasg\rams\ram00\coder00.vhdl":32:1:32:2|Boundary register RA02.K02.outFlagc.fb packed into a complex cell. To disable register packing, set syn_keep=1 on net between register and complex cell. 

Finished restoring hierarchy (Real Time elapsed 0h:00m:02s; CPU Time elapsed 0h:00m:01s; Memory used current: 144MB peak: 146MB)



#### START OF CLOCK OPTIMIZATION REPORT #####[

1 non-gated/non-generated clock tree(s) driving 62 clock pin(s) of sequential element(s)
1 gated/generated clock tree(s) driving 2 clock pin(s) of sequential element(s)
40 instances converted, 2 sequential instances remain driven by gated/generated clocks

============================= Non-Gated/Non-Generated Clocks ==============================
Clock Tree ID     Driving Element        Drive Element Type     Fanout     Sample Instance 
-------------------------------------------------------------------------------------------
@K:CKID0002       RA01.OS00.OSCInst0     OSCH                   62         RA01.OS01.outdiv
===========================================================================================
================================================================= Gated/Generated Clocks ==================================================================
Clock Tree ID     Driving Element      Drive Element Type     Fanout     Sample Instance     Explanation                                                   
-----------------------------------------------------------------------------------------------------------------------------------------------------------
@K:CKID0001       RA01.OS01.outdiv     FD1S3AX                2          RA03.dato_ram       No gated clock conversion method for cell cell:LUCENT.DPR16X4C
===========================================================================================================================================================


##### END OF CLOCK OPTIMIZATION REPORT ######]


Start Writing Netlists (Real Time elapsed 0h:00m:02s; CPU Time elapsed 0h:00m:01s; Memory used current: 112MB peak: 146MB)

Writing Analyst data base C:\Users\Gabriela\Desktop\PracticasG\rams\ram00\ram00\synwork\ram00_ram00_m.srm

Finished Writing Netlist Databases (Real Time elapsed 0h:00m:03s; CPU Time elapsed 0h:00m:02s; Memory used current: 143MB peak: 146MB)

Writing EDIF Netlist and constraint files
J-2015.03L-SP1
@N: BW106 |Synplicity Constraint File capacitance units using default value of 1pF 

Finished Writing EDIF Netlist and constraint files (Real Time elapsed 0h:00m:04s; CPU Time elapsed 0h:00m:02s; Memory used current: 147MB peak: 149MB)


Start final timing analysis (Real Time elapsed 0h:00m:04s; CPU Time elapsed 0h:00m:03s; Memory used current: 147MB peak: 149MB)

Found clock div00|outdiv_derived_clock with period 480.77ns 
@W: MT420 |Found inferred clock osc00|osc_int0_inferred_clock with period 480.77ns. Please declare a user-defined clock on object "n:RA01.OS00.osc_int0"



@S |##### START OF TIMING REPORT #####[
# Timing Report written on Sat Apr 23 19:37:55 2016
#


Top view:               topram00
Requested Frequency:    2.1 MHz
Wire load mode:         top
Paths requested:        5
Constraint File(s):    
@N: MT320 |Timing report estimates place and route data. Please look at the place and route timing report for final timing.

@N: MT322 |Clock constraints cover only FF-to-FF paths associated with the clock.



Performance Summary 
*******************


Worst slack in design: 468.596

                                  Requested     Estimated     Requested     Estimated                 Clock                                            Clock              
Starting Clock                    Frequency     Frequency     Period        Period        Slack       Type                                             Group              
--------------------------------------------------------------------------------------------------------------------------------------------------------------------------
div00|outdiv_derived_clock        2.1 MHz       455.2 MHz     480.769       2.197         479.692     derived (from osc00|osc_int0_inferred_clock)     Inferred_clkgroup_0
osc00|osc_int0_inferred_clock     2.1 MHz       82.1 MHz      480.769       12.173        468.596     inferred                                         Inferred_clkgroup_0
==========================================================================================================================================================================





Clock Relationships
*******************

Clocks                                                        |    rise  to  rise     |    fall  to  fall   |    rise  to  fall   |    fall  to  rise 
------------------------------------------------------------------------------------------------------------------------------------------------------
Starting                       Ending                         |  constraint  slack    |  constraint  slack  |  constraint  slack  |  constraint  slack
------------------------------------------------------------------------------------------------------------------------------------------------------
osc00|osc_int0_inferred_clock  osc00|osc_int0_inferred_clock  |  480.769     468.596  |  No paths    -      |  No paths    -      |  No paths    -    
osc00|osc_int0_inferred_clock  div00|outdiv_derived_clock     |  480.769     478.573  |  No paths    -      |  No paths    -      |  No paths    -    
div00|outdiv_derived_clock     osc00|osc_int0_inferred_clock  |  480.769     479.692  |  No paths    -      |  No paths    -      |  No paths    -    
======================================================================================================================================================
 Note: 'No paths' indicates there are no paths in the design for that pair of clock edges.
       'Diff grp' indicates that paths exist but the starting clock and ending clock are in different clock groups.



Interface Information 
*********************

No IO constraint found



====================================
Detailed Report for Clock: div00|outdiv_derived_clock
====================================



Starting Points with Worst Slack
********************************

                  Starting                                                        Arrival            
Instance          Reference                      Type         Pin     Net         Time        Slack  
                  Clock                                                                              
-----------------------------------------------------------------------------------------------------
RA03.dato_ram     div00|outdiv_derived_clock     DPR16X4C     DO3     dato[3]     0.972       479.692
=====================================================================================================


Ending Points with Worst Slack
******************************

                     Starting                                                       Required            
Instance             Reference                      Type        Pin     Net         Time         Slack  
                     Clock                                                                              
--------------------------------------------------------------------------------------------------------
RA03.outWordm[3]     div00|outdiv_derived_clock     FD1P3JX     D       dato[3]     480.664      479.692
========================================================================================================



Worst Path Information
***********************


Path information for path number 1: 
      Requested Period:                      480.769
    - Setup time:                            0.106
    + Clock delay at ending point:           0.000 (ideal)
    = Required time:                         480.664

    - Propagation time:                      0.972
    - Clock delay at starting point:         0.000 (ideal)
    = Slack (non-critical) :                 479.692

    Number of logic level(s):                0
    Starting point:                          RA03.dato_ram / DO3
    Ending point:                            RA03.outWordm[3] / D
    The start point is clocked by            div00|outdiv_derived_clock [rising] on pin WCK
    The end   point is clocked by            osc00|osc_int0_inferred_clock [rising] on pin CK

Instance / Net                    Pin      Pin               Arrival     No. of    
Name                 Type         Name     Dir     Delay     Time        Fan Out(s)
-----------------------------------------------------------------------------------
RA03.dato_ram        DPR16X4C     DO3      Out     0.972     0.972       -         
dato[3]              Net          -        -       -         -           1         
RA03.outWordm[3]     FD1P3JX      D        In      0.000     0.972       -         
===================================================================================




====================================
Detailed Report for Clock: osc00|osc_int0_inferred_clock
====================================



Starting Points with Worst Slack
********************************

                       Starting                                                           Arrival            
Instance               Reference                         Type        Pin     Net          Time        Slack  
                       Clock                                                                                 
-------------------------------------------------------------------------------------------------------------
RA01.OS01.sdiv[20]     osc00|osc_int0_inferred_clock     FD1S3IX     Q       sdiv[20]     1.108       468.596
RA01.OS01.sdiv[18]     osc00|osc_int0_inferred_clock     FD1S3IX     Q       sdiv[18]     1.044       468.660
RA01.OS01.sdiv[19]     osc00|osc_int0_inferred_clock     FD1S3IX     Q       sdiv[19]     1.044       468.660
RA01.OS01.sdiv[16]     osc00|osc_int0_inferred_clock     FD1S3IX     Q       sdiv[16]     1.044       469.813
RA01.OS01.sdiv[17]     osc00|osc_int0_inferred_clock     FD1S3IX     Q       sdiv[17]     1.044       469.813
RA01.OS01.sdiv[14]     osc00|osc_int0_inferred_clock     FD1S3IX     Q       sdiv[14]     1.044       470.966
RA01.OS01.sdiv[15]     osc00|osc_int0_inferred_clock     FD1S3IX     Q       sdiv[15]     1.044       470.966
RA01.OS01.sdiv[9]      osc00|osc_int0_inferred_clock     FD1S3IX     Q       sdiv[9]      1.044       472.119
RA01.OS01.sdiv[10]     osc00|osc_int0_inferred_clock     FD1S3IX     Q       sdiv[10]     1.044       472.119
RA01.OS01.sdiv[11]     osc00|osc_int0_inferred_clock     FD1S3IX     Q       sdiv[11]     1.044       472.119
=============================================================================================================


Ending Points with Worst Slack
******************************

                       Starting                                                                         Required            
Instance               Reference                         Type        Pin     Net                        Time         Slack  
                       Clock                                                                                                
----------------------------------------------------------------------------------------------------------------------------
RA01.OS01.sdiv[19]     osc00|osc_int0_inferred_clock     FD1S3IX     D       un1_sdiv_1_cry_19_0_S0     480.664      468.596
RA01.OS01.sdiv[20]     osc00|osc_int0_inferred_clock     FD1S3IX     D       un1_sdiv_1_cry_19_0_S1     480.664      468.596
RA01.OS01.sdiv[17]     osc00|osc_int0_inferred_clock     FD1S3IX     D       un1_sdiv_1_cry_17_0_S0     480.664      468.739
RA01.OS01.sdiv[18]     osc00|osc_int0_inferred_clock     FD1S3IX     D       un1_sdiv_1_cry_17_0_S1     480.664      468.739
RA01.OS01.sdiv[15]     osc00|osc_int0_inferred_clock     FD1S3IX     D       un1_sdiv_1_cry_15_0_S0     480.664      468.882
RA01.OS01.sdiv[16]     osc00|osc_int0_inferred_clock     FD1S3IX     D       un1_sdiv_1_cry_15_0_S1     480.664      468.882
RA01.OS01.sdiv[13]     osc00|osc_int0_inferred_clock     FD1S3IX     D       un1_sdiv_1_cry_13_0_S0     480.664      469.025
RA01.OS01.sdiv[14]     osc00|osc_int0_inferred_clock     FD1S3IX     D       un1_sdiv_1_cry_13_0_S1     480.664      469.025
RA01.OS01.sdiv[11]     osc00|osc_int0_inferred_clock     FD1S3IX     D       un1_sdiv_1_cry_11_0_S0     480.664      469.168
RA01.OS01.sdiv[12]     osc00|osc_int0_inferred_clock     FD1S3IX     D       un1_sdiv_1_cry_11_0_S1     480.664      469.168
============================================================================================================================



Worst Path Information
***********************


Path information for path number 1: 
      Requested Period:                      480.769
    - Setup time:                            0.106
    + Clock delay at ending point:           0.000 (ideal)
    = Required time:                         480.664

    - Propagation time:                      12.067
    - Clock delay at starting point:         0.000 (ideal)
    = Slack (critical) :                     468.596

    Number of logic level(s):                17
    Starting point:                          RA01.OS01.sdiv[20] / Q
    Ending point:                            RA01.OS01.sdiv[20] / D
    The start point is clocked by            osc00|osc_int0_inferred_clock [rising] on pin CK
    The end   point is clocked by            osc00|osc_int0_inferred_clock [rising] on pin CK

Instance / Net                                          Pin      Pin               Arrival     No. of    
Name                                       Type         Name     Dir     Delay     Time        Fan Out(s)
---------------------------------------------------------------------------------------------------------
RA01.OS01.sdiv[20]                         FD1S3IX      Q        Out     1.108     1.108       -         
sdiv[20]                                   Net          -        -       -         -           3         
RA01.OS01.divisor\.un32_sdiv_4_i_o2        ORCALUT4     C        In      0.000     1.108       -         
RA01.OS01.divisor\.un32_sdiv_4_i_o2        ORCALUT4     Z        Out     1.153     2.261       -         
N_103                                      Net          -        -       -         -           3         
RA01.OS01.sdiv_RNIAHP8[16]                 ORCALUT4     A        In      0.000     2.261       -         
RA01.OS01.sdiv_RNIAHP8[16]                 ORCALUT4     Z        Out     1.153     3.413       -         
N_164                                      Net          -        -       -         -           3         
RA01.OS01.sdiv_RNINU89[14]                 ORCALUT4     A        In      0.000     3.413       -         
RA01.OS01.sdiv_RNINU89[14]                 ORCALUT4     Z        Out     1.153     4.566       -         
N_167                                      Net          -        -       -         -           3         
RA01.OS01.un1_outdiv_0_sqmuxa_1_i_a2_9     ORCALUT4     A        In      0.000     4.566       -         
RA01.OS01.un1_outdiv_0_sqmuxa_1_i_a2_9     ORCALUT4     Z        Out     1.089     5.655       -         
N_180                                      Net          -        -       -         -           2         
RA01.OS01.un1_sdiv_1_cry_0_0_RNO_0         ORCALUT4     A        In      0.000     5.655       -         
RA01.OS01.un1_sdiv_1_cry_0_0_RNO_0         ORCALUT4     Z        Out     1.017     6.672       -         
N_186                                      Net          -        -       -         -           1         
RA01.OS01.un1_sdiv_1_cry_0_0_RNO           ORCALUT4     A        In      0.000     6.672       -         
RA01.OS01.un1_sdiv_1_cry_0_0_RNO           ORCALUT4     Z        Out     1.017     7.689       -         
un1_outdiv37_i_0                           Net          -        -       -         -           1         
RA01.OS01.un1_sdiv_1_cry_0_0               CCU2D        B0       In      0.000     7.689       -         
RA01.OS01.un1_sdiv_1_cry_0_0               CCU2D        COUT     Out     1.545     9.233       -         
un1_sdiv_1_cry_0                           Net          -        -       -         -           1         
RA01.OS01.un1_sdiv_1_cry_1_0               CCU2D        CIN      In      0.000     9.233       -         
RA01.OS01.un1_sdiv_1_cry_1_0               CCU2D        COUT     Out     0.143     9.376       -         
un1_sdiv_1_cry_2                           Net          -        -       -         -           1         
RA01.OS01.un1_sdiv_1_cry_3_0               CCU2D        CIN      In      0.000     9.376       -         
RA01.OS01.un1_sdiv_1_cry_3_0               CCU2D        COUT     Out     0.143     9.519       -         
un1_sdiv_1_cry_4                           Net          -        -       -         -           1         
RA01.OS01.un1_sdiv_1_cry_5_0               CCU2D        CIN      In      0.000     9.519       -         
RA01.OS01.un1_sdiv_1_cry_5_0               CCU2D        COUT     Out     0.143     9.662       -         
un1_sdiv_1_cry_6                           Net          -        -       -         -           1         
RA01.OS01.un1_sdiv_1_cry_7_0               CCU2D        CIN      In      0.000     9.662       -         
RA01.OS01.un1_sdiv_1_cry_7_0               CCU2D        COUT     Out     0.143     9.804       -         
un1_sdiv_1_cry_8                           Net          -        -       -         -           1         
RA01.OS01.un1_sdiv_1_cry_9_0               CCU2D        CIN      In      0.000     9.804       -         
RA01.OS01.un1_sdiv_1_cry_9_0               CCU2D        COUT     Out     0.143     9.947       -         
un1_sdiv_1_cry_10                          Net          -        -       -         -           1         
RA01.OS01.un1_sdiv_1_cry_11_0              CCU2D        CIN      In      0.000     9.947       -         
RA01.OS01.un1_sdiv_1_cry_11_0              CCU2D        COUT     Out     0.143     10.090      -         
un1_sdiv_1_cry_12                          Net          -        -       -         -           1         
RA01.OS01.un1_sdiv_1_cry_13_0              CCU2D        CIN      In      0.000     10.090      -         
RA01.OS01.un1_sdiv_1_cry_13_0              CCU2D        COUT     Out     0.143     10.233      -         
un1_sdiv_1_cry_14                          Net          -        -       -         -           1         
RA01.OS01.un1_sdiv_1_cry_15_0              CCU2D        CIN      In      0.000     10.233      -         
RA01.OS01.un1_sdiv_1_cry_15_0              CCU2D        COUT     Out     0.143     10.376      -         
un1_sdiv_1_cry_16                          Net          -        -       -         -           1         
RA01.OS01.un1_sdiv_1_cry_17_0              CCU2D        CIN      In      0.000     10.376      -         
RA01.OS01.un1_sdiv_1_cry_17_0              CCU2D        COUT     Out     0.143     10.518      -         
un1_sdiv_1_cry_18                          Net          -        -       -         -           1         
RA01.OS01.un1_sdiv_1_cry_19_0              CCU2D        CIN      In      0.000     10.518      -         
RA01.OS01.un1_sdiv_1_cry_19_0              CCU2D        S1       Out     1.549     12.067      -         
un1_sdiv_1_cry_19_0_S1                     Net          -        -       -         -           1         
RA01.OS01.sdiv[20]                         FD1S3IX      D        In      0.000     12.067      -         
=========================================================================================================



##### END OF TIMING REPORT #####]


Finished final timing analysis (Real Time elapsed 0h:00m:04s; CPU Time elapsed 0h:00m:03s; Memory used current: 147MB peak: 149MB)


Finished timing report (Real Time elapsed 0h:00m:04s; CPU Time elapsed 0h:00m:03s; Memory used current: 147MB peak: 149MB)

---------------------------------------
Resource Usage Report
Part: lcmxo2_7000he-5

Register bits: 62 of 6864 (1%)
PIC Latch:       0
I/O cells:       36


Details:
CCU2D:          14
DPR16X4C:       2
FD1P3AX:        15
FD1P3IX:        6
FD1P3JX:        12
FD1S3AX:        1
FD1S3IX:        21
GSR:            1
IB:             10
OB:             26
OFS1P3DX:       7
ORCALUT4:       93
OSCH:           1
PUR:            1
VHI:            6
VLO:            7
false:          3
true:           4
Mapper successful!

At Mapper Exit (Real Time elapsed 0h:00m:05s; CPU Time elapsed 0h:00m:03s; Memory used current: 53MB peak: 149MB)

Process took 0h:00m:05s realtime, 0h:00m:03s cputime
# Sat Apr 23 19:37:55 2016

###########################################################]


Synthesis exit by 0.

edif2ngd  -l "MachXO2" -d LCMXO2-7000HE -path "C:/Users/Gabriela/Desktop/PracticasG/rams/ram00/ram00" -path "C:/Users/Gabriela/Desktop/PracticasG/rams/ram00"   "C:/Users/Gabriela/Desktop/PracticasG/rams/ram00/ram00/ram00_ram00.edi" "ram00_ram00.ngo"   
edif2ngd:  version Diamond (64-bit) 3.6.0.83.4

Copyright (c) 1991-1994 by NeoCAD Inc. All rights reserved.
Copyright (c) 1995 AT&T Corp.   All rights reserved.
Copyright (c) 1995-2001 Lucent Technologies Inc.  All rights reserved.
Copyright (c) 2001 Agere Systems   All rights reserved.
Copyright (c) 2002-2015 Lattice Semiconductor Corporation,  All rights reserved.
Writing the design to ram00_ram00.ngo...

Total CPU Time: 0 secs  

Total REAL Time: 0 secs  


ngdbuild  -a "MachXO2" -d LCMXO2-7000HE  -p "C:/lscc/diamond/3.6_x64/ispfpga/xo2c00/data"  -p "C:/Users/Gabriela/Desktop/PracticasG/rams/ram00/ram00" -p "C:/Users/Gabriela/Desktop/PracticasG/rams/ram00"  "ram00_ram00.ngo" "ram00_ram00.ngd"  	
ngdbuild:  version Diamond (64-bit) 3.6.0.83.4

Copyright (c) 1991-1994 by NeoCAD Inc. All rights reserved.
Copyright (c) 1995 AT&T Corp.   All rights reserved.
Copyright (c) 1995-2001 Lucent Technologies Inc.  All rights reserved.
Copyright (c) 2001 Agere Systems   All rights reserved.
Copyright (c) 2002-2015 Lattice Semiconductor Corporation,  All rights reserved.
Reading 'ram00_ram00.ngo' ...
Loading NGL library 'C:/lscc/diamond/3.6_x64/ispfpga/xo2c00a/data/xo2alib.ngl'...
Loading NGL library 'C:/lscc/diamond/3.6_x64/ispfpga/xo2c00/data/xo2clib.ngl'...
Loading NGL library 'C:/lscc/diamond/3.6_x64/ispfpga/mg5g00/data/mg5glib.ngl'...
Loading NGL library 'C:/lscc/diamond/3.6_x64/ispfpga/or5g00/data/orc5glib.ngl'...


Running DRC...

    <postMsg mid="1166052" type="Warning" dynamic="2" navigation="1" arg0="logical" arg1="RA01/OS01/un1_sdiv_1_cry_19_0_COUT" arg2="RA01/OS01/un1_sdiv_1_cry_19_0_COUT"  />
    <postMsg mid="1166052" type="Warning" dynamic="2" navigation="1" arg0="logical" arg1="RA01/OS01/un1_sdiv_1_cry_0_0_S0" arg2="RA01/OS01/un1_sdiv_1_cry_0_0_S0"  />
    <postMsg mid="1166052" type="Warning" dynamic="2" navigation="1" arg0="logical" arg1="RA01/OS00/OSCInst0_SEDSTDBY" arg2="RA01/OS00/OSCInst0_SEDSTDBY"  />
    <postMsg mid="1166052" type="Warning" dynamic="2" navigation="1" arg0="logical" arg1="RA05/un1_outcontread_cry_3_0_COUT" arg2="RA05/un1_outcontread_cry_3_0_COUT"  />
    <postMsg mid="1166052" type="Warning" dynamic="2" navigation="1" arg0="logical" arg1="RA05/un1_outcontread_cry_3_0_S0" arg2="RA05/un1_outcontread_cry_3_0_S0"  />
    <postMsg mid="1166052" type="Warning" dynamic="2" navigation="1" arg0="logical" arg1="RA05/un1_outcontread_cry_1_0_S0" arg2="RA05/un1_outcontread_cry_1_0_S0"  />
    <postMsg mid="1166052" type="Warning" dynamic="2" navigation="1" arg0="logical" arg1="RA05/un1_outcontread_cry_1_0_S1" arg2="RA05/un1_outcontread_cry_1_0_S1"  />
    <postMsg mid="1166052" type="Warning" dynamic="2" navigation="1" arg0="logical" arg1="RA05/un1_outcontread_cry_0_0_S0" arg2="RA05/un1_outcontread_cry_0_0_S0"  />
    <postMsg mid="1166052" type="Warning" dynamic="2" navigation="1" arg0="logical" arg1="RA05/un1_outcontread_cry_0_0_S1" arg2="RA05/un1_outcontread_cry_0_0_S1"  />
    <postMsg mid="1166052" type="Warning" dynamic="2" navigation="1" arg0="logical" arg1="RA03/dato_ram_0_DO3" arg2="RA03/dato_ram_0_DO3"  />
    <postMsg mid="1163101" type="Warning" dynamic="1" navigation="0" arg0="10"  />

Design Results:
    222 blocks expanded
Complete the first expansion.
Writing 'ram00_ram00.ngd' ...
Total CPU Time: 0 secs  

Total REAL Time: 0 secs  


map -a "MachXO2" -p LCMXO2-7000HE -t TQFP144 -s 5 -oc Commercial   "ram00_ram00.ngd" -o "ram00_ram00_map.ncd" -pr "ram00_ram00.prf" -mp "ram00_ram00.mrp" -lpf "C:/Users/Gabriela/Desktop/PracticasG/rams/ram00/ram00/ram00_ram00_synplify.lpf" -lpf "C:/Users/Gabriela/Desktop/PracticasG/rams/ram00/ram00.lpf" -c 0            
map:  version Diamond (64-bit) 3.6.0.83.4

Copyright (c) 1991-1994 by NeoCAD Inc. All rights reserved.
Copyright (c) 1995 AT&T Corp.   All rights reserved.
Copyright (c) 1995-2001 Lucent Technologies Inc.  All rights reserved.
Copyright (c) 2001 Agere Systems   All rights reserved.
Copyright (c) 2002-2015 Lattice Semiconductor Corporation,  All rights reserved.
   Process the file: ram00_ram00.ngd
   Picdevice="LCMXO2-7000HE"

   Pictype="TQFP144"

   Picspeed=5

   Remove unused logic

   Do not produce over sized NCDs.

Part used: LCMXO2-7000HETQFP144, Performance used: 5.

Loading device for application map from file 'xo2c7000.nph' in environment: C:/lscc/diamond/3.6_x64/ispfpga.
Package Status:                     Final          Version 1.39.

Running general design DRC...

Removing unused logic...

Optimizing...




Design Summary:
   Number of registers:     62 out of  7209 (1%)
      PFU registers:           55 out of  6864 (1%)
      PIO registers:            7 out of   345 (2%)
   Number of SLICEs:        68 out of  3432 (2%)
      SLICEs as Logic/ROM:     62 out of  3432 (2%)
      SLICEs as RAM:            6 out of  2574 (0%)
      SLICEs as Carry:         14 out of  3432 (0%)
   Number of LUT4s:        135 out of  6864 (2%)
      Number used as logic LUTs:         95
      Number used as distributed RAM:    12
      Number used as ripple logic:       28
      Number used as shift registers:     0
   Number of PIO sites used: 36 + 4(JTAG) out of 115 (35%)
   Number of block RAMs:  0 out of 26 (0%)
   Number of GSRs:  0 out of 1 (0%)
   EFB used :       No
   JTAG used :      No
   Readback used :  No
   Oscillator used :  Yes
   Startup used :   No
   POR :            On
   Bandgap :        On
   Number of Power Controller:  0 out of 1 (0%)
   Number of Dynamic Bank Controller (BCINRD):  0 out of 6 (0%)
   Number of Dynamic Bank Controller (BCLVDSO):  0 out of 1 (0%)
   Number of DCCA:  0 out of 8 (0%)
   Number of DCMA:  0 out of 2 (0%)
   Number of PLLs:  0 out of 2 (0%)
   Number of DQSDLLs:  0 out of 2 (0%)
   Number of CLKDIVC:  0 out of 4 (0%)
   Number of ECLKSYNCA:  0 out of 4 (0%)
   Number of ECLKBRIDGECS:  0 out of 2 (0%)
   Notes:-
      1. Total number of LUT4s = (Number of logic LUT4s) + 2*(Number of distributed RAMs) + 2*(Number of ripple logic)
      2. Number of logic LUT4s does not include count of distributed RAM and ripple logic.
   Number of clocks:  2
     Net clk0_c: 4 loads, 4 rising, 0 falling (Driver: RA01/OS01/outdiv )
     Net RA01.soscout0: 38 loads, 38 rising, 0 falling (Driver: RA01/OS00/OSCInst0 )
   Number of Clock Enables:  7
     Net un1_outdiv_0_sqmuxa_1_i_0_RNIUFFN: 12 loads, 5 LSLICEs
     Net RA05/un1_outcontread_cry_3_0_RNIC4Q81: 2 loads, 2 LSLICEs
     Net RA03/outWordm_cnv[0]: 4 loads, 4 LSLICEs
     Net RA03/outFlagm_RNO: 1 loads, 1 LSLICEs
     Net RA02/K02/outFlagc_RNO: 1 loads, 1 LSLICEs
     Net RA02/K02/outFlagc_1_sqmuxa_RNIVHPQ: 4 loads, 4 LSLICEs
     Net RA02/K02/aux01_cnv: 2 loads, 2 LSLICEs
   Number of LSRs:  3
     Net RA03/outWordm_49: 4 loads, 4 LSLICEs
     Net G_19: 7 loads, 7 LSLICEs
     Net RA01/OS01/un1_outdiv37_2_1_RNI5BK01: 11 loads, 11 LSLICEs
   Number of nets driven by tri-state buffers:  0
   Top 10 highest fanout non-clock nets:
     Net un1_outdiv_0_sqmuxa_1_i_0_RNIUFFN: 20 loads
     Net outr0_c[1]: 19 loads
     Net outr0_c[2]: 16 loads
     Net outr0_c[3]: 15 loads
     Net wr0_c: 15 loads
     Net outcontRead0_c[0]: 13 loads
     Net outcontRead0_c[1]: 12 loads
     Net outr0_c[0]: 12 loads
     Net inkey0_c[2]: 11 loads
     Net outcontRead0_c[2]: 11 loads
 

   Number of warnings:  0
   Number of errors:    0



Total CPU Time: 0 secs  
Total REAL Time: 2 secs  
Peak Memory Usage: 57 MB

Dumping design to file ram00_ram00_map.ncd.

mpartrce -p "ram00_ram00.p2t" -f "ram00_ram00.p3t" -tf "ram00_ram00.pt" "ram00_ram00_map.ncd" "ram00_ram00.ncd"

---- MParTrce Tool ----
Removing old design directory at request of -rem command line option to this program.
Running par. Please wait . . .

Lattice Place and Route Report for Design "ram00_ram00_map.ncd"
Sat Apr 23 19:38:03 2016

PAR: Place And Route Diamond (64-bit) 3.6.0.83.4.
Command Line: par -w -l 5 -i 6 -t 1 -c 0 -e 0 -gui -msgset C:/Users/Gabriela/Desktop/PracticasG/rams/ram00/promote.xml -exp parUseNBR=1:parCDP=0:parCDR=0:parPathBased=OFF ram00_ram00_map.ncd ram00_ram00.dir/5_1.ncd ram00_ram00.prf
Preference file: ram00_ram00.prf.
Placement level-cost: 5-1.
Routing Iterations: 6

Loading design for application par from file ram00_ram00_map.ncd.
Design name: topram00
NCD version: 3.3
Vendor:      LATTICE
Device:      LCMXO2-7000HE
Package:     TQFP144
Performance: 5
Loading device for application par from file 'xo2c7000.nph' in environment: C:/lscc/diamond/3.6_x64/ispfpga.
Package Status:                     Final          Version 1.39.
Performance Hardware Data Status:   Final          Version 31.4.
License checked out.


Ignore Preference Error(s):  True
Device utilization summary:

   PIO (prelim)   36+4(JTAG)/336     12% used
                  36+4(JTAG)/115     35% bonded
   IOLOGIC            7/336           2% used

   SLICE             68/3432          1% used

   OSC                1/1           100% used


Number of Signals: 224
Number of Connections: 598

Pin Constraint Summary:
   26 out of 26 pins locked (100% locked).

The following 1 signal is selected to use the primary clock routing resources:
    RA01.soscout0 (driver: RA01/OS00/OSCInst0, clk load #: 38)


The following 2 signals are selected to use the secondary clock routing resources:
    un1_outdiv_0_sqmuxa_1_i_0_RNIUFFN (driver: SLICE_42, clk load #: 0, sr load #: 0, ce load #: 12)
    RA01/OS01/un1_outdiv37_2_1_RNI5BK01 (driver: RA01/OS01/SLICE_48, clk load #: 0, sr load #: 11, ce load #: 0)

No signal is selected as Global Set/Reset.
.
Starting Placer Phase 0.
.............
Finished Placer Phase 0.  REAL time: 3 secs 

Starting Placer Phase 1.
....................
Placer score = 49635.
Finished Placer Phase 1.  REAL time: 17 secs 

Starting Placer Phase 2.
.
Placer score =  49608
Finished Placer Phase 2.  REAL time: 17 secs 


------------------ Clock Report ------------------

Global Clock Resources:
  CLK_PIN    : 0 out of 8 (0%)
  PLL        : 0 out of 2 (0%)
  DCM        : 0 out of 2 (0%)
  DCC        : 0 out of 8 (0%)

Quadrants All (TL, TR, BL, BR) - Global Clocks:
  PRIMARY "RA01.soscout0" from OSC on comp "RA01/OS00/OSCInst0" on site "OSC", clk load = 38
  SECONDARY "un1_outdiv_0_sqmuxa_1_i_0_RNIUFFN" from F1 on comp "SLICE_42" on site "R14C20D", clk load = 0, ce load = 12, sr load = 0
  SECONDARY "RA01/OS01/un1_outdiv37_2_1_RNI5BK01" from F0 on comp "RA01/OS01/SLICE_48" on site "R21C20A", clk load = 0, ce load = 0, sr load = 11

  PRIMARY  : 1 out of 8 (12%)
  SECONDARY: 2 out of 8 (25%)

Edge Clocks:
  No edge clock selected.

--------------- End of Clock Report ---------------


I/O Usage Summary (final):
   36 + 4(JTAG) out of 336 (11.9%) PIO sites used.
   36 + 4(JTAG) out of 115 (34.8%) bonded PIO sites used.
   Number of PIO comps: 36; differential: 0.
   Number of Vref pins used: 0.

I/O Bank Usage Summary:
+----------+----------------+------------+-----------+
| I/O Bank | Usage          | Bank Vccio | Bank Vref |
+----------+----------------+------------+-----------+
| 0        | 12 / 28 ( 42%) | 2.5V       | -         |
| 1        | 6 / 29 ( 20%)  | 2.5V       | -         |
| 2        | 10 / 29 ( 34%) | 2.5V       | -         |
| 3        | 6 / 9 ( 66%)   | 2.5V       | -         |
| 4        | 2 / 10 ( 20%)  | 2.5V       | -         |
| 5        | 0 / 10 (  0%)  | -          | -         |
+----------+----------------+------------+-----------+

Total placer CPU time: 11 secs 

Dumping design to file ram00_ram00.dir/5_1.ncd.

0 connections routed; 598 unrouted.
Starting router resource preassignment

    <postMsg mid="66011008" type="Warning" dynamic="1" navigation="0" arg0="&#xA;   Signal=clk0_c loads=7 clock_loads=4"  />

Completed router resource preassignment. Real time: 21 secs 

Start NBR router at 19:38:24 04/23/16

*****************************************************************
Info: NBR allows conflicts(one node used by more than one signal)
      in the earlier iterations. In each iteration, it tries to  
      solve the conflicts while keeping the critical connections 
      routed as short as possible. The routing process is said to
      be completed when no conflicts exist and all connections   
      are routed.                                                
Note: NBR uses a different method to calculate timing slacks. The
      worst slack and total negative slack may not be the same as
      that in TRCE report. You should always run TRCE to verify  
      your design.                                               
*****************************************************************

Start NBR special constraint process at 19:38:24 04/23/16

Start NBR section for initial routing at 19:38:24 04/23/16
Level 4, iteration 1
12(0.00%) conflicts; 0(0.00%) untouched conn; 0 (nbr) score; 
Estimated worst slack/total negative slack<setup>: 465.552ns/0.000ns; real time: 25 secs 

Info: Initial congestion level at 75% usage is 0
Info: Initial congestion area  at 75% usage is 0 (0.00%)

Start NBR section for normal routing at 19:38:28 04/23/16
Level 4, iteration 1
3(0.00%) conflicts; 0(0.00%) untouched conn; 0 (nbr) score; 
Estimated worst slack/total negative slack<setup>: 465.491ns/0.000ns; real time: 26 secs 
Level 4, iteration 2
2(0.00%) conflicts; 0(0.00%) untouched conn; 0 (nbr) score; 
Estimated worst slack/total negative slack<setup>: 465.491ns/0.000ns; real time: 26 secs 
Level 4, iteration 3
0(0.00%) conflict; 0(0.00%) untouched conn; 0 (nbr) score; 
Estimated worst slack/total negative slack<setup>: 465.491ns/0.000ns; real time: 26 secs 

Start NBR section for setup/hold timing optimization with effort level 3 at 19:38:29 04/23/16

Start NBR section for re-routing at 19:38:29 04/23/16
Level 4, iteration 1
0(0.00%) conflict; 0(0.00%) untouched conn; 0 (nbr) score; 
Estimated worst slack/total negative slack<setup>: 465.491ns/0.000ns; real time: 26 secs 

Start NBR section for post-routing at 19:38:29 04/23/16

End NBR router with 0 unrouted connection

NBR Summary
-----------
  Number of unrouted connections : 0 (0.00%)
  Number of connections with timing violations : 0 (0.00%)
  Estimated worst slack<setup> : 465.491ns
  Timing score<setup> : 0
-----------
Notes: The timing info is calculated for SETUP only and all PAR_ADJs are ignored.



    <postMsg mid="66011008" type="Warning" dynamic="1" navigation="0" arg0="&#xA;   Signal=clk0_c loads=7 clock_loads=4"  />

Total CPU time 16 secs 
Total REAL time: 27 secs 
Completely routed.
End of route.  598 routed (100.00%); 0 unrouted.
Checking DRC ... 
No errors found.

Hold time timing score: 0, hold timing errors: 0

Timing score: 0 

Dumping design to file ram00_ram00.dir/5_1.ncd.


PAR_SUMMARY::Run status = completed
PAR_SUMMARY::Number of unrouted conns = 0
PAR_SUMMARY::Worst  slack<setup/<ns>> = 465.491
PAR_SUMMARY::Timing score<setup/<ns>> = 0.000
PAR_SUMMARY::Worst  slack<hold /<ns>> = 0.304
PAR_SUMMARY::Timing score<hold /<ns>> = 0.000
PAR_SUMMARY::Number of errors = 0

Total CPU  time to completion: 16 secs 
Total REAL time to completion: 28 secs 

par done!

Copyright (c) 1991-1994 by NeoCAD Inc. All rights reserved.
Copyright (c) 1995 AT&T Corp.   All rights reserved.
Copyright (c) 1995-2001 Lucent Technologies Inc.  All rights reserved.
Copyright (c) 2001 Agere Systems   All rights reserved.
Copyright (c) 2002-2015 Lattice Semiconductor Corporation,  All rights reserved.
Exiting par with exit code 0
Exiting mpartrce with exit code 0

bitgen -f "ram00_ram00.t2b" -w "ram00_ram00.ncd" -jedec "ram00_ram00.prf"


BITGEN: Bitstream Generator Diamond (64-bit) 3.6.0.83.4
Copyright (c) 1991-1994 by NeoCAD Inc. All rights reserved.
Copyright (c) 1995 AT&T Corp.   All rights reserved.
Copyright (c) 1995-2001 Lucent Technologies Inc.  All rights reserved.
Copyright (c) 2001 Agere Systems   All rights reserved.
Copyright (c) 2002-2015 Lattice Semiconductor Corporation,  All rights reserved.


Loading design for application Bitgen from file ram00_ram00.ncd.
Design name: topram00
NCD version: 3.3
Vendor:      LATTICE
Device:      LCMXO2-7000HE
Package:     TQFP144
Performance: 5
Loading device for application Bitgen from file 'xo2c7000.nph' in environment: C:/lscc/diamond/3.6_x64/ispfpga.
Package Status:                     Final          Version 1.39.
Performance Hardware Data Status:   Final          Version 31.4.

Running DRC.
DRC detected 0 errors and 0 warnings.
Reading Preference File from ram00_ram00.prf.

Preference Summary:
+---------------------------------+---------------------------------+
|  Preference                     |  Current Setting                |
+---------------------------------+---------------------------------+
|                         RamCfg  |                        Reset**  |
+---------------------------------+---------------------------------+
|                     MCCLK_FREQ  |                         2.08**  |
+---------------------------------+---------------------------------+
|                  CONFIG_SECURE  |                          OFF**  |
+---------------------------------+---------------------------------+
|                      JTAG_PORT  |                       ENABLE**  |
+---------------------------------+---------------------------------+
|                       SDM_PORT  |                      DISABLE**  |
+---------------------------------+---------------------------------+
|                 SLAVE_SPI_PORT  |                      DISABLE**  |
+---------------------------------+---------------------------------+
|                MASTER_SPI_PORT  |                      DISABLE**  |
+---------------------------------+---------------------------------+
|                       I2C_PORT  |                      DISABLE**  |
+---------------------------------+---------------------------------+
|        MUX_CONFIGURATION_PORTS  |                      DISABLE**  |
+---------------------------------+---------------------------------+
|                  CONFIGURATION  |                          CFG**  |
+---------------------------------+---------------------------------+
|                COMPRESS_CONFIG  |                           ON**  |
+---------------------------------+---------------------------------+
|                        MY_ASSP  |                          OFF**  |
+---------------------------------+---------------------------------+
|               ONE_TIME_PROGRAM  |                          OFF**  |
+---------------------------------+---------------------------------+
|                 ENABLE_TRANSFR  |                      DISABLE**  |
+---------------------------------+---------------------------------+
|                  SHAREDEBRINIT  |                      DISABLE**  |
+---------------------------------+---------------------------------+
|            BACKGROUND_RECONFIG  |                          OFF**  |
+---------------------------------+---------------------------------+
 *  Default setting.
 ** The specified setting matches the default setting.


Creating bit map...
 
Bitstream Status: Final           Version 1.88.
 
Saving bit stream in "ram00_ram00.jed".
 
===========
UFM Summary.
===========
UFM Size:        2046 Pages (128*2046 Bits).
UFM Utilization: General Purpose Flash Memory.
 
Available General Purpose Flash Memory: 2046 Pages (Page 0 to Page 2045).
Initialized UFM Pages:                     0 Page.
 
