Running in Lattice mode

sourcing C:\lscc\diamond\3.6_x64\synpbase\lib\message_override.tcl


Starting:    C:\lscc\diamond\3.6_x64\synpbase\bin64\mbin\synbatch.exe
Install:     C:\lscc\diamond\3.6_x64\synpbase
Hostname:    ISCGAB
Date:        Sat Apr 23 19:37:44 2016
Version:     J-2015.03L-SP1

Arguments:   -product synplify_pro -batch ram00_ram00_synplify.tcl
ProductType: synplify_pro





log file: "C:\Users\Gabriela\Desktop\PracticasG\rams\ram00\ram00\ram00_ram00.srr"

Running: hdl_info_gen in foreground



Generating HDL info...


hdl_info_gen Completed
Return Code: 0
Run Time:0h:00m:01s

Copied C:\Users\Gabriela\Desktop\PracticasG\rams\ram00\ram00\ram00_ram00.srr to C:\Users\Gabriela\Desktop\PracticasG\rams\ram00\ram00\ram00_ram00.srf

log file: "C:\Users\Gabriela\Desktop\PracticasG\rams\ram00\ram00\ram00_ram00.srr"

Running: ram00 in foreground



Running proj_1|ram00


Running: compile (Compile) on proj_1|ram00


Running: compile_flow (Compile Process) on proj_1|ram00


Running: compiler (Compile Input) on proj_1|ram00


compiler Completed
Return Code: 0
Run Time:0h:00m:01s


Running: multi_srs_gen (Multi-srs Generator) on proj_1|ram00

Copied C:\Users\Gabriela\Desktop\PracticasG\rams\ram00\ram00\synwork\ram00_ram00_comp.srs to C:\Users\Gabriela\Desktop\PracticasG\rams\ram00\ram00\synwork\ram00_ram00_s.srs


multi_srs_gen Completed
Return Code: 0
Run Time:0h:00m:01s

Copied C:\Users\Gabriela\Desktop\PracticasG\rams\ram00\ram00\ram00_ram00.srr to C:\Users\Gabriela\Desktop\PracticasG\rams\ram00\ram00\ram00_ram00.srf

Complete: Compile Process on proj_1|ram00


Running: premap (Pre-mapping) on proj_1|ram00

Copied C:\Users\Gabriela\Desktop\PracticasG\rams\ram00\ram00\ram00_ram00.fse to C:\Users\Gabriela\Desktop\PracticasG\rams\ram00\ram00\synwork\ram00_ram00_s.fse


premap Completed with warnings
Return Code: 1
Run Time:0h:00m:01s

Complete: Compile on proj_1|ram00


Running: map (Map) on proj_1|ram00


Running: fpga_mapper (Map & Optimize) on proj_1|ram00

Copied C:\Users\Gabriela\Desktop\PracticasG\rams\ram00\ram00\synwork\ram00_ram00_m.srm to C:\Users\Gabriela\Desktop\PracticasG\rams\ram00\ram00\ram00_ram00.srm


fpga_mapper Completed with warnings
Return Code: 1
Run Time:0h:00m:05s

Complete: Map on proj_1|ram00

Copied C:\Users\Gabriela\Desktop\PracticasG\rams\ram00\ram00\ram00_ram00.srr to C:\Users\Gabriela\Desktop\PracticasG\rams\ram00\ram00\ram00_ram00.srf

Complete: Logic Synthesis on proj_1|ram00

TCL script complete: "ram00_ram00_synplify.tcl"

exit status=0

exit status=0

Save changes for project:
C:\Users\Gabriela\Desktop\PracticasG\rams\ram00\ram00\proj_1.prj

batch mode default:no

