Running in Lattice mode

sourcing C:\lscc\diamond\3.6_x64\synpbase\lib\message_override.tcl


Starting:    C:\lscc\diamond\3.6_x64\synpbase\bin64\mbin\synbatch.exe
Install:     C:\lscc\diamond\3.6_x64\synpbase
Hostname:    ISCGAB
Date:        Sun May 29 21:41:18 2016
Version:     J-2015.03L-SP1

Arguments:   -product synplify_pro -batch generic03_generic03_synplify.tcl
ProductType: synplify_pro





log file: "C:\Users\Gabriela\Desktop\PracticasG\generics\generic03\generic03\generic03_generic03.srr"

Running: hdl_info_gen in foreground



Generating HDL info...


hdl_info_gen Completed
Return Code: 0
Run Time:0h:00m:01s

log file: "C:\Users\Gabriela\Desktop\PracticasG\generics\generic03\generic03\generic03_generic03.srr"

Running: generic03 in foreground



Running proj_1|generic03


Running: compile (Compile) on proj_1|generic03


Running: compile_flow (Compile Process) on proj_1|generic03


Running: compiler (Compile Input) on proj_1|generic03

Copied C:\Users\Gabriela\Desktop\PracticasG\generics\generic03\generic03\synwork\generic03_generic03_comp.srs to C:\Users\Gabriela\Desktop\PracticasG\generics\generic03\generic03\generic03_generic03.srs


compiler Completed
Return Code: 0
Run Time:0h:00m:02s


Running: multi_srs_gen (Multi-srs Generator) on proj_1|generic03

Copied C:\Users\Gabriela\Desktop\PracticasG\generics\generic03\generic03\synwork\generic03_generic03_comp.srs to C:\Users\Gabriela\Desktop\PracticasG\generics\generic03\generic03\synwork\generic03_generic03_s.srs


multi_srs_gen Completed
Return Code: 0
Run Time:0h:00m:00s

Copied C:\Users\Gabriela\Desktop\PracticasG\generics\generic03\generic03\synwork\generic03_generic03_mult.srs to C:\Users\Gabriela\Desktop\PracticasG\generics\generic03\generic03\generic03_generic03.srs

Copied C:\Users\Gabriela\Desktop\PracticasG\generics\generic03\generic03\generic03_generic03.srr to C:\Users\Gabriela\Desktop\PracticasG\generics\generic03\generic03\generic03_generic03.srf

Complete: Compile Process on proj_1|generic03


Running: premap (Pre-mapping) on proj_1|generic03


premap Completed with warnings
Return Code: 1
Run Time:0h:00m:01s

Complete: Compile on proj_1|generic03


Running: map (Map) on proj_1|generic03


Running: fpga_mapper (Map & Optimize) on proj_1|generic03

Copied C:\Users\Gabriela\Desktop\PracticasG\generics\generic03\generic03\synwork\generic03_generic03_m.srm to C:\Users\Gabriela\Desktop\PracticasG\generics\generic03\generic03\generic03_generic03.srm


fpga_mapper Completed with warnings
Return Code: 1
Run Time:0h:00m:02s

Complete: Map on proj_1|generic03

Copied C:\Users\Gabriela\Desktop\PracticasG\generics\generic03\generic03\generic03_generic03.srr to C:\Users\Gabriela\Desktop\PracticasG\generics\generic03\generic03\generic03_generic03.srf

Complete: Logic Synthesis on proj_1|generic03

TCL script complete: "generic03_generic03_synplify.tcl"

exit status=0

exit status=0

Save changes for project:
C:\Users\Gabriela\Desktop\PracticasG\generics\generic03\generic03\proj_1.prj

batch mode default:no

