
map -a "MachXO2" -p LCMXO2-7000HE -t FPBGA484 -s 5 -oc Commercial   "generic01_generic01.ngd" -o "generic01_generic01_map.ncd" -pr "generic01_generic01.prf" -mp "generic01_generic01.mrp" -lpf "C:/Users/Gabriela/Desktop/PracticasG/generic01/generic01/generic01_generic01_synplify.lpf" -lpf "C:/Users/Gabriela/Desktop/PracticasG/generic01/generic01.lpf" -c 0            
map:  version Diamond (64-bit) 3.6.0.83.4

Copyright (c) 1991-1994 by NeoCAD Inc. All rights reserved.
Copyright (c) 1995 AT&T Corp.   All rights reserved.
Copyright (c) 1995-2001 Lucent Technologies Inc.  All rights reserved.
Copyright (c) 2001 Agere Systems   All rights reserved.
Copyright (c) 2002-2015 Lattice Semiconductor Corporation,  All rights reserved.
   Process the file: generic01_generic01.ngd
   Picdevice="LCMXO2-7000HE"

   Pictype="FPBGA484"

   Picspeed=5

   Remove unused logic

   Do not produce over sized NCDs.

Part used: LCMXO2-7000HEFPBGA484, Performance used: 5.

Loading device for application map from file 'xo2c7000.nph' in environment: C:/lscc/diamond/3.6_x64/ispfpga.
Package Status:                     Final          Version 1.39.

Running general design DRC...

Removing unused logic...

Optimizing...




Design Summary:
   Number of registers:     67 out of  7869 (1%)
      PFU registers:           59 out of  6864 (1%)
      PIO registers:            8 out of  1005 (1%)
   Number of SLICEs:        57 out of  3432 (2%)
      SLICEs as Logic/ROM:     57 out of  3432 (2%)
      SLICEs as RAM:            0 out of  2574 (0%)
      SLICEs as Carry:         11 out of  3432 (0%)
   Number of LUT4s:        108 out of  6864 (2%)
      Number used as logic LUTs:         86
      Number used as distributed RAM:     0
      Number used as ripple logic:       22
      Number used as shift registers:     0
   Number of PIO sites used: 37 + 4(JTAG) out of 335 (12%)
   Number of block RAMs:  0 out of 26 (0%)
   Number of GSRs:  0 out of 1 (0%)
   EFB used :       No
   JTAG used :      No
   Readback used :  No
   Oscillator used :  Yes
   Startup used :   No
   POR :            On
   Bandgap :        On
   Number of Power Controller:  0 out of 1 (0%)
   Number of Dynamic Bank Controller (BCINRD):  0 out of 6 (0%)
   Number of Dynamic Bank Controller (BCLVDSO):  0 out of 1 (0%)
   Number of DCCA:  0 out of 8 (0%)
   Number of DCMA:  0 out of 2 (0%)
   Number of PLLs:  0 out of 2 (0%)
   Number of DQSDLLs:  0 out of 2 (0%)
   Number of CLKDIVC:  0 out of 4 (0%)
   Number of ECLKSYNCA:  0 out of 4 (0%)
   Number of ECLKBRIDGECS:  0 out of 2 (0%)
   Notes:-
      1. Total number of LUT4s = (Number of logic LUT4s) + 2*(Number of distributed RAMs) + 2*(Number of ripple logic)
      2. Number of logic LUT4s does not include count of distributed RAM and ripple logic.
   Number of clocks:  1
     Net G01.soscout0: 45 loads, 45 rising, 0 falling (Driver: G01/OS00/OSCInst0 )
   Number of Clock Enables:  5
     Net outuc_cnv[0]: 8 loads, 0 LSLICEs
     Net un1_outdiv_0_sqmuxa_1_0_RNIT0181: 13 loads, 13 LSLICEs
     Net G02/aux_RNI8A4N2: 4 loads, 4 LSLICEs
     Net G03/aux_RNI9EAR2: 4 loads, 4 LSLICEs
     Net G04/aux_RNIAIGV2: 4 loads, 4 LSLICEs
   Number of LSRs:  1
     Net G01/OS01/un1_outdiv37_RNISNGS: 11 loads, 11 LSLICEs
   Number of nets driven by tri-state buffers:  0
   Top 10 highest fanout non-clock nets:
     Net un1_outdiv_0_sqmuxa_1_0_RNIT0181: 17 loads
     Net G01/OS01/un1_outdiv37_RNISNGS: 11 loads
     Net G02/N_48: 11 loads
     Net G03/N_49: 11 loads
     Net G04/N_47: 11 loads
     Net codop0_c[0]: 9 loads
     Net codop0_c[1]: 9 loads
     Net G02/outa_cl[7]: 9 loads
     Net G03.outo_cl[7]: 9 loads
     Net G04.outx_cl[7]: 9 loads
    <postMsg mid="51001102" type="Warning" dynamic="2" navigation="0" arg0="23" arg1="sinFlag0"  />
    <postMsg mid="51001102" type="Warning" dynamic="2" navigation="0" arg0="10" arg1="clk0"  />
    <postMsg mid="51001102" type="Warning" dynamic="2" navigation="0" arg0="74" arg1="cdiv00[0]"  />
    <postMsg mid="51001102" type="Warning" dynamic="2" navigation="0" arg0="24" arg1="soutFlag0"  />
    <postMsg mid="51001102" type="Warning" dynamic="2" navigation="0" arg0="113" arg1="outg0[7]"  />
    <postMsg mid="51001102" type="Warning" dynamic="2" navigation="0" arg0="4" arg1="outg0[6]"  />
    <postMsg mid="51001102" type="Warning" dynamic="2" navigation="0" arg0="3" arg1="outg0[5]"  />
    <postMsg mid="51001102" type="Warning" dynamic="2" navigation="0" arg0="2" arg1="outg0[4]"  />
    <postMsg mid="51001102" type="Warning" dynamic="2" navigation="0" arg0="1" arg1="outg0[3]"  />
    <postMsg mid="51001102" type="Warning" dynamic="2" navigation="0" arg0="111" arg1="outg0[2]"  />
    <postMsg mid="51001102" type="Warning" dynamic="2" navigation="0" arg0="110" arg1="outg0[1]"  />
    <postMsg mid="51001102" type="Warning" dynamic="2" navigation="0" arg0="109" arg1="outg0[0]"  />
    <postMsg mid="51001102" type="Warning" dynamic="2" navigation="0" arg0="52" arg1="portB0[7]"  />
    <postMsg mid="51001102" type="Warning" dynamic="2" navigation="0" arg0="55" arg1="portB0[6]"  />
    <postMsg mid="51001102" type="Warning" dynamic="2" navigation="0" arg0="54" arg1="portB0[5]"  />
    <postMsg mid="51001102" type="Warning" dynamic="2" navigation="0" arg0="56" arg1="portB0[4]"  />
    <postMsg mid="51001102" type="Warning" dynamic="2" navigation="0" arg0="57" arg1="portB0[3]"  />
    <postMsg mid="51001102" type="Warning" dynamic="2" navigation="0" arg0="59" arg1="portB0[2]"  />
    <postMsg mid="51001102" type="Warning" dynamic="2" navigation="0" arg0="58" arg1="portB0[1]"  />
    <postMsg mid="51001102" type="Warning" dynamic="2" navigation="0" arg0="60" arg1="portB0[0]"  />
    <postMsg mid="51001102" type="Warning" dynamic="2" navigation="0" arg0="61" arg1="portA0[7]"  />
    <postMsg mid="51001102" type="Warning" dynamic="2" navigation="0" arg0="65" arg1="portA0[6]"  />
    <postMsg mid="51001102" type="Warning" dynamic="2" navigation="0" arg0="62" arg1="portA0[5]"  />
    <postMsg mid="51001102" type="Warning" dynamic="2" navigation="0" arg0="67" arg1="portA0[4]"  />
    <postMsg mid="51001102" type="Warning" dynamic="2" navigation="0" arg0="68" arg1="portA0[3]"  />
    <postMsg mid="51001102" type="Warning" dynamic="2" navigation="0" arg0="70" arg1="portA0[2]"  />
    <postMsg mid="51001102" type="Warning" dynamic="2" navigation="0" arg0="69" arg1="portA0[1]"  />
    <postMsg mid="51001102" type="Warning" dynamic="2" navigation="0" arg0="71" arg1="portA0[0]"  />
    <postMsg mid="51001102" type="Warning" dynamic="2" navigation="0" arg0="81" arg1="enable0"  />
    <postMsg mid="51001102" type="Warning" dynamic="2" navigation="0" arg0="45" arg1="codop0[4]"  />
    <postMsg mid="51001102" type="Warning" dynamic="2" navigation="0" arg0="47" arg1="codop0[3]"  />
    <postMsg mid="51001102" type="Warning" dynamic="2" navigation="0" arg0="49" arg1="codop0[2]"  />
    <postMsg mid="51001102" type="Warning" dynamic="2" navigation="0" arg0="48" arg1="codop0[1]"  />
    <postMsg mid="51001102" type="Warning" dynamic="2" navigation="0" arg0="50" arg1="codop0[0]"  />
    <postMsg mid="51001102" type="Warning" dynamic="2" navigation="0" arg0="75" arg1="cdiv00[3]"  />
    <postMsg mid="51001102" type="Warning" dynamic="2" navigation="0" arg0="76" arg1="cdiv00[2]"  />
    <postMsg mid="51001102" type="Warning" dynamic="2" navigation="0" arg0="73" arg1="cdiv00[1]"  />
    <postMsg mid="1103694" type="Warning" dynamic="2" navigation="0" arg0="Semantic error in &quot;LOCATE COMP &quot;sinFlag0&quot; SITE &quot;23&quot; ;&quot;: " arg1="23"  />
    <postMsg mid="1103694" type="Warning" dynamic="2" navigation="0" arg0="Semantic error in &quot;LOCATE COMP &quot;clk0&quot; SITE &quot;10&quot; ;&quot;: " arg1="10"  />
    <postMsg mid="1103694" type="Warning" dynamic="2" navigation="0" arg0="Semantic error in &quot;LOCATE COMP &quot;cdiv00[0]&quot; SITE &quot;74&quot; ;&quot;: " arg1="74"  />
    <postMsg mid="1103694" type="Warning" dynamic="2" navigation="0" arg0="Semantic error in &quot;LOCATE COMP &quot;soutFlag0&quot; SITE &quot;24&quot; ;&quot;: " arg1="24"  />
    <postMsg mid="1103694" type="Warning" dynamic="2" navigation="0" arg0="Semantic error in &quot;LOCATE COMP &quot;outg0[7]&quot; SITE &quot;113&quot; ;&quot;: " arg1="113"  />
    <postMsg mid="1103694" type="Warning" dynamic="2" navigation="0" arg0="Semantic error in &quot;LOCATE COMP &quot;outg0[6]&quot; SITE &quot;4&quot; ;&quot;: " arg1="4"  />
    <postMsg mid="1103694" type="Warning" dynamic="2" navigation="0" arg0="Semantic error in &quot;LOCATE COMP &quot;outg0[5]&quot; SITE &quot;3&quot; ;&quot;: " arg1="3"  />
    <postMsg mid="1103694" type="Warning" dynamic="2" navigation="0" arg0="Semantic error in &quot;LOCATE COMP &quot;outg0[4]&quot; SITE &quot;2&quot; ;&quot;: " arg1="2"  />
    <postMsg mid="1103694" type="Warning" dynamic="2" navigation="0" arg0="Semantic error in &quot;LOCATE COMP &quot;outg0[3]&quot; SITE &quot;1&quot; ;&quot;: " arg1="1"  />
    <postMsg mid="1103694" type="Warning" dynamic="2" navigation="0" arg0="Semantic error in &quot;LOCATE COMP &quot;outg0[2]&quot; SITE &quot;111&quot; ;&quot;: " arg1="111"  />
    <postMsg mid="1103694" type="Warning" dynamic="2" navigation="0" arg0="Semantic error in &quot;LOCATE COMP &quot;outg0[1]&quot; SITE &quot;110&quot; ;&quot;: " arg1="110"  />
    <postMsg mid="1103694" type="Warning" dynamic="2" navigation="0" arg0="Semantic error in &quot;LOCATE COMP &quot;outg0[0]&quot; SITE &quot;109&quot; ;&quot;: " arg1="109"  />
    <postMsg mid="1103694" type="Warning" dynamic="2" navigation="0" arg0="Semantic error in &quot;LOCATE COMP &quot;portB0[7]&quot; SITE &quot;52&quot; ;&quot;: " arg1="52"  />
    <postMsg mid="1103694" type="Warning" dynamic="2" navigation="0" arg0="Semantic error in &quot;LOCATE COMP &quot;portB0[6]&quot; SITE &quot;55&quot; ;&quot;: " arg1="55"  />
    <postMsg mid="1103694" type="Warning" dynamic="2" navigation="0" arg0="Semantic error in &quot;LOCATE COMP &quot;portB0[5]&quot; SITE &quot;54&quot; ;&quot;: " arg1="54"  />
    <postMsg mid="1103694" type="Warning" dynamic="2" navigation="0" arg0="Semantic error in &quot;LOCATE COMP &quot;portB0[4]&quot; SITE &quot;56&quot; ;&quot;: " arg1="56"  />
    <postMsg mid="1103694" type="Warning" dynamic="2" navigation="0" arg0="Semantic error in &quot;LOCATE COMP &quot;portB0[3]&quot; SITE &quot;57&quot; ;&quot;: " arg1="57"  />
    <postMsg mid="1103694" type="Warning" dynamic="2" navigation="0" arg0="Semantic error in &quot;LOCATE COMP &quot;portB0[2]&quot; SITE &quot;59&quot; ;&quot;: " arg1="59"  />
    <postMsg mid="1103694" type="Warning" dynamic="2" navigation="0" arg0="Semantic error in &quot;LOCATE COMP &quot;portB0[1]&quot; SITE &quot;58&quot; ;&quot;: " arg1="58"  />
    <postMsg mid="1103694" type="Warning" dynamic="2" navigation="0" arg0="Semantic error in &quot;LOCATE COMP &quot;portB0[0]&quot; SITE &quot;60&quot; ;&quot;: " arg1="60"  />
    <postMsg mid="1103694" type="Warning" dynamic="2" navigation="0" arg0="Semantic error in &quot;LOCATE COMP &quot;portA0[7]&quot; SITE &quot;61&quot; ;&quot;: " arg1="61"  />
    <postMsg mid="1103694" type="Warning" dynamic="2" navigation="0" arg0="Semantic error in &quot;LOCATE COMP &quot;portA0[6]&quot; SITE &quot;65&quot; ;&quot;: " arg1="65"  />
    <postMsg mid="1103694" type="Warning" dynamic="2" navigation="0" arg0="Semantic error in &quot;LOCATE COMP &quot;portA0[5]&quot; SITE &quot;62&quot; ;&quot;: " arg1="62"  />
    <postMsg mid="1103694" type="Warning" dynamic="2" navigation="0" arg0="Semantic error in &quot;LOCATE COMP &quot;portA0[4]&quot; SITE &quot;67&quot; ;&quot;: " arg1="67"  />
    <postMsg mid="1103694" type="Warning" dynamic="2" navigation="0" arg0="Semantic error in &quot;LOCATE COMP &quot;portA0[3]&quot; SITE &quot;68&quot; ;&quot;: " arg1="68"  />
    <postMsg mid="1103694" type="Warning" dynamic="2" navigation="0" arg0="Semantic error in &quot;LOCATE COMP &quot;portA0[2]&quot; SITE &quot;70&quot; ;&quot;: " arg1="70"  />
    <postMsg mid="1103694" type="Warning" dynamic="2" navigation="0" arg0="Semantic error in &quot;LOCATE COMP &quot;portA0[1]&quot; SITE &quot;69&quot; ;&quot;: " arg1="69"  />
    <postMsg mid="1103694" type="Warning" dynamic="2" navigation="0" arg0="Semantic error in &quot;LOCATE COMP &quot;portA0[0]&quot; SITE &quot;71&quot; ;&quot;: " arg1="71"  />
    <postMsg mid="1103694" type="Warning" dynamic="2" navigation="0" arg0="Semantic error in &quot;LOCATE COMP &quot;enable0&quot; SITE &quot;81&quot; ;&quot;: " arg1="81"  />
    <postMsg mid="1103694" type="Warning" dynamic="2" navigation="0" arg0="Semantic error in &quot;LOCATE COMP &quot;codop0[4]&quot; SITE &quot;45&quot; ;&quot;: " arg1="45"  />
    <postMsg mid="1103694" type="Warning" dynamic="2" navigation="0" arg0="Semantic error in &quot;LOCATE COMP &quot;codop0[3]&quot; SITE &quot;47&quot; ;&quot;: " arg1="47"  />
    <postMsg mid="1103694" type="Warning" dynamic="2" navigation="0" arg0="Semantic error in &quot;LOCATE COMP &quot;codop0[2]&quot; SITE &quot;49&quot; ;&quot;: " arg1="49"  />
    <postMsg mid="1103694" type="Warning" dynamic="2" navigation="0" arg0="Semantic error in &quot;LOCATE COMP &quot;codop0[1]&quot; SITE &quot;48&quot; ;&quot;: " arg1="48"  />
    <postMsg mid="1103694" type="Warning" dynamic="2" navigation="0" arg0="Semantic error in &quot;LOCATE COMP &quot;codop0[0]&quot; SITE &quot;50&quot; ;&quot;: " arg1="50"  />
    <postMsg mid="1103694" type="Warning" dynamic="2" navigation="0" arg0="Semantic error in &quot;LOCATE COMP &quot;cdiv00[3]&quot; SITE &quot;75&quot; ;&quot;: " arg1="75"  />
    <postMsg mid="1103694" type="Warning" dynamic="2" navigation="0" arg0="Semantic error in &quot;LOCATE COMP &quot;cdiv00[2]&quot; SITE &quot;76&quot; ;&quot;: " arg1="76"  />
    <postMsg mid="1103694" type="Warning" dynamic="2" navigation="0" arg0="Semantic error in &quot;LOCATE COMP &quot;cdiv00[1]&quot; SITE &quot;73&quot; ;&quot;: " arg1="73"  />
 

   Number of warnings:  74
   Number of errors:    0



Total CPU Time: 0 secs  
Total REAL Time: 0 secs  
Peak Memory Usage: 35 MB

Dumping design to file generic01_generic01_map.ncd.

mpartrce -p "generic01_generic01.p2t" -f "generic01_generic01.p3t" -tf "generic01_generic01.pt" "generic01_generic01_map.ncd" "generic01_generic01.ncd"

---- MParTrce Tool ----
Removing old design directory at request of -rem command line option to this program.
Running par. Please wait . . .

Lattice Place and Route Report for Design "generic01_generic01_map.ncd"
Sat May 28 14:12:10 2016

PAR: Place And Route Diamond (64-bit) 3.6.0.83.4.
Command Line: par -w -l 5 -i 6 -t 1 -c 0 -e 0 -gui -exp parUseNBR=1:parCDP=0:parCDR=0:parPathBased=OFF generic01_generic01_map.ncd generic01_generic01.dir/5_1.ncd generic01_generic01.prf
Preference file: generic01_generic01.prf.
Placement level-cost: 5-1.
Routing Iterations: 6

Loading design for application par from file generic01_generic01_map.ncd.
Design name: topgeneric00
NCD version: 3.3
Vendor:      LATTICE
Device:      LCMXO2-7000HE
Package:     FPBGA484
Performance: 5
Loading device for application par from file 'xo2c7000.nph' in environment: C:/lscc/diamond/3.6_x64/ispfpga.
Package Status:                     Final          Version 1.39.
Performance Hardware Data Status:   Final          Version 31.4.
License checked out.


Ignore Preference Error(s):  True
Device utilization summary:

   PIO (prelim)   37+4(JTAG)/336     12% used
                  37+4(JTAG)/335     12% bonded
   IOLOGIC            8/336           2% used

   SLICE             57/3432          1% used

   OSC                1/1           100% used


Number of Signals: 212
Number of Connections: 508
The following 1 signal is selected to use the primary clock routing resources:
    G01.soscout0 (driver: G01/OS00/OSCInst0, clk load #: 45)


The following 2 signals are selected to use the secondary clock routing resources:
    un1_outdiv_0_sqmuxa_1_0_RNIT0181 (driver: SLICE_39, clk load #: 0, sr load #: 0, ce load #: 13)
    G01/OS01/un1_outdiv37_RNISNGS (driver: G01/OS01/SLICE_37, clk load #: 0, sr load #: 11, ce load #: 0)

No signal is selected as Global Set/Reset.
.
Starting Placer Phase 0.
...........
Finished Placer Phase 0.  REAL time: 0 secs 

Starting Placer Phase 1.
....................
Placer score = 19185.
Finished Placer Phase 1.  REAL time: 11 secs 

Starting Placer Phase 2.
.
Placer score =  19171
Finished Placer Phase 2.  REAL time: 11 secs 


------------------ Clock Report ------------------

Global Clock Resources:
  CLK_PIN    : 0 out of 8 (0%)
  PLL        : 0 out of 2 (0%)
  DCM        : 0 out of 2 (0%)
  DCC        : 0 out of 8 (0%)

Quadrants All (TL, TR, BL, BR) - Global Clocks:
  PRIMARY "G01.soscout0" from OSC on comp "G01/OS00/OSCInst0" on site "OSC", clk load = 45
  SECONDARY "un1_outdiv_0_sqmuxa_1_0_RNIT0181" from F1 on comp "SLICE_39" on site "R14C20A", clk load = 0, ce load = 13, sr load = 0
  SECONDARY "G01/OS01/un1_outdiv37_RNISNGS" from F1 on comp "G01/OS01/SLICE_37" on site "R14C20B", clk load = 0, ce load = 0, sr load = 11

  PRIMARY  : 1 out of 8 (12%)
  SECONDARY: 2 out of 8 (25%)

Edge Clocks:
  No edge clock selected.

--------------- End of Clock Report ---------------


I/O Usage Summary (final):
   37 + 4(JTAG) out of 336 (12.2%) PIO sites used.
   37 + 4(JTAG) out of 335 (12.2%) bonded PIO sites used.
   Number of PIO comps: 37; differential: 0.
   Number of Vref pins used: 0.

I/O Bank Usage Summary:
+----------+----------------+------------+-----------+
| I/O Bank | Usage          | Bank Vccio | Bank Vref |
+----------+----------------+------------+-----------+
| 0        | 0 / 83 (  0%)  | -          | -         |
| 1        | 32 / 84 ( 38%) | 2.5V       | -         |
| 2        | 5 / 84 (  5%)  | 2.5V       | -         |
| 3        | 0 / 28 (  0%)  | -          | -         |
| 4        | 0 / 24 (  0%)  | -          | -         |
| 5        | 0 / 32 (  0%)  | -          | -         |
+----------+----------------+------------+-----------+

Total placer CPU time: 10 secs 

Dumping design to file generic01_generic01.dir/5_1.ncd.

0 connections routed; 508 unrouted.
Starting router resource preassignment

Completed router resource preassignment. Real time: 13 secs 

Start NBR router at 14:12:23 05/28/16

*****************************************************************
Info: NBR allows conflicts(one node used by more than one signal)
      in the earlier iterations. In each iteration, it tries to  
      solve the conflicts while keeping the critical connections 
      routed as short as possible. The routing process is said to
      be completed when no conflicts exist and all connections   
      are routed.                                                
Note: NBR uses a different method to calculate timing slacks. The
      worst slack and total negative slack may not be the same as
      that in TRCE report. You should always run TRCE to verify  
      your design.                                               
*****************************************************************

Start NBR special constraint process at 14:12:23 05/28/16

Start NBR section for initial routing at 14:12:23 05/28/16
Level 4, iteration 1
14(0.00%) conflicts; 0(0.00%) untouched conn; 0 (nbr) score; 
Estimated worst slack/total negative slack<setup>: 467.706ns/0.000ns; real time: 13 secs 

Info: Initial congestion level at 75% usage is 0
Info: Initial congestion area  at 75% usage is 0 (0.00%)

Start NBR section for normal routing at 14:12:23 05/28/16
Level 4, iteration 1
9(0.00%) conflicts; 0(0.00%) untouched conn; 0 (nbr) score; 
Estimated worst slack/total negative slack<setup>: 467.270ns/0.000ns; real time: 13 secs 
Level 4, iteration 2
2(0.00%) conflicts; 0(0.00%) untouched conn; 0 (nbr) score; 
Estimated worst slack/total negative slack<setup>: 467.270ns/0.000ns; real time: 13 secs 
Level 4, iteration 3
0(0.00%) conflict; 0(0.00%) untouched conn; 0 (nbr) score; 
Estimated worst slack/total negative slack<setup>: 467.270ns/0.000ns; real time: 13 secs 

Start NBR section for setup/hold timing optimization with effort level 3 at 14:12:23 05/28/16

Start NBR section for re-routing at 14:12:23 05/28/16
Level 4, iteration 1
0(0.00%) conflict; 0(0.00%) untouched conn; 0 (nbr) score; 
Estimated worst slack/total negative slack<setup>: 467.270ns/0.000ns; real time: 13 secs 

Start NBR section for post-routing at 14:12:23 05/28/16

End NBR router with 0 unrouted connection

NBR Summary
-----------
  Number of unrouted connections : 0 (0.00%)
  Number of connections with timing violations : 0 (0.00%)
  Estimated worst slack<setup> : 467.270ns
  Timing score<setup> : 0
-----------
Notes: The timing info is calculated for SETUP only and all PAR_ADJs are ignored.



Total CPU time 13 secs 
Total REAL time: 13 secs 
Completely routed.
End of route.  508 routed (100.00%); 0 unrouted.
Checking DRC ... 
No errors found.

Hold time timing score: 0, hold timing errors: 0

Timing score: 0 

Dumping design to file generic01_generic01.dir/5_1.ncd.


PAR_SUMMARY::Run status = completed
PAR_SUMMARY::Number of unrouted conns = 0
PAR_SUMMARY::Worst  slack<setup/<ns>> = 467.270
PAR_SUMMARY::Timing score<setup/<ns>> = 0.000
PAR_SUMMARY::Worst  slack<hold /<ns>> = 0.377
PAR_SUMMARY::Timing score<hold /<ns>> = 0.000
PAR_SUMMARY::Number of errors = 0

Total CPU  time to completion: 13 secs 
Total REAL time to completion: 14 secs 

par done!

Copyright (c) 1991-1994 by NeoCAD Inc. All rights reserved.
Copyright (c) 1995 AT&T Corp.   All rights reserved.
Copyright (c) 1995-2001 Lucent Technologies Inc.  All rights reserved.
Copyright (c) 2001 Agere Systems   All rights reserved.
Copyright (c) 2002-2015 Lattice Semiconductor Corporation,  All rights reserved.
Exiting par with exit code 0
Exiting mpartrce with exit code 0

bitgen -f "generic01_generic01.t2b" -w "generic01_generic01.ncd" -jedec "generic01_generic01.prf"


BITGEN: Bitstream Generator Diamond (64-bit) 3.6.0.83.4
Copyright (c) 1991-1994 by NeoCAD Inc. All rights reserved.
Copyright (c) 1995 AT&T Corp.   All rights reserved.
Copyright (c) 1995-2001 Lucent Technologies Inc.  All rights reserved.
Copyright (c) 2001 Agere Systems   All rights reserved.
Copyright (c) 2002-2015 Lattice Semiconductor Corporation,  All rights reserved.


Loading design for application Bitgen from file generic01_generic01.ncd.
Design name: topgeneric00
NCD version: 3.3
Vendor:      LATTICE
Device:      LCMXO2-7000HE
Package:     FPBGA484
Performance: 5
Loading device for application Bitgen from file 'xo2c7000.nph' in environment: C:/lscc/diamond/3.6_x64/ispfpga.
Package Status:                     Final          Version 1.39.
Performance Hardware Data Status:   Final          Version 31.4.

Running DRC.
DRC detected 0 errors and 0 warnings.
Reading Preference File from generic01_generic01.prf.

Preference Summary:
+---------------------------------+---------------------------------+
|  Preference                     |  Current Setting                |
+---------------------------------+---------------------------------+
|                         RamCfg  |                        Reset**  |
+---------------------------------+---------------------------------+
|                     MCCLK_FREQ  |                         2.08**  |
+---------------------------------+---------------------------------+
|                  CONFIG_SECURE  |                          OFF**  |
+---------------------------------+---------------------------------+
|                      JTAG_PORT  |                       ENABLE**  |
+---------------------------------+---------------------------------+
|                       SDM_PORT  |                      DISABLE**  |
+---------------------------------+---------------------------------+
|                 SLAVE_SPI_PORT  |                      DISABLE**  |
+---------------------------------+---------------------------------+
|                MASTER_SPI_PORT  |                      DISABLE**  |
+---------------------------------+---------------------------------+
|                       I2C_PORT  |                      DISABLE**  |
+---------------------------------+---------------------------------+
|        MUX_CONFIGURATION_PORTS  |                      DISABLE**  |
+---------------------------------+---------------------------------+
|                  CONFIGURATION  |                          CFG**  |
+---------------------------------+---------------------------------+
|                COMPRESS_CONFIG  |                           ON**  |
+---------------------------------+---------------------------------+
|                        MY_ASSP  |                          OFF**  |
+---------------------------------+---------------------------------+
|               ONE_TIME_PROGRAM  |                          OFF**  |
+---------------------------------+---------------------------------+
|                 ENABLE_TRANSFR  |                      DISABLE**  |
+---------------------------------+---------------------------------+
|                  SHAREDEBRINIT  |                      DISABLE**  |
+---------------------------------+---------------------------------+
|            BACKGROUND_RECONFIG  |                          OFF**  |
+---------------------------------+---------------------------------+
 *  Default setting.
 ** The specified setting matches the default setting.


Creating bit map...
 
Bitstream Status: Final           Version 1.88.
 
Saving bit stream in "generic01_generic01.jed".
 
===========
UFM Summary.
===========
UFM Size:        2046 Pages (128*2046 Bits).
UFM Utilization: General Purpose Flash Memory.
 
Available General Purpose Flash Memory: 2046 Pages (Page 0 to Page 2045).
Initialized UFM Pages:                     0 Page.
 
