
           Lattice Mapping Report File for Design Module 'toprom00'


Design Information
------------------

Command line:   map -a MachXO2 -p LCMXO2-7000HE -t TQFP144 -s 5 -oc Commercial
     rom00_rom00.ngd -o rom00_rom00_map.ncd -pr rom00_rom00.prf -mp
     rom00_rom00.mrp -lpf
     C:/Users/Gabriela/Desktop/PracticasG/rom00/rom00/rom00_rom00_synplify.lpf
     -lpf C:/Users/Gabriela/Desktop/PracticasG/rom00/rom00.lpf -c 0 -gui 
Target Vendor:  LATTICE
Target Device:  LCMXO2-7000HETQFP144
Target Performance:   5
Mapper:  xo2c00,  version:  Diamond (64-bit) 3.6.0.83.4
Mapped on:  04/05/16  19:44:21

Design Summary
--------------

   Number of registers:     26 out of  7209 (0%)
      PFU registers:           26 out of  6864 (0%)
      PIO registers:            0 out of   345 (0%)
   Number of SLICEs:        37 out of  3432 (1%)
      SLICEs as Logic/ROM:     37 out of  3432 (1%)
      SLICEs as RAM:            0 out of  2574 (0%)
      SLICEs as Carry:         11 out of  3432 (0%)
   Number of LUT4s:         74 out of  6864 (1%)
      Number used as logic LUTs:         52
      Number used as distributed RAM:     0
      Number used as ripple logic:       22
      Number used as shift registers:     0
   Number of PIO sites used: 22 + 4(JTAG) out of 115 (23%)
   Number of block RAMs:  0 out of 26 (0%)
   Number of GSRs:  0 out of 1 (0%)
   EFB used :       No
   JTAG used :      No
   Readback used :  No
   Oscillator used :  Yes
   Startup used :   No
   POR :            On
   Bandgap :        On
   Number of Power Controller:  0 out of 1 (0%)
   Number of Dynamic Bank Controller (BCINRD):  0 out of 6 (0%)
   Number of Dynamic Bank Controller (BCLVDSO):  0 out of 1 (0%)
   Number of DCCA:  0 out of 8 (0%)
   Number of DCMA:  0 out of 2 (0%)
   Number of PLLs:  0 out of 2 (0%)
   Number of DQSDLLs:  0 out of 2 (0%)
   Number of CLKDIVC:  0 out of 4 (0%)
   Number of ECLKSYNCA:  0 out of 4 (0%)
   Number of ECLKBRIDGECS:  0 out of 2 (0%)
   Notes:-
      1. Total number of LUT4s = (Number of logic LUT4s) + 2*(Number of
     distributed RAMs) + 2*(Number of ripple logic)
      2. Number of logic LUT4s does not include count of distributed RAM and
     ripple logic.
   Number of clocks:  1
     Net RO01.soscout0: 14 loads, 14 rising, 0 falling (Driver:
     RO01/OS00/OSCInst0 )
   Number of Clock Enables:  1

                                    Page 1




Design:  toprom00                                      Date:  04/05/16  19:44:21

Design Summary (cont)
---------------------
     Net G_3: 2 loads, 2 LSLICEs
   Number of LSRs:  2
     Net G_5: 2 loads, 2 LSLICEs
     Net RO01/OS01/outdiv_0_sqmuxa_0_a3_RNI7AIE1: 11 loads, 11 LSLICEs
   Number of nets driven by tri-state buffers:  0
   Top 10 highest fanout non-clock nets:
     Net outcont0_c[0]: 16 loads
     Net outcont0_c[1]: 15 loads
     Net outcont0_c[2]: 12 loads
     Net RO01/OS01/outdiv_0_sqmuxa_0_a3_RNI7AIE1: 11 loads
     Net outcont0_c[3]: 10 loads
     Net cdiv00_c[0]: 9 loads
     Net cdiv00_c[3]: 9 loads
     Net cdiv00_c[1]: 7 loads
     Net cdiv00_c[2]: 6 loads
     Net RO01/OS01/sdiv[20]: 6 loads




   Number of warnings:  0
   Number of errors:    0
     

Design Errors/Warnings
----------------------

   No errors or warnings present.

IO (PIO) Attributes
-------------------

+---------------------+-----------+-----------+------------+
| IO Name             | Direction | Levelmode | IO         |
|                     |           |  IO_TYPE  | Register   |
+---------------------+-----------+-----------+------------+
| clk0                | OUTPUT    | LVCMOS25  |            |
+---------------------+-----------+-----------+------------+
| cdiv00[0]           | INPUT     | LVCMOS25  |            |
+---------------------+-----------+-----------+------------+
| offtran0[3]         | OUTPUT    | LVCMOS25  |            |
+---------------------+-----------+-----------+------------+
| offtran0[2]         | OUTPUT    | LVCMOS25  |            |
+---------------------+-----------+-----------+------------+
| offtran0[1]         | OUTPUT    | LVCMOS25  |            |
+---------------------+-----------+-----------+------------+
| offtran0[0]         | OUTPUT    | LVCMOS25  |            |
+---------------------+-----------+-----------+------------+
| outcont0[3]         | OUTPUT    | LVCMOS25  |            |
+---------------------+-----------+-----------+------------+
| outcont0[2]         | OUTPUT    | LVCMOS25  |            |
+---------------------+-----------+-----------+------------+
| outcont0[1]         | OUTPUT    | LVCMOS25  |            |
+---------------------+-----------+-----------+------------+
| outcont0[0]         | OUTPUT    | LVCMOS25  |            |
+---------------------+-----------+-----------+------------+

                                    Page 2




Design:  toprom00                                      Date:  04/05/16  19:44:21

IO (PIO) Attributes (cont)
--------------------------
| outFlagrom0         | OUTPUT    | LVCMOS25  |            |
+---------------------+-----------+-----------+------------+
| out7seg0[6]         | OUTPUT    | LVCMOS25  |            |
+---------------------+-----------+-----------+------------+
| out7seg0[5]         | OUTPUT    | LVCMOS25  |            |
+---------------------+-----------+-----------+------------+
| out7seg0[4]         | OUTPUT    | LVCMOS25  |            |
+---------------------+-----------+-----------+------------+
| out7seg0[3]         | OUTPUT    | LVCMOS25  |            |
+---------------------+-----------+-----------+------------+
| out7seg0[2]         | OUTPUT    | LVCMOS25  |            |
+---------------------+-----------+-----------+------------+
| out7seg0[1]         | OUTPUT    | LVCMOS25  |            |
+---------------------+-----------+-----------+------------+
| out7seg0[0]         | OUTPUT    | LVCMOS25  |            |
+---------------------+-----------+-----------+------------+
| reset0              | INPUT     | LVCMOS25  |            |
+---------------------+-----------+-----------+------------+
| cdiv00[3]           | INPUT     | LVCMOS25  |            |
+---------------------+-----------+-----------+------------+
| cdiv00[2]           | INPUT     | LVCMOS25  |            |
+---------------------+-----------+-----------+------------+
| cdiv00[1]           | INPUT     | LVCMOS25  |            |
+---------------------+-----------+-----------+------------+

Removed logic
-------------

Block GSR_INST undriven or does not drive anything - clipped.
Block RO01/OS01/VCC undriven or does not drive anything - clipped.
Block RO02/GND undriven or does not drive anything - clipped.
Block RO03/GND undriven or does not drive anything - clipped.
Block RO03/VCC undriven or does not drive anything - clipped.
Signal RO01/OS00/GND undriven or does not drive anything - clipped.
Signal RO01/OS01/GND undriven or does not drive anything - clipped.
Signal RO01/OS00/OSCInst0_SEDSTDBY undriven or does not drive anything -
     clipped.
Signal RO01/OS01/un1_sdiv_1_cry_19_0_COUT undriven or does not drive anything -
     clipped.
Signal RO01/OS01/un1_sdiv_1_cry_0_0_S0 undriven or does not drive anything -
     clipped.
Signal RO01/OS01/N_1 undriven or does not drive anything - clipped.
Block RO01/OS00/GND was optimized away.
Block RO01/OS01/GND was optimized away.

Memory Usage
------------


     

OSC Summary
-----------

OSC 1:                                     Pin/Node Value
  OSC Instance Name:                                RO01/OS00/OSCInst0

                                    Page 3




Design:  toprom00                                      Date:  04/05/16  19:44:21

OSC Summary (cont)
------------------
  OSC Type:                                         OSCH
  STDBY Input:                                      NONE
  OSC Output:                              NODE     RO01.soscout0
  OSC Nominal Frequency (MHz):                      2.08

ASIC Components
---------------

Instance Name: RO01/OS00/OSCInst0
         Type: OSCH

Run Time and Memory Usage
-------------------------

   Total CPU Time: 0 secs  
   Total REAL Time: 0 secs  
   Peak Memory Usage: 56 MB
        







































                                    Page 4


Copyright (c) 1991-1994 by NeoCAD Inc. All rights reserved.
     Copyright (c) 1995 AT&T Corp.   All rights reserved.
     Copyright (c) 1995-2001 Lucent Technologies Inc.  All rights reserved.
     Copyright (c) 2001 Agere Systems   All rights reserved.
     Copyright (c) 2002-2015 Lattice Semiconductor Corporation,  All rights
     reserved.
