
synpwrap -msg -prj "combin01_combin01_synplify.tcl" -log "combin01_combin01.srf"
Copyright (C) 1992-2016 Lattice Semiconductor Corporation. All rights reserved.
Lattice Diamond Version 3.7.0.96.1
    <postMsg mid="2011000" type="Info"    dynamic="0" navigation="0"  />

==contents of combin01_combin01.srf
#Build: Synplify Pro K-2015.09L-2, Build 126R, Dec 14 2015
#install: C:\lscc\diamond\3.7_x64\synpbase
#OS: Windows 8 6.2
#Hostname: DANIEL-LAPTOP

# Tue Jun 07 23:10:21 2016

#Implementation: combin01

Synopsys HDL Compiler, version comp201509p1, Build 145R, built Dec  9 2015
@N|Running in 64-bit mode
Copyright (C) 1994-2015 Synopsys, Inc. This software and the associated documentation are proprietary to Synopsys, Inc. This software may only be used in accordance with the terms and conditions of a written license agreement with Synopsys, Inc.  All other use, reproduction, or distribution of this software is strictly prohibited.

Synopsys VHDL Compiler, version comp201509p1, Build 145R, built Dec  9 2015
@N|Running in 64-bit mode
Copyright (C) 1994-2015 Synopsys, Inc. This software and the associated documentation are proprietary to Synopsys, Inc. This software may only be used in accordance with the terms and conditions of a written license agreement with Synopsys, Inc.  All other use, reproduction, or distribution of this software is strictly prohibited.

@N: CD720 :"C:\lscc\diamond\3.7_x64\synpbase\lib\vhd\std.vhd":123:18:123:21|Setting time resolution to ns
@N:"C:\Users\Usuario_local\Documents\ESCOM\Arquitectura de computadoras\PracticasG\generic04-1O\generic04\generic02\combinacional01\combin01\source\xor.vhdl":4:7:4:10|Top entity is set to eXor.
Options changed - recompiling
VHDL syntax check successful!
Options changed - recompiling
@N: CD630 :"C:\Users\Usuario_local\Documents\ESCOM\Arquitectura de computadoras\PracticasG\generic04-1O\generic04\generic02\combinacional01\combin01\source\xor.vhdl":4:7:4:10|Synthesizing work.exor.axor.
Post processing for work.exor.axor

At c_vhdl Exit (Real Time elapsed 0h:00m:00s; CPU Time elapsed 0h:00m:00s; Memory used current: 70MB peak: 71MB)

Process took 0h:00m:01s realtime, 0h:00m:01s cputime

Process completed successfully.
# Tue Jun 07 23:10:21 2016

###########################################################]
Synopsys Netlist Linker, version comp201509p1, Build 145R, built Dec  9 2015
@N|Running in 64-bit mode
File C:\Users\Usuario_local\Documents\ESCOM\Arquitectura de computadoras\PracticasG\generic04-1O\generic04\generic02\combinacional01\combin01\synwork\layer0.srs changed - recompiling

At syn_nfilter Exit (Real Time elapsed 0h:00m:00s; CPU Time elapsed 0h:00m:00s; Memory used current: 67MB peak: 68MB)

Process took 0h:00m:01s realtime, 0h:00m:01s cputime

Process completed successfully.
# Tue Jun 07 23:10:22 2016

###########################################################]
@END

At c_hdl Exit (Real Time elapsed 0h:00m:00s; CPU Time elapsed 0h:00m:00s; Memory used current: 3MB peak: 4MB)

Process took 0h:00m:01s realtime, 0h:00m:01s cputime

Process completed successfully.
# Tue Jun 07 23:10:22 2016

###########################################################]
Synopsys Netlist Linker, version comp201509p1, Build 145R, built Dec  9 2015
@N|Running in 64-bit mode
File C:\Users\Usuario_local\Documents\ESCOM\Arquitectura de computadoras\PracticasG\generic04-1O\generic04\generic02\combinacional01\combin01\synwork\combin01_combin01_comp.srs changed - recompiling

At syn_nfilter Exit (Real Time elapsed 0h:00m:00s; CPU Time elapsed 0h:00m:00s; Memory used current: 67MB peak: 68MB)

Process took 0h:00m:01s realtime, 0h:00m:01s cputime

Process completed successfully.
# Tue Jun 07 23:10:23 2016

###########################################################]
Pre-mapping Report

Synopsys Lattice Technology Pre-mapping, Version maplat, Build 1368R, Built Jan  8 2016 09:37:50
Copyright (C) 1994-2016 Synopsys, Inc. All rights reserved. This Synopsys software and all associated documentation are proprietary to Synopsys, Inc. and may only be used pursuant to the terms and conditions of a written license agreement with Synopsys, Inc. All other use, reproduction, modification, or distribution of the Synopsys software or the associated documentation is strictly prohibited.
Product Version K-2015.09L-2

Mapper Startup Complete (Real Time elapsed 0h:00m:00s; CPU Time elapsed 0h:00m:00s; Memory used current: 99MB peak: 100MB)

@L: C:\Users\Usuario_local\Documents\ESCOM\Arquitectura de computadoras\PracticasG\generic04-1O\generic04\generic02\combinacional01\combin01\combin01_combin01_scck.rpt 
Printing clock  summary report in "C:\Users\Usuario_local\Documents\ESCOM\Arquitectura de computadoras\PracticasG\generic04-1O\generic04\generic02\combinacional01\combin01\combin01_combin01_scck.rpt" file 
@N: MF248 |Running in 64-bit mode.
@N: MF666 |Clock conversion enabled 

Design Input Complete (Real Time elapsed 0h:00m:00s; CPU Time elapsed 0h:00m:00s; Memory used current: 99MB peak: 102MB)


Mapper Initialization Complete (Real Time elapsed 0h:00m:00s; CPU Time elapsed 0h:00m:00s; Memory used current: 99MB peak: 102MB)


Start loading timing files (Real Time elapsed 0h:00m:00s; CPU Time elapsed 0h:00m:00s; Memory used current: 111MB peak: 112MB)


Finished loading timing files (Real Time elapsed 0h:00m:00s; CPU Time elapsed 0h:00m:00s; Memory used current: 112MB peak: 114MB)

ICG Latch Removal Summary:
Number of ICG latches removed:	0
Number of ICG latches not removed:	0
syn_allowed_resources : blockrams=26  set on top level netlist eXor

Finished netlist restructuring (Real Time elapsed 0h:00m:00s; CPU Time elapsed 0h:00m:00s; Memory used current: 138MB peak: 141MB)



Clock Summary
*****************

Start     Requested     Requested     Clock     Clock
Clock     Frequency     Period        Type      Group
-----------------------------------------------------
=====================================================

Finished Pre Mapping Phase.

Starting constraint checker (Real Time elapsed 0h:00m:00s; CPU Time elapsed 0h:00m:00s; Memory used current: 138MB peak: 141MB)


Available hyper_sources - for debug and ip models
	None Found

None
None

Finished constraint checker (Real Time elapsed 0h:00m:00s; CPU Time elapsed 0h:00m:00s; Memory used current: 139MB peak: 141MB)

Pre-mapping successful!

At Mapper Exit (Real Time elapsed 0h:00m:00s; CPU Time elapsed 0h:00m:00s; Memory used current: 76MB peak: 141MB)

Process took 0h:00m:01s realtime, 0h:00m:01s cputime
# Tue Jun 07 23:10:24 2016

###########################################################]
Map & Optimize Report

Synopsys Lattice Technology Mapper, Version maplat, Build 1368R, Built Jan  8 2016 09:37:50
Copyright (C) 1994-2016 Synopsys, Inc. All rights reserved. This Synopsys software and all associated documentation are proprietary to Synopsys, Inc. and may only be used pursuant to the terms and conditions of a written license agreement with Synopsys, Inc. All other use, reproduction, modification, or distribution of the Synopsys software or the associated documentation is strictly prohibited.
Product Version K-2015.09L-2

Mapper Startup Complete (Real Time elapsed 0h:00m:00s; CPU Time elapsed 0h:00m:00s; Memory used current: 99MB peak: 100MB)

@N: MF248 |Running in 64-bit mode.
@N: MF666 |Clock conversion enabled 

Design Input Complete (Real Time elapsed 0h:00m:00s; CPU Time elapsed 0h:00m:00s; Memory used current: 99MB peak: 100MB)


Mapper Initialization Complete (Real Time elapsed 0h:00m:00s; CPU Time elapsed 0h:00m:00s; Memory used current: 99MB peak: 100MB)


Start loading timing files (Real Time elapsed 0h:00m:00s; CPU Time elapsed 0h:00m:00s; Memory used current: 111MB peak: 112MB)


Finished loading timing files (Real Time elapsed 0h:00m:00s; CPU Time elapsed 0h:00m:00s; Memory used current: 112MB peak: 114MB)



Starting Optimization and Mapping (Real Time elapsed 0h:00m:00s; CPU Time elapsed 0h:00m:00s; Memory used current: 138MB peak: 141MB)


Available hyper_sources - for debug and ip models
	None Found


Finished RTL optimizations (Real Time elapsed 0h:00m:00s; CPU Time elapsed 0h:00m:00s; Memory used current: 138MB peak: 141MB)


Starting factoring (Real Time elapsed 0h:00m:00s; CPU Time elapsed 0h:00m:00s; Memory used current: 138MB peak: 141MB)


Finished factoring (Real Time elapsed 0h:00m:00s; CPU Time elapsed 0h:00m:00s; Memory used current: 138MB peak: 141MB)


Finished gated-clock and generated-clock conversion (Real Time elapsed 0h:00m:00s; CPU Time elapsed 0h:00m:00s; Memory used current: 139MB peak: 141MB)


Finished generic timing optimizations - Pass 1 (Real Time elapsed 0h:00m:00s; CPU Time elapsed 0h:00m:00s; Memory used current: 139MB peak: 141MB)


Starting Early Timing Optimization (Real Time elapsed 0h:00m:00s; CPU Time elapsed 0h:00m:00s; Memory used current: 139MB peak: 141MB)


Finished Early Timing Optimization (Real Time elapsed 0h:00m:00s; CPU Time elapsed 0h:00m:00s; Memory used current: 139MB peak: 141MB)


Finished generic timing optimizations - Pass 2 (Real Time elapsed 0h:00m:00s; CPU Time elapsed 0h:00m:00s; Memory used current: 139MB peak: 141MB)


Finished preparing to map (Real Time elapsed 0h:00m:00s; CPU Time elapsed 0h:00m:00s; Memory used current: 139MB peak: 141MB)


Finished technology mapping (Real Time elapsed 0h:00m:00s; CPU Time elapsed 0h:00m:00s; Memory used current: 139MB peak: 141MB)

Pass		 CPU time		Worst Slack		Luts / Registers
------------------------------------------------------------
   1		0h:00m:00s		100000.00ns		   1 /         0

Finished technology timing optimizations and critical path resynthesis (Real Time elapsed 0h:00m:00s; CPU Time elapsed 0h:00m:00s; Memory used current: 139MB peak: 141MB)

@N: FX164 |The option to pack registers in the IOB has not been specified. Please set syn_useioff attribute.  

Finished restoring hierarchy (Real Time elapsed 0h:00m:00s; CPU Time elapsed 0h:00m:00s; Memory used current: 139MB peak: 141MB)



@S |Clock Optimization Summary


#### START OF CLOCK OPTIMIZATION REPORT #####[

0 non-gated/non-generated clock tree(s) driving 0 clock pin(s) of sequential element(s)
0 gated/generated clock tree(s) driving 0 clock pin(s) of sequential element(s)
0 instances converted, 0 sequential instances remain driven by gated/generated clocks



##### END OF CLOCK OPTIMIZATION REPORT ######]


Start Writing Netlists (Real Time elapsed 0h:00m:00s; CPU Time elapsed 0h:00m:00s; Memory used current: 107MB peak: 141MB)

Writing Analyst data base C:\Users\Usuario_local\Documents\ESCOM\Arquitectura de computadoras\PracticasG\generic04-1O\generic04\generic02\combinacional01\combin01\synwork\combin01_combin01_m.srm

Finished Writing Netlist Databases (Real Time elapsed 0h:00m:00s; CPU Time elapsed 0h:00m:00s; Memory used current: 138MB peak: 141MB)

Writing EDIF Netlist and constraint files
@N: FX1056 |Writing EDF file: C:\Users\Usuario_local\Documents\ESCOM\Arquitectura de computadoras\PracticasG\generic04-1O\generic04\generic02\combinacional01\combin01\combin01_combin01.edi
K-2015.09L-2
@N: BW106 |Synplicity Constraint File capacitance units using default value of 1pF 

Finished Writing EDIF Netlist and constraint files (Real Time elapsed 0h:00m:01s; CPU Time elapsed 0h:00m:00s; Memory used current: 142MB peak: 144MB)


Start final timing analysis (Real Time elapsed 0h:00m:01s; CPU Time elapsed 0h:00m:01s; Memory used current: 143MB peak: 144MB)



##### START OF TIMING REPORT #####[
# Timing Report written on Tue Jun 07 23:10:25 2016
#


Top view:               eXor
Requested Frequency:    1.0 MHz
Wire load mode:         top
Paths requested:        5
Constraint File(s):    
@N: MT320 |Timing report estimates place and route data. Please look at the place and route timing report for final timing.

@N: MT322 |Clock constraints cover only FF-to-FF paths associated with the clock.



Performance Summary
*******************


Worst slack in design: NA






Clock Relationships
*******************

Clocks            |    rise  to  rise   |    fall  to  fall   |    rise  to  fall   |    fall  to  rise 
--------------------------------------------------------------------------------------------------------
Starting  Ending  |  constraint  slack  |  constraint  slack  |  constraint  slack  |  constraint  slack
--------------------------------------------------------------------------------------------------------
========================================================================================================
 Note: 'No paths' indicates there are no paths in the design for that pair of clock edges.
       'Diff grp' indicates that paths exist but the starting clock and ending clock are in different clock groups.



Interface Information 
*********************

No IO constraint found


##### END OF TIMING REPORT #####]

Constraints that could not be applied
None

Finished final timing analysis (Real Time elapsed 0h:00m:01s; CPU Time elapsed 0h:00m:01s; Memory used current: 143MB peak: 144MB)


Finished timing report (Real Time elapsed 0h:00m:01s; CPU Time elapsed 0h:00m:01s; Memory used current: 143MB peak: 144MB)

---------------------------------------
Resource Usage Report
Part: lcmxo2_7000ze-1

Register bits: 0 of 6864 (0%)
PIC Latch:       0
I/O cells:       3


Details:
GSR:            1
IB:             2
OB:             1
ORCALUT4:       1
PUR:            1
VHI:            1
VLO:            1
Mapper successful!

At Mapper Exit (Real Time elapsed 0h:00m:01s; CPU Time elapsed 0h:00m:01s; Memory used current: 52MB peak: 144MB)

Process took 0h:00m:01s realtime, 0h:00m:01s cputime
# Tue Jun 07 23:10:25 2016

###########################################################]


Synthesis exit by 0.

edif2ngd  -l "MachXO2" -d LCMXO2-7000ZE -path "C:/Users/Usuario_local/Documents/ESCOM/Arquitectura de computadoras/PracticasG/generic04-1O/generic04/generic02/combinacional01/combin01" -path "C:/Users/Usuario_local/Documents/ESCOM/Arquitectura de computadoras/PracticasG/generic04-1O/generic04/generic02/combinacional01"   "C:/Users/Usuario_local/Documents/ESCOM/Arquitectura de computadoras/PracticasG/generic04-1O/generic04/generic02/combinacional01/combin01/combin01_combin01.edi" "combin01_combin01.ngo"   
edif2ngd:  version Diamond (64-bit) 3.7.0.96.1

Copyright (c) 1991-1994 by NeoCAD Inc. All rights reserved.
Copyright (c) 1995 AT&T Corp.   All rights reserved.
Copyright (c) 1995-2001 Lucent Technologies Inc.  All rights reserved.
Copyright (c) 2001 Agere Systems   All rights reserved.
Copyright (c) 2002-2016 Lattice Semiconductor Corporation,  All rights reserved.
Writing the design to combin01_combin01.ngo...

Total CPU Time: 0 secs  

Total REAL Time: 0 secs  


ngdbuild  -a "MachXO2" -d LCMXO2-7000ZE  -p "C:/lscc/diamond/3.7_x64/ispfpga/xo2c00/data"  -p "C:/Users/Usuario_local/Documents/ESCOM/Arquitectura de computadoras/PracticasG/generic04-1O/generic04/generic02/combinacional01/combin01" -p "C:/Users/Usuario_local/Documents/ESCOM/Arquitectura de computadoras/PracticasG/generic04-1O/generic04/generic02/combinacional01"  "combin01_combin01.ngo" "combin01_combin01.ngd"  	
ngdbuild:  version Diamond (64-bit) 3.7.0.96.1

Copyright (c) 1991-1994 by NeoCAD Inc. All rights reserved.
Copyright (c) 1995 AT&T Corp.   All rights reserved.
Copyright (c) 1995-2001 Lucent Technologies Inc.  All rights reserved.
Copyright (c) 2001 Agere Systems   All rights reserved.
Copyright (c) 2002-2016 Lattice Semiconductor Corporation,  All rights reserved.
Reading 'combin01_combin01.ngo' ...
Loading NGL library 'C:/lscc/diamond/3.7_x64/ispfpga/xo2c00a/data/xo2alib.ngl'...
Loading NGL library 'C:/lscc/diamond/3.7_x64/ispfpga/xo2c00/data/xo2clib.ngl'...
Loading NGL library 'C:/lscc/diamond/3.7_x64/ispfpga/mg5g00/data/mg5glib.ngl'...
Loading NGL library 'C:/lscc/diamond/3.7_x64/ispfpga/or5g00/data/orc5glib.ngl'...


Running DRC...

DRC complete with no errors or warnings

Design Results:
      7 blocks expanded
Complete the first expansion.
Writing 'combin01_combin01.ngd' ...
Total CPU Time: 0 secs  

Total REAL Time: 0 secs  


map -a "MachXO2" -p LCMXO2-7000ZE -t TQFP144 -s 1 -oc Commercial   "combin01_combin01.ngd" -o "combin01_combin01_map.ncd" -pr "combin01_combin01.prf" -mp "combin01_combin01.mrp" -lpf "C:/Users/Usuario_local/Documents/ESCOM/Arquitectura de computadoras/PracticasG/generic04-1O/generic04/generic02/combinacional01/combin01/combin01_combin01_synplify.lpf" -lpf "C:/Users/Usuario_local/Documents/ESCOM/Arquitectura de computadoras/PracticasG/generic04-1O/generic04/generic02/combinacional01/combin01.lpf" -c 0            
map:  version Diamond (64-bit) 3.7.0.96.1

Copyright (c) 1991-1994 by NeoCAD Inc. All rights reserved.
Copyright (c) 1995 AT&T Corp.   All rights reserved.
Copyright (c) 1995-2001 Lucent Technologies Inc.  All rights reserved.
Copyright (c) 2001 Agere Systems   All rights reserved.
Copyright (c) 2002-2016 Lattice Semiconductor Corporation,  All rights reserved.
   Process the file: combin01_combin01.ngd
   Picdevice="LCMXO2-7000ZE"

   Pictype="TQFP144"

   Picspeed=1

   Remove unused logic

   Do not produce over sized NCDs.

Part used: LCMXO2-7000ZETQFP144, Performance used: 1.

    <postMsg mid="1100679" type="Warning" dynamic="2" navigation="2" arg0="C:/Users/Usuario_local/Documents/ESCOM/Arquitectura de computadoras/PracticasG/generic04-1O/generic04/generic02/combinacional01/combin01.lpf(3): Semantic error in &quot;LOCATE COMP &quot;entrada1_tm[0]&quot; SITE &quot;52&quot; ;&quot;: " arg1="entrada1_tm[0]" arg2="C:/Users/Usuario_local/Documents/ESCOM/Arquitectura de computadoras/PracticasG/generic04-1O/generic04/generic02/combinacional01/combin01.lpf" arg3="3"  />
    <postMsg mid="1100679" type="Warning" dynamic="2" navigation="2" arg0="C:/Users/Usuario_local/Documents/ESCOM/Arquitectura de computadoras/PracticasG/generic04-1O/generic04/generic02/combinacional01/combin01.lpf(4): Semantic error in &quot;LOCATE COMP &quot;entrada1_tm[1]&quot; SITE &quot;55&quot; ;&quot;: " arg1="entrada1_tm[1]" arg2="C:/Users/Usuario_local/Documents/ESCOM/Arquitectura de computadoras/PracticasG/generic04-1O/generic04/generic02/combinacional01/combin01.lpf" arg3="4"  />
    <postMsg mid="1100679" type="Warning" dynamic="2" navigation="2" arg0="C:/Users/Usuario_local/Documents/ESCOM/Arquitectura de computadoras/PracticasG/generic04-1O/generic04/generic02/combinacional01/combin01.lpf(5): Semantic error in &quot;LOCATE COMP &quot;entrada1_tm[2]&quot; SITE &quot;54&quot; ;&quot;: " arg1="entrada1_tm[2]" arg2="C:/Users/Usuario_local/Documents/ESCOM/Arquitectura de computadoras/PracticasG/generic04-1O/generic04/generic02/combinacional01/combin01.lpf" arg3="5"  />
    <postMsg mid="1100679" type="Warning" dynamic="2" navigation="2" arg0="C:/Users/Usuario_local/Documents/ESCOM/Arquitectura de computadoras/PracticasG/generic04-1O/generic04/generic02/combinacional01/combin01.lpf(6): Semantic error in &quot;LOCATE COMP &quot;entrada1_tm[3]&quot; SITE &quot;56&quot; ;&quot;: " arg1="entrada1_tm[3]" arg2="C:/Users/Usuario_local/Documents/ESCOM/Arquitectura de computadoras/PracticasG/generic04-1O/generic04/generic02/combinacional01/combin01.lpf" arg3="6"  />
    <postMsg mid="1100679" type="Warning" dynamic="2" navigation="2" arg0="C:/Users/Usuario_local/Documents/ESCOM/Arquitectura de computadoras/PracticasG/generic04-1O/generic04/generic02/combinacional01/combin01.lpf(7): Semantic error in &quot;LOCATE COMP &quot;entrada2_tm[0]&quot; SITE &quot;61&quot; ;&quot;: " arg1="entrada2_tm[0]" arg2="C:/Users/Usuario_local/Documents/ESCOM/Arquitectura de computadoras/PracticasG/generic04-1O/generic04/generic02/combinacional01/combin01.lpf" arg3="7"  />
    <postMsg mid="1100679" type="Warning" dynamic="2" navigation="2" arg0="C:/Users/Usuario_local/Documents/ESCOM/Arquitectura de computadoras/PracticasG/generic04-1O/generic04/generic02/combinacional01/combin01.lpf(8): Semantic error in &quot;LOCATE COMP &quot;entrada2_tm[1]&quot; SITE &quot;65&quot; ;&quot;: " arg1="entrada2_tm[1]" arg2="C:/Users/Usuario_local/Documents/ESCOM/Arquitectura de computadoras/PracticasG/generic04-1O/generic04/generic02/combinacional01/combin01.lpf" arg3="8"  />
    <postMsg mid="1100679" type="Warning" dynamic="2" navigation="2" arg0="C:/Users/Usuario_local/Documents/ESCOM/Arquitectura de computadoras/PracticasG/generic04-1O/generic04/generic02/combinacional01/combin01.lpf(9): Semantic error in &quot;LOCATE COMP &quot;entrada2_tm[2]&quot; SITE &quot;62&quot; ;&quot;: " arg1="entrada2_tm[2]" arg2="C:/Users/Usuario_local/Documents/ESCOM/Arquitectura de computadoras/PracticasG/generic04-1O/generic04/generic02/combinacional01/combin01.lpf" arg3="9"  />
    <postMsg mid="1100679" type="Warning" dynamic="2" navigation="2" arg0="C:/Users/Usuario_local/Documents/ESCOM/Arquitectura de computadoras/PracticasG/generic04-1O/generic04/generic02/combinacional01/combin01.lpf(10): Semantic error in &quot;LOCATE COMP &quot;entrada2_tm[3]&quot; SITE &quot;67&quot; ;&quot;: " arg1="entrada2_tm[3]" arg2="C:/Users/Usuario_local/Documents/ESCOM/Arquitectura de computadoras/PracticasG/generic04-1O/generic04/generic02/combinacional01/combin01.lpf" arg3="10"  />
    <postMsg mid="1100679" type="Warning" dynamic="2" navigation="2" arg0="C:/Users/Usuario_local/Documents/ESCOM/Arquitectura de computadoras/PracticasG/generic04-1O/generic04/generic02/combinacional01/combin01.lpf(11): Semantic error in &quot;LOCATE COMP &quot;resultado_tm[0]&quot; SITE &quot;109&quot; ;&quot;: " arg1="resultado_tm[0]" arg2="C:/Users/Usuario_local/Documents/ESCOM/Arquitectura de computadoras/PracticasG/generic04-1O/generic04/generic02/combinacional01/combin01.lpf" arg3="11"  />
    <postMsg mid="1100679" type="Warning" dynamic="2" navigation="2" arg0="C:/Users/Usuario_local/Documents/ESCOM/Arquitectura de computadoras/PracticasG/generic04-1O/generic04/generic02/combinacional01/combin01.lpf(12): Semantic error in &quot;LOCATE COMP &quot;resultado_tm[1]&quot; SITE &quot;110&quot; ;&quot;: " arg1="resultado_tm[1]" arg2="C:/Users/Usuario_local/Documents/ESCOM/Arquitectura de computadoras/PracticasG/generic04-1O/generic04/generic02/combinacional01/combin01.lpf" arg3="12"  />
    <postMsg mid="1100679" type="Warning" dynamic="2" navigation="2" arg0="C:/Users/Usuario_local/Documents/ESCOM/Arquitectura de computadoras/PracticasG/generic04-1O/generic04/generic02/combinacional01/combin01.lpf(13): Semantic error in &quot;LOCATE COMP &quot;resultado_tm[2]&quot; SITE &quot;111&quot; ;&quot;: " arg1="resultado_tm[2]" arg2="C:/Users/Usuario_local/Documents/ESCOM/Arquitectura de computadoras/PracticasG/generic04-1O/generic04/generic02/combinacional01/combin01.lpf" arg3="13"  />
    <postMsg mid="1100679" type="Warning" dynamic="2" navigation="2" arg0="C:/Users/Usuario_local/Documents/ESCOM/Arquitectura de computadoras/PracticasG/generic04-1O/generic04/generic02/combinacional01/combin01.lpf(14): Semantic error in &quot;LOCATE COMP &quot;resultado_tm[3]&quot; SITE &quot;112&quot; ;&quot;: " arg1="resultado_tm[3]" arg2="C:/Users/Usuario_local/Documents/ESCOM/Arquitectura de computadoras/PracticasG/generic04-1O/generic04/generic02/combinacional01/combin01.lpf" arg3="14"  />
    <postMsg mid="1100679" type="Warning" dynamic="2" navigation="2" arg0="C:/Users/Usuario_local/Documents/ESCOM/Arquitectura de computadoras/PracticasG/generic04-1O/generic04/generic02/combinacional01/combin01.lpf(15): Semantic error in &quot;LOCATE COMP &quot;resultado_tm[4]&quot; SITE &quot;113&quot; ;&quot;: " arg1="resultado_tm[4]" arg2="C:/Users/Usuario_local/Documents/ESCOM/Arquitectura de computadoras/PracticasG/generic04-1O/generic04/generic02/combinacional01/combin01.lpf" arg3="15"  />
    <postMsg mid="1100679" type="Warning" dynamic="2" navigation="2" arg0="C:/Users/Usuario_local/Documents/ESCOM/Arquitectura de computadoras/PracticasG/generic04-1O/generic04/generic02/combinacional01/combin01.lpf(16): Semantic error in &quot;LOCATE COMP &quot;resultado_tm[5]&quot; SITE &quot;114&quot; ;&quot;: " arg1="resultado_tm[5]" arg2="C:/Users/Usuario_local/Documents/ESCOM/Arquitectura de computadoras/PracticasG/generic04-1O/generic04/generic02/combinacional01/combin01.lpf" arg3="16"  />
    <postMsg mid="1100679" type="Warning" dynamic="2" navigation="2" arg0="C:/Users/Usuario_local/Documents/ESCOM/Arquitectura de computadoras/PracticasG/generic04-1O/generic04/generic02/combinacional01/combin01.lpf(17): Semantic error in &quot;LOCATE COMP &quot;resultado_tm[6]&quot; SITE &quot;115&quot; ;&quot;: " arg1="resultado_tm[6]" arg2="C:/Users/Usuario_local/Documents/ESCOM/Arquitectura de computadoras/PracticasG/generic04-1O/generic04/generic02/combinacional01/combin01.lpf" arg3="17"  />
    <postMsg mid="1100679" type="Warning" dynamic="2" navigation="2" arg0="C:/Users/Usuario_local/Documents/ESCOM/Arquitectura de computadoras/PracticasG/generic04-1O/generic04/generic02/combinacional01/combin01.lpf(18): Semantic error in &quot;LOCATE COMP &quot;resultado_tm[7]&quot; SITE &quot;117&quot; ;&quot;: " arg1="resultado_tm[7]" arg2="C:/Users/Usuario_local/Documents/ESCOM/Arquitectura de computadoras/PracticasG/generic04-1O/generic04/generic02/combinacional01/combin01.lpf" arg3="18"  />
    <postMsg mid="1104062" type="Warning" dynamic="2" navigation="0" arg0="" arg1="16 semantic errors"  />
Loading device for application map from file 'xo2c7000.nph' in environment: C:/lscc/diamond/3.7_x64/ispfpga.
Package Status:                     Final          Version 1.39.

Running general design DRC...

Removing unused logic...

Optimizing...




Design Summary:
   Number of registers:      0 out of  7209 (0%)
      PFU registers:            0 out of  6864 (0%)
      PIO registers:            0 out of   345 (0%)
   Number of SLICEs:         1 out of  3432 (0%)
      SLICEs as Logic/ROM:      1 out of  3432 (0%)
      SLICEs as RAM:            0 out of  2574 (0%)
      SLICEs as Carry:          0 out of  3432 (0%)
   Number of LUT4s:          1 out of  6864 (0%)
      Number used as logic LUTs:          1
      Number used as distributed RAM:     0
      Number used as ripple logic:        0
      Number used as shift registers:     0
   Number of PIO sites used: 3 + 4(JTAG) out of 115 (6%)
   Number of block RAMs:  0 out of 26 (0%)
   Number of GSRs:  0 out of 1 (0%)
   EFB used :       No
   JTAG used :      No
   Readback used :  No
   Oscillator used :  No
   Startup used :   No
   POR :            On
   Bandgap :        On
   Number of Power Controller:  0 out of 1 (0%)
   Number of Dynamic Bank Controller (BCINRD):  0 out of 6 (0%)
   Number of Dynamic Bank Controller (BCLVDSO):  0 out of 1 (0%)
   Number of DCCA:  0 out of 8 (0%)
   Number of DCMA:  0 out of 2 (0%)
   Number of PLLs:  0 out of 2 (0%)
   Number of DQSDLLs:  0 out of 2 (0%)
   Number of CLKDIVC:  0 out of 4 (0%)
   Number of ECLKSYNCA:  0 out of 4 (0%)
   Number of ECLKBRIDGECS:  0 out of 2 (0%)
   Notes:-
      1. Total number of LUT4s = (Number of logic LUT4s) + 2*(Number of distributed RAMs) + 2*(Number of ripple logic)
      2. Number of logic LUT4s does not include count of distributed RAM and ripple logic.
   Number of clocks:  0
   Number of Clock Enables:  0
   Number of LSRs:  0
   Number of nets driven by tri-state buffers:  0
   Top 10 highest fanout non-clock nets:
     Net entrada1_xor_c: 1 loads
     Net entrada2_xor_c: 1 loads
     Net salida_xor_c: 1 loads
    <postMsg mid="51001230" type="Warning" dynamic="1" navigation="0" arg0="C:/Users/Usuario_local/Documents/ESCOM/Arquitectura de computadoras/PracticasG/generic04-1O/generic04/generic02/combinacional01/combin01.lpf"  />
 

   Number of warnings:  18
   Number of errors:    0



Total CPU Time: 0 secs  
Total REAL Time: 0 secs  
Peak Memory Usage: 33 MB

Dumping design to file combin01_combin01_map.ncd.

trce -f "combin01_combin01.mt" -o "combin01_combin01.tw1" "combin01_combin01_map.ncd" "combin01_combin01.prf"
trce:  version Diamond (64-bit) 3.7.0.96.1

Copyright (c) 1991-1994 by NeoCAD Inc. All rights reserved.
Copyright (c) 1995 AT&T Corp.   All rights reserved.
Copyright (c) 1995-2001 Lucent Technologies Inc.  All rights reserved.
Copyright (c) 2001 Agere Systems   All rights reserved.
Copyright (c) 2002-2016 Lattice Semiconductor Corporation,  All rights reserved.

Loading design for application trce from file combin01_combin01_map.ncd.
Design name: eXor
NCD version: 3.3
Vendor:      LATTICE
Device:      LCMXO2-7000ZE
Package:     TQFP144
Performance: 1
Loading device for application trce from file 'xo2c7000.nph' in environment: C:/lscc/diamond/3.7_x64/ispfpga.
Package Status:                     Final          Version 1.39.
Performance Hardware Data Status:   Final          Version 33.4.
Setup and Hold Report

--------------------------------------------------------------------------------
Lattice TRACE Report - Setup, Version Diamond (64-bit) 3.7.0.96.1
Tue Jun 07 23:10:28 2016

Copyright (c) 1991-1994 by NeoCAD Inc. All rights reserved.
Copyright (c) 1995 AT&T Corp.   All rights reserved.
Copyright (c) 1995-2001 Lucent Technologies Inc.  All rights reserved.
Copyright (c) 2001 Agere Systems   All rights reserved.
Copyright (c) 2002-2016 Lattice Semiconductor Corporation,  All rights reserved.

Report Information
------------------
Command line:    trce -v 1 -gt -mapchkpnt 0 -sethld -o combin01_combin01.tw1 -gui -msgset C:/Users/Usuario_local/Documents/ESCOM/Arquitectura de computadoras/PracticasG/generic04-1O/generic04/generic02/combinacional01/promote.xml combin01_combin01_map.ncd combin01_combin01.prf 
Design file:     combin01_combin01_map.ncd
Preference file: combin01_combin01.prf
Device,speed:    LCMXO2-7000ZE,1
Report level:    verbose report, limited to 1 item per preference
--------------------------------------------------------------------------------

BLOCK ASYNCPATHS
BLOCK RESETPATHS
--------------------------------------------------------------------------------



Timing summary (Setup):
---------------

Timing errors: 0  Score: 0
Cumulative negative slack: 0

Constraints cover 2 paths, 3 nets, and 3 connections (100.00% coverage)

--------------------------------------------------------------------------------

Total time: 0 secs 

ldbanno "combin01_combin01_map.ncd" -n Verilog -o "combin01_combin01_mapvo.vo" -w -neg
ldbanno: version Diamond (64-bit) 3.7.0.96.1
Copyright (c) 1991-1994 by NeoCAD Inc. All rights reserved.
Copyright (c) 1995 AT&T Corp.   All rights reserved.
Copyright (c) 1995-2001 Lucent Technologies Inc.  All rights reserved.
Copyright (c) 2001 Agere Systems   All rights reserved.
Copyright (c) 2002-2016 Lattice Semiconductor Corporation,  All rights reserved.

Writing a Verilog netlist using the orca library type based on the combin01_combin01_map design file.


Loading design for application ldbanno from file combin01_combin01_map.ncd.
Design name: eXor
NCD version: 3.3
Vendor:      LATTICE
Device:      LCMXO2-7000ZE
Package:     TQFP144
Performance: 1
Loading device for application ldbanno from file 'xo2c7000.nph' in environment: C:/lscc/diamond/3.7_x64/ispfpga.
Package Status:                     Final          Version 1.39.
Performance Hardware Data Status:   Final          Version 33.4.
Converting design combin01_combin01_map.ncd into .ldb format.
Writing Verilog netlist to file combin01_combin01_mapvo.vo
Writing SDF timing to file combin01_combin01_mapvo.sdf
    <postMsg mid="35400250" type="Info"    dynamic="1" navigation="0" arg0="0"  />

ldbanno "combin01_combin01_map.ncd" -n VHDL -o "combin01_combin01_mapvho.vho" -w -neg
ldbanno: version Diamond (64-bit) 3.7.0.96.1
Copyright (c) 1991-1994 by NeoCAD Inc. All rights reserved.
Copyright (c) 1995 AT&T Corp.   All rights reserved.
Copyright (c) 1995-2001 Lucent Technologies Inc.  All rights reserved.
Copyright (c) 2001 Agere Systems   All rights reserved.
Copyright (c) 2002-2016 Lattice Semiconductor Corporation,  All rights reserved.

Writing a VHDL netlist using the orca library type based on the combin01_combin01_map design file.


Loading design for application ldbanno from file combin01_combin01_map.ncd.
Design name: eXor
NCD version: 3.3
Vendor:      LATTICE
Device:      LCMXO2-7000ZE
Package:     TQFP144
Performance: 1
Loading device for application ldbanno from file 'xo2c7000.nph' in environment: C:/lscc/diamond/3.7_x64/ispfpga.
Package Status:                     Final          Version 1.39.
Performance Hardware Data Status:   Final          Version 33.4.
Converting design combin01_combin01_map.ncd into .ldb format.
Writing VHDL netlist to file combin01_combin01_mapvho.vho
Writing SDF timing to file combin01_combin01_mapvho.sdf
    <postMsg mid="35400250" type="Info"    dynamic="1" navigation="0" arg0="0"  />

mpartrce -p "combin01_combin01.p2t" -f "combin01_combin01.p3t" -tf "combin01_combin01.pt" "combin01_combin01_map.ncd" "combin01_combin01.ncd"

---- MParTrce Tool ----
Removing old design directory at request of -rem command line option to this program.
Running par. Please wait . . .

Lattice Place and Route Report for Design "combin01_combin01_map.ncd"
Tue Jun 07 23:10:31 2016

PAR: Place And Route Diamond (64-bit) 3.7.0.96.1.
Command Line: par -w -l 5 -i 6 -t 1 -c 0 -e 0 -gui -msgset "C:/Users/Usuario_local/Documents/ESCOM/Arquitectura de computadoras/PracticasG/generic04-1O/generic04/generic02/combinacional01/promote.xml" -exp parUseNBR=1:parCDP=0:parCDR=0:parPathBased=OFF combin01_combin01_map.ncd combin01_combin01.dir/5_1.ncd combin01_combin01.prf
Preference file: combin01_combin01.prf.
Placement level-cost: 5-1.
Routing Iterations: 6

Loading design for application par from file combin01_combin01_map.ncd.
Design name: eXor
NCD version: 3.3
Vendor:      LATTICE
Device:      LCMXO2-7000ZE
Package:     TQFP144
Performance: 1
Loading device for application par from file 'xo2c7000.nph' in environment: C:/lscc/diamond/3.7_x64/ispfpga.
Package Status:                     Final          Version 1.39.
Performance Hardware Data Status:   Final          Version 33.4.
License checked out.


Ignore Preference Error(s):  True
Device utilization summary:

   PIO (prelim)    3+4(JTAG)/336     2% used
                   3+4(JTAG)/115     6% bonded

   SLICE              1/3432         <1% used



Number of Signals: 3
Number of Connections: 3
No signal is selected as primary clock.


No signal is selected as secondary clock.

No signal is selected as Global Set/Reset.
.
Starting Placer Phase 0.
........
Finished Placer Phase 0.  REAL time: 0 secs 

Starting Placer Phase 1.

Placer score = 350363.
Finished Placer Phase 1.  REAL time: 0 secs 

Starting Placer Phase 2.
.
Placer score =  350363
Finished Placer Phase 2.  REAL time: 0 secs 


------------------ Clock Report ------------------

Global Clock Resources:
  CLK_PIN    : 0 out of 8 (0%)
  PLL        : 0 out of 2 (0%)
  DCM        : 0 out of 2 (0%)
  DCC        : 0 out of 8 (0%)

Quadrants All (TL, TR, BL, BR) - Global Clocks:

  PRIMARY  : 0 out of 8 (0%)
  SECONDARY: 0 out of 8 (0%)

Edge Clocks:
  No edge clock selected.

--------------- End of Clock Report ---------------


I/O Usage Summary (final):
   3 + 4(JTAG) out of 336 (2.1%) PIO sites used.
   3 + 4(JTAG) out of 115 (6.1%) bonded PIO sites used.
   Number of PIO comps: 3; differential: 0.
   Number of Vref pins used: 0.

I/O Bank Usage Summary:
+----------+---------------+------------+-----------+
| I/O Bank | Usage         | Bank Vccio | Bank Vref |
+----------+---------------+------------+-----------+
| 0        | 0 / 28 (  0%) | -          | -         |
| 1        | 0 / 29 (  0%) | -          | -         |
| 2        | 0 / 29 (  0%) | -          | -         |
| 3        | 3 / 9 ( 33%)  | 2.5V       | -         |
| 4        | 0 / 10 (  0%) | -          | -         |
| 5        | 0 / 10 (  0%) | -          | -         |
+----------+---------------+------------+-----------+

Total placer CPU time: 1 secs 

Dumping design to file combin01_combin01.dir/5_1.ncd.


-----------------------------------------------------------------
INFO - par: ASE feature is off due to non timing-driven settings.  
-----------------------------------------------------------------

0 connections routed; 3 unrouted.
Starting router resource preassignment

Completed router resource preassignment. Real time: 3 secs 

Start NBR router at 23:10:34 06/07/16

*****************************************************************
Info: NBR allows conflicts(one node used by more than one signal)
      in the earlier iterations. In each iteration, it tries to  
      solve the conflicts while keeping the critical connections 
      routed as short as possible. The routing process is said to
      be completed when no conflicts exist and all connections   
      are routed.                                                
Note: NBR uses a different method to calculate timing slacks. The
      worst slack and total negative slack may not be the same as
      that in TRCE report. You should always run TRCE to verify  
      your design.                                               
*****************************************************************

Start NBR special constraint process at 23:10:34 06/07/16

Start NBR section for initial routing at 23:10:34 06/07/16
Level 4, iteration 1
0(0.00%) conflict; 0(0.00%) untouched conn; 0 (nbr) score; real time: 3 secs 

Info: Initial congestion level at 75% usage is 0
Info: Initial congestion area  at 75% usage is 0 (0.00%)

Start NBR section for normal routing at 23:10:34 06/07/16
Level 4, iteration 1
0(0.00%) conflict; 0(0.00%) untouched conn; 0 (nbr) score; real time: 3 secs 

Start NBR section for re-routing at 23:10:34 06/07/16
Level 4, iteration 1
0(0.00%) conflict; 0(0.00%) untouched conn; 0 (nbr) score; real time: 3 secs 

Start NBR section for post-routing at 23:10:34 06/07/16

End NBR router with 0 unrouted connection

NBR Summary
-----------
  Number of unrouted connections : 0 (0.00%)
  Number of connections with timing violations : 0 (0.00%)
  Estimated worst slack<setup> : <n/a>
  Timing score<setup> : 0
-----------
Notes: The timing info is calculated for SETUP only and all PAR_ADJs are ignored.



Total CPU time 3 secs 
Total REAL time: 3 secs 
Completely routed.
End of route.  3 routed (100.00%); 0 unrouted.
Checking DRC ... 
No errors found.

Hold time timing score: 0, hold timing errors: 0

Timing score: 0 

Dumping design to file combin01_combin01.dir/5_1.ncd.


PAR_SUMMARY::Run status = completed
PAR_SUMMARY::Number of unrouted conns = 0
PAR_SUMMARY::Worst  slack<setup/<ns>> = <n/a>
PAR_SUMMARY::Timing score<setup/<ns>> = <n/a>
PAR_SUMMARY::Worst  slack<hold /<ns>> = <n/a>
PAR_SUMMARY::Timing score<hold /<ns>> = <n/a>
PAR_SUMMARY::Number of errors = 0

Total CPU  time to completion: 3 secs 
Total REAL time to completion: 3 secs 

par done!

Copyright (c) 1991-1994 by NeoCAD Inc. All rights reserved.
Copyright (c) 1995 AT&T Corp.   All rights reserved.
Copyright (c) 1995-2001 Lucent Technologies Inc.  All rights reserved.
Copyright (c) 2001 Agere Systems   All rights reserved.
Copyright (c) 2002-2016 Lattice Semiconductor Corporation,  All rights reserved.
Exiting par with exit code 0
Exiting mpartrce with exit code 0

trce -f "combin01_combin01.pt" -o "combin01_combin01.twr" "combin01_combin01.ncd" "combin01_combin01.prf"
trce:  version Diamond (64-bit) 3.7.0.96.1

Copyright (c) 1991-1994 by NeoCAD Inc. All rights reserved.
Copyright (c) 1995 AT&T Corp.   All rights reserved.
Copyright (c) 1995-2001 Lucent Technologies Inc.  All rights reserved.
Copyright (c) 2001 Agere Systems   All rights reserved.
Copyright (c) 2002-2016 Lattice Semiconductor Corporation,  All rights reserved.

Loading design for application trce from file combin01_combin01.ncd.
Design name: eXor
NCD version: 3.3
Vendor:      LATTICE
Device:      LCMXO2-7000ZE
Package:     TQFP144
Performance: 1
Loading device for application trce from file 'xo2c7000.nph' in environment: C:/lscc/diamond/3.7_x64/ispfpga.
Package Status:                     Final          Version 1.39.
Performance Hardware Data Status:   Final          Version 33.4.
Setup and Hold Report

--------------------------------------------------------------------------------
Lattice TRACE Report - Setup, Version Diamond (64-bit) 3.7.0.96.1
Tue Jun 07 23:10:35 2016

Copyright (c) 1991-1994 by NeoCAD Inc. All rights reserved.
Copyright (c) 1995 AT&T Corp.   All rights reserved.
Copyright (c) 1995-2001 Lucent Technologies Inc.  All rights reserved.
Copyright (c) 2001 Agere Systems   All rights reserved.
Copyright (c) 2002-2016 Lattice Semiconductor Corporation,  All rights reserved.

Report Information
------------------
Command line:    trce -v 10 -gt -sethld -sp 1 -sphld m -o combin01_combin01.twr -gui -msgset C:/Users/Usuario_local/Documents/ESCOM/Arquitectura de computadoras/PracticasG/generic04-1O/generic04/generic02/combinacional01/promote.xml combin01_combin01.ncd combin01_combin01.prf 
Design file:     combin01_combin01.ncd
Preference file: combin01_combin01.prf
Device,speed:    LCMXO2-7000ZE,1
Report level:    verbose report, limited to 10 items per preference
--------------------------------------------------------------------------------

BLOCK ASYNCPATHS
BLOCK RESETPATHS
--------------------------------------------------------------------------------



Timing summary (Setup):
---------------

Timing errors: 0  Score: 0
Cumulative negative slack: 0

Constraints cover 2 paths, 3 nets, and 3 connections (100.00% coverage)

--------------------------------------------------------------------------------

Total time: 0 secs 

iotiming  "combin01_combin01.ncd" "combin01_combin01.prf"
I/O Timing Report:
:  version Diamond (64-bit) 3.7.0.96.1

Copyright (c) 1991-1994 by NeoCAD Inc. All rights reserved.
Copyright (c) 1995 AT&T Corp.   All rights reserved.
Copyright (c) 1995-2001 Lucent Technologies Inc.  All rights reserved.
Copyright (c) 2001 Agere Systems   All rights reserved.
Copyright (c) 2002-2016 Lattice Semiconductor Corporation,  All rights reserved.

Loading design for application iotiming from file combin01_combin01.ncd.
Design name: eXor
NCD version: 3.3
Vendor:      LATTICE
Device:      LCMXO2-7000ZE
Package:     TQFP144
Performance: 1
Loading device for application iotiming from file 'xo2c7000.nph' in environment: C:/lscc/diamond/3.7_x64/ispfpga.
Package Status:                     Final          Version 1.39.
Performance Hardware Data Status:   Final          Version 33.4.
Running Performance Grade: 1
Computing Setup Time ...
Computing Max Clock to Output Delay ...
Computing Hold Time ...
Computing Min Clock to Output Delay ...

Loading design for application iotiming from file combin01_combin01.ncd.
Design name: eXor
NCD version: 3.3
Vendor:      LATTICE
Device:      LCMXO2-7000ZE
Package:     TQFP144
Performance: 2
Package Status:                     Final          Version 1.39.
Performance Hardware Data Status:   Final          Version 33.4.
Running Performance Grade: 2
Computing Setup Time ...
Computing Max Clock to Output Delay ...
Computing Hold Time ...
Computing Min Clock to Output Delay ...

Loading design for application iotiming from file combin01_combin01.ncd.
Design name: eXor
NCD version: 3.3
Vendor:      LATTICE
Device:      LCMXO2-7000ZE
Package:     TQFP144
Performance: 3
Package Status:                     Final          Version 1.39.
Performance Hardware Data Status:   Final          Version 33.4.
Running Performance Grade: 3
Computing Setup Time ...
Computing Max Clock to Output Delay ...
Computing Hold Time ...
Computing Min Clock to Output Delay ...

Loading design for application iotiming from file combin01_combin01.ncd.
Design name: eXor
NCD version: 3.3
Vendor:      LATTICE
Device:      LCMXO2-7000ZE
Package:     TQFP144
Performance: M
Package Status:                     Final          Version 1.39.
Performance Hardware Data Status:   Final          Version 33.4.
Running Performance Grade: M
Computing Setup Time ...
Computing Max Clock to Output Delay ...
Computing Hold Time ...
Computing Min Clock to Output Delay ...
Done.

bitgen -f "combin01_combin01.t2b" -w "combin01_combin01.ncd" -jedec "combin01_combin01.prf"


BITGEN: Bitstream Generator Diamond (64-bit) 3.7.0.96.1
Copyright (c) 1991-1994 by NeoCAD Inc. All rights reserved.
Copyright (c) 1995 AT&T Corp.   All rights reserved.
Copyright (c) 1995-2001 Lucent Technologies Inc.  All rights reserved.
Copyright (c) 2001 Agere Systems   All rights reserved.
Copyright (c) 2002-2016 Lattice Semiconductor Corporation,  All rights reserved.


Loading design for application Bitgen from file combin01_combin01.ncd.
Design name: eXor
NCD version: 3.3
Vendor:      LATTICE
Device:      LCMXO2-7000ZE
Package:     TQFP144
Performance: 1
Loading device for application Bitgen from file 'xo2c7000.nph' in environment: C:/lscc/diamond/3.7_x64/ispfpga.
Package Status:                     Final          Version 1.39.
Performance Hardware Data Status:   Final          Version 33.4.

Running DRC.
DRC detected 0 errors and 0 warnings.
Reading Preference File from combin01_combin01.prf.

Preference Summary:
+---------------------------------+---------------------------------+
|  Preference                     |  Current Setting                |
+---------------------------------+---------------------------------+
|                         RamCfg  |                        Reset**  |
+---------------------------------+---------------------------------+
|                     MCCLK_FREQ  |                         2.08**  |
+---------------------------------+---------------------------------+
|                  CONFIG_SECURE  |                          OFF**  |
+---------------------------------+---------------------------------+
|                      JTAG_PORT  |                       ENABLE**  |
+---------------------------------+---------------------------------+
|                       SDM_PORT  |                      DISABLE**  |
+---------------------------------+---------------------------------+
|                 SLAVE_SPI_PORT  |                      DISABLE**  |
+---------------------------------+---------------------------------+
|                MASTER_SPI_PORT  |                      DISABLE**  |
+---------------------------------+---------------------------------+
|                       I2C_PORT  |                      DISABLE**  |
+---------------------------------+---------------------------------+
|        MUX_CONFIGURATION_PORTS  |                      DISABLE**  |
+---------------------------------+---------------------------------+
|                  CONFIGURATION  |                          CFG**  |
+---------------------------------+---------------------------------+
|                COMPRESS_CONFIG  |                           ON**  |
+---------------------------------+---------------------------------+
|                        MY_ASSP  |                          OFF**  |
+---------------------------------+---------------------------------+
|               ONE_TIME_PROGRAM  |                          OFF**  |
+---------------------------------+---------------------------------+
|                 ENABLE_TRANSFR  |                      DISABLE**  |
+---------------------------------+---------------------------------+
|                  SHAREDEBRINIT  |                      DISABLE**  |
+---------------------------------+---------------------------------+
|            BACKGROUND_RECONFIG  |                          OFF**  |
+---------------------------------+---------------------------------+
 *  Default setting.
 ** The specified setting matches the default setting.


Creating bit map...
 
Bitstream Status: Final           Version 1.90.
 
Saving bit stream in "combin01_combin01.jed".
 
===========
UFM Summary.
===========
UFM Size:        2046 Pages (128*2046 Bits).
UFM Utilization: General Purpose Flash Memory.
 
Available General Purpose Flash Memory: 2046 Pages (Page 0 to Page 2045).
Initialized UFM Pages:                     0 Page.
 
