
             Lattice Mapping Report File for Design Module 'eXor'


Design Information
------------------

Command line:   map -a MachXO2 -p LCMXO2-7000ZE -t TQFP144 -s 1 -oc Commercial
     combin01_combin01.ngd -o combin01_combin01_map.ncd -pr
     combin01_combin01.prf -mp combin01_combin01.mrp -lpf
     C:/Users/Usuario_local/Documents/ESCOM/Arquitectura de computadoras/Practic
     asG/generic04-1O/generic04/generic02/combinacional01/combin01/combin01_comb
     in01_synplify.lpf -lpf C:/Users/Usuario_local/Documents/ESCOM/Arquitectura
     de computadoras/PracticasG/generic04-1O/generic04/generic02/combinacional01
     /combin01.lpf -c 0 -gui -msgset
     C:/Users/Usuario_local/Documents/ESCOM/Arquitectura de computadoras/Practic
     asG/generic04-1O/generic04/generic02/combinacional01/promote.xml 
Target Vendor:  LATTICE
Target Device:  LCMXO2-7000ZETQFP144
Target Performance:   1
Mapper:  xo2c00,  version:  Diamond (64-bit) 3.7.0.96.1
Mapped on:  06/07/16  23:10:27

Design Summary
--------------

   Number of registers:      0 out of  7209 (0%)
      PFU registers:            0 out of  6864 (0%)
      PIO registers:            0 out of   345 (0%)
   Number of SLICEs:         1 out of  3432 (0%)
      SLICEs as Logic/ROM:      1 out of  3432 (0%)
      SLICEs as RAM:            0 out of  2574 (0%)
      SLICEs as Carry:          0 out of  3432 (0%)
   Number of LUT4s:          1 out of  6864 (0%)
      Number used as logic LUTs:          1
      Number used as distributed RAM:     0
      Number used as ripple logic:        0
      Number used as shift registers:     0
   Number of PIO sites used: 3 + 4(JTAG) out of 115 (6%)
   Number of block RAMs:  0 out of 26 (0%)
   Number of GSRs:  0 out of 1 (0%)
   EFB used :       No
   JTAG used :      No
   Readback used :  No
   Oscillator used :  No
   Startup used :   No
   POR :            On
   Bandgap :        On
   Number of Power Controller:  0 out of 1 (0%)
   Number of Dynamic Bank Controller (BCINRD):  0 out of 6 (0%)
   Number of Dynamic Bank Controller (BCLVDSO):  0 out of 1 (0%)
   Number of DCCA:  0 out of 8 (0%)
   Number of DCMA:  0 out of 2 (0%)
   Number of PLLs:  0 out of 2 (0%)
   Number of DQSDLLs:  0 out of 2 (0%)
   Number of CLKDIVC:  0 out of 4 (0%)
   Number of ECLKSYNCA:  0 out of 4 (0%)
   Number of ECLKBRIDGECS:  0 out of 2 (0%)
   Notes:-
      1. Total number of LUT4s = (Number of logic LUT4s) + 2*(Number of
     distributed RAMs) + 2*(Number of ripple logic)
      2. Number of logic LUT4s does not include count of distributed RAM and

                                    Page 1




Design:  eXor                                          Date:  06/07/16  23:10:27

Design Summary (cont)
---------------------
     ripple logic.
   Number of clocks:  0
   Number of Clock Enables:  0
   Number of LSRs:  0
   Number of nets driven by tri-state buffers:  0
   Top 10 highest fanout non-clock nets:
     Net entrada1_xor_c: 1 loads
     Net entrada2_xor_c: 1 loads
     Net salida_xor_c: 1 loads




   Number of warnings:  18
   Number of errors:    0
     

Design Errors/Warnings
----------------------

WARNING - map: C:/Users/Usuario_local/Documents/ESCOM/Arquitectura de computador
     as/PracticasG/generic04-1O/generic04/generic02/combinacional01/combin01.lpf
     (3): Semantic error in "LOCATE COMP "entrada1_tm[0]" SITE "52" ;": COMP
     "entrada1_tm[0]" cannot be found in design. This preference has been
     disabled.
WARNING - map: C:/Users/Usuario_local/Documents/ESCOM/Arquitectura de computador
     as/PracticasG/generic04-1O/generic04/generic02/combinacional01/combin01.lpf
     (4): Semantic error in "LOCATE COMP "entrada1_tm[1]" SITE "55" ;": COMP
     "entrada1_tm[1]" cannot be found in design. This preference has been
     disabled.
WARNING - map: C:/Users/Usuario_local/Documents/ESCOM/Arquitectura de computador
     as/PracticasG/generic04-1O/generic04/generic02/combinacional01/combin01.lpf
     (5): Semantic error in "LOCATE COMP "entrada1_tm[2]" SITE "54" ;": COMP
     "entrada1_tm[2]" cannot be found in design. This preference has been
     disabled.
WARNING - map: C:/Users/Usuario_local/Documents/ESCOM/Arquitectura de computador
     as/PracticasG/generic04-1O/generic04/generic02/combinacional01/combin01.lpf
     (6): Semantic error in "LOCATE COMP "entrada1_tm[3]" SITE "56" ;": COMP
     "entrada1_tm[3]" cannot be found in design. This preference has been
     disabled.
WARNING - map: C:/Users/Usuario_local/Documents/ESCOM/Arquitectura de computador
     as/PracticasG/generic04-1O/generic04/generic02/combinacional01/combin01.lpf
     (7): Semantic error in "LOCATE COMP "entrada2_tm[0]" SITE "61" ;": COMP
     "entrada2_tm[0]" cannot be found in design. This preference has been
     disabled.
WARNING - map: C:/Users/Usuario_local/Documents/ESCOM/Arquitectura de computador
     as/PracticasG/generic04-1O/generic04/generic02/combinacional01/combin01.lpf
     (8): Semantic error in "LOCATE COMP "entrada2_tm[1]" SITE "65" ;": COMP
     "entrada2_tm[1]" cannot be found in design. This preference has been
     disabled.
WARNING - map: C:/Users/Usuario_local/Documents/ESCOM/Arquitectura de computador
     as/PracticasG/generic04-1O/generic04/generic02/combinacional01/combin01.lpf
     (9): Semantic error in "LOCATE COMP "entrada2_tm[2]" SITE "62" ;": COMP
     "entrada2_tm[2]" cannot be found in design. This preference has been
     disabled.
WARNING - map: C:/Users/Usuario_local/Documents/ESCOM/Arquitectura de computador

                                    Page 2




Design:  eXor                                          Date:  06/07/16  23:10:27

Design Errors/Warnings (cont)
-----------------------------
     as/PracticasG/generic04-1O/generic04/generic02/combinacional01/combin01.lpf
     (10): Semantic error in "LOCATE COMP "entrada2_tm[3]" SITE "67" ;": COMP
     "entrada2_tm[3]" cannot be found in design. This preference has been
     disabled.
WARNING - map: C:/Users/Usuario_local/Documents/ESCOM/Arquitectura de computador
     as/PracticasG/generic04-1O/generic04/generic02/combinacional01/combin01.lpf
     (11): Semantic error in "LOCATE COMP "resultado_tm[0]" SITE "109" ;": COMP
     "resultado_tm[0]" cannot be found in design. This preference has been
     disabled.
WARNING - map: C:/Users/Usuario_local/Documents/ESCOM/Arquitectura de computador
     as/PracticasG/generic04-1O/generic04/generic02/combinacional01/combin01.lpf
     (12): Semantic error in "LOCATE COMP "resultado_tm[1]" SITE "110" ;": COMP
     "resultado_tm[1]" cannot be found in design. This preference has been
     disabled.
WARNING - map: C:/Users/Usuario_local/Documents/ESCOM/Arquitectura de computador
     as/PracticasG/generic04-1O/generic04/generic02/combinacional01/combin01.lpf
     (13): Semantic error in "LOCATE COMP "resultado_tm[2]" SITE "111" ;": COMP
     "resultado_tm[2]" cannot be found in design. This preference has been
     disabled.
WARNING - map: C:/Users/Usuario_local/Documents/ESCOM/Arquitectura de computador
     as/PracticasG/generic04-1O/generic04/generic02/combinacional01/combin01.lpf
     (14): Semantic error in "LOCATE COMP "resultado_tm[3]" SITE "112" ;": COMP
     "resultado_tm[3]" cannot be found in design. This preference has been
     disabled.
WARNING - map: C:/Users/Usuario_local/Documents/ESCOM/Arquitectura de computador
     as/PracticasG/generic04-1O/generic04/generic02/combinacional01/combin01.lpf
     (15): Semantic error in "LOCATE COMP "resultado_tm[4]" SITE "113" ;": COMP
     "resultado_tm[4]" cannot be found in design. This preference has been
     disabled.
WARNING - map: C:/Users/Usuario_local/Documents/ESCOM/Arquitectura de computador
     as/PracticasG/generic04-1O/generic04/generic02/combinacional01/combin01.lpf
     (16): Semantic error in "LOCATE COMP "resultado_tm[5]" SITE "114" ;": COMP
     "resultado_tm[5]" cannot be found in design. This preference has been
     disabled.
WARNING - map: C:/Users/Usuario_local/Documents/ESCOM/Arquitectura de computador
     as/PracticasG/generic04-1O/generic04/generic02/combinacional01/combin01.lpf
     (17): Semantic error in "LOCATE COMP "resultado_tm[6]" SITE "115" ;": COMP
     "resultado_tm[6]" cannot be found in design. This preference has been
     disabled.
WARNING - map: C:/Users/Usuario_local/Documents/ESCOM/Arquitectura de computador
     as/PracticasG/generic04-1O/generic04/generic02/combinacional01/combin01.lpf
     (18): Semantic error in "LOCATE COMP "resultado_tm[7]" SITE "117" ;": COMP
     "resultado_tm[7]" cannot be found in design. This preference has been
     disabled.
WARNING - map: Preference parsing results:  16 semantic errors detected.
WARNING - map: There are semantic errors in the preference file
     C:/Users/Usuario_local/Documents/ESCOM/Arquitectura de computadoras/Practic
     asG/generic04-1O/generic04/generic02/combinacional01/combin01.lpf.

IO (PIO) Attributes
-------------------

+---------------------+-----------+-----------+------------+
| IO Name             | Direction | Levelmode | IO         |
|                     |           |  IO_TYPE  | Register   |
+---------------------+-----------+-----------+------------+

                                    Page 3




Design:  eXor                                          Date:  06/07/16  23:10:27

IO (PIO) Attributes (cont)
--------------------------
| salida_xor          | OUTPUT    | LVCMOS25  |            |
+---------------------+-----------+-----------+------------+
| entrada1_xor        | INPUT     | LVCMOS25  |            |
+---------------------+-----------+-----------+------------+
| entrada2_xor        | INPUT     | LVCMOS25  |            |
+---------------------+-----------+-----------+------------+

Removed logic
-------------

Block VCC undriven or does not drive anything - clipped.
Block GSR_INST undriven or does not drive anything - clipped.
Block GND undriven or does not drive anything - clipped.
Signal VCC undriven or does not drive anything - clipped.

Memory Usage
------------


     

Run Time and Memory Usage
-------------------------

   Total CPU Time: 0 secs  
   Total REAL Time: 0 secs  
   Peak Memory Usage: 33 MB
        





























                                    Page 4


Copyright (c) 1991-1994 by NeoCAD Inc. All rights reserved.
     Copyright (c) 1995 AT&T Corp.   All rights reserved.
     Copyright (c) 1995-2001 Lucent Technologies Inc.  All rights reserved.
     Copyright (c) 2001 Agere Systems   All rights reserved.
     Copyright (c) 2002-2016 Lattice Semiconductor Corporation,  All rights
     reserved.
