
Loading design for application trce from file combin01_combin01.ncd.
Design name: eXor
NCD version: 3.3
Vendor:      LATTICE
Device:      LCMXO2-7000ZE
Package:     TQFP144
Performance: 1
Loading device for application trce from file 'xo2c7000.nph' in environment: C:/lscc/diamond/3.7_x64/ispfpga.
Package Status:                     Final          Version 1.39.
Performance Hardware Data Status:   Final          Version 33.4.
Setup and Hold Report

--------------------------------------------------------------------------------
Lattice TRACE Report - Setup, Version Diamond (64-bit) 3.7.0.96.1
Tue Jun 07 23:10:35 2016

Copyright (c) 1991-1994 by NeoCAD Inc. All rights reserved.
Copyright (c) 1995 AT&T Corp.   All rights reserved.
Copyright (c) 1995-2001 Lucent Technologies Inc.  All rights reserved.
Copyright (c) 2001 Agere Systems   All rights reserved.
Copyright (c) 2002-2016 Lattice Semiconductor Corporation,  All rights reserved.

Report Information
------------------
Command line:    trce -v 10 -gt -sethld -sp 1 -sphld m -o combin01_combin01.twr -gui -msgset C:/Users/Usuario_local/Documents/ESCOM/Arquitectura de computadoras/PracticasG/generic04-1O/generic04/generic02/combinacional01/promote.xml combin01_combin01.ncd combin01_combin01.prf 
Design file:     combin01_combin01.ncd
Preference file: combin01_combin01.prf
Device,speed:    LCMXO2-7000ZE,1
Report level:    verbose report, limited to 10 items per preference
--------------------------------------------------------------------------------

BLOCK ASYNCPATHS
BLOCK RESETPATHS
--------------------------------------------------------------------------------



================================================================================
Preference: Default path enumeration
            2 items scored, 0 timing errors detected.
--------------------------------------------------------------------------------

Report:   11.612ns delay entrada1_xor to salida_xor

   Name    Fanout   Delay (ns)          Site               Resource
PADI_DEL    ---     1.616         35.PAD to       35.PADDI entrada1_xor
ROUTE         1     3.119       35.PADDI to      R25C2D.A0 entrada1_xor_c
CTOF_DEL    ---     0.923      R25C2D.A0 to      R25C2D.F0 SLICE_0
ROUTE         1     2.506      R25C2D.F0 to       33.PADDO salida_xor_c
DOPAD_DEL   ---     3.448       33.PADDO to         33.PAD salida_xor
                  --------
                   11.612   (51.6% logic, 48.4% route), 3 logic levels.

Report:   10.879ns delay entrada2_xor to salida_xor

   Name    Fanout   Delay (ns)          Site               Resource
PADI_DEL    ---     1.616         34.PAD to       34.PADDI entrada2_xor
ROUTE         1     2.386       34.PADDI to      R25C2D.D0 entrada2_xor_c
CTOF_DEL    ---     0.923      R25C2D.D0 to      R25C2D.F0 SLICE_0
ROUTE         1     2.506      R25C2D.F0 to       33.PADDO salida_xor_c
DOPAD_DEL   ---     3.448       33.PADDO to         33.PAD salida_xor
                  --------
                   10.879   (55.0% logic, 45.0% route), 3 logic levels.

Report:   11.612ns is the maximum delay for this preference.


================================================================================
Preference: Default net enumeration
            3 items scored, 0 timing errors detected.
--------------------------------------------------------------------------------

Report:    3.119ns maximum delay on entrada1_xor_c

           Delays             Connection(s)
           3.119ns         35.PADDI to R25C2D.A0       

Report:    2.506ns maximum delay on salida_xor_c

           Delays             Connection(s)
           2.506ns        R25C2D.F0 to 33.PADDO        

Report:    2.386ns maximum delay on entrada2_xor_c

           Delays             Connection(s)
           2.386ns         34.PADDI to R25C2D.D0       

Report:    3.119ns is the maximum delay for this preference.

Report Summary
--------------
----------------------------------------------------------------------------
Preference                              |   Constraint|       Actual|Levels
----------------------------------------------------------------------------
                                        |             |             |
Default path enumeration                |     0.000 ns|    11.612 ns|   0  
                                        |             |             |
Default net enumeration                 |     0.000 ns|     3.119 ns|   0  
                                        |             |             |
----------------------------------------------------------------------------


All preferences were met.


Clock Domains Analysis
------------------------

Found 0 clocks:


Timing summary (Setup):
---------------

Timing errors: 0  Score: 0
Cumulative negative slack: 0

Constraints cover 2 paths, 3 nets, and 3 connections (100.00% coverage)

--------------------------------------------------------------------------------

