Running in Lattice mode

sourcing C:\lscc\diamond\3.7_x64\synpbase\lib\message_override.tcl


Starting:    C:\lscc\diamond\3.7_x64\synpbase\bin64\mbin\synbatch.exe
Install:     C:\lscc\diamond\3.7_x64\synpbase
Hostname:    DANIEL-LAPTOP
Date:        Tue Jun 07 23:10:21 2016
Version:     K-2015.09L-2

Arguments:   -product synplify_pro -batch combin01_combin01_synplify.tcl
ProductType: synplify_pro





log file: "C:\Users\Usuario_local\Documents\ESCOM\Arquitectura de computadoras\PracticasG\generic04-1O\generic04\generic02\combinacional01\combin01\combin01_combin01.srr"

Running: hdl_info_gen in foreground



Generating HDL info...


hdl_info_gen Completed
Return Code: 0
Run Time:0h:00m:00s

Copied C:\Users\Usuario_local\Documents\ESCOM\Arquitectura de computadoras\PracticasG\generic04-1O\generic04\generic02\combinacional01\combin01\combin01_combin01.srr to C:\Users\Usuario_local\Documents\ESCOM\Arquitectura de computadoras\PracticasG\generic04-1O\generic04\generic02\combinacional01\combin01\combin01_combin01.srf

log file: "C:\Users\Usuario_local\Documents\ESCOM\Arquitectura de computadoras\PracticasG\generic04-1O\generic04\generic02\combinacional01\combin01\combin01_combin01.srr"

Running: combin01 in foreground



Running proj_1|combin01


Running: compile (Compile) on proj_1|combin01


Running: compile_flow (Compile Process) on proj_1|combin01


Running: compiler (Compile Input) on proj_1|combin01

Copied C:\Users\Usuario_local\Documents\ESCOM\Arquitectura de computadoras\PracticasG\generic04-1O\generic04\generic02\combinacional01\combin01\synwork\combin01_combin01_comp.srs to C:\Users\Usuario_local\Documents\ESCOM\Arquitectura de computadoras\PracticasG\generic04-1O\generic04\generic02\combinacional01\combin01\combin01_combin01.srs


compiler Completed
Return Code: 0
Run Time:0h:00m:02s


Running: multi_srs_gen (Multi-srs Generator) on proj_1|combin01

Copied C:\Users\Usuario_local\Documents\ESCOM\Arquitectura de computadoras\PracticasG\generic04-1O\generic04\generic02\combinacional01\combin01\synwork\combin01_combin01_comp.srs to C:\Users\Usuario_local\Documents\ESCOM\Arquitectura de computadoras\PracticasG\generic04-1O\generic04\generic02\combinacional01\combin01\synwork\combin01_combin01_s.srs


multi_srs_gen Completed
Return Code: 0
Run Time:0h:00m:00s

Copied C:\Users\Usuario_local\Documents\ESCOM\Arquitectura de computadoras\PracticasG\generic04-1O\generic04\generic02\combinacional01\combin01\combin01_combin01.srr to C:\Users\Usuario_local\Documents\ESCOM\Arquitectura de computadoras\PracticasG\generic04-1O\generic04\generic02\combinacional01\combin01\combin01_combin01.srf

Complete: Compile Process on proj_1|combin01


Running: premap (Pre-mapping) on proj_1|combin01

Copied C:\Users\Usuario_local\Documents\ESCOM\Arquitectura de computadoras\PracticasG\generic04-1O\generic04\generic02\combinacional01\combin01\combin01_combin01.fse to C:\Users\Usuario_local\Documents\ESCOM\Arquitectura de computadoras\PracticasG\generic04-1O\generic04\generic02\combinacional01\combin01\synwork\combin01_combin01_s.fse


premap Completed
Return Code: 0
Run Time:0h:00m:01s

Complete: Compile on proj_1|combin01


Running: map (Map) on proj_1|combin01

License granted for 4 parallel jobs


Running: fpga_mapper (Map & Optimize) on proj_1|combin01

Copied C:\Users\Usuario_local\Documents\ESCOM\Arquitectura de computadoras\PracticasG\generic04-1O\generic04\generic02\combinacional01\combin01\synwork\combin01_combin01_m.srm to C:\Users\Usuario_local\Documents\ESCOM\Arquitectura de computadoras\PracticasG\generic04-1O\generic04\generic02\combinacional01\combin01\combin01_combin01.srm


fpga_mapper Completed
Return Code: 0
Run Time:0h:00m:01s

Complete: Map on proj_1|combin01

Copied C:\Users\Usuario_local\Documents\ESCOM\Arquitectura de computadoras\PracticasG\generic04-1O\generic04\generic02\combinacional01\combin01\combin01_combin01.srr to C:\Users\Usuario_local\Documents\ESCOM\Arquitectura de computadoras\PracticasG\generic04-1O\generic04\generic02\combinacional01\combin01\combin01_combin01.srf

Complete: Logic Synthesis on proj_1|combin01

TCL script complete: "combin01_combin01_synplify.tcl"

exit status=0

exit status=0

Save changes for project:
C:\Users\Usuario_local\Documents\ESCOM\Arquitectura de computadoras\PracticasG\generic04-1O\generic04\generic02\combinacional01\combin01\proj_1.prj

batch mode default:no

