
synpwrap -msg -prj "binaryBCD_binaryBCD_synplify.tcl" -log "binaryBCD_binaryBCD.srf"
Copyright (C) 1992-2015 Lattice Semiconductor Corporation. All rights reserved.
Lattice Diamond Version 3.6.0.83.4
    <postMsg mid="2011000" type="Info"    dynamic="0" navigation="0"  />

==contents of binaryBCD_binaryBCD.srf
#Build: Synplify Pro J-2015.03L-SP1, Build 123R, Aug 18 2015
#install: C:\lscc\diamond\3.6_x64\synpbase
#OS: Windows 8 6.2
#Hostname: ISCGAB

#Implementation: binaryBCD

Synopsys HDL Compiler, version comp201503sp1p1, Build 117R, built Aug 18 2015
@N|Running in 64-bit mode
Copyright (C) 1994-2015 Synopsys, Inc. This software and the associated documentation are proprietary to Synopsys, Inc. This software may only be used in accordance with the terms and conditions of a written license agreement with Synopsys, Inc.  All other use, reproduction, or distribution of this software is strictly prohibited.

Synopsys VHDL Compiler, version comp201503sp1p1, Build 117R, built Aug 18 2015
@N|Running in 64-bit mode
Copyright (C) 1994-2015 Synopsys, Inc. This software and the associated documentation are proprietary to Synopsys, Inc. This software may only be used in accordance with the terms and conditions of a written license agreement with Synopsys, Inc.  All other use, reproduction, or distribution of this software is strictly prohibited.

@N: CD720 :"C:\lscc\diamond\3.6_x64\synpbase\lib\vhd\std.vhd":123:18:123:21|Setting time resolution to ns
@N:"C:\Users\Gabriela\Desktop\PracticasG\binary-bcd\topp04.vhdl":7:7:7:12|Top entity is set to topp04.
@W: CD266 :"C:\Users\Gabriela\Desktop\PracticasG\binary-bcd\contIter04.vhdl":26:37:26:46|contiterac is not readable.  This may cause a simulation mismatch.
@W: CD266 :"C:\Users\Gabriela\Desktop\PracticasG\binary-bcd\contIter04.vhdl":27:32:27:41|contiterac is not readable.  This may cause a simulation mismatch.
@W: CD266 :"C:\Users\Gabriela\Desktop\PracticasG\binary-bcd\contIter04.vhdl":28:21:28:30|contiterac is not readable.  This may cause a simulation mismatch.
@W: CD266 :"C:\Users\Gabriela\Desktop\PracticasG\binary-bcd\contIter04.vhdl":28:44:28:53|contiterac is not readable.  This may cause a simulation mismatch.
@W: CD266 :"C:\Users\Gabriela\Desktop\PracticasG\binary-bcd\contIter04.vhdl":29:32:29:41|contiterac is not readable.  This may cause a simulation mismatch.
@W: CD266 :"C:\Users\Gabriela\Desktop\PracticasG\binary-bcd\div04.vhdl":28:36:28:41|outdiv is not readable.  This may cause a simulation mismatch.
VHDL syntax check successful!
@N: CD630 :"C:\Users\Gabriela\Desktop\PracticasG\binary-bcd\topp04.vhdl":7:7:7:12|Synthesizing work.topp04.topp0 
@W: CD326 :"C:\Users\Gabriela\Desktop\PracticasG\binary-bcd\topp04.vhdl":127:3:127:5|Port contiterac of entity work.contiter04 is unconnected
@W: CD638 :"C:\Users\Gabriela\Desktop\PracticasG\binary-bcd\topp04.vhdl":46:7:46:10|Signal sout is undriven 
@N: CD630 :"C:\Users\Gabriela\Desktop\PracticasG\binary-bcd\mux04.vhdl":6:7:6:11|Synthesizing work.mux04.mux0 
@W: CD274 :"C:\Users\Gabriela\Desktop\PracticasG\binary-bcd\mux04.vhdl":21:7:21:10|Incomplete case statement - add more cases or a when others
@W: CG296 :"C:\Users\Gabriela\Desktop\PracticasG\binary-bcd\mux04.vhdl":19:8:19:14|Incomplete sensitivity list - assuming completeness
@W: CG290 :"C:\Users\Gabriela\Desktop\PracticasG\binary-bcd\mux04.vhdl":27:24:27:30|Referenced variable intbcdc is not in sensitivity list
@W: CG290 :"C:\Users\Gabriela\Desktop\PracticasG\binary-bcd\mux04.vhdl":25:24:25:30|Referenced variable intbcdd is not in sensitivity list
@W: CG290 :"C:\Users\Gabriela\Desktop\PracticasG\binary-bcd\mux04.vhdl":23:24:23:30|Referenced variable intbcdu is not in sensitivity list
Post processing for work.mux04.mux0
@N: CD630 :"C:\Users\Gabriela\Desktop\PracticasG\binary-bcd\div04.vhdl":6:7:6:11|Synthesizing work.div04.div0 
Post processing for work.div04.div0
@N: CD630 :"C:\Users\Gabriela\Desktop\PracticasG\binary-bcd\contring04.vhdl":6:7:6:16|Synthesizing work.contring04.contring0 
Post processing for work.contring04.contring0
@N: CD630 :"C:\Users\Gabriela\Desktop\PracticasG\binary-bcd\coderNibbles04.vhdl":6:7:6:20|Synthesizing work.codernibbles04.codernibbles0 
Post processing for work.codernibbles04.codernibbles0
@N: CD630 :"C:\Users\Gabriela\Desktop\PracticasG\binary-bcd\contIter04.vhdl":6:7:6:16|Synthesizing work.contiter04.contiter0 
Post processing for work.contiter04.contiter0
@N: CD630 :"C:\Users\Gabriela\Desktop\PracticasG\binary-bcd\shift12bit04.vhdl":6:7:6:18|Synthesizing work.shift12bit04.shift12bit0 
Post processing for work.shift12bit04.shift12bit0
@W: CL169 :"C:\Users\Gabriela\Desktop\PracticasG\binary-bcd\shift12bit04.vhdl":23:6:23:7|Pruning register outFlagss_cl_7  
@N: CD630 :"C:\Users\Gabriela\Desktop\PracticasG\binary-bcd\compadd04.vhdl":6:7:6:15|Synthesizing work.compadd04.compadd0 
Post processing for work.compadd04.compadd0
@W: CL169 :"C:\Users\Gabriela\Desktop\PracticasG\binary-bcd\compadd04.vhdl":24:5:24:6|Pruning register outFlagca_cl_6  
@N: CD630 :"C:\Users\Gabriela\Desktop\PracticasG\binary-bcd\sust04.vhdl":6:7:6:12|Synthesizing work.sust04.sust0 
Post processing for work.sust04.sust0
@W: CL169 :"C:\Users\Gabriela\Desktop\PracticasG\binary-bcd\sust04.vhdl":26:5:26:6|Pruning register outFlagsu_cl_6  
@W: CL169 :"C:\Users\Gabriela\Desktop\PracticasG\binary-bcd\sust04.vhdl":26:5:26:6|Pruning register outFlagsuB_cl_1  
@N: CL177 :"C:\Users\Gabriela\Desktop\PracticasG\binary-bcd\sust04.vhdl":27:13:27:28|Sharing sequential element outFlagsuB_tri_enable.
@N: CL177 :"C:\Users\Gabriela\Desktop\PracticasG\binary-bcd\sust04.vhdl":27:13:27:28|Sharing sequential element outFlagsuB.
@N: CD630 :"C:\Users\Gabriela\Desktop\PracticasG\binary-bcd\ac12bit0.vhdl":6:7:6:15|Synthesizing work.ac12bit04.ac12bit0 
Post processing for work.ac12bit04.ac12bit0
@N: CD630 :"C:\Users\Gabriela\Desktop\PracticasG\binary-bcd\shift8bit04.vhdl":6:7:6:17|Synthesizing work.shift8bit04.shift8bit0 
Post processing for work.shift8bit04.shift8bit0
@W: CL169 :"C:\Users\Gabriela\Desktop\PracticasG\binary-bcd\shift8bit04.vhdl":23:6:23:7|Pruning register outFlags_cl_7  
@N: CD630 :"C:\Users\Gabriela\Desktop\PracticasG\binary-bcd\leeInst04.vhdl":6:7:6:15|Synthesizing work.leeinst04.leeinst0 
Post processing for work.leeinst04.leeinst0
@W: CL117 :"C:\Users\Gabriela\Desktop\PracticasG\binary-bcd\leeInst04.vhdl":30:9:30:10|Latch generated from process for signal outcode(3 downto 0); possible missing assignment in an if or case statement.
@N: CD630 :"C:\Users\Gabriela\Desktop\PracticasG\binary-bcd\ac8bit04.vhdl":6:7:6:14|Synthesizing work.ac8bit04.ac8bit0 
Post processing for work.ac8bit04.ac8bit0
@N: CD630 :"C:\Users\Gabriela\Desktop\PracticasG\binary-bcd\pcinc04.vhdl":6:7:6:13|Synthesizing work.pcinc04.pcinc0 
@W: CG296 :"C:\Users\Gabriela\Desktop\PracticasG\binary-bcd\pcinc04.vhdl":23:13:23:19|Incomplete sensitivity list - assuming completeness
@W: CG290 :"C:\Users\Gabriela\Desktop\PracticasG\binary-bcd\pcinc04.vhdl":25:10:25:14|Referenced variable clkpc is not in sensitivity list
Post processing for work.pcinc04.pcinc0
@N: CD630 :"C:\Users\Gabriela\Desktop\PracticasG\binary-bcd\portAB04.vhdl":6:7:6:14|Synthesizing work.portab04.portab0 
Post processing for work.portab04.portab0
@W: CL169 :"C:\Users\Gabriela\Desktop\PracticasG\binary-bcd\portAB04.vhdl":22:6:22:7|Pruning register outFlagLp_cl_6  
@N: CD630 :"C:\Users\Gabriela\Desktop\PracticasG\binary-bcd\init04.vhdl":6:7:6:12|Synthesizing work.init04.init0 
Post processing for work.init04.init0
@W: CL169 :"C:\Users\Gabriela\Desktop\PracticasG\binary-bcd\init04.vhdl":26:6:26:7|Pruning register outFlag8init_cl_8  
@W: CL169 :"C:\Users\Gabriela\Desktop\PracticasG\binary-bcd\init04.vhdl":26:6:26:7|Pruning register outFlag12init_cl_1  
@N: CL177 :"C:\Users\Gabriela\Desktop\PracticasG\binary-bcd\init04.vhdl":27:13:27:30|Sharing sequential element outFlag12init_tri_enable.
@N: CL177 :"C:\Users\Gabriela\Desktop\PracticasG\binary-bcd\init04.vhdl":27:13:27:30|Sharing sequential element outFlag12init.
Post processing for work.topp04.topp0
@W: CL189 :"C:\Users\Gabriela\Desktop\PracticasG\binary-bcd\init04.vhdl":26:6:26:7|Register bit outACA8init(0) is always 0, optimizing ...
@W: CL189 :"C:\Users\Gabriela\Desktop\PracticasG\binary-bcd\init04.vhdl":26:6:26:7|Register bit outACA12init(0) is always 0, optimizing ...
@W: CL189 :"C:\Users\Gabriela\Desktop\PracticasG\binary-bcd\init04.vhdl":26:6:26:7|Register bit outACA8init(1) is always 0, optimizing ...
@W: CL189 :"C:\Users\Gabriela\Desktop\PracticasG\binary-bcd\init04.vhdl":26:6:26:7|Register bit outACA12init(1) is always 0, optimizing ...
@W: CL189 :"C:\Users\Gabriela\Desktop\PracticasG\binary-bcd\init04.vhdl":26:6:26:7|Register bit outACA12init(2) is always 0, optimizing ...
@W: CL189 :"C:\Users\Gabriela\Desktop\PracticasG\binary-bcd\init04.vhdl":26:6:26:7|Register bit outACA12init(3) is always 0, optimizing ...
@W: CL189 :"C:\Users\Gabriela\Desktop\PracticasG\binary-bcd\init04.vhdl":26:6:26:7|Register bit outACA12init(4) is always 0, optimizing ...
@W: CL189 :"C:\Users\Gabriela\Desktop\PracticasG\binary-bcd\init04.vhdl":26:6:26:7|Register bit outACA8init(5) is always 0, optimizing ...
@W: CL189 :"C:\Users\Gabriela\Desktop\PracticasG\binary-bcd\init04.vhdl":26:6:26:7|Register bit outACA12init(5) is always 0, optimizing ...
@W: CL189 :"C:\Users\Gabriela\Desktop\PracticasG\binary-bcd\init04.vhdl":26:6:26:7|Register bit outACA8init(6) is always 0, optimizing ...
@W: CL189 :"C:\Users\Gabriela\Desktop\PracticasG\binary-bcd\init04.vhdl":26:6:26:7|Register bit outACA12init(6) is always 0, optimizing ...
@W: CL189 :"C:\Users\Gabriela\Desktop\PracticasG\binary-bcd\init04.vhdl":26:6:26:7|Register bit outACA8init(7) is always 0, optimizing ...
@W: CL189 :"C:\Users\Gabriela\Desktop\PracticasG\binary-bcd\init04.vhdl":26:6:26:7|Register bit outACA12init(7) is always 0, optimizing ...
@W: CL189 :"C:\Users\Gabriela\Desktop\PracticasG\binary-bcd\init04.vhdl":26:6:26:7|Register bit outACA12init(8) is always 0, optimizing ...
@W: CL189 :"C:\Users\Gabriela\Desktop\PracticasG\binary-bcd\init04.vhdl":26:6:26:7|Register bit outACA12init(9) is always 0, optimizing ...
@W: CL189 :"C:\Users\Gabriela\Desktop\PracticasG\binary-bcd\init04.vhdl":26:6:26:7|Register bit outACA12init(10) is always 0, optimizing ...
@W: CL189 :"C:\Users\Gabriela\Desktop\PracticasG\binary-bcd\init04.vhdl":26:6:26:7|Register bit outACA12init(11) is always 0, optimizing ...
@W: CL189 :"C:\Users\Gabriela\Desktop\PracticasG\binary-bcd\shift8bit04.vhdl":23:6:23:7|Register bit outACs(0) is always 0, optimizing ...
@W: CL247 :"C:\Users\Gabriela\Desktop\PracticasG\binary-bcd\shift8bit04.vhdl":11:1:11:5|Input port bit 7 of inacs(7 downto 0) is unused 
@W: CL246 :"C:\Users\Gabriela\Desktop\PracticasG\binary-bcd\sust04.vhdl":11:1:11:10|Input port bits 6 to 0 of inac8bitsu(7 downto 0) are unused 
@W: CL247 :"C:\Users\Gabriela\Desktop\PracticasG\binary-bcd\sust04.vhdl":12:1:12:11|Input port bit 0 of inac12bitsu(11 downto 0) is unused 
@W: CL189 :"C:\Users\Gabriela\Desktop\PracticasG\binary-bcd\shift12bit04.vhdl":23:6:23:7|Register bit outACss(0) is always 0, optimizing ...
@W: CL247 :"C:\Users\Gabriela\Desktop\PracticasG\binary-bcd\shift12bit04.vhdl":11:1:11:6|Input port bit 11 of inacss(11 downto 0) is unused 

At c_vhdl Exit (Real Time elapsed 0h:00m:00s; CPU Time elapsed 0h:00m:00s; Memory used current: 73MB peak: 73MB)

Process took 0h:00m:01s realtime, 0h:00m:01s cputime
# Sun May 29 09:03:21 2016

###########################################################]
Synopsys Netlist Linker, version comp201503sp1p1, Build 117R, built Aug 18 2015
@N|Running in 64-bit mode

At syn_nfilter Exit (Real Time elapsed 0h:00m:00s; CPU Time elapsed 0h:00m:00s; Memory used current: 68MB peak: 69MB)

Process took 0h:00m:01s realtime, 0h:00m:01s cputime
# Sun May 29 09:03:22 2016

###########################################################]
@END

At c_hdl Exit (Real Time elapsed 0h:00m:00s; CPU Time elapsed 0h:00m:00s; Memory used current: 3MB peak: 4MB)

Process took 0h:00m:01s realtime, 0h:00m:01s cputime
# Sun May 29 09:03:22 2016

###########################################################]
Synopsys Netlist Linker, version comp201503sp1p1, Build 117R, built Aug 18 2015
@N|Running in 64-bit mode

At syn_nfilter Exit (Real Time elapsed 0h:00m:00s; CPU Time elapsed 0h:00m:00s; Memory used current: 68MB peak: 69MB)

Process took 0h:00m:01s realtime, 0h:00m:01s cputime
# Sun May 29 09:03:23 2016

###########################################################]
Pre-mapping Report

Synopsys Lattice Technology Pre-mapping, Version maplat, Build 1264R, Built Aug 18 2015 10:39:57
Copyright (C) 1994-2015, Synopsys, Inc. This software and the associated documentation are proprietary to Synopsys, Inc. This software may only be used in accordance with the terms and conditions of a written license agreement with Synopsys, Inc.  All other use, reproduction, or distribution of this software is strictly prohibited.
Product Version J-2015.03L-SP1

Mapper Startup Complete (Real Time elapsed 0h:00m:00s; CPU Time elapsed 0h:00m:00s; Memory used current: 99MB peak: 99MB)

@L: C:\Users\Gabriela\Desktop\PracticasG\binary-bcd\binaryBCD\binaryBCD_binaryBCD_scck.rpt 
Printing clock  summary report in "C:\Users\Gabriela\Desktop\PracticasG\binary-bcd\binaryBCD\binaryBCD_binaryBCD_scck.rpt" file 
@N: MF248 |Running in 64-bit mode.
@N: MF666 |Clock conversion enabled 

Design Input Complete (Real Time elapsed 0h:00m:00s; CPU Time elapsed 0h:00m:00s; Memory used current: 100MB peak: 103MB)


Mapper Initialization Complete (Real Time elapsed 0h:00m:00s; CPU Time elapsed 0h:00m:00s; Memory used current: 100MB peak: 103MB)


Start loading timing files (Real Time elapsed 0h:00m:00s; CPU Time elapsed 0h:00m:00s; Memory used current: 112MB peak: 112MB)


Finished loading timing files (Real Time elapsed 0h:00m:00s; CPU Time elapsed 0h:00m:00s; Memory used current: 112MB peak: 114MB)

@W: FX474 |User-specified initial value defined for some sequential elements which can prevent optimum synthesis results from being achieved. 
ICG Latch Removal Summary:
Number of ICG latches removed:	0
Number of ICG latches not removed:	0
syn_allowed_resources : blockrams=26  set on top level netlist topp04

Finished netlist restructuring (Real Time elapsed 0h:00m:00s; CPU Time elapsed 0h:00m:00s; Memory used current: 139MB peak: 141MB)



@S |Clock Summary
*****************

Start                               Requested     Requested     Clock                          Clock              
Clock                               Frequency     Period        Type                           Group              
------------------------------------------------------------------------------------------------------------------
div04|outdiv_derived_clock          1.0 MHz       1000.000      derived (from topp04|clk0)     Inferred_clkgroup_0
pcinc04|outFlagpc_derived_clock     1.0 MHz       1000.000      derived (from topp04|clk0)     Inferred_clkgroup_0
topp04|clk0                         1.0 MHz       1000.000      inferred                       Inferred_clkgroup_0
==================================================================================================================

@W: MT529 :"c:\users\gabriela\desktop\practicasg\binary-bcd\contring04.vhdl":20:8:20:9|Found inferred clock topp04|clk0 which controls 13 sequential elements including U13.outr[3:0]. This clock has no specified timing constraint which may prevent conversion of gated or generated clocks and may adversely impact design performance. 

Pre-mapping successful!

At Mapper Exit (Real Time elapsed 0h:00m:00s; CPU Time elapsed 0h:00m:00s; Memory used current: 76MB peak: 141MB)

Process took 0h:00m:01s realtime, 0h:00m:01s cputime
# Sun May 29 09:03:24 2016

###########################################################]
Map & Optimize Report

Synopsys Lattice Technology Mapper, Version maplat, Build 1264R, Built Aug 18 2015 10:39:57
Copyright (C) 1994-2015, Synopsys, Inc. This software and the associated documentation are proprietary to Synopsys, Inc. This software may only be used in accordance with the terms and conditions of a written license agreement with Synopsys, Inc.  All other use, reproduction, or distribution of this software is strictly prohibited.
Product Version J-2015.03L-SP1

Mapper Startup Complete (Real Time elapsed 0h:00m:00s; CPU Time elapsed 0h:00m:00s; Memory used current: 99MB peak: 99MB)

@N: MF248 |Running in 64-bit mode.
@N: MF666 |Clock conversion enabled 

Design Input Complete (Real Time elapsed 0h:00m:00s; CPU Time elapsed 0h:00m:00s; Memory used current: 98MB peak: 100MB)


Mapper Initialization Complete (Real Time elapsed 0h:00m:00s; CPU Time elapsed 0h:00m:00s; Memory used current: 98MB peak: 100MB)


Start loading timing files (Real Time elapsed 0h:00m:00s; CPU Time elapsed 0h:00m:00s; Memory used current: 110MB peak: 111MB)


Finished loading timing files (Real Time elapsed 0h:00m:00s; CPU Time elapsed 0h:00m:00s; Memory used current: 111MB peak: 113MB)



Starting Optimization and Mapping (Real Time elapsed 0h:00m:00s; CPU Time elapsed 0h:00m:00s; Memory used current: 138MB peak: 140MB)

@W: BN132 :"c:\users\gabriela\desktop\practicasg\binary-bcd\sust04.vhdl":27:13:27:28|Removing sequential instance U08.outFlagsu_1,  because it is equivalent to instance U02.outFlagLp_1

Available hyper_sources - for debug and ip models
	None Found

@N: FA239 :"c:\users\gabriela\desktop\practicasg\binary-bcd\leeinst04.vhdl":31:26:31:31|ROM outcode_1[2:0] mapped in logic.
@N: FA239 :"c:\users\gabriela\desktop\practicasg\binary-bcd\leeinst04.vhdl":31:26:31:31|ROM outcode_1[2:0] mapped in logic.
@N: MO106 :"c:\users\gabriela\desktop\practicasg\binary-bcd\leeinst04.vhdl":31:26:31:31|Found ROM, 'outcode_1[2:0]', 16 words by 3 bits 
@N: FA239 :"c:\users\gabriela\desktop\practicasg\binary-bcd\codernibbles04.vhdl":82:7:82:10|ROM outC_1[6:0] mapped in logic.
@N: FA239 :"c:\users\gabriela\desktop\practicasg\binary-bcd\codernibbles04.vhdl":55:7:55:10|ROM outD_1[6:0] mapped in logic.
@N: FA239 :"c:\users\gabriela\desktop\practicasg\binary-bcd\codernibbles04.vhdl":28:7:28:10|ROM outU_1[6:0] mapped in logic.
@N: FA239 :"c:\users\gabriela\desktop\practicasg\binary-bcd\codernibbles04.vhdl":82:7:82:10|ROM outC_1[6:0] mapped in logic.
@N: MO106 :"c:\users\gabriela\desktop\practicasg\binary-bcd\codernibbles04.vhdl":82:7:82:10|Found ROM, 'outC_1[6:0]', 10 words by 7 bits 
@N: FA239 :"c:\users\gabriela\desktop\practicasg\binary-bcd\codernibbles04.vhdl":55:7:55:10|ROM outD_1[6:0] mapped in logic.
@N: MO106 :"c:\users\gabriela\desktop\practicasg\binary-bcd\codernibbles04.vhdl":55:7:55:10|Found ROM, 'outD_1[6:0]', 10 words by 7 bits 
@N: FA239 :"c:\users\gabriela\desktop\practicasg\binary-bcd\codernibbles04.vhdl":28:7:28:10|ROM outU_1[6:0] mapped in logic.
@N: MO106 :"c:\users\gabriela\desktop\practicasg\binary-bcd\codernibbles04.vhdl":28:7:28:10|Found ROM, 'outU_1[6:0]', 10 words by 7 bits 
@W: BN132 :"c:\users\gabriela\desktop\practicasg\binary-bcd\shift12bit04.vhdl":25:13:25:14|Removing user instance U10.outACss_cl_23[11],  because it is equivalent to instance U10.outACss_cl_22[11]
@W: BN132 :"c:\users\gabriela\desktop\practicasg\binary-bcd\shift12bit04.vhdl":25:13:25:14|Removing user instance U10.outACss_cl_22[11],  because it is equivalent to instance U10.outACss_cl_20[11]
@W: BN132 :"c:\users\gabriela\desktop\practicasg\binary-bcd\shift12bit04.vhdl":25:13:25:14|Removing user instance U10.outACss_cl_21[11],  because it is equivalent to instance U10.outACss_cl_19[11]
@W: BN132 :"c:\users\gabriela\desktop\practicasg\binary-bcd\shift12bit04.vhdl":25:13:25:14|Removing user instance U10.outACss_cl_20[11],  because it is equivalent to instance U10.outACss_cl_18[11]
@W: BN132 :"c:\users\gabriela\desktop\practicasg\binary-bcd\shift12bit04.vhdl":25:13:25:14|Removing user instance U10.outACss_cl_19[11],  because it is equivalent to instance U10.outACss_cl_17[11]
@W: BN132 :"c:\users\gabriela\desktop\practicasg\binary-bcd\shift12bit04.vhdl":25:13:25:14|Removing user instance U10.outACss_cl_18[11],  because it is equivalent to instance U10.outACss_cl_16[11]
@W: BN132 :"c:\users\gabriela\desktop\practicasg\binary-bcd\shift12bit04.vhdl":25:13:25:14|Removing user instance U10.outACss_cl_17[11],  because it is equivalent to instance U10.outACss_cl_15[11]
@W: BN132 :"c:\users\gabriela\desktop\practicasg\binary-bcd\shift12bit04.vhdl":25:13:25:14|Removing user instance U10.outACss_cl_16[11],  because it is equivalent to instance U10.outACss_cl_14[11]
@W: BN132 :"c:\users\gabriela\desktop\practicasg\binary-bcd\shift12bit04.vhdl":25:13:25:14|Removing user instance U10.outACss_cl_15[11],  because it is equivalent to instance U10.outACss_cl_13[11]
@N: BN362 :"c:\users\gabriela\desktop\practicasg\binary-bcd\shift12bit04.vhdl":23:6:23:7|Removing sequential instance outACss_cl_11[11] of view:PrimLib.dff(prim) in hierarchy view:work.shift12bit04(shift12bit0) because there are no references to its outputs 
@N: BN362 :"c:\users\gabriela\desktop\practicasg\binary-bcd\shift12bit04.vhdl":23:6:23:7|Removing sequential instance outACss_cl_9[11] of view:PrimLib.dff(prim) in hierarchy view:work.shift12bit04(shift12bit0) because there are no references to its outputs 
@N: BN362 :"c:\users\gabriela\desktop\practicasg\binary-bcd\shift12bit04.vhdl":23:6:23:7|Removing sequential instance outACss_cl_8[11] of view:PrimLib.dff(prim) in hierarchy view:work.shift12bit04(shift12bit0) because there are no references to its outputs 
@N: BN362 :"c:\users\gabriela\desktop\practicasg\binary-bcd\shift12bit04.vhdl":23:6:23:7|Removing sequential instance outACss_cl_7[11] of view:PrimLib.dff(prim) in hierarchy view:work.shift12bit04(shift12bit0) because there are no references to its outputs 
@N: BN362 :"c:\users\gabriela\desktop\practicasg\binary-bcd\shift12bit04.vhdl":23:6:23:7|Removing sequential instance outACss_cl_6[11] of view:PrimLib.dff(prim) in hierarchy view:work.shift12bit04(shift12bit0) because there are no references to its outputs 
@N: BN362 :"c:\users\gabriela\desktop\practicasg\binary-bcd\shift12bit04.vhdl":23:6:23:7|Removing sequential instance outACss_cl_5[11] of view:PrimLib.dff(prim) in hierarchy view:work.shift12bit04(shift12bit0) because there are no references to its outputs 
@N: BN362 :"c:\users\gabriela\desktop\practicasg\binary-bcd\shift12bit04.vhdl":23:6:23:7|Removing sequential instance outACss_cl_4[11] of view:PrimLib.dff(prim) in hierarchy view:work.shift12bit04(shift12bit0) because there are no references to its outputs 
@N: BN362 :"c:\users\gabriela\desktop\practicasg\binary-bcd\shift12bit04.vhdl":23:6:23:7|Removing sequential instance outACss_cl_2[11] of view:PrimLib.dff(prim) in hierarchy view:work.shift12bit04(shift12bit0) because there are no references to its outputs 
@N: BN362 :"c:\users\gabriela\desktop\practicasg\binary-bcd\shift8bit04.vhdl":23:6:23:7|Removing sequential instance outACs_cl_4[7] of view:PrimLib.dff(prim) in hierarchy view:work.shift8bit04(shift8bit0) because there are no references to its outputs 
@N: BN362 :"c:\users\gabriela\desktop\practicasg\binary-bcd\shift8bit04.vhdl":23:6:23:7|Removing sequential instance outACs_cl_3[7] of view:PrimLib.dff(prim) in hierarchy view:work.shift8bit04(shift8bit0) because there are no references to its outputs 
@N: BN362 :"c:\users\gabriela\desktop\practicasg\binary-bcd\shift8bit04.vhdl":23:6:23:7|Removing sequential instance outACs_cl_2[7] of view:PrimLib.dff(prim) in hierarchy view:work.shift8bit04(shift8bit0) because there are no references to its outputs 
@N: BN362 :"c:\users\gabriela\desktop\practicasg\binary-bcd\init04.vhdl":26:6:26:7|Removing sequential instance outACA8init_1[4] of view:PrimLib.sdffse(prim) in hierarchy view:work.init04(init0) because there are no references to its outputs 
@N: BN362 :"c:\users\gabriela\desktop\practicasg\binary-bcd\sust04.vhdl":26:5:26:6|Removing sequential instance U08.outAC12bitsu_cl_11[11] of view:PrimLib.dff(prim) in hierarchy view:work.topp04(topp0) because there are no references to its outputs 
@N: BN362 :"c:\users\gabriela\desktop\practicasg\binary-bcd\sust04.vhdl":26:5:26:6|Removing sequential instance U08.outAC12bitsu_cl_9[11] of view:PrimLib.dff(prim) in hierarchy view:work.topp04(topp0) because there are no references to its outputs 
@N: BN362 :"c:\users\gabriela\desktop\practicasg\binary-bcd\sust04.vhdl":26:5:26:6|Removing sequential instance U08.outAC12bitsu_cl_7[11] of view:PrimLib.dff(prim) in hierarchy view:work.topp04(topp0) because there are no references to its outputs 
@N: BN362 :"c:\users\gabriela\desktop\practicasg\binary-bcd\sust04.vhdl":26:5:26:6|Removing sequential instance U08.outAC12bitsu_cl_6[11] of view:PrimLib.dff(prim) in hierarchy view:work.topp04(topp0) because there are no references to its outputs 
@N: BN362 :"c:\users\gabriela\desktop\practicasg\binary-bcd\sust04.vhdl":26:5:26:6|Removing sequential instance U08.outAC12bitsu_cl_5[11] of view:PrimLib.dff(prim) in hierarchy view:work.topp04(topp0) because there are no references to its outputs 
@N: BN362 :"c:\users\gabriela\desktop\practicasg\binary-bcd\sust04.vhdl":26:5:26:6|Removing sequential instance U08.outAC12bitsu_cl_4[11] of view:PrimLib.dff(prim) in hierarchy view:work.topp04(topp0) because there are no references to its outputs 
@N: BN362 :"c:\users\gabriela\desktop\practicasg\binary-bcd\sust04.vhdl":26:5:26:6|Removing sequential instance U08.outAC12bitsu_cl_3[11] of view:PrimLib.dff(prim) in hierarchy view:work.topp04(topp0) because there are no references to its outputs 
@N: BN362 :"c:\users\gabriela\desktop\practicasg\binary-bcd\sust04.vhdl":26:5:26:6|Removing sequential instance U08.outAC12bitsu_cl_2[11] of view:PrimLib.dff(prim) in hierarchy view:work.topp04(topp0) because there are no references to its outputs 
@N: BN362 :"c:\users\gabriela\desktop\practicasg\binary-bcd\portab04.vhdl":22:6:22:7|Removing sequential instance U02.ACLpA_cl_7[7] of view:PrimLib.dff(prim) in hierarchy view:work.topp04(topp0) because there are no references to its outputs 
@N: BN362 :"c:\users\gabriela\desktop\practicasg\binary-bcd\portab04.vhdl":22:6:22:7|Removing sequential instance U02.ACLpA_cl_6[7] of view:PrimLib.dff(prim) in hierarchy view:work.topp04(topp0) because there are no references to its outputs 
@N: BN362 :"c:\users\gabriela\desktop\practicasg\binary-bcd\portab04.vhdl":22:6:22:7|Removing sequential instance U02.ACLpA_cl_5[7] of view:PrimLib.dff(prim) in hierarchy view:work.topp04(topp0) because there are no references to its outputs 
@N: BN362 :"c:\users\gabriela\desktop\practicasg\binary-bcd\portab04.vhdl":22:6:22:7|Removing sequential instance U02.ACLpA_cl_4[7] of view:PrimLib.dff(prim) in hierarchy view:work.topp04(topp0) because there are no references to its outputs 
@N: BN362 :"c:\users\gabriela\desktop\practicasg\binary-bcd\portab04.vhdl":22:6:22:7|Removing sequential instance U02.ACLpA_cl_3[7] of view:PrimLib.dff(prim) in hierarchy view:work.topp04(topp0) because there are no references to its outputs 
@N: BN362 :"c:\users\gabriela\desktop\practicasg\binary-bcd\compadd04.vhdl":24:5:24:6|Removing sequential instance U09.outBuf12ca_cl_11[11] of view:PrimLib.dff(prim) in hierarchy view:work.topp04(topp0) because there are no references to its outputs 
@N: BN362 :"c:\users\gabriela\desktop\practicasg\binary-bcd\compadd04.vhdl":24:5:24:6|Removing sequential instance U09.outBuf12ca_cl_10[11] of view:PrimLib.dff(prim) in hierarchy view:work.topp04(topp0) because there are no references to its outputs 
@N: BN362 :"c:\users\gabriela\desktop\practicasg\binary-bcd\compadd04.vhdl":24:5:24:6|Removing sequential instance U09.outBuf12ca_cl_9[11] of view:PrimLib.dff(prim) in hierarchy view:work.topp04(topp0) because there are no references to its outputs 
@N: BN362 :"c:\users\gabriela\desktop\practicasg\binary-bcd\compadd04.vhdl":24:5:24:6|Removing sequential instance U09.outBuf12ca_cl_8[11] of view:PrimLib.dff(prim) in hierarchy view:work.topp04(topp0) because there are no references to its outputs 
@N: BN362 :"c:\users\gabriela\desktop\practicasg\binary-bcd\compadd04.vhdl":24:5:24:6|Removing sequential instance U09.outBuf12ca_cl_7[11] of view:PrimLib.dff(prim) in hierarchy view:work.topp04(topp0) because there are no references to its outputs 
@N: BN362 :"c:\users\gabriela\desktop\practicasg\binary-bcd\compadd04.vhdl":24:5:24:6|Removing sequential instance U09.outBuf12ca_cl_6[11] of view:PrimLib.dff(prim) in hierarchy view:work.topp04(topp0) because there are no references to its outputs 
@N: BN362 :"c:\users\gabriela\desktop\practicasg\binary-bcd\compadd04.vhdl":24:5:24:6|Removing sequential instance U09.outBuf12ca_cl_5[11] of view:PrimLib.dff(prim) in hierarchy view:work.topp04(topp0) because there are no references to its outputs 
@N: BN362 :"c:\users\gabriela\desktop\practicasg\binary-bcd\compadd04.vhdl":24:5:24:6|Removing sequential instance U09.outBuf12ca_cl_4[11] of view:PrimLib.dff(prim) in hierarchy view:work.topp04(topp0) because there are no references to its outputs 
@N: BN362 :"c:\users\gabriela\desktop\practicasg\binary-bcd\compadd04.vhdl":24:5:24:6|Removing sequential instance U09.outBuf12ca_cl_3[11] of view:PrimLib.dff(prim) in hierarchy view:work.topp04(topp0) because there are no references to its outputs 
@N: BN362 :"c:\users\gabriela\desktop\practicasg\binary-bcd\compadd04.vhdl":24:5:24:6|Removing sequential instance U09.outBuf12ca_cl_2[11] of view:PrimLib.dff(prim) in hierarchy view:work.topp04(topp0) because there are no references to its outputs 
@N: BN362 :"c:\users\gabriela\desktop\practicasg\binary-bcd\compadd04.vhdl":24:5:24:6|Removing sequential instance U09.outBuf12ca_cl[11] of view:PrimLib.dff(prim) in hierarchy view:work.topp04(topp0) because there are no references to its outputs 

Finished RTL optimizations (Real Time elapsed 0h:00m:00s; CPU Time elapsed 0h:00m:00s; Memory used current: 139MB peak: 140MB)

@W: MO129 :"c:\users\gabriela\desktop\practicasg\binary-bcd\leeinst04.vhdl":30:9:30:10|Sequential instance U05.outcode[3] reduced to a combinational gate by constant propagation

Finished factoring (Real Time elapsed 0h:00m:00s; CPU Time elapsed 0h:00m:00s; Memory used current: 140MB peak: 140MB)

@N: MF578 :"c:\users\gabriela\desktop\practicasg\binary-bcd\ac12bit0.vhdl":22:7:22:8|Incompatible asynchronous control logic preventing generated clock conversion of U07.aux (view:work.topp04(topp0)).

Finished gated-clock and generated-clock conversion (Real Time elapsed 0h:00m:00s; CPU Time elapsed 0h:00m:00s; Memory used current: 140MB peak: 140MB)


Finished generic timing optimizations - Pass 1 (Real Time elapsed 0h:00m:00s; CPU Time elapsed 0h:00m:00s; Memory used current: 140MB peak: 141MB)


Starting Early Timing Optimization (Real Time elapsed 0h:00m:00s; CPU Time elapsed 0h:00m:00s; Memory used current: 141MB peak: 141MB)


Finished Early Timing Optimization (Real Time elapsed 0h:00m:00s; CPU Time elapsed 0h:00m:00s; Memory used current: 141MB peak: 141MB)


Finished generic timing optimizations - Pass 2 (Real Time elapsed 0h:00m:00s; CPU Time elapsed 0h:00m:00s; Memory used current: 140MB peak: 141MB)


Finished preparing to map (Real Time elapsed 0h:00m:00s; CPU Time elapsed 0h:00m:00s; Memory used current: 141MB peak: 141MB)


Finished technology mapping (Real Time elapsed 0h:00m:01s; CPU Time elapsed 0h:00m:00s; Memory used current: 144MB peak: 145MB)

Pass		 CPU time		Worst Slack		Luts / Registers
------------------------------------------------------------
   1		0h:00m:00s		   494.61ns		 181 /       131

Finished technology timing optimizations and critical path resynthesis (Real Time elapsed 0h:00m:01s; CPU Time elapsed 0h:00m:01s; Memory used current: 144MB peak: 145MB)

@N: FX164 |The option to pack registers in the IOB has not been specified. Please set syn_useioff attribute.  

Finished restoring hierarchy (Real Time elapsed 0h:00m:01s; CPU Time elapsed 0h:00m:01s; Memory used current: 144MB peak: 145MB)



#### START OF CLOCK OPTIMIZATION REPORT #####[

1 non-gated/non-generated clock tree(s) driving 13 clock pin(s) of sequential element(s)
2 gated/generated clock tree(s) driving 121 clock pin(s) of sequential element(s)
0 instances converted, 121 sequential instances remain driven by gated/generated clocks

=========================== Non-Gated/Non-Generated Clocks ============================
Clock Tree ID     Driving Element     Drive Element Type     Fanout     Sample Instance
---------------------------------------------------------------------------------------
@K:CKID0003       clk0                port                   13         U13.outr[2]    
=======================================================================================
================================================= Gated/Generated Clocks ==================================================
Clock Tree ID     Driving Element     Drive Element Type     Fanout     Sample Instance            Explanation             
---------------------------------------------------------------------------------------------------------------------------
@K:CKID0001       U14.outdiv          FD1S3DX                118        U08.outAC12bitsu_1[11]     Inferred clock from port
@K:CKID0002       U03.outFlagpc       FD1S3AX                3          U05.outcode[2]             Inferred clock from port
===========================================================================================================================


##### END OF CLOCK OPTIMIZATION REPORT ######]


Start Writing Netlists (Real Time elapsed 0h:00m:01s; CPU Time elapsed 0h:00m:01s; Memory used current: 112MB peak: 145MB)

Writing Analyst data base C:\Users\Gabriela\Desktop\PracticasG\binary-bcd\binaryBCD\synwork\binaryBCD_binaryBCD_m.srm

Finished Writing Netlist Databases (Real Time elapsed 0h:00m:01s; CPU Time elapsed 0h:00m:01s; Memory used current: 144MB peak: 145MB)

Writing EDIF Netlist and constraint files
J-2015.03L-SP1
@N: BW106 |Synplicity Constraint File capacitance units using default value of 1pF 

Finished Writing EDIF Netlist and constraint files (Real Time elapsed 0h:00m:02s; CPU Time elapsed 0h:00m:02s; Memory used current: 147MB peak: 149MB)


Start final timing analysis (Real Time elapsed 0h:00m:02s; CPU Time elapsed 0h:00m:02s; Memory used current: 147MB peak: 149MB)

@W: MT420 |Found inferred clock topp04|clk0 with period 1000.00ns. Please declare a user-defined clock on object "p:clk0"

Found clock div04|outdiv_derived_clock with period 1000.00ns 
Found clock pcinc04|outFlagpc_derived_clock with period 1000.00ns 


@S |##### START OF TIMING REPORT #####[
# Timing Report written on Sun May 29 09:03:27 2016
#


Top view:               topp04
Requested Frequency:    1.0 MHz
Wire load mode:         top
Paths requested:        5
Constraint File(s):    
@N: MT320 |Timing report estimates place and route data. Please look at the place and route timing report for final timing.

@N: MT322 |Clock constraints cover only FF-to-FF paths associated with the clock.



Performance Summary 
*******************


Worst slack in design: 993.880

                                    Requested     Estimated     Requested     Estimated                 Clock                          Clock              
Starting Clock                      Frequency     Frequency     Period        Period        Slack       Type                           Group              
----------------------------------------------------------------------------------------------------------------------------------------------------------
div04|outdiv_derived_clock          1.0 MHz       163.4 MHz     1000.000      6.120         997.868     derived (from topp04|clk0)     Inferred_clkgroup_0
pcinc04|outFlagpc_derived_clock     1.0 MHz       163.4 MHz     1000.000      6.120         993.880     derived (from topp04|clk0)     Inferred_clkgroup_0
topp04|clk0                         1.0 MHz       501.7 MHz     1000.000      1.993         998.007     inferred                       Inferred_clkgroup_0
==========================================================================================================================================================





Clock Relationships
*******************

Clocks                                                            |    rise  to  rise      |    fall  to  fall   |    rise  to  fall   |    fall  to  rise 
-----------------------------------------------------------------------------------------------------------------------------------------------------------
Starting                         Ending                           |  constraint  slack     |  constraint  slack  |  constraint  slack  |  constraint  slack
-----------------------------------------------------------------------------------------------------------------------------------------------------------
topp04|clk0                      topp04|clk0                      |  1000.000    998.007   |  No paths    -      |  No paths    -      |  No paths    -    
div04|outdiv_derived_clock       div04|outdiv_derived_clock       |  1000.000    1994.089  |  No paths    -      |  No paths    -      |  No paths    -    
div04|outdiv_derived_clock       pcinc04|outFlagpc_derived_clock  |  1000.000    997.868   |  No paths    -      |  No paths    -      |  No paths    -    
pcinc04|outFlagpc_derived_clock  div04|outdiv_derived_clock       |  1000.000    993.880   |  No paths    -      |  No paths    -      |  No paths    -    
===========================================================================================================================================================
 Note: 'No paths' indicates there are no paths in the design for that pair of clock edges.
       'Diff grp' indicates that paths exist but the starting clock and ending clock are in different clock groups.



Interface Information 
*********************

No IO constraint found



====================================
Detailed Report for Clock: div04|outdiv_derived_clock
====================================



Starting Points with Worst Slack
********************************

                                Starting                                                                        Arrival             
Instance                        Reference                      Type         Pin     Net                         Time        Slack   
                                Clock                                                                                               
------------------------------------------------------------------------------------------------------------------------------------
U03.outpc[0]                    div04|outdiv_derived_clock     FD1S3IX      Q       outpcport_c[0]              1.204       997.868 
U03.outpc[1]                    div04|outdiv_derived_clock     FD1S3IX      Q       outpcport_c[1]              1.188       997.884 
U03.outpc[2]                    div04|outdiv_derived_clock     FD1S3IX      Q       outpcport_c[2]              1.188       997.884 
U03.outpc[3]                    div04|outdiv_derived_clock     FD1S3IX      Q       outpcport_c[3]              1.180       997.892 
U04_outFlagac8io                div04|outdiv_derived_clock     IFS1P3DX     Q       sFlag8out_c                 1.108       1994.089
U11.outFlagIt                   div04|outdiv_derived_clock     FD1S3IX      Q       soutFlagIt                  1.108       1995.034
U07.outFlagac12                 div04|outdiv_derived_clock     FD1S3JX      Q       sFlag12out_c                1.180       1995.034
U01.outFlag8init_tri_enable     div04|outdiv_derived_clock     FD1S3IX      Q       outFlag8init_tri_enable     1.148       1995.626
U02.outFlagLp_1                 div04|outdiv_derived_clock     FD1S3AX      Q       outFlagsu_1                 1.148       1995.626
U01.outFlag8init_1              div04|outdiv_derived_clock     FD1S3JX      Q       outFlag8init_1              1.108       1995.666
====================================================================================================================================


Ending Points with Worst Slack
******************************

                   Starting                                                            Required             
Instance           Reference                      Type        Pin     Net              Time         Slack   
                   Clock                                                                                    
------------------------------------------------------------------------------------------------------------
U05.outcode[0]     div04|outdiv_derived_clock     FD1S1AY     D       N_9_i            1000.089     997.868 
U05.outcode[1]     div04|outdiv_derived_clock     FD1S1AY     D       N_11_i           1000.089     997.868 
U05.outcode[2]     div04|outdiv_derived_clock     FD1S1AY     D       N_13_i           1000.089     997.868 
U03.outpc[2]       div04|outdiv_derived_clock     FD1S3IX     D       outpc_5[2]       2000.089     1994.089
U03.outpc[3]       div04|outdiv_derived_clock     FD1S3IX     D       outpc_5[3]       2000.089     1994.089
U03.outpc[0]       div04|outdiv_derived_clock     FD1S3IX     D       outpc_5[0]       2000.089     1995.178
U03.outpc[1]       div04|outdiv_derived_clock     FD1S3IX     D       outpc_5[1]       2000.089     1995.178
U07.outac12[0]     div04|outdiv_derived_clock     FD1P3AX     SP      aux_0_sqmuxa     1999.528     1995.626
U07.outac12[1]     div04|outdiv_derived_clock     FD1P3AX     SP      aux_0_sqmuxa     1999.528     1995.626
U07.outac12[2]     div04|outdiv_derived_clock     FD1P3AX     SP      aux_0_sqmuxa     1999.528     1995.626
============================================================================================================



Worst Path Information
***********************


Path information for path number 1: 
      Requested Period:                      1000.000
    - Setup time:                            -0.089
    + Clock delay at ending point:           0.000 (ideal)
    = Required time:                         1000.089

    - Propagation time:                      2.221
    - Clock delay at starting point:         0.000 (ideal)
    = Slack (non-critical) :                 997.868

    Number of logic level(s):                1
    Starting point:                          U03.outpc[0] / Q
    Ending point:                            U05.outcode[0] / D
    The start point is clocked by            div04|outdiv_derived_clock [rising] on pin CK
    The end   point is clocked by            pcinc04|outFlagpc_derived_clock [rising] on pin CK

Instance / Net                      Pin      Pin               Arrival     No. of    
Name                   Type         Name     Dir     Delay     Time        Fan Out(s)
-------------------------------------------------------------------------------------
U03.outpc[0]           FD1S3IX      Q        Out     1.204     1.204       -         
outpcport_c[0]         Net          -        -       -         -           7         
U05.outcode_RNO[0]     ORCALUT4     A        In      0.000     1.204       -         
U05.outcode_RNO[0]     ORCALUT4     Z        Out     1.017     2.221       -         
N_9_i                  Net          -        -       -         -           1         
U05.outcode[0]         FD1S1AY      D        In      0.000     2.221       -         
=====================================================================================




====================================
Detailed Report for Clock: pcinc04|outFlagpc_derived_clock
====================================



Starting Points with Worst Slack
********************************

                   Starting                                                                     Arrival            
Instance           Reference                           Type        Pin     Net                  Time        Slack  
                   Clock                                                                                           
-------------------------------------------------------------------------------------------------------------------
U05.outcode[2]     pcinc04|outFlagpc_derived_clock     FD1S1AY     Q       outcodeport_c[2]     1.317       993.880
U05.outcode[1]     pcinc04|outFlagpc_derived_clock     FD1S1AY     Q       outcodeport_c[1]     1.314       993.883
U05.outcode[0]     pcinc04|outFlagpc_derived_clock     FD1S1AY     Q       outcodeport_c[0]     1.309       993.888
===================================================================================================================


Ending Points with Worst Slack
******************************

                     Starting                                                                    Required            
Instance             Reference                           Type        Pin     Net                 Time         Slack  
                     Clock                                                                                           
---------------------------------------------------------------------------------------------------------------------
U03.outpc[2]         pcinc04|outFlagpc_derived_clock     FD1S3IX     D       outpc_5[2]          1000.089     993.880
U03.outpc[3]         pcinc04|outFlagpc_derived_clock     FD1S3IX     D       outpc_5[3]          1000.089     993.880
U03.outpc[0]         pcinc04|outFlagpc_derived_clock     FD1S3IX     D       outpc_5[0]          1000.089     994.969
U03.outpc[1]         pcinc04|outFlagpc_derived_clock     FD1S3IX     D       outpc_5[1]          1000.089     994.969
U10.outACss_1[1]     pcinc04|outFlagpc_derived_clock     FD1P3AX     SP      outACss_1ce[10]     999.528      995.842
U10.outACss_1[2]     pcinc04|outFlagpc_derived_clock     FD1P3AX     SP      outACss_1ce[10]     999.528      995.842
U10.outACss_1[3]     pcinc04|outFlagpc_derived_clock     FD1P3AX     SP      outACss_1ce[10]     999.528      995.842
U10.outACss_1[4]     pcinc04|outFlagpc_derived_clock     FD1P3AX     SP      outACss_1ce[10]     999.528      995.842
U10.outACss_1[5]     pcinc04|outFlagpc_derived_clock     FD1P3AX     SP      outACss_1ce[10]     999.528      995.842
U10.outACss_1[6]     pcinc04|outFlagpc_derived_clock     FD1P3AX     SP      outACss_1ce[10]     999.528      995.842
=====================================================================================================================



Worst Path Information
***********************


Path information for path number 1: 
      Requested Period:                      1000.000
    - Setup time:                            -0.089
    + Clock delay at ending point:           0.000 (ideal)
    = Required time:                         1000.089

    - Propagation time:                      6.209
    - Clock delay at starting point:         0.000 (ideal)
    = Slack (critical) :                     993.880

    Number of logic level(s):                5
    Starting point:                          U05.outcode[2] / Q
    Ending point:                            U03.outpc[2] / D
    The start point is clocked by            pcinc04|outFlagpc_derived_clock [rising] on pin CK
    The end   point is clocked by            div04|outdiv_derived_clock [rising] on pin CK

Instance / Net                                Pin      Pin               Arrival     No. of    
Name                             Type         Name     Dir     Delay     Time        Fan Out(s)
-----------------------------------------------------------------------------------------------
U05.outcode[2]                   FD1S1AY      Q        Out     1.317     1.317       -         
outcodeport_c[2]                 Net          -        -       -         -           31        
U03.un3_inflagac8bit_10_i_a2     ORCALUT4     C        In      0.000     1.317       -         
U03.un3_inflagac8bit_10_i_a2     ORCALUT4     Z        Out     1.017     2.333       -         
un3_inflagac8bit_10_i_a2         Net          -        -       -         -           1         
U03.un3_inflagac8bit_10_i_0      ORCALUT4     A        In      0.000     2.333       -         
U03.un3_inflagac8bit_10_i_0      ORCALUT4     Z        Out     1.017     3.350       -         
un3_inflagac8bit_10_i_0          Net          -        -       -         -           1         
U03.un3_inflagac8bit_10_i        ORCALUT4     B        In      0.000     3.350       -         
U03.un3_inflagac8bit_10_i        ORCALUT4     Z        Out     1.153     4.503       -         
un3_inflagac8bit_10_i            Net          -        -       -         -           3         
U03.un1_outpc_ac0_1              ORCALUT4     A        In      0.000     4.503       -         
U03.un1_outpc_ac0_1              ORCALUT4     Z        Out     1.089     5.592       -         
un1_outpc_c2                     Net          -        -       -         -           2         
U03.pcprocess\.outpc_5[2]        ORCALUT4     B        In      0.000     5.592       -         
U03.pcprocess\.outpc_5[2]        ORCALUT4     Z        Out     0.617     6.209       -         
outpc_5[2]                       Net          -        -       -         -           1         
U03.outpc[2]                     FD1S3IX      D        In      0.000     6.209       -         
===============================================================================================




====================================
Detailed Report for Clock: topp04|clk0
====================================



Starting Points with Worst Slack
********************************

                    Starting                                            Arrival            
Instance            Reference       Type        Pin     Net             Time        Slack  
                    Clock                                                                  
-------------------------------------------------------------------------------------------
U14.outdiv          topp04|clk0     FD1S3DX     Q       outdiv_i        1.465       998.007
U14.QR[1]           topp04|clk0     FD1S3DX     Q       QR[1]           1.180       998.292
U14.QR[0]           topp04|clk0     FD1S3DX     Q       QR[0]           1.148       998.324
U14.QR[2]           topp04|clk0     FD1S3DX     Q       QR[2]           1.148       998.324
U14.QR[3]           topp04|clk0     FD1S3DX     Q       QR[3]           1.108       998.364
U13.sintRing[0]     topp04|clk0     FD1S3IX     Q       sintRing[0]     1.044       998.851
U13.sintRing[1]     topp04|clk0     FD1S3JX     Q       sintRing[1]     1.044       998.851
U13.sintRing[2]     topp04|clk0     FD1S3JX     Q       sintRing[2]     1.044       998.851
U13.sintRing[3]     topp04|clk0     FD1S3JX     Q       sintRing[3]     1.044       998.851
===========================================================================================


Ending Points with Worst Slack
******************************

                    Starting                                                 Required            
Instance            Reference       Type         Pin     Net                 Time         Slack  
                    Clock                                                                        
-------------------------------------------------------------------------------------------------
U14.outdiv          topp04|clk0     FD1S3DX      D       outdiv_RNO          1000.089     998.007
U14.QR[0]           topp04|clk0     FD1S3DX      D       QR_3[0]             1000.089     998.292
U14.QR[1]           topp04|clk0     FD1S3DX      D       QR_RNO[1]           1000.089     998.292
U14.QR[2]           topp04|clk0     FD1S3DX      D       QR_RNO[2]           1000.089     998.292
U14.QR[3]           topp04|clk0     FD1S3DX      D       QR_3[3]             1000.089     998.292
U13_outrio[3]       topp04|clk0     OFS1P3DX     D       U13.sintRing[3]     999.894      998.851
U13.outr[0]         topp04|clk0     FD1P3AX      D       sintRing[0]         999.894      998.851
U13.outr[1]         topp04|clk0     FD1P3AX      D       sintRing[1]         999.894      998.851
U13.outr[2]         topp04|clk0     FD1P3AX      D       sintRing[2]         999.894      998.851
U13.sintRing[0]     topp04|clk0     FD1S3IX      D       sintRing[3]         999.894      998.851
=================================================================================================



Worst Path Information
***********************


Path information for path number 1: 
      Requested Period:                      1000.000
    - Setup time:                            -0.089
    + Clock delay at ending point:           0.000 (ideal)
    = Required time:                         1000.089

    - Propagation time:                      2.082
    - Clock delay at starting point:         0.000 (ideal)
    = Slack (non-critical) :                 998.007

    Number of logic level(s):                1
    Starting point:                          U14.outdiv / Q
    Ending point:                            U14.outdiv / D
    The start point is clocked by            topp04|clk0 [rising] on pin CK
    The end   point is clocked by            topp04|clk0 [rising] on pin CK

Instance / Net                  Pin      Pin               Arrival     No. of    
Name               Type         Name     Dir     Delay     Time        Fan Out(s)
---------------------------------------------------------------------------------
U14.outdiv         FD1S3DX      Q        Out     1.465     1.465       -         
outdiv_i           Net          -        -       -         -           120       
U14.outdiv_RNO     ORCALUT4     A        In      0.000     1.465       -         
U14.outdiv_RNO     ORCALUT4     Z        Out     0.617     2.082       -         
outdiv_RNO         Net          -        -       -         -           1         
U14.outdiv         FD1S3DX      D        In      0.000     2.082       -         
=================================================================================



##### END OF TIMING REPORT #####]


Finished final timing analysis (Real Time elapsed 0h:00m:02s; CPU Time elapsed 0h:00m:02s; Memory used current: 147MB peak: 149MB)


Finished timing report (Real Time elapsed 0h:00m:02s; CPU Time elapsed 0h:00m:02s; Memory used current: 147MB peak: 149MB)

---------------------------------------
Resource Usage Report
Part: lcmxo2_7000he-5

Register bits: 131 of 6864 (2%)
Latch bits:      3
PIC Latch:       0
I/O cells:       56


Details:
BB:             2
FD1P3AX:        79
FD1S1AY:        3
FD1S3AX:        6
FD1S3DX:        5
FD1S3IX:        25
FD1S3JX:        6
GSR:            1
IB:             10
IFS1P3DX:       9
INV:            3
OB:             44
OFS1P3DX:       1
ORCALUT4:       174
PUR:            1
VHI:            14
VLO:            12
false:          3
true:           1
Mapper successful!

At Mapper Exit (Real Time elapsed 0h:00m:02s; CPU Time elapsed 0h:00m:02s; Memory used current: 52MB peak: 149MB)

Process took 0h:00m:02s realtime, 0h:00m:02s cputime
# Sun May 29 09:03:27 2016

###########################################################]


Synthesis exit by 0.

edif2ngd  -l "MachXO2" -d LCMXO2-7000HE -path "C:/Users/Gabriela/Desktop/PracticasG/binary-bcd/binaryBCD" -path "C:/Users/Gabriela/Desktop/PracticasG/binary-bcd"   "C:/Users/Gabriela/Desktop/PracticasG/binary-bcd/binaryBCD/binaryBCD_binaryBCD.edi" "binaryBCD_binaryBCD.ngo"   
edif2ngd:  version Diamond (64-bit) 3.6.0.83.4

Copyright (c) 1991-1994 by NeoCAD Inc. All rights reserved.
Copyright (c) 1995 AT&T Corp.   All rights reserved.
Copyright (c) 1995-2001 Lucent Technologies Inc.  All rights reserved.
Copyright (c) 2001 Agere Systems   All rights reserved.
Copyright (c) 2002-2015 Lattice Semiconductor Corporation,  All rights reserved.
Writing the design to binaryBCD_binaryBCD.ngo...

Total CPU Time: 0 secs  

Total REAL Time: 0 secs  


ngdbuild  -a "MachXO2" -d LCMXO2-7000HE  -p "C:/lscc/diamond/3.6_x64/ispfpga/xo2c00/data"  -p "C:/Users/Gabriela/Desktop/PracticasG/binary-bcd/binaryBCD" -p "C:/Users/Gabriela/Desktop/PracticasG/binary-bcd"  "binaryBCD_binaryBCD.ngo" "binaryBCD_binaryBCD.ngd"  	
ngdbuild:  version Diamond (64-bit) 3.6.0.83.4

Copyright (c) 1991-1994 by NeoCAD Inc. All rights reserved.
Copyright (c) 1995 AT&T Corp.   All rights reserved.
Copyright (c) 1995-2001 Lucent Technologies Inc.  All rights reserved.
Copyright (c) 2001 Agere Systems   All rights reserved.
Copyright (c) 2002-2015 Lattice Semiconductor Corporation,  All rights reserved.
Reading 'binaryBCD_binaryBCD.ngo' ...
Loading NGL library 'C:/lscc/diamond/3.6_x64/ispfpga/xo2c00a/data/xo2alib.ngl'...
Loading NGL library 'C:/lscc/diamond/3.6_x64/ispfpga/xo2c00/data/xo2clib.ngl'...
Loading NGL library 'C:/lscc/diamond/3.6_x64/ispfpga/mg5g00/data/mg5glib.ngl'...
Loading NGL library 'C:/lscc/diamond/3.6_x64/ispfpga/or5g00/data/orc5glib.ngl'...


Running DRC...

DRC complete with no errors or warnings

Design Results:
    394 blocks expanded
Complete the first expansion.
Writing 'binaryBCD_binaryBCD.ngd' ...
Total CPU Time: 0 secs  

Total REAL Time: 0 secs  


map -a "MachXO2" -p LCMXO2-7000HE -t TQFP144 -s 5 -oc Commercial   "binaryBCD_binaryBCD.ngd" -o "binaryBCD_binaryBCD_map.ncd" -pr "binaryBCD_binaryBCD.prf" -mp "binaryBCD_binaryBCD.mrp" -lpf "C:/Users/Gabriela/Desktop/PracticasG/binary-bcd/binaryBCD/binaryBCD_binaryBCD_synplify.lpf" -lpf "C:/Users/Gabriela/Desktop/PracticasG/binary-bcd/binaryBCD.lpf" -c 0            
map:  version Diamond (64-bit) 3.6.0.83.4

Copyright (c) 1991-1994 by NeoCAD Inc. All rights reserved.
Copyright (c) 1995 AT&T Corp.   All rights reserved.
Copyright (c) 1995-2001 Lucent Technologies Inc.  All rights reserved.
Copyright (c) 2001 Agere Systems   All rights reserved.
Copyright (c) 2002-2015 Lattice Semiconductor Corporation,  All rights reserved.
   Process the file: binaryBCD_binaryBCD.ngd
   Picdevice="LCMXO2-7000HE"

   Pictype="TQFP144"

   Picspeed=5

   Remove unused logic

   Do not produce over sized NCDs.

Part used: LCMXO2-7000HETQFP144, Performance used: 5.

Loading device for application map from file 'xo2c7000.nph' in environment: C:/lscc/diamond/3.6_x64/ispfpga.
Package Status:                     Final          Version 1.39.

Running general design DRC...

Removing unused logic...

Optimizing...

    <postMsg mid="51001030" type="Warning" dynamic="1" navigation="0" arg0="reset0_c"  />



Design Summary:
   Number of registers:    134 out of  7209 (2%)
      PFU registers:          124 out of  6864 (2%)
      PIO registers:           10 out of   345 (3%)
   Number of SLICEs:        94 out of  3432 (3%)
      SLICEs as Logic/ROM:     94 out of  3432 (3%)
      SLICEs as RAM:            0 out of  2574 (0%)
      SLICEs as Carry:          0 out of  3432 (0%)
   Number of LUT4s:        176 out of  6864 (3%)
      Number used as logic LUTs:        176
      Number used as distributed RAM:     0
      Number used as ripple logic:        0
      Number used as shift registers:     0
   Number of PIO sites used: 56 + 4(JTAG) out of 115 (52%)
   Number of block RAMs:  0 out of 26 (0%)
   Number of GSRs:  1 out of 1 (100%)
   EFB used :       No
   JTAG used :      No
   Readback used :  No
   Oscillator used :  No
   Startup used :   No
   POR :            On
   Bandgap :        On
   Number of Power Controller:  0 out of 1 (0%)
   Number of Dynamic Bank Controller (BCINRD):  0 out of 6 (0%)
   Number of Dynamic Bank Controller (BCLVDSO):  0 out of 1 (0%)
   Number of DCCA:  0 out of 8 (0%)
   Number of DCMA:  0 out of 2 (0%)
   Number of PLLs:  0 out of 2 (0%)
   Number of DQSDLLs:  0 out of 2 (0%)
   Number of CLKDIVC:  0 out of 4 (0%)
   Number of ECLKSYNCA:  0 out of 4 (0%)
   Number of ECLKBRIDGECS:  0 out of 2 (0%)
   Notes:-
      1. Total number of LUT4s = (Number of logic LUT4s) + 2*(Number of distributed RAMs) + 2*(Number of ripple logic)
      2. Number of logic LUT4s does not include count of distributed RAM and ripple logic.
   Number of clocks:  3
     Net sclk0_c: 77 loads, 77 rising, 0 falling (Driver: U14/outdiv )
     Net clk0_c: 8 loads, 8 rising, 0 falling (Driver: PIO clk0 )
     Net U03.outFlagpc_i: 2 loads, 2 rising, 0 falling (Driver: U03/outFlagpc )
   Number of Clock Enables:  10
     Net sFlagInst_in: 4 loads, 4 LSLICEs
     Net reset0_c: 3 loads, 2 LSLICEs
     Net U02.ACLpA_0_sqmuxa: 8 loads, 0 LSLICEs
     Net U08/outsust_0_sqmuxa: 6 loads, 6 LSLICEs
     Net U01/aux1_RNO_0: 1 loads, 1 LSLICEs
     Net U06/outACs_1ce[1]: 4 loads, 4 LSLICEs
     Net U10/outACss_1ce[10]: 6 loads, 6 LSLICEs
     Net U09/un2_codopca_2_0_a2: 6 loads, 6 LSLICEs
     Net U09/aux_0_sqmuxa_i_0: 7 loads, 7 LSLICEs
     Net U07/aux_0_sqmuxa: 6 loads, 6 LSLICEs
   Number of local set/reset loads for net reset0_c merged into GSR:  5
   Number of LSRs:  9
     Net reset0_c: 7 loads, 7 LSLICEs
     Net outcodeport_c[2]: 4 loads, 4 LSLICEs
     Net outcodeport_c[1]: 8 loads, 8 LSLICEs
     Net U01/N_103: 1 loads, 1 LSLICEs
     Net U01/fb: 1 loads, 1 LSLICEs
     Net U06/aux: 1 loads, 1 LSLICEs
     Net U10/aux: 1 loads, 1 LSLICEs
     Net U09/aux: 1 loads, 1 LSLICEs
     Net U07/outFlagac12s: 1 loads, 1 LSLICEs
   Number of nets driven by tri-state buffers:  0
   Top 10 highest fanout non-clock nets:
     Net outcodeport_c[2]: 31 loads
     Net outcodeport_c[1]: 30 loads
     Net outcodeport_c[0]: 28 loads
     Net outTransist0_c[0]: 13 loads
     Net outTransist0_c[1]: 13 loads
     Net outTransist0_c[2]: 13 loads
     Net reset0_c: 13 loads
     Net U08.outAC12bitsu_cl[11]: 13 loads
     Net U09.outBuf12ca_cl[11]: 13 loads
     Net outport120_c[10]: 12 loads
    <postMsg mid="51001102" type="Warning" dynamic="2" navigation="0" arg0="p14" arg1="sFlagInst"  />
    <postMsg mid="51001102" type="Warning" dynamic="2" navigation="0" arg0="p24" arg1="sclk0"  />
    <postMsg mid="51001102" type="Warning" dynamic="2" navigation="0" arg0="p56" arg1="clk0"  />
    <postMsg mid="51001102" type="Warning" dynamic="2" navigation="0" arg0="p130" arg1="outDisplay[6]"  />
    <postMsg mid="51001102" type="Warning" dynamic="2" navigation="0" arg0="p131" arg1="outDisplay[5]"  />
    <postMsg mid="51001102" type="Warning" dynamic="2" navigation="0" arg0="p132" arg1="outDisplay[4]"  />
    <postMsg mid="51001102" type="Warning" dynamic="2" navigation="0" arg0="p133" arg1="outDisplay[3]"  />
    <postMsg mid="51001102" type="Warning" dynamic="2" navigation="0" arg0="p134" arg1="outDisplay[2]"  />
    <postMsg mid="51001102" type="Warning" dynamic="2" navigation="0" arg0="p135" arg1="outDisplay[1]"  />
    <postMsg mid="51001102" type="Warning" dynamic="2" navigation="0" arg0="p138" arg1="outDisplay[0]"  />
    <postMsg mid="51001102" type="Warning" dynamic="2" navigation="0" arg0="p139" arg1="outTransist0[3]"  />
    <postMsg mid="51001102" type="Warning" dynamic="2" navigation="0" arg0="p140" arg1="outTransist0[2]"  />
    <postMsg mid="51001102" type="Warning" dynamic="2" navigation="0" arg0="p141" arg1="outTransist0[1]"  />
    <postMsg mid="51001102" type="Warning" dynamic="2" navigation="0" arg0="p142" arg1="outTransist0[0]"  />
    <postMsg mid="51001102" type="Warning" dynamic="2" navigation="0" arg0="p4" arg1="outport8a0[7]"  />
    <postMsg mid="51001102" type="Warning" dynamic="2" navigation="0" arg0="p5" arg1="outport8a0[6]"  />
    <postMsg mid="51001102" type="Warning" dynamic="2" navigation="0" arg0="p6" arg1="outport8a0[5]"  />
    <postMsg mid="51001102" type="Warning" dynamic="2" navigation="0" arg0="p7" arg1="outport8a0[4]"  />
    <postMsg mid="51001102" type="Warning" dynamic="2" navigation="0" arg0="p8" arg1="outport8a0[3]"  />
    <postMsg mid="51001102" type="Warning" dynamic="2" navigation="0" arg0="p9" arg1="outport8a0[2]"  />
    <postMsg mid="51001102" type="Warning" dynamic="2" navigation="0" arg0="p11" arg1="outport8a0[1]"  />
    <postMsg mid="51001102" type="Warning" dynamic="2" navigation="0" arg0="p12" arg1="outport8a0[0]"  />
    <postMsg mid="51001102" type="Warning" dynamic="2" navigation="0" arg0="p28" arg1="outport120[11]"  />
    <postMsg mid="51001102" type="Warning" dynamic="2" navigation="0" arg0="p29" arg1="outport120[10]"  />
    <postMsg mid="51001102" type="Warning" dynamic="2" navigation="0" arg0="p30" arg1="outport120[9]"  />
    <postMsg mid="51001102" type="Warning" dynamic="2" navigation="0" arg0="p31" arg1="outport120[8]"  />
    <postMsg mid="51001102" type="Warning" dynamic="2" navigation="0" arg0="p32" arg1="outport120[7]"  />
    <postMsg mid="51001102" type="Warning" dynamic="2" navigation="0" arg0="p33" arg1="outport120[6]"  />
    <postMsg mid="51001102" type="Warning" dynamic="2" navigation="0" arg0="p39" arg1="outport120[5]"  />
    <postMsg mid="51001102" type="Warning" dynamic="2" navigation="0" arg0="p40" arg1="outport120[4]"  />
    <postMsg mid="51001102" type="Warning" dynamic="2" navigation="0" arg0="p41" arg1="outport120[3]"  />
    <postMsg mid="51001102" type="Warning" dynamic="2" navigation="0" arg0="p42" arg1="outport120[2]"  />
    <postMsg mid="51001102" type="Warning" dynamic="2" navigation="0" arg0="p43" arg1="outport120[1]"  />
    <postMsg mid="51001102" type="Warning" dynamic="2" navigation="0" arg0="p143" arg1="outport120[0]"  />
    <postMsg mid="51001102" type="Warning" dynamic="2" navigation="0" arg0="p125" arg1="inport8a0[7]"  />
    <postMsg mid="51001102" type="Warning" dynamic="2" navigation="0" arg0="p124" arg1="inport8a0[6]"  />
    <postMsg mid="51001102" type="Warning" dynamic="2" navigation="0" arg0="p123" arg1="inport8a0[5]"  />
    <postMsg mid="51001102" type="Warning" dynamic="2" navigation="0" arg0="p122" arg1="inport8a0[4]"  />
    <postMsg mid="51001102" type="Warning" dynamic="2" navigation="0" arg0="p121" arg1="inport8a0[3]"  />
    <postMsg mid="51001102" type="Warning" dynamic="2" navigation="0" arg0="p120" arg1="inport8a0[2]"  />
    <postMsg mid="51001102" type="Warning" dynamic="2" navigation="0" arg0="p117" arg1="inport8a0[1]"  />
    <postMsg mid="51001102" type="Warning" dynamic="2" navigation="0" arg0="p110" arg1="inport8a0[0]"  />
    <postMsg mid="51001102" type="Warning" dynamic="2" navigation="0" arg0="p62" arg1="outcodeport[3]"  />
    <postMsg mid="51001102" type="Warning" dynamic="2" navigation="0" arg0="p63" arg1="outcodeport[2]"  />
    <postMsg mid="51001102" type="Warning" dynamic="2" navigation="0" arg0="p70" arg1="outcodeport[1]"  />
    <postMsg mid="51001102" type="Warning" dynamic="2" navigation="0" arg0="p71" arg1="outcodeport[0]"  />
    <postMsg mid="51001102" type="Warning" dynamic="2" navigation="0" arg0="p58" arg1="outpcport[3]"  />
    <postMsg mid="51001102" type="Warning" dynamic="2" navigation="0" arg0="p59" arg1="outpcport[2]"  />
    <postMsg mid="51001102" type="Warning" dynamic="2" navigation="0" arg0="p60" arg1="outpcport[1]"  />
    <postMsg mid="51001102" type="Warning" dynamic="2" navigation="0" arg0="p61" arg1="outpcport[0]"  />
    <postMsg mid="51001102" type="Warning" dynamic="2" navigation="0" arg0="p21" arg1="soutFlagrom"  />
    <postMsg mid="51001102" type="Warning" dynamic="2" navigation="0" arg0="p16" arg1="sFlag12out"  />
    <postMsg mid="51001102" type="Warning" dynamic="2" navigation="0" arg0="p15" arg1="sFlag8out"  />
    <postMsg mid="51001102" type="Warning" dynamic="2" navigation="0" arg0="p13" arg1="soutFlagpc"  />
    <postMsg mid="51001102" type="Warning" dynamic="2" navigation="0" arg0="p104" arg1="reset0"  />
    <postMsg mid="1103694" type="Warning" dynamic="2" navigation="0" arg0="Semantic error in &quot;LOCATE COMP &quot;sFlagInst&quot; SITE &quot;p14&quot; ;&quot;: " arg1="p14"  />
    <postMsg mid="1103694" type="Warning" dynamic="2" navigation="0" arg0="Semantic error in &quot;LOCATE COMP &quot;sclk0&quot; SITE &quot;p24&quot; ;&quot;: " arg1="p24"  />
    <postMsg mid="1103694" type="Warning" dynamic="2" navigation="0" arg0="Semantic error in &quot;LOCATE COMP &quot;clk0&quot; SITE &quot;p56&quot; ;&quot;: " arg1="p56"  />
    <postMsg mid="1103694" type="Warning" dynamic="2" navigation="0" arg0="Semantic error in &quot;LOCATE COMP &quot;outDisplay[6]&quot; SITE &quot;p130&quot; ;&quot;: " arg1="p130"  />
    <postMsg mid="1103694" type="Warning" dynamic="2" navigation="0" arg0="Semantic error in &quot;LOCATE COMP &quot;outDisplay[5]&quot; SITE &quot;p131&quot; ;&quot;: " arg1="p131"  />
    <postMsg mid="1103694" type="Warning" dynamic="2" navigation="0" arg0="Semantic error in &quot;LOCATE COMP &quot;outDisplay[4]&quot; SITE &quot;p132&quot; ;&quot;: " arg1="p132"  />
    <postMsg mid="1103694" type="Warning" dynamic="2" navigation="0" arg0="Semantic error in &quot;LOCATE COMP &quot;outDisplay[3]&quot; SITE &quot;p133&quot; ;&quot;: " arg1="p133"  />
    <postMsg mid="1103694" type="Warning" dynamic="2" navigation="0" arg0="Semantic error in &quot;LOCATE COMP &quot;outDisplay[2]&quot; SITE &quot;p134&quot; ;&quot;: " arg1="p134"  />
    <postMsg mid="1103694" type="Warning" dynamic="2" navigation="0" arg0="Semantic error in &quot;LOCATE COMP &quot;outDisplay[1]&quot; SITE &quot;p135&quot; ;&quot;: " arg1="p135"  />
    <postMsg mid="1103694" type="Warning" dynamic="2" navigation="0" arg0="Semantic error in &quot;LOCATE COMP &quot;outDisplay[0]&quot; SITE &quot;p138&quot; ;&quot;: " arg1="p138"  />
    <postMsg mid="1103694" type="Warning" dynamic="2" navigation="0" arg0="Semantic error in &quot;LOCATE COMP &quot;outTransist0[3]&quot; SITE &quot;p139&quot; ;&quot;: " arg1="p139"  />
    <postMsg mid="1103694" type="Warning" dynamic="2" navigation="0" arg0="Semantic error in &quot;LOCATE COMP &quot;outTransist0[2]&quot; SITE &quot;p140&quot; ;&quot;: " arg1="p140"  />
    <postMsg mid="1103694" type="Warning" dynamic="2" navigation="0" arg0="Semantic error in &quot;LOCATE COMP &quot;outTransist0[1]&quot; SITE &quot;p141&quot; ;&quot;: " arg1="p141"  />
    <postMsg mid="1103694" type="Warning" dynamic="2" navigation="0" arg0="Semantic error in &quot;LOCATE COMP &quot;outTransist0[0]&quot; SITE &quot;p142&quot; ;&quot;: " arg1="p142"  />
    <postMsg mid="1103694" type="Warning" dynamic="2" navigation="0" arg0="Semantic error in &quot;LOCATE COMP &quot;outport8a0[7]&quot; SITE &quot;p4&quot; ;&quot;: " arg1="p4"  />
    <postMsg mid="1103694" type="Warning" dynamic="2" navigation="0" arg0="Semantic error in &quot;LOCATE COMP &quot;outport8a0[6]&quot; SITE &quot;p5&quot; ;&quot;: " arg1="p5"  />
    <postMsg mid="1103694" type="Warning" dynamic="2" navigation="0" arg0="Semantic error in &quot;LOCATE COMP &quot;outport8a0[5]&quot; SITE &quot;p6&quot; ;&quot;: " arg1="p6"  />
    <postMsg mid="1103694" type="Warning" dynamic="2" navigation="0" arg0="Semantic error in &quot;LOCATE COMP &quot;outport8a0[4]&quot; SITE &quot;p7&quot; ;&quot;: " arg1="p7"  />
    <postMsg mid="1103694" type="Warning" dynamic="2" navigation="0" arg0="Semantic error in &quot;LOCATE COMP &quot;outport8a0[3]&quot; SITE &quot;p8&quot; ;&quot;: " arg1="p8"  />
    <postMsg mid="1103694" type="Warning" dynamic="2" navigation="0" arg0="Semantic error in &quot;LOCATE COMP &quot;outport8a0[2]&quot; SITE &quot;p9&quot; ;&quot;: " arg1="p9"  />
    <postMsg mid="1103694" type="Warning" dynamic="2" navigation="0" arg0="Semantic error in &quot;LOCATE COMP &quot;outport8a0[1]&quot; SITE &quot;p11&quot; ;&quot;: " arg1="p11"  />
    <postMsg mid="1103694" type="Warning" dynamic="2" navigation="0" arg0="Semantic error in &quot;LOCATE COMP &quot;outport8a0[0]&quot; SITE &quot;p12&quot; ;&quot;: " arg1="p12"  />
    <postMsg mid="1103694" type="Warning" dynamic="2" navigation="0" arg0="Semantic error in &quot;LOCATE COMP &quot;outport120[11]&quot; SITE &quot;p28&quot; ;&quot;: " arg1="p28"  />
    <postMsg mid="1103694" type="Warning" dynamic="2" navigation="0" arg0="Semantic error in &quot;LOCATE COMP &quot;outport120[10]&quot; SITE &quot;p29&quot; ;&quot;: " arg1="p29"  />
    <postMsg mid="1103694" type="Warning" dynamic="2" navigation="0" arg0="Semantic error in &quot;LOCATE COMP &quot;outport120[9]&quot; SITE &quot;p30&quot; ;&quot;: " arg1="p30"  />
    <postMsg mid="1103694" type="Warning" dynamic="2" navigation="0" arg0="Semantic error in &quot;LOCATE COMP &quot;outport120[8]&quot; SITE &quot;p31&quot; ;&quot;: " arg1="p31"  />
    <postMsg mid="1103694" type="Warning" dynamic="2" navigation="0" arg0="Semantic error in &quot;LOCATE COMP &quot;outport120[7]&quot; SITE &quot;p32&quot; ;&quot;: " arg1="p32"  />
    <postMsg mid="1103694" type="Warning" dynamic="2" navigation="0" arg0="Semantic error in &quot;LOCATE COMP &quot;outport120[6]&quot; SITE &quot;p33&quot; ;&quot;: " arg1="p33"  />
    <postMsg mid="1103694" type="Warning" dynamic="2" navigation="0" arg0="Semantic error in &quot;LOCATE COMP &quot;outport120[5]&quot; SITE &quot;p39&quot; ;&quot;: " arg1="p39"  />
    <postMsg mid="1103694" type="Warning" dynamic="2" navigation="0" arg0="Semantic error in &quot;LOCATE COMP &quot;outport120[4]&quot; SITE &quot;p40&quot; ;&quot;: " arg1="p40"  />
    <postMsg mid="1103694" type="Warning" dynamic="2" navigation="0" arg0="Semantic error in &quot;LOCATE COMP &quot;outport120[3]&quot; SITE &quot;p41&quot; ;&quot;: " arg1="p41"  />
    <postMsg mid="1103694" type="Warning" dynamic="2" navigation="0" arg0="Semantic error in &quot;LOCATE COMP &quot;outport120[2]&quot; SITE &quot;p42&quot; ;&quot;: " arg1="p42"  />
    <postMsg mid="1103694" type="Warning" dynamic="2" navigation="0" arg0="Semantic error in &quot;LOCATE COMP &quot;outport120[1]&quot; SITE &quot;p43&quot; ;&quot;: " arg1="p43"  />
    <postMsg mid="1103694" type="Warning" dynamic="2" navigation="0" arg0="Semantic error in &quot;LOCATE COMP &quot;outport120[0]&quot; SITE &quot;p143&quot; ;&quot;: " arg1="p143"  />
    <postMsg mid="1103694" type="Warning" dynamic="2" navigation="0" arg0="Semantic error in &quot;LOCATE COMP &quot;inport8a0[7]&quot; SITE &quot;p125&quot; ;&quot;: " arg1="p125"  />
    <postMsg mid="1103694" type="Warning" dynamic="2" navigation="0" arg0="Semantic error in &quot;LOCATE COMP &quot;inport8a0[6]&quot; SITE &quot;p124&quot; ;&quot;: " arg1="p124"  />
    <postMsg mid="1103694" type="Warning" dynamic="2" navigation="0" arg0="Semantic error in &quot;LOCATE COMP &quot;inport8a0[5]&quot; SITE &quot;p123&quot; ;&quot;: " arg1="p123"  />
    <postMsg mid="1103694" type="Warning" dynamic="2" navigation="0" arg0="Semantic error in &quot;LOCATE COMP &quot;inport8a0[4]&quot; SITE &quot;p122&quot; ;&quot;: " arg1="p122"  />
    <postMsg mid="1103694" type="Warning" dynamic="2" navigation="0" arg0="Semantic error in &quot;LOCATE COMP &quot;inport8a0[3]&quot; SITE &quot;p121&quot; ;&quot;: " arg1="p121"  />
    <postMsg mid="1103694" type="Warning" dynamic="2" navigation="0" arg0="Semantic error in &quot;LOCATE COMP &quot;inport8a0[2]&quot; SITE &quot;p120&quot; ;&quot;: " arg1="p120"  />
    <postMsg mid="1103694" type="Warning" dynamic="2" navigation="0" arg0="Semantic error in &quot;LOCATE COMP &quot;inport8a0[1]&quot; SITE &quot;p117&quot; ;&quot;: " arg1="p117"  />
    <postMsg mid="1103694" type="Warning" dynamic="2" navigation="0" arg0="Semantic error in &quot;LOCATE COMP &quot;inport8a0[0]&quot; SITE &quot;p110&quot; ;&quot;: " arg1="p110"  />
    <postMsg mid="1103694" type="Warning" dynamic="2" navigation="0" arg0="Semantic error in &quot;LOCATE COMP &quot;outcodeport[3]&quot; SITE &quot;p62&quot; ;&quot;: " arg1="p62"  />
    <postMsg mid="1103694" type="Warning" dynamic="2" navigation="0" arg0="Semantic error in &quot;LOCATE COMP &quot;outcodeport[2]&quot; SITE &quot;p63&quot; ;&quot;: " arg1="p63"  />
    <postMsg mid="1103694" type="Warning" dynamic="2" navigation="0" arg0="Semantic error in &quot;LOCATE COMP &quot;outcodeport[1]&quot; SITE &quot;p70&quot; ;&quot;: " arg1="p70"  />
    <postMsg mid="1103694" type="Warning" dynamic="2" navigation="0" arg0="Semantic error in &quot;LOCATE COMP &quot;outcodeport[0]&quot; SITE &quot;p71&quot; ;&quot;: " arg1="p71"  />
    <postMsg mid="1103694" type="Warning" dynamic="2" navigation="0" arg0="Semantic error in &quot;LOCATE COMP &quot;outpcport[3]&quot; SITE &quot;p58&quot; ;&quot;: " arg1="p58"  />
    <postMsg mid="1103694" type="Warning" dynamic="2" navigation="0" arg0="Semantic error in &quot;LOCATE COMP &quot;outpcport[2]&quot; SITE &quot;p59&quot; ;&quot;: " arg1="p59"  />
    <postMsg mid="1103694" type="Warning" dynamic="2" navigation="0" arg0="Semantic error in &quot;LOCATE COMP &quot;outpcport[1]&quot; SITE &quot;p60&quot; ;&quot;: " arg1="p60"  />
    <postMsg mid="1103694" type="Warning" dynamic="2" navigation="0" arg0="Semantic error in &quot;LOCATE COMP &quot;outpcport[0]&quot; SITE &quot;p61&quot; ;&quot;: " arg1="p61"  />
    <postMsg mid="1103694" type="Warning" dynamic="2" navigation="0" arg0="Semantic error in &quot;LOCATE COMP &quot;soutFlagrom&quot; SITE &quot;p21&quot; ;&quot;: " arg1="p21"  />
    <postMsg mid="1103694" type="Warning" dynamic="2" navigation="0" arg0="Semantic error in &quot;LOCATE COMP &quot;sFlag12out&quot; SITE &quot;p16&quot; ;&quot;: " arg1="p16"  />
    <postMsg mid="1103694" type="Warning" dynamic="2" navigation="0" arg0="Semantic error in &quot;LOCATE COMP &quot;sFlag8out&quot; SITE &quot;p15&quot; ;&quot;: " arg1="p15"  />
    <postMsg mid="1103694" type="Warning" dynamic="2" navigation="0" arg0="Semantic error in &quot;LOCATE COMP &quot;soutFlagpc&quot; SITE &quot;p13&quot; ;&quot;: " arg1="p13"  />
    <postMsg mid="1103694" type="Warning" dynamic="2" navigation="0" arg0="Semantic error in &quot;LOCATE COMP &quot;reset0&quot; SITE &quot;p104&quot; ;&quot;: " arg1="p104"  />
 

   Number of warnings:  111
   Number of errors:    0



Total CPU Time: 0 secs  
Total REAL Time: 0 secs  
Peak Memory Usage: 36 MB

Dumping design to file binaryBCD_binaryBCD_map.ncd.

mpartrce -p "binaryBCD_binaryBCD.p2t" -f "binaryBCD_binaryBCD.p3t" -tf "binaryBCD_binaryBCD.pt" "binaryBCD_binaryBCD_map.ncd" "binaryBCD_binaryBCD.ncd"

---- MParTrce Tool ----
Removing old design directory at request of -rem command line option to this program.
Running par. Please wait . . .

Lattice Place and Route Report for Design "binaryBCD_binaryBCD_map.ncd"
Sun May 29 09:03:32 2016

PAR: Place And Route Diamond (64-bit) 3.6.0.83.4.
Command Line: par -w -l 5 -i 6 -t 1 -c 0 -e 0 -gui -msgset C:/Users/Gabriela/Desktop/PracticasG/binary-bcd/promote.xml -exp parUseNBR=1:parCDP=0:parCDR=0:parPathBased=OFF binaryBCD_binaryBCD_map.ncd binaryBCD_binaryBCD.dir/5_1.ncd binaryBCD_binaryBCD.prf
Preference file: binaryBCD_binaryBCD.prf.
Placement level-cost: 5-1.
Routing Iterations: 6

Loading design for application par from file binaryBCD_binaryBCD_map.ncd.
Design name: topp04
NCD version: 3.3
Vendor:      LATTICE
Device:      LCMXO2-7000HE
Package:     TQFP144
Performance: 5
Loading device for application par from file 'xo2c7000.nph' in environment: C:/lscc/diamond/3.6_x64/ispfpga.
Package Status:                     Final          Version 1.39.
Performance Hardware Data Status:   Final          Version 31.4.
License checked out.


Ignore Preference Error(s):  True
Device utilization summary:

   PIO (prelim)   56+4(JTAG)/336     18% used
                  56+4(JTAG)/115     52% bonded
   IOLOGIC           10/336           2% used

   SLICE             94/3432          2% used

   GSR                1/1           100% used


Number of Signals: 322
Number of Connections: 955
The following 1 signal is selected to use the primary clock routing resources:
    sclk0_c (driver: SLICE_77, clk load #: 77)


The following 2 signals are selected to use the secondary clock routing resources:
    clk0_c (driver: clk0, clk load #: 8, sr load #: 0, ce load #: 0)
    reset0_c (driver: reset0, clk load #: 0, sr load #: 7, ce load #: 3)

Signal reset0_c is selected as Global Set/Reset.
.
Starting Placer Phase 0.
.............
Finished Placer Phase 0.  REAL time: 0 secs 

Starting Placer Phase 1.
.....................
Placer score = 53890.
Finished Placer Phase 1.  REAL time: 9 secs 

Starting Placer Phase 2.
.
Placer score =  53802
Finished Placer Phase 2.  REAL time: 9 secs 


------------------ Clock Report ------------------

Global Clock Resources:
  CLK_PIN    : 2 out of 8 (25%)
  PLL        : 0 out of 2 (0%)
  DCM        : 0 out of 2 (0%)
  DCC        : 0 out of 8 (0%)

Quadrants All (TL, TR, BL, BR) - Global Clocks:
  PRIMARY "sclk0_c" from Q0 on comp "SLICE_77" on site "R2C19A", clk load = 77
  SECONDARY "clk0_c" from comp "clk0" on CLK_PIN site "27 (PL22A)", clk load = 8, ce load = 0, sr load = 0
  SECONDARY "reset0_c" from comp "reset0" on CLK_PIN site "19 (PL12A)", clk load = 0, ce load = 3, sr load = 7

  PRIMARY  : 1 out of 8 (12%)
  SECONDARY: 2 out of 8 (25%)

Edge Clocks:
  No edge clock selected.

--------------- End of Clock Report ---------------


I/O Usage Summary (final):
   56 + 4(JTAG) out of 336 (17.9%) PIO sites used.
   56 + 4(JTAG) out of 115 (52.2%) bonded PIO sites used.
   Number of PIO comps: 56; differential: 0.
   Number of Vref pins used: 0.

I/O Bank Usage Summary:
+----------+----------------+------------+-----------+
| I/O Bank | Usage          | Bank Vccio | Bank Vref |
+----------+----------------+------------+-----------+
| 0        | 10 / 28 ( 35%) | 2.5V       | -         |
| 1        | 29 / 29 (100%) | 2.5V       | -         |
| 2        | 14 / 29 ( 48%) | 2.5V       | -         |
| 3        | 1 / 9 ( 11%)   | 2.5V       | -         |
| 4        | 1 / 10 ( 10%)  | 2.5V       | -         |
| 5        | 1 / 10 ( 10%)  | 2.5V       | -         |
+----------+----------------+------------+-----------+

Total placer CPU time: 8 secs 

Dumping design to file binaryBCD_binaryBCD.dir/5_1.ncd.


-----------------------------------------------------------------
INFO - par: ASE feature is off due to non timing-driven settings.  
-----------------------------------------------------------------

0 connections routed; 955 unrouted.
Starting router resource preassignment

    <postMsg mid="66011008" type="Warning" dynamic="1" navigation="0" arg0="&#xA;   Signal=U03.outFlagpc_i loads=24 clock_loads=2"  />

Completed router resource preassignment. Real time: 11 secs 

Start NBR router at 09:03:43 05/29/16

*****************************************************************
Info: NBR allows conflicts(one node used by more than one signal)
      in the earlier iterations. In each iteration, it tries to  
      solve the conflicts while keeping the critical connections 
      routed as short as possible. The routing process is said to
      be completed when no conflicts exist and all connections   
      are routed.                                                
Note: NBR uses a different method to calculate timing slacks. The
      worst slack and total negative slack may not be the same as
      that in TRCE report. You should always run TRCE to verify  
      your design.                                               
*****************************************************************

Start NBR special constraint process at 09:03:43 05/29/16

Start NBR section for initial routing at 09:03:43 05/29/16
Level 4, iteration 1
38(0.01%) conflicts; 0(0.00%) untouched conn; 0 (nbr) score; real time: 11 secs 

Info: Initial congestion level at 75% usage is 0
Info: Initial congestion area  at 75% usage is 0 (0.00%)

Start NBR section for normal routing at 09:03:43 05/29/16
Level 4, iteration 1
21(0.01%) conflicts; 0(0.00%) untouched conn; 0 (nbr) score; real time: 11 secs 
Level 4, iteration 2
7(0.00%) conflicts; 0(0.00%) untouched conn; 0 (nbr) score; real time: 11 secs 
Level 4, iteration 3
2(0.00%) conflicts; 0(0.00%) untouched conn; 0 (nbr) score; real time: 11 secs 
Level 4, iteration 4
2(0.00%) conflicts; 0(0.00%) untouched conn; 0 (nbr) score; real time: 11 secs 
Level 4, iteration 5
0(0.00%) conflict; 0(0.00%) untouched conn; 0 (nbr) score; real time: 11 secs 

Start NBR section for re-routing at 09:03:43 05/29/16
Level 4, iteration 1
0(0.00%) conflict; 0(0.00%) untouched conn; 0 (nbr) score; real time: 11 secs 

Start NBR section for post-routing at 09:03:43 05/29/16

End NBR router with 0 unrouted connection

NBR Summary
-----------
  Number of unrouted connections : 0 (0.00%)
  Number of connections with timing violations : 0 (0.00%)
  Estimated worst slack<setup> : <n/a>
  Timing score<setup> : 0
-----------
Notes: The timing info is calculated for SETUP only and all PAR_ADJs are ignored.



    <postMsg mid="66011008" type="Warning" dynamic="1" navigation="0" arg0="&#xA;   Signal=U03.outFlagpc_i loads=24 clock_loads=2"  />

Total CPU time 10 secs 
Total REAL time: 11 secs 
Completely routed.
End of route.  955 routed (100.00%); 0 unrouted.
Checking DRC ... 
No errors found.

Hold time timing score: 0, hold timing errors: 0

Timing score: 0 

Dumping design to file binaryBCD_binaryBCD.dir/5_1.ncd.


PAR_SUMMARY::Run status = completed
PAR_SUMMARY::Number of unrouted conns = 0
PAR_SUMMARY::Worst  slack<setup/<ns>> = <n/a>
PAR_SUMMARY::Timing score<setup/<ns>> = <n/a>
PAR_SUMMARY::Worst  slack<hold /<ns>> = <n/a>
PAR_SUMMARY::Timing score<hold /<ns>> = <n/a>
PAR_SUMMARY::Number of errors = 0

Total CPU  time to completion: 11 secs 
Total REAL time to completion: 12 secs 

par done!

Copyright (c) 1991-1994 by NeoCAD Inc. All rights reserved.
Copyright (c) 1995 AT&T Corp.   All rights reserved.
Copyright (c) 1995-2001 Lucent Technologies Inc.  All rights reserved.
Copyright (c) 2001 Agere Systems   All rights reserved.
Copyright (c) 2002-2015 Lattice Semiconductor Corporation,  All rights reserved.
Exiting par with exit code 0
Exiting mpartrce with exit code 0

bitgen -f "binaryBCD_binaryBCD.t2b" -w "binaryBCD_binaryBCD.ncd" -jedec "binaryBCD_binaryBCD.prf"


BITGEN: Bitstream Generator Diamond (64-bit) 3.6.0.83.4
Copyright (c) 1991-1994 by NeoCAD Inc. All rights reserved.
Copyright (c) 1995 AT&T Corp.   All rights reserved.
Copyright (c) 1995-2001 Lucent Technologies Inc.  All rights reserved.
Copyright (c) 2001 Agere Systems   All rights reserved.
Copyright (c) 2002-2015 Lattice Semiconductor Corporation,  All rights reserved.


Loading design for application Bitgen from file binaryBCD_binaryBCD.ncd.
Design name: topp04
NCD version: 3.3
Vendor:      LATTICE
Device:      LCMXO2-7000HE
Package:     TQFP144
Performance: 5
Loading device for application Bitgen from file 'xo2c7000.nph' in environment: C:/lscc/diamond/3.6_x64/ispfpga.
Package Status:                     Final          Version 1.39.
Performance Hardware Data Status:   Final          Version 31.4.

Running DRC.
DRC detected 0 errors and 0 warnings.
Reading Preference File from binaryBCD_binaryBCD.prf.

Preference Summary:
+---------------------------------+---------------------------------+
|  Preference                     |  Current Setting                |
+---------------------------------+---------------------------------+
|                         RamCfg  |                        Reset**  |
+---------------------------------+---------------------------------+
|                     MCCLK_FREQ  |                         2.08**  |
+---------------------------------+---------------------------------+
|                  CONFIG_SECURE  |                          OFF**  |
+---------------------------------+---------------------------------+
|                      JTAG_PORT  |                       ENABLE**  |
+---------------------------------+---------------------------------+
|                       SDM_PORT  |                      DISABLE**  |
+---------------------------------+---------------------------------+
|                 SLAVE_SPI_PORT  |                      DISABLE**  |
+---------------------------------+---------------------------------+
|                MASTER_SPI_PORT  |                      DISABLE**  |
+---------------------------------+---------------------------------+
|                       I2C_PORT  |                      DISABLE**  |
+---------------------------------+---------------------------------+
|        MUX_CONFIGURATION_PORTS  |                      DISABLE**  |
+---------------------------------+---------------------------------+
|                  CONFIGURATION  |                          CFG**  |
+---------------------------------+---------------------------------+
|                COMPRESS_CONFIG  |                           ON**  |
+---------------------------------+---------------------------------+
|                        MY_ASSP  |                          OFF**  |
+---------------------------------+---------------------------------+
|               ONE_TIME_PROGRAM  |                          OFF**  |
+---------------------------------+---------------------------------+
|                 ENABLE_TRANSFR  |                      DISABLE**  |
+---------------------------------+---------------------------------+
|                  SHAREDEBRINIT  |                      DISABLE**  |
+---------------------------------+---------------------------------+
|            BACKGROUND_RECONFIG  |                          OFF**  |
+---------------------------------+---------------------------------+
 *  Default setting.
 ** The specified setting matches the default setting.


Creating bit map...
 
Bitstream Status: Final           Version 1.88.
 
Saving bit stream in "binaryBCD_binaryBCD.jed".
 
===========
UFM Summary.
===========
UFM Size:        2046 Pages (128*2046 Bits).
UFM Utilization: General Purpose Flash Memory.
 
Available General Purpose Flash Memory: 2046 Pages (Page 0 to Page 2045).
Initialized UFM Pages:                     0 Page.
 
