
synpwrap -msg -prj "palabra00_palabra00_synplify.tcl" -log "palabra00_palabra00.srf"
Copyright (C) 1992-2015 Lattice Semiconductor Corporation. All rights reserved.
Lattice Diamond Version 3.6.0.83.4
    <postMsg mid="2011000" type="Info"    dynamic="0" navigation="0"  />

==contents of palabra00_palabra00.srf
#Build: Synplify Pro J-2015.03L-SP1, Build 123R, Aug 18 2015
#install: C:\lscc\diamond\3.6_x64\synpbase
#OS: Windows 8 6.2
#Hostname: ISCGAB

#Implementation: palabra00

Synopsys HDL Compiler, version comp201503sp1p1, Build 117R, built Aug 18 2015
@N|Running in 64-bit mode
Copyright (C) 1994-2015 Synopsys, Inc. This software and the associated documentation are proprietary to Synopsys, Inc. This software may only be used in accordance with the terms and conditions of a written license agreement with Synopsys, Inc.  All other use, reproduction, or distribution of this software is strictly prohibited.

Synopsys VHDL Compiler, version comp201503sp1p1, Build 117R, built Aug 18 2015
@N|Running in 64-bit mode
Copyright (C) 1994-2015 Synopsys, Inc. This software and the associated documentation are proprietary to Synopsys, Inc. This software may only be used in accordance with the terms and conditions of a written license agreement with Synopsys, Inc.  All other use, reproduction, or distribution of this software is strictly prohibited.

@N: CD720 :"C:\lscc\diamond\3.6_x64\synpbase\lib\vhd\std.vhd":123:18:123:21|Setting time resolution to ns
@N:"C:\Users\Gabriela\Desktop\Practicas\palabra00\palabra00\source\topword00.vhdl":7:7:7:15|Top entity is set to topword00.
File C:\lscc\diamond\3.6_x64\synpbase\lib\cpld\lattice.vhd changed - recompiling
File C:\Users\Gabriela\Desktop\Practicas\palabra00\palabra00\source\enab00.vhdl changed - recompiling
File C:\Users\Gabriela\Desktop\Practicas\palabra00\palabra00\source\osc00.vhdl changed - recompiling
File C:\Users\Gabriela\Desktop\Practicas\palabra00\palabra00\source\packagediv00.vhdl changed - recompiling
File C:\Users\Gabriela\Desktop\Practicas\palabra00\palabra00\source\topdiv00.vhdl changed - recompiling
File C:\Users\Gabriela\Desktop\Practicas\palabra00\palabra00\source\cring00.vhdl changed - recompiling
File C:\Users\Gabriela\Desktop\Practicas\palabra00\palabra00\source\mux00.vhdl changed - recompiling
File C:\Users\Gabriela\Desktop\Practicas\palabra00\palabra00\source\packageword00.vhdl changed - recompiling
File C:\Users\Gabriela\Desktop\Practicas\palabra00\palabra00\source\topword00.vhdl changed - recompiling
VHDL syntax check successful!
@N: CD630 :"C:\Users\Gabriela\Desktop\Practicas\palabra00\palabra00\source\topword00.vhdl":7:7:7:15|Synthesizing work.topword00.topword0 
@N: CD630 :"C:\Users\Gabriela\Desktop\Practicas\palabra00\palabra00\source\mux00.vhdl":6:7:6:11|Synthesizing work.mux00.mux0 
Post processing for work.mux00.mux0
@W: CL111 :"C:\Users\Gabriela\Desktop\Practicas\palabra00\palabra00\source\mux00.vhdl":17:2:17:5|All reachable assignments to outbcd(0) assign '0'; register removed by optimization
@W: CL111 :"C:\Users\Gabriela\Desktop\Practicas\palabra00\palabra00\source\mux00.vhdl":17:2:17:5|All reachable assignments to outbcd(2) assign '0'; register removed by optimization
@W: CL111 :"C:\Users\Gabriela\Desktop\Practicas\palabra00\palabra00\source\mux00.vhdl":17:2:17:5|All reachable assignments to outbcd(5) assign '0'; register removed by optimization
@W: CL111 :"C:\Users\Gabriela\Desktop\Practicas\palabra00\palabra00\source\mux00.vhdl":17:2:17:5|All reachable assignments to outbcd(6) assign '0'; register removed by optimization
@W: CL117 :"C:\Users\Gabriela\Desktop\Practicas\palabra00\palabra00\source\mux00.vhdl":17:2:17:5|Latch generated from process for signal outbcd(6 downto 0); possible missing assignment in an if or case statement.
@N: CD630 :"C:\Users\Gabriela\Desktop\Practicas\palabra00\palabra00\source\cring00.vhdl":6:7:6:13|Synthesizing work.cring00.cring0 
Post processing for work.cring00.cring0
@N: CD630 :"C:\Users\Gabriela\Desktop\Practicas\palabra00\palabra00\source\topdiv00.vhdl":7:7:7:14|Synthesizing work.topdiv00.topdiv0 
@W: CD277 :"C:\Users\Gabriela\Desktop\Practicas\palabra00\palabra00\source\packagediv00.vhdl":23:7:23:13|Port direction mismatch between component and entity
@N: CD630 :"C:\Users\Gabriela\Desktop\Practicas\palabra00\palabra00\source\enab00.vhdl":6:7:6:12|Synthesizing work.enab00.ena 
Post processing for work.enab00.ena
@N: CD630 :"C:\Users\Gabriela\Desktop\Practicas\palabra00\palabra00\source\div0.vhdl":8:7:8:10|Synthesizing work.div0.div0 
Post processing for work.div0.div0
@N: CD630 :"C:\Users\Gabriela\Desktop\Practicas\palabra00\palabra00\source\osc00.vhdl":6:7:6:11|Synthesizing work.osc00.osc0 
@W: CD276 :"C:\lscc\diamond\3.6_x64\cae_library\synthesis\vhdl\machxo2.vhd":2297:8:2297:15|Map for port sedstdby of component osch not found
@N: CD630 :"C:\lscc\diamond\3.6_x64\cae_library\synthesis\vhdl\machxo2.vhd":2291:10:2291:13|Synthesizing work.osch.syn_black_box 
Post processing for work.osch.syn_black_box
Post processing for work.osc00.osc0
Post processing for work.topdiv00.topdiv0
Post processing for work.topword00.topword0

At c_vhdl Exit (Real Time elapsed 0h:00m:00s; CPU Time elapsed 0h:00m:00s; Memory used current: 76MB peak: 79MB)

Process took 0h:00m:01s realtime, 0h:00m:01s cputime
# Wed Mar 02 08:01:01 2016

###########################################################]
Synopsys Netlist Linker, version comp201503sp1p1, Build 117R, built Aug 18 2015
@N|Running in 64-bit mode
File C:\Users\Gabriela\Desktop\Practicas\palabra00\palabra00\synwork\layer0.srs changed - recompiling

At syn_nfilter Exit (Real Time elapsed 0h:00m:00s; CPU Time elapsed 0h:00m:00s; Memory used current: 67MB peak: 68MB)

Process took 0h:00m:01s realtime, 0h:00m:01s cputime
# Wed Mar 02 08:01:01 2016

###########################################################]
@END

At c_hdl Exit (Real Time elapsed 0h:00m:00s; CPU Time elapsed 0h:00m:00s; Memory used current: 3MB peak: 4MB)

Process took 0h:00m:01s realtime, 0h:00m:01s cputime
# Wed Mar 02 08:01:01 2016

###########################################################]
Synopsys Netlist Linker, version comp201503sp1p1, Build 117R, built Aug 18 2015
@N|Running in 64-bit mode
File C:\Users\Gabriela\Desktop\Practicas\palabra00\palabra00\synwork\palabra00_palabra00_comp.srs changed - recompiling

At syn_nfilter Exit (Real Time elapsed 0h:00m:00s; CPU Time elapsed 0h:00m:00s; Memory used current: 67MB peak: 68MB)

Process took 0h:00m:01s realtime, 0h:00m:01s cputime
# Wed Mar 02 08:01:03 2016

###########################################################]
Pre-mapping Report

Synopsys Lattice Technology Pre-mapping, Version maplat, Build 1264R, Built Aug 18 2015 10:39:57
Copyright (C) 1994-2015, Synopsys, Inc. This software and the associated documentation are proprietary to Synopsys, Inc. This software may only be used in accordance with the terms and conditions of a written license agreement with Synopsys, Inc.  All other use, reproduction, or distribution of this software is strictly prohibited.
Product Version J-2015.03L-SP1

Mapper Startup Complete (Real Time elapsed 0h:00m:00s; CPU Time elapsed 0h:00m:00s; Memory used current: 99MB peak: 99MB)

@L: C:\Users\Gabriela\Desktop\Practicas\palabra00\palabra00\palabra00_palabra00_scck.rpt 
Printing clock  summary report in "C:\Users\Gabriela\Desktop\Practicas\palabra00\palabra00\palabra00_palabra00_scck.rpt" file 
@N: MF248 |Running in 64-bit mode.
@N: MF666 |Clock conversion enabled 

Design Input Complete (Real Time elapsed 0h:00m:00s; CPU Time elapsed 0h:00m:00s; Memory used current: 99MB peak: 102MB)


Mapper Initialization Complete (Real Time elapsed 0h:00m:00s; CPU Time elapsed 0h:00m:00s; Memory used current: 99MB peak: 102MB)


Start loading timing files (Real Time elapsed 0h:00m:00s; CPU Time elapsed 0h:00m:00s; Memory used current: 111MB peak: 111MB)


Finished loading timing files (Real Time elapsed 0h:00m:00s; CPU Time elapsed 0h:00m:00s; Memory used current: 111MB peak: 113MB)

@W: MT462 :"c:\users\gabriela\desktop\practicas\palabra00\palabra00\source\mux00.vhdl":17:2:17:5|Net M03.un1_incont_10 appears to be an unidentified clock source. Assuming default frequency. 
@W: MT462 :"c:\users\gabriela\desktop\practicas\palabra00\palabra00\source\mux00.vhdl":17:2:17:5|Net M03.un1_incont_13 appears to be an unidentified clock source. Assuming default frequency. 
@W: MT462 :"c:\users\gabriela\desktop\practicas\palabra00\palabra00\source\mux00.vhdl":17:2:17:5|Net M03.un1_incont_12 appears to be an unidentified clock source. Assuming default frequency. 
ICG Latch Removal Summary:
Number of ICG latches removed:	0
Number of ICG latches not removed:	0
syn_allowed_resources : blockrams=26  set on top level netlist topword00

Finished netlist restructuring (Real Time elapsed 0h:00m:00s; CPU Time elapsed 0h:00m:00s; Memory used current: 138MB peak: 140MB)



@S |Clock Summary
*****************

Start                            Requested     Requested     Clock        Clock              
Clock                            Frequency     Period        Type         Group              
---------------------------------------------------------------------------------------------
osc00|osc_int_inferred_clock     2.1 MHz       480.769       inferred     Inferred_clkgroup_1
topword00|clkr0                  1.0 MHz       1000.000      inferred     Inferred_clkgroup_0
=============================================================================================

@W: MT531 :"c:\users\gabriela\desktop\practicas\palabra00\palabra00\source\mux00.vhdl":17:2:17:5|Found signal identified as System clock which controls 3 sequential elements including M03.outbcd_1[4].  Using this clock, which has no specified timing constraint, can prevent conversion of gated or generated clocks and can adversely impact design performance. 
@W: MT529 :"c:\users\gabriela\desktop\practicas\palabra00\palabra00\source\cring00.vhdl":18:2:18:3|Found inferred clock topword00|clkr0 which controls 8 sequential elements including MO2.outr[3:0]. This clock has no specified timing constraint which may prevent conversion of gated or generated clocks and may adversely impact design performance. 
@W: MT529 :"c:\users\gabriela\desktop\practicas\palabra00\palabra00\source\div0.vhdl":20:5:20:6|Found inferred clock osc00|osc_int_inferred_clock which controls 22 sequential elements including M01.U1.sdiv[20:0]. This clock has no specified timing constraint which may prevent conversion of gated or generated clocks and may adversely impact design performance. 

Pre-mapping successful!

At Mapper Exit (Real Time elapsed 0h:00m:00s; CPU Time elapsed 0h:00m:00s; Memory used current: 76MB peak: 140MB)

Process took 0h:00m:01s realtime, 0h:00m:01s cputime
# Wed Mar 02 08:01:03 2016

###########################################################]
Map & Optimize Report

Synopsys Lattice Technology Mapper, Version maplat, Build 1264R, Built Aug 18 2015 10:39:57
Copyright (C) 1994-2015, Synopsys, Inc. This software and the associated documentation are proprietary to Synopsys, Inc. This software may only be used in accordance with the terms and conditions of a written license agreement with Synopsys, Inc.  All other use, reproduction, or distribution of this software is strictly prohibited.
Product Version J-2015.03L-SP1

Mapper Startup Complete (Real Time elapsed 0h:00m:00s; CPU Time elapsed 0h:00m:00s; Memory used current: 99MB peak: 99MB)

@N: MF248 |Running in 64-bit mode.
@N: MF666 |Clock conversion enabled 

Design Input Complete (Real Time elapsed 0h:00m:00s; CPU Time elapsed 0h:00m:00s; Memory used current: 98MB peak: 100MB)


Mapper Initialization Complete (Real Time elapsed 0h:00m:00s; CPU Time elapsed 0h:00m:00s; Memory used current: 98MB peak: 100MB)


Start loading timing files (Real Time elapsed 0h:00m:00s; CPU Time elapsed 0h:00m:00s; Memory used current: 110MB peak: 111MB)


Finished loading timing files (Real Time elapsed 0h:00m:00s; CPU Time elapsed 0h:00m:00s; Memory used current: 111MB peak: 113MB)



Starting Optimization and Mapping (Real Time elapsed 0h:00m:00s; CPU Time elapsed 0h:00m:00s; Memory used current: 137MB peak: 140MB)


Available hyper_sources - for debug and ip models
	None Found

@W: MT462 :"c:\users\gabriela\desktop\practicas\palabra00\palabra00\source\mux00.vhdl":17:2:17:5|Net M03.un1_incont_10 appears to be an unidentified clock source. Assuming default frequency. 
@W: MT462 :"c:\users\gabriela\desktop\practicas\palabra00\palabra00\source\mux00.vhdl":17:2:17:5|Net M03.un1_incont_13 appears to be an unidentified clock source. Assuming default frequency. 
@W: MT462 :"c:\users\gabriela\desktop\practicas\palabra00\palabra00\source\mux00.vhdl":17:2:17:5|Net M03.un1_incont_12 appears to be an unidentified clock source. Assuming default frequency. 

Finished RTL optimizations (Real Time elapsed 0h:00m:00s; CPU Time elapsed 0h:00m:00s; Memory used current: 137MB peak: 140MB)


Finished factoring (Real Time elapsed 0h:00m:00s; CPU Time elapsed 0h:00m:00s; Memory used current: 138MB peak: 140MB)


Finished gated-clock and generated-clock conversion (Real Time elapsed 0h:00m:00s; CPU Time elapsed 0h:00m:00s; Memory used current: 138MB peak: 140MB)


Finished generic timing optimizations - Pass 1 (Real Time elapsed 0h:00m:00s; CPU Time elapsed 0h:00m:00s; Memory used current: 140MB peak: 140MB)


Starting Early Timing Optimization (Real Time elapsed 0h:00m:00s; CPU Time elapsed 0h:00m:00s; Memory used current: 140MB peak: 141MB)


Finished Early Timing Optimization (Real Time elapsed 0h:00m:00s; CPU Time elapsed 0h:00m:00s; Memory used current: 140MB peak: 141MB)


Finished generic timing optimizations - Pass 2 (Real Time elapsed 0h:00m:00s; CPU Time elapsed 0h:00m:00s; Memory used current: 140MB peak: 141MB)


Finished preparing to map (Real Time elapsed 0h:00m:00s; CPU Time elapsed 0h:00m:00s; Memory used current: 140MB peak: 141MB)


Finished technology mapping (Real Time elapsed 0h:00m:00s; CPU Time elapsed 0h:00m:00s; Memory used current: 144MB peak: 146MB)

Pass		 CPU time		Worst Slack		Luts / Registers
------------------------------------------------------------
   1		0h:00m:00s		   469.00ns		  50 /        30

Finished technology timing optimizations and critical path resynthesis (Real Time elapsed 0h:00m:00s; CPU Time elapsed 0h:00m:00s; Memory used current: 144MB peak: 146MB)

@N: FX164 |The option to pack registers in the IOB has not been specified. Please set syn_useioff attribute.  

Finished restoring hierarchy (Real Time elapsed 0h:00m:00s; CPU Time elapsed 0h:00m:00s; Memory used current: 144MB peak: 146MB)



#### START OF CLOCK OPTIMIZATION REPORT #####[

2 non-gated/non-generated clock tree(s) driving 30 clock pin(s) of sequential element(s)
3 gated/generated clock tree(s) driving 3 clock pin(s) of sequential element(s)
0 instances converted, 3 sequential instances remain driven by gated/generated clocks

=========================== Non-Gated/Non-Generated Clocks ============================
Clock Tree ID     Driving Element     Drive Element Type     Fanout     Sample Instance
---------------------------------------------------------------------------------------
@K:CKID0004       clkr0               port                   8          MO2_scringio[0]
@K:CKID0005       M01.U0.OSCInst0     OSCH                   22         M01.U1.outdiv  
=======================================================================================
================================================ Gated/Generated Clocks =================================================
Clock Tree ID     Driving Element       Drive Element Type     Fanout     Sample Instance       Explanation              
-------------------------------------------------------------------------------------------------------------------------
@K:CKID0001       M03.un1_incont_12     ORCALUT4               1          M03.outbcd_1_i[4]     No clocks found on inputs
@K:CKID0002       M03.un1_incont_13     ORCALUT4               1          M03.outbcd_1_i[3]     No clocks found on inputs
@K:CKID0003       M03.un1_incont_10     ORCALUT4               1          M03.outbcd_1[1]       No clocks found on inputs
=========================================================================================================================


##### END OF CLOCK OPTIMIZATION REPORT ######]


Start Writing Netlists (Real Time elapsed 0h:00m:00s; CPU Time elapsed 0h:00m:00s; Memory used current: 111MB peak: 146MB)

Writing Analyst data base C:\Users\Gabriela\Desktop\Practicas\palabra00\palabra00\synwork\palabra00_palabra00_m.srm
@W: MT462 :"c:\users\gabriela\desktop\practicas\palabra00\palabra00\source\mux00.vhdl":17:2:17:5|Net M03.un1_incont_10 appears to be an unidentified clock source. Assuming default frequency. 
@W: MT462 :"c:\users\gabriela\desktop\practicas\palabra00\palabra00\source\mux00.vhdl":17:2:17:5|Net M03.un1_incont_13 appears to be an unidentified clock source. Assuming default frequency. 
@W: MT462 :"c:\users\gabriela\desktop\practicas\palabra00\palabra00\source\mux00.vhdl":17:2:17:5|Net M03.un1_incont_12 appears to be an unidentified clock source. Assuming default frequency. 

Finished Writing Netlist Databases (Real Time elapsed 0h:00m:01s; CPU Time elapsed 0h:00m:00s; Memory used current: 142MB peak: 146MB)

Writing EDIF Netlist and constraint files
@W: MT462 :"c:\users\gabriela\desktop\practicas\palabra00\palabra00\source\mux00.vhdl":17:2:17:5|Net M03.un1_incont_10 appears to be an unidentified clock source. Assuming default frequency. 
@W: MT462 :"c:\users\gabriela\desktop\practicas\palabra00\palabra00\source\mux00.vhdl":17:2:17:5|Net M03.un1_incont_13 appears to be an unidentified clock source. Assuming default frequency. 
@W: MT462 :"c:\users\gabriela\desktop\practicas\palabra00\palabra00\source\mux00.vhdl":17:2:17:5|Net M03.un1_incont_12 appears to be an unidentified clock source. Assuming default frequency. 
J-2015.03L-SP1
@N: BW106 |Synplicity Constraint File capacitance units using default value of 1pF 

Finished Writing EDIF Netlist and constraint files (Real Time elapsed 0h:00m:01s; CPU Time elapsed 0h:00m:01s; Memory used current: 146MB peak: 148MB)


Start final timing analysis (Real Time elapsed 0h:00m:01s; CPU Time elapsed 0h:00m:01s; Memory used current: 147MB peak: 148MB)

@W: MT420 |Found inferred clock topword00|clkr0 with period 1000.00ns. Please declare a user-defined clock on object "p:clkr0"

@W: MT420 |Found inferred clock osc00|osc_int_inferred_clock with period 480.77ns. Please declare a user-defined clock on object "n:M01.U0.osc_int"



@S |##### START OF TIMING REPORT #####[
# Timing Report written on Wed Mar 02 08:01:05 2016
#


Top view:               topword00
Requested Frequency:    1.0 MHz
Wire load mode:         top
Paths requested:        5
Constraint File(s):    
@N: MT320 |Timing report estimates place and route data. Please look at the place and route timing report for final timing.

@N: MT322 |Clock constraints cover only FF-to-FF paths associated with the clock.



Performance Summary 
*******************


Worst slack in design: 468.644

                                 Requested     Estimated     Requested     Estimated                 Clock        Clock              
Starting Clock                   Frequency     Frequency     Period        Period        Slack       Type         Group              
-------------------------------------------------------------------------------------------------------------------------------------
osc00|osc_int_inferred_clock     2.1 MHz       82.5 MHz      480.769       12.125        468.644     inferred     Inferred_clkgroup_1
topword00|clkr0                  1.0 MHz       541.5 MHz     1000.000      1.847         998.153     inferred     Inferred_clkgroup_0
System                           1.0 MHz       NA            1000.000      NA            NA          system       system_clkgroup    
=====================================================================================================================================
@N: MT582 |Estimated period and frequency not reported for given clock unless the clock has at least one timing path which is not a false or a max delay path and that does not have excessive slack





Clock Relationships
*******************

Clocks                                                      |    rise  to  rise     |    fall  to  fall   |    rise  to  fall   |    fall  to  rise 
----------------------------------------------------------------------------------------------------------------------------------------------------
Starting                      Ending                        |  constraint  slack    |  constraint  slack  |  constraint  slack  |  constraint  slack
----------------------------------------------------------------------------------------------------------------------------------------------------
topword00|clkr0               topword00|clkr0               |  1000.000    998.153  |  No paths    -      |  No paths    -      |  No paths    -    
osc00|osc_int_inferred_clock  osc00|osc_int_inferred_clock  |  480.769     468.644  |  No paths    -      |  No paths    -      |  No paths    -    
====================================================================================================================================================
 Note: 'No paths' indicates there are no paths in the design for that pair of clock edges.
       'Diff grp' indicates that paths exist but the starting clock and ending clock are in different clock groups.



Interface Information 
*********************

No IO constraint found



====================================
Detailed Report for Clock: osc00|osc_int_inferred_clock
====================================



Starting Points with Worst Slack
********************************

                   Starting                                                         Arrival            
Instance           Reference                        Type        Pin     Net         Time        Slack  
                   Clock                                                                               
-------------------------------------------------------------------------------------------------------
M01.U1.sdiv[0]     osc00|osc_int_inferred_clock     FD1S3IX     Q       sdiv[0]     1.044       468.644
M01.U1.sdiv[1]     osc00|osc_int_inferred_clock     FD1S3IX     Q       sdiv[1]     1.044       468.644
M01.U1.sdiv[2]     osc00|osc_int_inferred_clock     FD1S3IX     Q       sdiv[2]     1.044       468.644
M01.U1.sdiv[3]     osc00|osc_int_inferred_clock     FD1S3IX     Q       sdiv[3]     1.044       468.644
M01.U1.sdiv[6]     osc00|osc_int_inferred_clock     FD1S3IX     Q       sdiv[6]     1.044       468.644
M01.U1.sdiv[7]     osc00|osc_int_inferred_clock     FD1S3IX     Q       sdiv[7]     1.044       468.644
M01.U1.sdiv[4]     osc00|osc_int_inferred_clock     FD1S3IX     Q       sdiv[4]     1.044       469.661
M01.U1.sdiv[5]     osc00|osc_int_inferred_clock     FD1S3IX     Q       sdiv[5]     1.044       469.661
M01.U1.sdiv[8]     osc00|osc_int_inferred_clock     FD1S3IX     Q       sdiv[8]     1.044       469.661
M01.U1.sdiv[9]     osc00|osc_int_inferred_clock     FD1S3IX     Q       sdiv[9]     1.044       469.661
=======================================================================================================


Ending Points with Worst Slack
******************************

                    Starting                                                                      Required            
Instance            Reference                        Type        Pin     Net                      Time         Slack  
                    Clock                                                                                             
----------------------------------------------------------------------------------------------------------------------
M01.U1.sdiv[19]     osc00|osc_int_inferred_clock     FD1S3IX     D       un1_sdiv_cry_19_0_S0     480.664      468.644
M01.U1.sdiv[20]     osc00|osc_int_inferred_clock     FD1S3IX     D       un1_sdiv_cry_19_0_S1     480.664      468.644
M01.U1.sdiv[17]     osc00|osc_int_inferred_clock     FD1S3IX     D       un1_sdiv_cry_17_0_S0     480.664      468.787
M01.U1.sdiv[18]     osc00|osc_int_inferred_clock     FD1S3IX     D       un1_sdiv_cry_17_0_S1     480.664      468.787
M01.U1.sdiv[15]     osc00|osc_int_inferred_clock     FD1S3IX     D       un1_sdiv_cry_15_0_S0     480.664      468.930
M01.U1.sdiv[16]     osc00|osc_int_inferred_clock     FD1S3IX     D       un1_sdiv_cry_15_0_S1     480.664      468.930
M01.U1.sdiv[13]     osc00|osc_int_inferred_clock     FD1S3IX     D       un1_sdiv_cry_13_0_S0     480.664      469.073
M01.U1.sdiv[14]     osc00|osc_int_inferred_clock     FD1S3IX     D       un1_sdiv_cry_13_0_S1     480.664      469.073
M01.U1.sdiv[11]     osc00|osc_int_inferred_clock     FD1S3IX     D       un1_sdiv_cry_11_0_S0     480.664      469.216
M01.U1.sdiv[12]     osc00|osc_int_inferred_clock     FD1S3IX     D       un1_sdiv_cry_11_0_S1     480.664      469.216
======================================================================================================================



Worst Path Information
***********************


Path information for path number 1: 
      Requested Period:                      480.769
    - Setup time:                            0.106
    + Clock delay at ending point:           0.000 (ideal)
    = Required time:                         480.664

    - Propagation time:                      12.019
    - Clock delay at starting point:         0.000 (ideal)
    = Slack (critical) :                     468.644

    Number of logic level(s):                17
    Starting point:                          M01.U1.sdiv[0] / Q
    Ending point:                            M01.U1.sdiv[20] / D
    The start point is clocked by            osc00|osc_int_inferred_clock [rising] on pin CK
    The end   point is clocked by            osc00|osc_int_inferred_clock [rising] on pin CK

Instance / Net                                       Pin      Pin               Arrival     No. of    
Name                                    Type         Name     Dir     Delay     Time        Fan Out(s)
------------------------------------------------------------------------------------------------------
M01.U1.sdiv[0]                          FD1S3IX      Q        Out     1.044     1.044       -         
sdiv[0]                                 Net          -        -       -         -           2         
M01.U1.pdiv\.outdiv3lto19_i_a2_16_4     ORCALUT4     A        In      0.000     1.044       -         
M01.U1.pdiv\.outdiv3lto19_i_a2_16_4     ORCALUT4     Z        Out     1.017     2.061       -         
outdiv3lto19_i_a2_16_4                  Net          -        -       -         -           1         
M01.U1.pdiv\.outdiv3lto19_i_a2_16       ORCALUT4     B        In      0.000     2.061       -         
M01.U1.pdiv\.outdiv3lto19_i_a2_16       ORCALUT4     Z        Out     1.193     3.253       -         
N_111_13                                Net          -        -       -         -           4         
M01.U1.pdiv\.outdiv13lto16_i_a2_15      ORCALUT4     A        In      0.000     3.253       -         
M01.U1.pdiv\.outdiv13lto16_i_a2_15      ORCALUT4     Z        Out     1.193     4.446       -         
N_105_18                                Net          -        -       -         -           4         
M01.U1.pdiv\.outdiv18lto20              ORCALUT4     A        In      0.000     4.446       -         
M01.U1.pdiv\.outdiv18lto20              ORCALUT4     Z        Out     1.089     5.535       -         
outdiv18                                Net          -        -       -         -           2         
M01.U1.un1_outdiv44_2_0                 ORCALUT4     B        In      0.000     5.535       -         
M01.U1.un1_outdiv44_2_0                 ORCALUT4     Z        Out     1.089     6.624       -         
un1_outdiv44_2_0                        Net          -        -       -         -           2         
M01.U1.un1_sdiv_cry_0_0_RNO             ORCALUT4     A        In      0.000     6.624       -         
M01.U1.un1_sdiv_cry_0_0_RNO             ORCALUT4     Z        Out     1.017     7.641       -         
un1_outdiv44_i                          Net          -        -       -         -           1         
M01.U1.un1_sdiv_cry_0_0                 CCU2D        B0       In      0.000     7.641       -         
M01.U1.un1_sdiv_cry_0_0                 CCU2D        COUT     Out     1.545     9.185       -         
un1_sdiv_cry_0                          Net          -        -       -         -           1         
M01.U1.un1_sdiv_cry_1_0                 CCU2D        CIN      In      0.000     9.185       -         
M01.U1.un1_sdiv_cry_1_0                 CCU2D        COUT     Out     0.143     9.328       -         
un1_sdiv_cry_2                          Net          -        -       -         -           1         
M01.U1.un1_sdiv_cry_3_0                 CCU2D        CIN      In      0.000     9.328       -         
M01.U1.un1_sdiv_cry_3_0                 CCU2D        COUT     Out     0.143     9.471       -         
un1_sdiv_cry_4                          Net          -        -       -         -           1         
M01.U1.un1_sdiv_cry_5_0                 CCU2D        CIN      In      0.000     9.471       -         
M01.U1.un1_sdiv_cry_5_0                 CCU2D        COUT     Out     0.143     9.614       -         
un1_sdiv_cry_6                          Net          -        -       -         -           1         
M01.U1.un1_sdiv_cry_7_0                 CCU2D        CIN      In      0.000     9.614       -         
M01.U1.un1_sdiv_cry_7_0                 CCU2D        COUT     Out     0.143     9.756       -         
un1_sdiv_cry_8                          Net          -        -       -         -           1         
M01.U1.un1_sdiv_cry_9_0                 CCU2D        CIN      In      0.000     9.756       -         
M01.U1.un1_sdiv_cry_9_0                 CCU2D        COUT     Out     0.143     9.899       -         
un1_sdiv_cry_10                         Net          -        -       -         -           1         
M01.U1.un1_sdiv_cry_11_0                CCU2D        CIN      In      0.000     9.899       -         
M01.U1.un1_sdiv_cry_11_0                CCU2D        COUT     Out     0.143     10.042      -         
un1_sdiv_cry_12                         Net          -        -       -         -           1         
M01.U1.un1_sdiv_cry_13_0                CCU2D        CIN      In      0.000     10.042      -         
M01.U1.un1_sdiv_cry_13_0                CCU2D        COUT     Out     0.143     10.185      -         
un1_sdiv_cry_14                         Net          -        -       -         -           1         
M01.U1.un1_sdiv_cry_15_0                CCU2D        CIN      In      0.000     10.185      -         
M01.U1.un1_sdiv_cry_15_0                CCU2D        COUT     Out     0.143     10.328      -         
un1_sdiv_cry_16                         Net          -        -       -         -           1         
M01.U1.un1_sdiv_cry_17_0                CCU2D        CIN      In      0.000     10.328      -         
M01.U1.un1_sdiv_cry_17_0                CCU2D        COUT     Out     0.143     10.470      -         
un1_sdiv_cry_18                         Net          -        -       -         -           1         
M01.U1.un1_sdiv_cry_19_0                CCU2D        CIN      In      0.000     10.470      -         
M01.U1.un1_sdiv_cry_19_0                CCU2D        S1       Out     1.549     12.019      -         
un1_sdiv_cry_19_0_S1                    Net          -        -       -         -           1         
M01.U1.sdiv[20]                         FD1S3IX      D        In      0.000     12.019      -         
======================================================================================================




====================================
Detailed Report for Clock: topword00|clkr0
====================================



Starting Points with Worst Slack
********************************

                    Starting                                                   Arrival            
Instance            Reference           Type         Pin     Net               Time        Slack  
                    Clock                                                                         
--------------------------------------------------------------------------------------------------
MO2.scring[1]       topword00|clkr0     FD1S3JX      Q       scring[1]         1.044       998.153
MO2_scringio[0]     topword00|clkr0     IFS1P3IX     Q       MO2.scring[0]     1.044       998.851
MO2.scring[2]       topword00|clkr0     FD1S3JX      Q       scring[2]         1.044       998.851
MO2.scring[3]       topword00|clkr0     FD1S3JX      Q       scring[3]         1.044       998.851
==================================================================================================


Ending Points with Worst Slack
******************************

                    Starting                                                     Required            
Instance            Reference           Type         Pin     Net                 Time         Slack  
                    Clock                                                                            
-----------------------------------------------------------------------------------------------------
MO2_scringio[0]     topword00|clkr0     IFS1P3IX     CD      MO2.scring_i[1]     999.197      998.153
MO2.outr[0]         topword00|clkr0     FD1P3AX      D       scring[0]           999.894      998.851
MO2.outr[1]         topword00|clkr0     FD1P3AX      D       scring[1]           999.894      998.851
MO2.outr[2]         topword00|clkr0     FD1P3AX      D       scring[2]           999.894      998.851
MO2.outr[3]         topword00|clkr0     FD1P3AX      D       scring[3]           999.894      998.851
MO2.scring[1]       topword00|clkr0     FD1S3JX      D       scring[2]           999.894      998.851
MO2.scring[2]       topword00|clkr0     FD1S3JX      D       scring[3]           999.894      998.851
MO2.scring[3]       topword00|clkr0     FD1S3JX      D       scring[0]           999.894      998.851
=====================================================================================================



Worst Path Information
***********************


Path information for path number 1: 
      Requested Period:                      1000.000
    - Setup time:                            0.803
    + Clock delay at ending point:           0.000 (ideal)
    = Required time:                         999.197

    - Propagation time:                      1.044
    - Clock delay at starting point:         0.000 (ideal)
    = Slack (non-critical) :                 998.153

    Number of logic level(s):                1
    Starting point:                          MO2.scring[1] / Q
    Ending point:                            MO2_scringio[0] / CD
    The start point is clocked by            topword00|clkr0 [rising] on pin CK
    The end   point is clocked by            topword00|clkr0 [rising] on pin SCLK

Instance / Net                         Pin      Pin               Arrival     No. of    
Name                      Type         Name     Dir     Delay     Time        Fan Out(s)
----------------------------------------------------------------------------------------
MO2.scring[1]             FD1S3JX      Q        Out     1.044     1.044       -         
scring[1]                 Net          -        -       -         -           2         
MO2.scring_RNIBG05[1]     INV          A        In      0.000     1.044       -         
MO2.scring_RNIBG05[1]     INV          Z        Out     0.000     1.044       -         
scring_i[1]               Net          -        -       -         -           1         
MO2_scringio[0]           IFS1P3IX     CD       In      0.000     1.044       -         
========================================================================================



##### END OF TIMING REPORT #####]


Finished final timing analysis (Real Time elapsed 0h:00m:01s; CPU Time elapsed 0h:00m:01s; Memory used current: 147MB peak: 148MB)


Finished timing report (Real Time elapsed 0h:00m:01s; CPU Time elapsed 0h:00m:01s; Memory used current: 147MB peak: 148MB)

---------------------------------------
Resource Usage Report
Part: lcmxo2_7000he-4

Register bits: 30 of 6864 (0%)
Latch bits:      3
PIC Latch:       0
I/O cells:       22


Details:
CCU2D:          11
FD1P3AX:        4
FD1S1B:         2
FD1S1D:         1
FD1S3AX:        1
FD1S3IX:        21
FD1S3JX:        3
GSR:            1
IB:             6
IFS1P3IX:       1
INV:            2
OB:             16
ORCALUT4:       49
OSCH:           1
PUR:            1
VHI:            4
VLO:            4
false:          2
true:           2
Mapper successful!

At Mapper Exit (Real Time elapsed 0h:00m:01s; CPU Time elapsed 0h:00m:01s; Memory used current: 52MB peak: 148MB)

Process took 0h:00m:01s realtime, 0h:00m:01s cputime
# Wed Mar 02 08:01:05 2016

###########################################################]


Synthesis exit by 0.

edif2ngd  -l "MachXO2" -d LCMXO2-7000HE -path "C:/Users/Gabriela/Desktop/Practicas/palabra00/palabra00" -path "C:/Users/Gabriela/Desktop/Practicas/palabra00"   "C:/Users/Gabriela/Desktop/Practicas/palabra00/palabra00/palabra00_palabra00.edi" "palabra00_palabra00.ngo"   
edif2ngd:  version Diamond (64-bit) 3.6.0.83.4

Copyright (c) 1991-1994 by NeoCAD Inc. All rights reserved.
Copyright (c) 1995 AT&T Corp.   All rights reserved.
Copyright (c) 1995-2001 Lucent Technologies Inc.  All rights reserved.
Copyright (c) 2001 Agere Systems   All rights reserved.
Copyright (c) 2002-2015 Lattice Semiconductor Corporation,  All rights reserved.
Writing the design to palabra00_palabra00.ngo...

Total CPU Time: 0 secs  

Total REAL Time: 0 secs  


ngdbuild  -a "MachXO2" -d LCMXO2-7000HE  -p "C:/lscc/diamond/3.6_x64/ispfpga/xo2c00/data"  -p "C:/Users/Gabriela/Desktop/Practicas/palabra00/palabra00" -p "C:/Users/Gabriela/Desktop/Practicas/palabra00"  "palabra00_palabra00.ngo" "palabra00_palabra00.ngd"  	
ngdbuild:  version Diamond (64-bit) 3.6.0.83.4

Copyright (c) 1991-1994 by NeoCAD Inc. All rights reserved.
Copyright (c) 1995 AT&T Corp.   All rights reserved.
Copyright (c) 1995-2001 Lucent Technologies Inc.  All rights reserved.
Copyright (c) 2001 Agere Systems   All rights reserved.
Copyright (c) 2002-2015 Lattice Semiconductor Corporation,  All rights reserved.
Reading 'palabra00_palabra00.ngo' ...
Loading NGL library 'C:/lscc/diamond/3.6_x64/ispfpga/xo2c00a/data/xo2alib.ngl'...
Loading NGL library 'C:/lscc/diamond/3.6_x64/ispfpga/xo2c00/data/xo2clib.ngl'...
Loading NGL library 'C:/lscc/diamond/3.6_x64/ispfpga/mg5g00/data/mg5glib.ngl'...
Loading NGL library 'C:/lscc/diamond/3.6_x64/ispfpga/or5g00/data/orc5glib.ngl'...


Running DRC...

    <postMsg mid="1166052" type="Warning" dynamic="2" navigation="1" arg0="logical" arg1="M01/U1/un1_sdiv_cry_19_0_COUT" arg2="M01/U1/un1_sdiv_cry_19_0_COUT"  />
    <postMsg mid="1166052" type="Warning" dynamic="2" navigation="1" arg0="logical" arg1="M01/U1/un1_sdiv_cry_0_0_S0" arg2="M01/U1/un1_sdiv_cry_0_0_S0"  />
    <postMsg mid="1166052" type="Warning" dynamic="2" navigation="1" arg0="logical" arg1="M01/U0/OSCInst0_SEDSTDBY" arg2="M01/U0/OSCInst0_SEDSTDBY"  />
    <postMsg mid="1163101" type="Warning" dynamic="1" navigation="0" arg0="3"  />

Design Results:
    127 blocks expanded
Complete the first expansion.
Writing 'palabra00_palabra00.ngd' ...
Total CPU Time: 0 secs  

Total REAL Time: 0 secs  


map -a "MachXO2" -p LCMXO2-7000HE -t TQFP144 -s 4 -oc Commercial   "palabra00_palabra00.ngd" -o "palabra00_palabra00_map.ncd" -pr "palabra00_palabra00.prf" -mp "palabra00_palabra00.mrp" -lpf "C:/Users/Gabriela/Desktop/Practicas/palabra00/palabra00/palabra00_palabra00_synplify.lpf" -lpf "C:/Users/Gabriela/Desktop/Practicas/palabra00/palabra00.lpf" -c 0            
map:  version Diamond (64-bit) 3.6.0.83.4

Copyright (c) 1991-1994 by NeoCAD Inc. All rights reserved.
Copyright (c) 1995 AT&T Corp.   All rights reserved.
Copyright (c) 1995-2001 Lucent Technologies Inc.  All rights reserved.
Copyright (c) 2001 Agere Systems   All rights reserved.
Copyright (c) 2002-2015 Lattice Semiconductor Corporation,  All rights reserved.
   Process the file: palabra00_palabra00.ngd
   Picdevice="LCMXO2-7000HE"

   Pictype="TQFP144"

   Picspeed=4

   Remove unused logic

   Do not produce over sized NCDs.

Part used: LCMXO2-7000HETQFP144, Performance used: 4.

Loading device for application map from file 'xo2c7000.nph' in environment: C:/lscc/diamond/3.6_x64/ispfpga.
Package Status:                     Final          Version 1.39.

Running general design DRC...

Removing unused logic...

Optimizing...

    <postMsg mid="51001030" type="Warning" dynamic="1" navigation="0" arg0="M03/un1_incont_11"  />



Design Summary:
   Number of registers:     33 out of  7209 (0%)
      PFU registers:           32 out of  6864 (0%)
      PIO registers:            1 out of   345 (0%)
   Number of SLICEs:        37 out of  3432 (1%)
      SLICEs as Logic/ROM:     37 out of  3432 (1%)
      SLICEs as RAM:            0 out of  2574 (0%)
      SLICEs as Carry:         11 out of  3432 (0%)
   Number of LUT4s:         73 out of  6864 (1%)
      Number used as logic LUTs:         51
      Number used as distributed RAM:     0
      Number used as ripple logic:       22
      Number used as shift registers:     0
   Number of PIO sites used: 22 + 4(JTAG) out of 115 (23%)
   Number of block RAMs:  0 out of 26 (0%)
   Number of GSRs:  1 out of 1 (100%)
   EFB used :       No
   JTAG used :      No
   Readback used :  No
   Oscillator used :  Yes
   Startup used :   No
   POR :            On
   Bandgap :        On
   Number of Power Controller:  0 out of 1 (0%)
   Number of Dynamic Bank Controller (BCINRD):  0 out of 6 (0%)
   Number of Dynamic Bank Controller (BCLVDSO):  0 out of 1 (0%)
   Number of DCCA:  0 out of 8 (0%)
   Number of DCMA:  0 out of 2 (0%)
   Number of PLLs:  0 out of 2 (0%)
   Number of DQSDLLs:  0 out of 2 (0%)
   Number of CLKDIVC:  0 out of 4 (0%)
   Number of ECLKSYNCA:  0 out of 4 (0%)
   Number of ECLKBRIDGECS:  0 out of 2 (0%)
   Notes:-
      1. Total number of LUT4s = (Number of logic LUT4s) + 2*(Number of distributed RAMs) + 2*(Number of ripple logic)
      2. Number of logic LUT4s does not include count of distributed RAM and ripple logic.
   Number of clocks:  5
     Net clkr0_c: 5 loads, 5 rising, 0 falling (Driver: PIO clkr0 )
     Net M03/un1_incont_10: 1 loads, 1 rising, 0 falling (Driver: M03/un1_incont_10 )
     Net M03/un1_incont_12: 1 loads, 1 rising, 0 falling (Driver: M03/un1_incont_12 )
     Net M03/un1_incont_13: 1 loads, 1 rising, 0 falling (Driver: M03/un1_incont_13 )
     Net M01/clk0: 12 loads, 12 rising, 0 falling (Driver: M01/U0/OSCInst0 )
   Number of Clock Enables:  1
     Net loadr0_c: 2 loads, 2 LSLICEs
   Number of local set/reset loads for net M03/un1_incont_11 merged into GSR:  1
   Number of LSRs:  5
     Net loadr0_c: 2 loads, 2 LSLICEs
     Net M03/outbcd6: 1 loads, 1 LSLICEs
     Net M03/outbcd8: 1 loads, 1 LSLICEs
     Net MO2/scring[1]: 1 loads, 0 LSLICEs
     Net M01/U1/un1_outdiv44_RNI7U3L: 11 loads, 11 LSLICEs
   Number of nets driven by tri-state buffers:  0
   Top 10 highest fanout non-clock nets:
     Net M01/U1/un1_outdiv44_RNI7U3L: 11 loads
     Net cdiv0_c[0]: 8 loads
     Net cdiv0_c[1]: 8 loads
     Net leds0_c[0]: 8 loads
     Net leds0_c[1]: 8 loads
     Net leds0_c[2]: 8 loads
     Net leds0_c[3]: 8 loads
     Net M01/U1/sdiv[16]: 8 loads
     Net M01/U1/sdiv[17]: 8 loads
     Net M01/U1/sdiv[18]: 8 loads
 

   Number of warnings:  1
   Number of errors:    0



Total CPU Time: 0 secs  
Total REAL Time: 0 secs  
Peak Memory Usage: 57 MB

Dumping design to file palabra00_palabra00_map.ncd.

mpartrce -p "palabra00_palabra00.p2t" -f "palabra00_palabra00.p3t" -tf "palabra00_palabra00.pt" "palabra00_palabra00_map.ncd" "palabra00_palabra00.ncd"

---- MParTrce Tool ----
Removing old design directory at request of -rem command line option to this program.
Running par. Please wait . . .

Lattice Place and Route Report for Design "palabra00_palabra00_map.ncd"
Wed Mar 02 08:01:08 2016

PAR: Place And Route Diamond (64-bit) 3.6.0.83.4.
Command Line: par -w -l 5 -i 6 -t 1 -c 0 -e 0 -gui -msgset C:/Users/Gabriela/Desktop/Practicas/palabra00/promote.xml -exp parUseNBR=1:parCDP=0:parCDR=0:parPathBased=OFF palabra00_palabra00_map.ncd palabra00_palabra00.dir/5_1.ncd palabra00_palabra00.prf
Preference file: palabra00_palabra00.prf.
Placement level-cost: 5-1.
Routing Iterations: 6

Loading design for application par from file palabra00_palabra00_map.ncd.
Design name: topword00
NCD version: 3.3
Vendor:      LATTICE
Device:      LCMXO2-7000HE
Package:     TQFP144
Performance: 4
Loading device for application par from file 'xo2c7000.nph' in environment: C:/lscc/diamond/3.6_x64/ispfpga.
Package Status:                     Final          Version 1.39.
Performance Hardware Data Status:   Final          Version 31.4.
License checked out.


Ignore Preference Error(s):  True
Device utilization summary:

   PIO (prelim)   22+4(JTAG)/336     8% used
                  22+4(JTAG)/115     23% bonded
   IOLOGIC            1/336          <1% used

   SLICE             37/3432          1% used

   GSR                1/1           100% used
   OSC                1/1           100% used


Number of Signals: 122
Number of Connections: 299

Pin Constraint Summary:
   22 out of 22 pins locked (100% locked).

The following 1 signal is selected to use the primary clock routing resources:
    M01/clk0 (driver: M01/U0/OSCInst0, clk load #: 12)


The following 2 signals are selected to use the secondary clock routing resources:
    M01/U1/un1_outdiv44_RNI7U3L (driver: M01/U1/SLICE_19, clk load #: 0, sr load #: 11, ce load #: 0)
    clkr0_c (driver: clkr0, clk load #: 5, sr load #: 0, ce load #: 0)

    <postMsg mid="61061008" type="Warning" dynamic="5" navigation="0" arg0="clkr0_c" arg1="Secondary" arg2="clkr0" arg3="84" arg4="Secondary"  />
Signal M03/un1_incont_11 is selected as Global Set/Reset.
Starting Placer Phase 0.

Finished Placer Phase 0.  REAL time: 0 secs 

Starting Placer Phase 1.
....................
Placer score = 30809.
Finished Placer Phase 1.  REAL time: 4 secs 

Starting Placer Phase 2.
.
Placer score =  30759
Finished Placer Phase 2.  REAL time: 4 secs 


------------------ Clock Report ------------------

Global Clock Resources:
  CLK_PIN    : 0 out of 8 (0%)
  General PIO: 1 out of 336 (0%)
  PLL        : 0 out of 2 (0%)
  DCM        : 0 out of 2 (0%)
  DCC        : 0 out of 8 (0%)

Quadrants All (TL, TR, BL, BR) - Global Clocks:
  PRIMARY "M01/clk0" from OSC on comp "M01/U0/OSCInst0" on site "OSC", clk load = 12
  SECONDARY "M01/U1/un1_outdiv44_RNI7U3L" from F0 on comp "M01/U1/SLICE_19" on site "R11C40C", clk load = 0, ce load = 0, sr load = 11
  SECONDARY "clkr0_c" from comp "clkr0" on PIO site "84 (PR17A)", clk load = 5, ce load = 0, sr load = 0

  PRIMARY  : 1 out of 8 (12%)
  SECONDARY: 2 out of 8 (25%)

Edge Clocks:
  No edge clock selected.

--------------- End of Clock Report ---------------


I/O Usage Summary (final):
   22 + 4(JTAG) out of 336 (7.7%) PIO sites used.
   22 + 4(JTAG) out of 115 (22.6%) bonded PIO sites used.
   Number of PIO comps: 22; differential: 0.
   Number of Vref pins used: 0.

I/O Bank Usage Summary:
+----------+----------------+------------+-----------+
| I/O Bank | Usage          | Bank Vccio | Bank Vref |
+----------+----------------+------------+-----------+
| 0        | 15 / 28 ( 53%) | 2.5V       | -         |
| 1        | 2 / 29 (  6%)  | 2.5V       | -         |
| 2        | 5 / 29 ( 17%)  | 2.5V       | -         |
| 3        | 0 / 9 (  0%)   | -          | -         |
| 4        | 0 / 10 (  0%)  | -          | -         |
| 5        | 0 / 10 (  0%)  | -          | -         |
+----------+----------------+------------+-----------+

Total placer CPU time: 4 secs 

Dumping design to file palabra00_palabra00.dir/5_1.ncd.

0 connections routed; 299 unrouted.
Starting router resource preassignment

    <postMsg mid="66011008" type="Warning" dynamic="1" navigation="0" arg0="&#xA;   Signal=M03/un1_incont_10 loads=1 clock_loads=1&#xA;   Signal=M03/un1_incont_12 loads=1 clock_loads=1&#xA;   Signal=M03/un1_incont_13 loads=1 clock_loads=1"  />

Completed router resource preassignment. Real time: 6 secs 

Start NBR router at 08:01:14 03/02/16

*****************************************************************
Info: NBR allows conflicts(one node used by more than one signal)
      in the earlier iterations. In each iteration, it tries to  
      solve the conflicts while keeping the critical connections 
      routed as short as possible. The routing process is said to
      be completed when no conflicts exist and all connections   
      are routed.                                                
Note: NBR uses a different method to calculate timing slacks. The
      worst slack and total negative slack may not be the same as
      that in TRCE report. You should always run TRCE to verify  
      your design.                                               
*****************************************************************

Start NBR special constraint process at 08:01:14 03/02/16

Start NBR section for initial routing at 08:01:14 03/02/16
Level 4, iteration 1
14(0.00%) conflicts; 0(0.00%) untouched conn; 0 (nbr) score; 
Estimated worst slack/total negative slack<setup>: 465.166ns/0.000ns; real time: 7 secs 

Info: Initial congestion level at 75% usage is 0
Info: Initial congestion area  at 75% usage is 0 (0.00%)

Start NBR section for normal routing at 08:01:15 03/02/16
Level 4, iteration 1
11(0.00%) conflicts; 0(0.00%) untouched conn; 0 (nbr) score; 
Estimated worst slack/total negative slack<setup>: 465.166ns/0.000ns; real time: 7 secs 
Level 4, iteration 2
5(0.00%) conflicts; 0(0.00%) untouched conn; 0 (nbr) score; 
Estimated worst slack/total negative slack<setup>: 465.166ns/0.000ns; real time: 7 secs 
Level 4, iteration 3
4(0.00%) conflicts; 0(0.00%) untouched conn; 0 (nbr) score; 
Estimated worst slack/total negative slack<setup>: 465.166ns/0.000ns; real time: 7 secs 
Level 4, iteration 4
4(0.00%) conflicts; 0(0.00%) untouched conn; 0 (nbr) score; 
Estimated worst slack/total negative slack<setup>: 465.166ns/0.000ns; real time: 7 secs 
Level 4, iteration 5
2(0.00%) conflicts; 0(0.00%) untouched conn; 0 (nbr) score; 
Estimated worst slack/total negative slack<setup>: 465.166ns/0.000ns; real time: 7 secs 
Level 4, iteration 6
2(0.00%) conflicts; 0(0.00%) untouched conn; 0 (nbr) score; 
Estimated worst slack/total negative slack<setup>: 465.166ns/0.000ns; real time: 7 secs 
Level 4, iteration 7
2(0.00%) conflicts; 0(0.00%) untouched conn; 0 (nbr) score; 
Estimated worst slack/total negative slack<setup>: 465.166ns/0.000ns; real time: 7 secs 
Level 4, iteration 8
1(0.00%) conflict; 0(0.00%) untouched conn; 0 (nbr) score; 
Estimated worst slack/total negative slack<setup>: 465.166ns/0.000ns; real time: 7 secs 
Level 4, iteration 9
1(0.00%) conflict; 0(0.00%) untouched conn; 0 (nbr) score; 
Estimated worst slack/total negative slack<setup>: 465.166ns/0.000ns; real time: 7 secs 
Level 4, iteration 10
1(0.00%) conflict; 0(0.00%) untouched conn; 0 (nbr) score; 
Estimated worst slack/total negative slack<setup>: 465.166ns/0.000ns; real time: 7 secs 
Level 4, iteration 11
1(0.00%) conflict; 0(0.00%) untouched conn; 0 (nbr) score; 
Estimated worst slack/total negative slack<setup>: 465.166ns/0.000ns; real time: 7 secs 
Level 4, iteration 12
1(0.00%) conflict; 0(0.00%) untouched conn; 0 (nbr) score; 
Estimated worst slack/total negative slack<setup>: 465.166ns/0.000ns; real time: 7 secs 
Level 4, iteration 13
0(0.00%) conflict; 0(0.00%) untouched conn; 0 (nbr) score; 
Estimated worst slack/total negative slack<setup>: 465.166ns/0.000ns; real time: 7 secs 

Start NBR section for setup/hold timing optimization with effort level 3 at 08:01:15 03/02/16

Start NBR section for re-routing at 08:01:15 03/02/16
Level 4, iteration 1
0(0.00%) conflict; 0(0.00%) untouched conn; 0 (nbr) score; 
Estimated worst slack/total negative slack<setup>: 465.166ns/0.000ns; real time: 7 secs 

Start NBR section for post-routing at 08:01:15 03/02/16

End NBR router with 0 unrouted connection

NBR Summary
-----------
  Number of unrouted connections : 0 (0.00%)
  Number of connections with timing violations : 0 (0.00%)
  Estimated worst slack<setup> : 465.166ns
  Timing score<setup> : 0
-----------
Notes: The timing info is calculated for SETUP only and all PAR_ADJs are ignored.



    <postMsg mid="66011008" type="Warning" dynamic="1" navigation="0" arg0="&#xA;   Signal=M03/un1_incont_10 loads=1 clock_loads=1&#xA;   Signal=M03/un1_incont_12 loads=1 clock_loads=1&#xA;   Signal=M03/un1_incont_13 loads=1 clock_loads=1"  />

Total CPU time 7 secs 
Total REAL time: 8 secs 
Completely routed.
End of route.  299 routed (100.00%); 0 unrouted.
Checking DRC ... 
No errors found.

Hold time timing score: 0, hold timing errors: 0

Timing score: 0 

Dumping design to file palabra00_palabra00.dir/5_1.ncd.


PAR_SUMMARY::Run status = completed
PAR_SUMMARY::Number of unrouted conns = 0
PAR_SUMMARY::Worst  slack<setup/<ns>> = 465.166
PAR_SUMMARY::Timing score<setup/<ns>> = 0.000
PAR_SUMMARY::Worst  slack<hold /<ns>> = 0.379
PAR_SUMMARY::Timing score<hold /<ns>> = 0.000
PAR_SUMMARY::Number of errors = 0

Total CPU  time to completion: 8 secs 
Total REAL time to completion: 8 secs 

par done!

Copyright (c) 1991-1994 by NeoCAD Inc. All rights reserved.
Copyright (c) 1995 AT&T Corp.   All rights reserved.
Copyright (c) 1995-2001 Lucent Technologies Inc.  All rights reserved.
Copyright (c) 2001 Agere Systems   All rights reserved.
Copyright (c) 2002-2015 Lattice Semiconductor Corporation,  All rights reserved.
Exiting par with exit code 0
Exiting mpartrce with exit code 0

bitgen -f "palabra00_palabra00.t2b" -w "palabra00_palabra00.ncd" -jedec "palabra00_palabra00.prf"


BITGEN: Bitstream Generator Diamond (64-bit) 3.6.0.83.4
Copyright (c) 1991-1994 by NeoCAD Inc. All rights reserved.
Copyright (c) 1995 AT&T Corp.   All rights reserved.
Copyright (c) 1995-2001 Lucent Technologies Inc.  All rights reserved.
Copyright (c) 2001 Agere Systems   All rights reserved.
Copyright (c) 2002-2015 Lattice Semiconductor Corporation,  All rights reserved.


Loading design for application Bitgen from file palabra00_palabra00.ncd.
Design name: topword00
NCD version: 3.3
Vendor:      LATTICE
Device:      LCMXO2-7000HE
Package:     TQFP144
Performance: 4
Loading device for application Bitgen from file 'xo2c7000.nph' in environment: C:/lscc/diamond/3.6_x64/ispfpga.
Package Status:                     Final          Version 1.39.
Performance Hardware Data Status:   Final          Version 31.4.

Running DRC.
DRC detected 0 errors and 0 warnings.
Reading Preference File from palabra00_palabra00.prf.

Preference Summary:
+---------------------------------+---------------------------------+
|  Preference                     |  Current Setting                |
+---------------------------------+---------------------------------+
|                         RamCfg  |                        Reset**  |
+---------------------------------+---------------------------------+
|                     MCCLK_FREQ  |                         2.08**  |
+---------------------------------+---------------------------------+
|                  CONFIG_SECURE  |                          OFF**  |
+---------------------------------+---------------------------------+
|                      JTAG_PORT  |                       ENABLE**  |
+---------------------------------+---------------------------------+
|                       SDM_PORT  |                      DISABLE**  |
+---------------------------------+---------------------------------+
|                 SLAVE_SPI_PORT  |                      DISABLE**  |
+---------------------------------+---------------------------------+
|                MASTER_SPI_PORT  |                      DISABLE**  |
+---------------------------------+---------------------------------+
|                       I2C_PORT  |                      DISABLE**  |
+---------------------------------+---------------------------------+
|        MUX_CONFIGURATION_PORTS  |                      DISABLE**  |
+---------------------------------+---------------------------------+
|                  CONFIGURATION  |                          CFG**  |
+---------------------------------+---------------------------------+
|                COMPRESS_CONFIG  |                           ON**  |
+---------------------------------+---------------------------------+
|                        MY_ASSP  |                          OFF**  |
+---------------------------------+---------------------------------+
|               ONE_TIME_PROGRAM  |                          OFF**  |
+---------------------------------+---------------------------------+
|                 ENABLE_TRANSFR  |                      DISABLE**  |
+---------------------------------+---------------------------------+
|                  SHAREDEBRINIT  |                      DISABLE**  |
+---------------------------------+---------------------------------+
|            BACKGROUND_RECONFIG  |                          OFF**  |
+---------------------------------+---------------------------------+
 *  Default setting.
 ** The specified setting matches the default setting.


Creating bit map...
 
Bitstream Status: Final           Version 1.88.
 
Saving bit stream in "palabra00_palabra00.jed".
 
===========
UFM Summary.
===========
UFM Size:        2046 Pages (128*2046 Bits).
UFM Utilization: General Purpose Flash Memory.
 
Available General Purpose Flash Memory: 2046 Pages (Page 0 to Page 2045).
Initialized UFM Pages:                     0 Page.
 
