Running in Lattice mode

sourcing C:\lscc\diamond\3.6_x64\synpbase\lib\message_override.tcl


Starting:    C:\lscc\diamond\3.6_x64\synpbase\bin64\mbin\synbatch.exe
Install:     C:\lscc\diamond\3.6_x64\synpbase
Hostname:    ISCGAB
Date:        Wed May 04 08:16:13 2016
Version:     J-2015.03L-SP1

Arguments:   -product synplify_pro -batch rom00_rom00_synplify.tcl
ProductType: synplify_pro





log file: "C:\Users\Gabriela\Desktop\PracticasG\ROM2\ROM2\rom00\rom00\rom00_rom00.srr"

Running: hdl_info_gen in foreground



Generating HDL info...


hdl_info_gen Completed
Return Code: 0
Run Time:0h:00m:00s

Copied C:\Users\Gabriela\Desktop\PracticasG\ROM2\ROM2\rom00\rom00\rom00_rom00.srr to C:\Users\Gabriela\Desktop\PracticasG\ROM2\ROM2\rom00\rom00\rom00_rom00.srf

log file: "C:\Users\Gabriela\Desktop\PracticasG\ROM2\ROM2\rom00\rom00\rom00_rom00.srr"

Running: rom00 in foreground



Running proj_1|rom00


Running: compile (Compile) on proj_1|rom00


Running: compile_flow (Compile Process) on proj_1|rom00


Running: compiler (Compile Input) on proj_1|rom00

Copied C:\Users\Gabriela\Desktop\PracticasG\ROM2\ROM2\rom00\rom00\synwork\rom00_rom00_comp.srs to C:\Users\Gabriela\Desktop\PracticasG\ROM2\ROM2\rom00\rom00\rom00_rom00.srs


compiler Completed
Return Code: 0
Run Time:0h:00m:02s


Running: multi_srs_gen (Multi-srs Generator) on proj_1|rom00

Copied C:\Users\Gabriela\Desktop\PracticasG\ROM2\ROM2\rom00\rom00\synwork\rom00_rom00_comp.srs to C:\Users\Gabriela\Desktop\PracticasG\ROM2\ROM2\rom00\rom00\synwork\rom00_rom00_s.srs


multi_srs_gen Completed
Return Code: 0
Run Time:0h:00m:01s

Copied C:\Users\Gabriela\Desktop\PracticasG\ROM2\ROM2\rom00\rom00\synwork\rom00_rom00_mult.srs to C:\Users\Gabriela\Desktop\PracticasG\ROM2\ROM2\rom00\rom00\rom00_rom00.srs

Copied C:\Users\Gabriela\Desktop\PracticasG\ROM2\ROM2\rom00\rom00\rom00_rom00.srr to C:\Users\Gabriela\Desktop\PracticasG\ROM2\ROM2\rom00\rom00\rom00_rom00.srf

Complete: Compile Process on proj_1|rom00


Running: premap (Pre-mapping) on proj_1|rom00

Copied C:\Users\Gabriela\Desktop\PracticasG\ROM2\ROM2\rom00\rom00\rom00_rom00.fse to C:\Users\Gabriela\Desktop\PracticasG\ROM2\ROM2\rom00\rom00\synwork\rom00_rom00_s.fse


premap Completed with warnings
Return Code: 1
Run Time:0h:00m:01s

Complete: Compile on proj_1|rom00


Running: map (Map) on proj_1|rom00


Running: fpga_mapper (Map & Optimize) on proj_1|rom00

Copied C:\Users\Gabriela\Desktop\PracticasG\ROM2\ROM2\rom00\rom00\synwork\rom00_rom00_m.srm to C:\Users\Gabriela\Desktop\PracticasG\ROM2\ROM2\rom00\rom00\rom00_rom00.srm


fpga_mapper Completed with warnings
Return Code: 1
Run Time:0h:00m:02s

Complete: Map on proj_1|rom00

Copied C:\Users\Gabriela\Desktop\PracticasG\ROM2\ROM2\rom00\rom00\rom00_rom00.srr to C:\Users\Gabriela\Desktop\PracticasG\ROM2\ROM2\rom00\rom00\rom00_rom00.srf

Complete: Logic Synthesis on proj_1|rom00

TCL script complete: "rom00_rom00_synplify.tcl"

exit status=0

exit status=0

Save changes for project:
C:\Users\Gabriela\Desktop\PracticasG\ROM2\ROM2\rom00\rom00\proj_1.prj

batch mode default:no

