
map -a "MachXO3L" -p LCMXO3L-6900C -t CABGA256 -s 5 -oc Commercial   "generic01_generic01.ngd" -o "generic01_generic01_map.ncd" -pr "generic01_generic01.prf" -mp "generic01_generic01.mrp" -lpf "C:/Users/lu_he/Documents/proyect/generics/generic01/generic01/generic01_generic01_synplify.lpf" -lpf "C:/Users/lu_he/Documents/proyect/generics/generic01/generic01.lpf" -c 0            
map:  version Diamond (64-bit) 3.5.0.102

Copyright (c) 1991-1994 by NeoCAD Inc. All rights reserved.
Copyright (c) 1995 AT&T Corp.   All rights reserved.
Copyright (c) 1995-2001 Lucent Technologies Inc.  All rights reserved.
Copyright (c) 2001 Agere Systems   All rights reserved.
Copyright (c) 2002-2015 Lattice Semiconductor Corporation,  All rights reserved.
   Process the file: generic01_generic01.ngd
   Picdevice="LCMXO3L-6900C"

   Pictype="CABGA256"

   Picspeed=5

   Remove unused logic

   Do not produce over sized NCDs.

Part used: LCMXO3L-6900CCABGA256, Performance used: 5.

Loading device for application map from file 'xo3c6900.nph' in environment: C:/lscc/diamond/3.5_x64/ispfpga.
Package Status:                     Final          Version 1.16.

Running general design DRC...

Removing unused logic...

Optimizing...




Design Summary:
   Number of registers:    115 out of  7485 (2%)
      PFU registers:          107 out of  6864 (2%)
      PIO registers:            8 out of   621 (1%)
   Number of SLICEs:       114 out of  3432 (3%)
      SLICEs as Logic/ROM:    114 out of  3432 (3%)
      SLICEs as RAM:            0 out of  2574 (0%)
      SLICEs as Carry:         11 out of  3432 (0%)
   Number of LUT4s:        213 out of  6864 (3%)
      Number of logic LUTs:      191
      Number of distributed RAM:   0 (0 LUT4s)
      Number of ripple logic:     11 (22 LUT4s)
      Number of shift registers:   0
   Number of PIO sites used: 37 + 4(JTAG) out of 207 (20%)
   Number of block RAMs:  0 out of 26 (0%)
   Number of GSRs:  0 out of 1 (0%)
   EFB used :       No
   JTAG used :      No
   Readback used :  No
   Oscillator used :  Yes
   Startup used :   No
   POR :            On
   Bandgap :        On
   Number of Power Controller:  0 out of 1 (0%)
   Number of Dynamic Bank Controller (BCINRD):  0 out of 6 (0%)
   Number of Dynamic Bank Controller (BCLVDSO):  0 out of 1 (0%)
   Number of DCCA:  0 out of 8 (0%)
   Number of DCMA:  0 out of 2 (0%)
   Number of PLLs:  0 out of 2 (0%)
   Number of DQSDLLs:  0 out of 2 (0%)
   Number of CLKDIVC:  0 out of 4 (0%)
   Number of ECLKSYNCA:  0 out of 4 (0%)
   Number of ECLKBRIDGECS:  0 out of 2 (0%)
   Notes:-
      1. Total number of LUT4s = (Number of logic LUT4s) + 2*(Number of distributed RAMs) + 2*(Number of ripple logic)
      2. Number of logic LUT4s does not include count of distributed RAM and ripple logic.
   Number of clocks:  1
     Net G01/OS00/soscout0: 79 loads, 0 rising, 79 falling (Driver: G01/OS00/OSCInst0 )
   Number of Clock Enables:  10
     Net outuc_cnv[0]: 8 loads, 0 LSLICEs
     Net un1_outdiv_0_sqmuxa_1_i_0_RNI6L5Q: 29 loads, 29 LSLICEs
     Net G02/aux_RNI6R0B1: 4 loads, 4 LSLICEs
     Net G03/aux_RNIS9PU1: 4 loads, 4 LSLICEs
     Net G04/aux_RNITDV22: 4 loads, 4 LSLICEs
     Net G04/outnor_1ce[3]: 2 loads, 2 LSLICEs
     Net G05/aux_RNIUH5N1: 4 loads, 4 LSLICEs
     Net G06/outxor_1ce[0]: 4 loads, 4 LSLICEs
     Net G07/outxnor_1ce[0]: 4 loads, 4 LSLICEs
     Net G08/outnot_1ce[0]: 4 loads, 4 LSLICEs
   Number of LSRs:  1
     Net G01/OS01/un1_outdiv37_2_0_a3_RNIRELR: 11 loads, 11 LSLICEs
   Number of nets driven by tri-state buffers:  0
   Top 10 highest fanout non-clock nets:
     Net un1_outdiv_0_sqmuxa_1_i_0_RNI6L5Q: 37 loads
     Net codop0_c[1]: 24 loads
     Net codop0_c[0]: 23 loads
     Net codop0_c[2]: 12 loads
     Net codop0_c[3]: 12 loads
     Net codop0_c[4]: 12 loads
     Net soutFlag0_c: 12 loads
     Net G01/OS01/un1_outdiv37_2_0_a3_RNIRELR: 11 loads
     Net G02/outa_cl[7]: 9 loads
     Net G03.outo_cl[7]: 9 loads
 

   Number of warnings:  0
   Number of errors:    0



Total CPU Time: 0 secs  
Total REAL Time: 0 secs  
Peak Memory Usage: 58 MB

Dumping design to file generic01_generic01_map.ncd.

mpartrce -p "generic01_generic01.p2t" -f "generic01_generic01.p3t" -tf "generic01_generic01.pt" "generic01_generic01_map.ncd" "generic01_generic01.ncd"

---- MParTrce Tool ----
Removing old design directory at request of -rem command line option to this program.
Running par. Please wait . . .

Lattice Place and Route Report for Design "generic01_generic01_map.ncd"
Thu May 26 13:16:50 2016

PAR: Place And Route Diamond (64-bit) 3.5.0.102.
Command Line: par -w -l 5 -i 6 -t 1 -c 0 -e 0 -gui -exp parUseNBR=1:parCDP=0:parCDR=0:parPathBased=OFF generic01_generic01_map.ncd generic01_generic01.dir/5_1.ncd generic01_generic01.prf
Preference file: generic01_generic01.prf.
Placement level-cost: 5-1.
Routing Iterations: 6

Loading design for application par from file generic01_generic01_map.ncd.
Design name: topgeneric01
NCD version: 3.3
Vendor:      LATTICE
Device:      LCMXO3L-6900C
Package:     CABGA256
Performance: 5
Loading device for application par from file 'xo3c6900.nph' in environment: C:/lscc/diamond/3.5_x64/ispfpga.
Package Status:                     Final          Version 1.16.
Performance Hardware Data Status:   Final          Version 30.4.
License checked out.


Ignore Preference Error(s):  True
Device utilization summary:

   PIO (prelim)   37+4(JTAG)/336     12% used
                  37+4(JTAG)/207     20% bonded
   IOLOGIC            8/336           2% used

   SLICE            114/3432          3% used

   OSC                1/1           100% used


Number of Signals: 365
Number of Connections: 935
    <postMsg mid="61061045" type="Warning" dynamic="0" navigation="0"  />

Pin Constraint Summary:
   35 out of 35 pins locked (100% locked).

The following 1 signal is selected to use the primary clock routing resources:
    G01/OS00/soscout0 (driver: G01/OS00/OSCInst0, clk load #: 79)


The following 2 signals are selected to use the secondary clock routing resources:
    un1_outdiv_0_sqmuxa_1_i_0_RNI6L5Q (driver: SLICE_76, clk load #: 0, sr load #: 0, ce load #: 29)
    G01/OS01/un1_outdiv37_2_0_a3_RNIRELR (driver: G01/OS01/SLICE_74, clk load #: 0, sr load #: 11, ce load #: 0)

No signal is selected as Global Set/Reset.
.
Starting Placer Phase 0.
...........
Finished Placer Phase 0.  REAL time: 0 secs 

Starting Placer Phase 1.
...................
Placer score = 64639.
Finished Placer Phase 1.  REAL time: 6 secs 

Starting Placer Phase 2.
.
Placer score =  64140
Finished Placer Phase 2.  REAL time: 6 secs 


------------------ Clock Report ------------------

Global Clock Resources:
  CLK_PIN    : 0 out of 8 (0%)
  PLL        : 0 out of 2 (0%)
  DCM        : 0 out of 2 (0%)
  DCC        : 0 out of 8 (0%)

Quadrants All (TL, TR, BL, BR) - Global Clocks:
  PRIMARY "G01/OS00/soscout0" from OSC on comp "G01/OS00/OSCInst0" on site "OSC", clk load = 79
  SECONDARY "un1_outdiv_0_sqmuxa_1_i_0_RNI6L5Q" from F1 on comp "SLICE_76" on site "R21C18A", clk load = 0, ce load = 29, sr load = 0
  SECONDARY "G01/OS01/un1_outdiv37_2_0_a3_RNIRELR" from F0 on comp "G01/OS01/SLICE_74" on site "R21C18D", clk load = 0, ce load = 0, sr load = 11

  PRIMARY  : 1 out of 8 (12%)
  SECONDARY: 2 out of 8 (25%)

Edge Clocks:
  No edge clock selected.

--------------- End of Clock Report ---------------


I/O Usage Summary (final):
   37 + 4(JTAG) out of 336 (12.2%) PIO sites used.
   37 + 4(JTAG) out of 207 (19.8%) bonded PIO sites used.
   Number of PIO comps: 37; differential: 0.
   Number of Vref pins used: 0.

I/O Bank Usage Summary:
+----------+----------------+------------+-----------+
| I/O Bank | Usage          | Bank Vccio | Bank Vref |
+----------+----------------+------------+-----------+
| 0        | 0 / 51 (  0%)  | -          | -         |
| 1        | 1 / 52 (  1%)  | 2.5V       | -         |
| 2        | 10 / 52 ( 19%) | 2.5V       | -         |
| 3        | 7 / 16 ( 43%)  | 2.5V       | -         |
| 4        | 6 / 16 ( 37%)  | 2.5V       | -         |
| 5        | 13 / 20 ( 65%) | 2.5V       | -         |
+----------+----------------+------------+-----------+

Total placer CPU time: 5 secs 

Dumping design to file generic01_generic01.dir/5_1.ncd.

0 connections routed; 935 unrouted.
Starting router resource preassignment

Completed router resource preassignment. Real time: 7 secs 

Start NBR router at 13:16:57 05/26/16

*****************************************************************
Info: NBR allows conflicts(one node used by more than one signal)
      in the earlier iterations. In each iteration, it tries to  
      solve the conflicts while keeping the critical connections 
      routed as short as possible. The routing process is said to
      be completed when no conflicts exist and all connections   
      are routed.                                                
Note: NBR uses a different method to calculate timing slacks. The
      worst slack and total negative slack may not be the same as
      that in TRCE report. You should always run TRCE to verify  
      your design.                                               
*****************************************************************

Start NBR special constraint process at 13:16:57 05/26/16

Start NBR section for initial routing at 13:16:57 05/26/16
Level 4, iteration 1
22(0.01%) conflicts; 0(0.00%) untouched conn; 0 (nbr) score; 
Estimated worst slack/total negative slack<setup>: 465.424ns/0.000ns; real time: 7 secs 

Info: Initial congestion level at 75% usage is 0
Info: Initial congestion area  at 75% usage is 0 (0.00%)

Start NBR section for normal routing at 13:16:58 05/26/16
Level 4, iteration 1
11(0.00%) conflicts; 0(0.00%) untouched conn; 0 (nbr) score; 
Estimated worst slack/total negative slack<setup>: 465.424ns/0.000ns; real time: 8 secs 
Level 4, iteration 2
4(0.00%) conflicts; 0(0.00%) untouched conn; 0 (nbr) score; 
Estimated worst slack/total negative slack<setup>: 465.424ns/0.000ns; real time: 8 secs 
Level 4, iteration 3
1(0.00%) conflict; 0(0.00%) untouched conn; 0 (nbr) score; 
Estimated worst slack/total negative slack<setup>: 465.424ns/0.000ns; real time: 8 secs 
Level 4, iteration 4
1(0.00%) conflict; 0(0.00%) untouched conn; 0 (nbr) score; 
Estimated worst slack/total negative slack<setup>: 465.424ns/0.000ns; real time: 8 secs 
Level 4, iteration 5
0(0.00%) conflict; 0(0.00%) untouched conn; 0 (nbr) score; 
Estimated worst slack/total negative slack<setup>: 465.424ns/0.000ns; real time: 8 secs 

Start NBR section for setup/hold timing optimization with effort level 3 at 13:16:58 05/26/16

Start NBR section for re-routing at 13:16:58 05/26/16
Level 4, iteration 1
0(0.00%) conflict; 0(0.00%) untouched conn; 0 (nbr) score; 
Estimated worst slack/total negative slack<setup>: 465.424ns/0.000ns; real time: 8 secs 

Start NBR section for post-routing at 13:16:58 05/26/16

End NBR router with 0 unrouted connection

NBR Summary
-----------
  Number of unrouted connections : 0 (0.00%)
  Number of connections with timing violations : 0 (0.00%)
  Estimated worst slack<setup> : 465.424ns
  Timing score<setup> : 0
-----------
Notes: The timing info is calculated for SETUP only and all PAR_ADJs are ignored.



Total CPU time 8 secs 
Total REAL time: 8 secs 
Completely routed.
End of route.  935 routed (100.00%); 0 unrouted.
Checking DRC ... 
No errors found.

Hold time timing score: 0, hold timing errors: 0

Timing score: 0 

Dumping design to file generic01_generic01.dir/5_1.ncd.


PAR_SUMMARY::Run status = completed
PAR_SUMMARY::Number of unrouted conns = 0
PAR_SUMMARY::Worst  slack<setup/<ns>> = 465.424
PAR_SUMMARY::Timing score<setup/<ns>> = 0.000
PAR_SUMMARY::Worst  slack<hold /<ns>> = 0.377
PAR_SUMMARY::Timing score<hold /<ns>> = 0.000
PAR_SUMMARY::Number of errors = 0

Total CPU  time to completion: 8 secs 
Total REAL time to completion: 8 secs 

par done!

Copyright (c) 1991-1994 by NeoCAD Inc. All rights reserved.
Copyright (c) 1995 AT&T Corp.   All rights reserved.
Copyright (c) 1995-2001 Lucent Technologies Inc.  All rights reserved.
Copyright (c) 2001 Agere Systems   All rights reserved.
Copyright (c) 2002-2015 Lattice Semiconductor Corporation,  All rights reserved.
Exiting par with exit code 0
Exiting mpartrce with exit code 0

bitgen -f "generic01_generic01.t2b" -w "generic01_generic01.ncd" -jedec "generic01_generic01.prf"


BITGEN: Bitstream Generator Diamond (64-bit) 3.5.0.102
Copyright (c) 1991-1994 by NeoCAD Inc. All rights reserved.
Copyright (c) 1995 AT&T Corp.   All rights reserved.
Copyright (c) 1995-2001 Lucent Technologies Inc.  All rights reserved.
Copyright (c) 2001 Agere Systems   All rights reserved.
Copyright (c) 2002-2015 Lattice Semiconductor Corporation,  All rights reserved.


Loading design for application Bitgen from file generic01_generic01.ncd.
Design name: topgeneric01
NCD version: 3.3
Vendor:      LATTICE
Device:      LCMXO3L-6900C
Package:     CABGA256
Performance: 5
Loading device for application Bitgen from file 'xo3c6900.nph' in environment: C:/lscc/diamond/3.5_x64/ispfpga.
Package Status:                     Final          Version 1.16.
Performance Hardware Data Status:   Final          Version 30.4.

Running DRC.
DRC detected 0 errors and 0 warnings.
Reading Preference File from generic01_generic01.prf.

Preference Summary:
+---------------------------------+---------------------------------+
|  Preference                     |  Current Setting                |
+---------------------------------+---------------------------------+
|                         RamCfg  |                        Reset**  |
+---------------------------------+---------------------------------+
|                     MCCLK_FREQ  |                         2.08**  |
+---------------------------------+---------------------------------+
|                  CONFIG_SECURE  |                          OFF**  |
+---------------------------------+---------------------------------+
|                      JTAG_PORT  |                       ENABLE**  |
+---------------------------------+---------------------------------+
|                       SDM_PORT  |                      DISABLE**  |
+---------------------------------+---------------------------------+
|                 SLAVE_SPI_PORT  |                       ENABLE**  |
+---------------------------------+---------------------------------+
|                MASTER_SPI_PORT  |                      DISABLE**  |
+---------------------------------+---------------------------------+
|                       I2C_PORT  |                      DISABLE**  |
+---------------------------------+---------------------------------+
|        MUX_CONFIGURATION_PORTS  |                      DISABLE**  |
+---------------------------------+---------------------------------+
|                  CONFIGURATION  |                          CFG**  |
+---------------------------------+---------------------------------+
|                COMPRESS_CONFIG  |                           ON**  |
+---------------------------------+---------------------------------+
|                        MY_ASSP  |                          OFF**  |
+---------------------------------+---------------------------------+
|               ONE_TIME_PROGRAM  |                          OFF**  |
+---------------------------------+---------------------------------+
|                 ENABLE_TRANSFR  |                      DISABLE**  |
+---------------------------------+---------------------------------+
|                  SHAREDEBRINIT  |                      DISABLE**  |
+---------------------------------+---------------------------------+
 *  Default setting.
 ** The specified setting matches the default setting.


Creating bit map...
 
Bitstream Status: Final           Version 1.4.
 
Saving bit stream in "generic01_generic01.jed".
