Running in Lattice mode

sourcing C:\lscc\diamond\3.5_x64\synpbase\lib\message_override.tcl


Starting:    C:\lscc\diamond\3.5_x64\synpbase\bin64\mbin\synbatch.exe
Install:     C:\lscc\diamond\3.5_x64\synpbase
Hostname:    DESKTOP-JJ0F116
Date:        Thu May 26 13:03:27 2016
Version:     J-2015.03L

Arguments:   -product synplify_pro -batch generic01_generic01_synplify.tcl
ProductType: synplify_pro





log file: "C:\Users\lu_he\Documents\proyect\generics\generic01\generic01\generic01_generic01.srr"

Running: hdl_info_gen in foreground



Generating HDL info...


hdl_info_gen Completed
Return Code: 0
Run Time:0h:00m:00s

log file: "C:\Users\lu_he\Documents\proyect\generics\generic01\generic01\generic01_generic01.srr"

Running: generic01 in foreground



Running proj_1|generic01


Running: compile (Compile) on proj_1|generic01


Running: compile_flow (Compile Process) on proj_1|generic01


Running: compiler (Compile Input) on proj_1|generic01

Copied C:\Users\lu_he\Documents\proyect\generics\generic01\generic01\synwork\generic01_generic01_comp.srs to C:\Users\lu_he\Documents\proyect\generics\generic01\generic01\generic01_generic01.srs


compiler Completed
Return Code: 0
Run Time:0h:00m:02s


Running: multi_srs_gen (Multi-srs Generator) on proj_1|generic01

Copied C:\Users\lu_he\Documents\proyect\generics\generic01\generic01\synwork\generic01_generic01_comp.srs to C:\Users\lu_he\Documents\proyect\generics\generic01\generic01\synwork\generic01_generic01_s.srs


multi_srs_gen Completed
Return Code: 0
Run Time:0h:00m:01s

Copied C:\Users\lu_he\Documents\proyect\generics\generic01\generic01\synwork\generic01_generic01_mult.srs to C:\Users\lu_he\Documents\proyect\generics\generic01\generic01\generic01_generic01.srs

Copied C:\Users\lu_he\Documents\proyect\generics\generic01\generic01\generic01_generic01.srr to C:\Users\lu_he\Documents\proyect\generics\generic01\generic01\generic01_generic01.srf

Complete: Compile Process on proj_1|generic01


Running: premap (Pre-mapping) on proj_1|generic01


premap Completed with warnings
Return Code: 1
Run Time:0h:00m:01s

Complete: Compile on proj_1|generic01


Running: map (Map) on proj_1|generic01


Running: fpga_mapper (Map & Optimize) on proj_1|generic01

Copied C:\Users\lu_he\Documents\proyect\generics\generic01\generic01\synwork\generic01_generic01_m.srm to C:\Users\lu_he\Documents\proyect\generics\generic01\generic01\generic01_generic01.srm


fpga_mapper Completed with warnings
Return Code: 1
Run Time:0h:00m:02s

Complete: Map on proj_1|generic01

Copied C:\Users\lu_he\Documents\proyect\generics\generic01\generic01\generic01_generic01.srr to C:\Users\lu_he\Documents\proyect\generics\generic01\generic01\generic01_generic01.srf

Complete: Logic Synthesis on proj_1|generic01

TCL script complete: "generic01_generic01_synplify.tcl"

exit status=0

exit status=0

Save changes for project:
C:\Users\lu_he\Documents\proyect\generics\generic01\generic01\proj_1.prj

batch mode default:no

