C:\lscc\diamond\3.6_x64\synpbase\bin64\c_hdl.exe  -osyn  C:\Users\Gabriela\Desktop\PracticasG\generic04\generic02\impl1\synwork\generic02_impl1_comp.srs  -top  work.topgeneric01  -hdllog  C:\Users\Gabriela\Desktop\PracticasG\generic04\generic02\impl1\synlog\generic02_impl1_compiler.srr  -encrypt  -mp  1  -vhdl  -prodtype  synplify_pro  -dspmac -fixsmult -infer_seqShift -nram -sdff_counter -divnmod -nostructver  -encrypt  -pro  -dmgen  C:\Users\Gabriela\Desktop\PracticasG\generic04\generic02\impl1\dm  -lite -ui -fid2 -ram -sharing on -ll 2000 -autosm  -ignore_undefined_lib  -lib work C:\lscc\diamond\3.6_x64\cae_library\synthesis\vhdl\machxo2.vhd -lib work C:\Users\Gabriela\Desktop\PracticasG\generic04\generic02\combinacional01\and.vhdl -lib work C:\Users\Gabriela\Desktop\PracticasG\generic04\generic02\combinacional01\or.vhdl -lib work C:\Users\Gabriela\Desktop\PracticasG\generic04\generic02\combinacional01\xor.vhdl -lib work C:\Users\Gabriela\Desktop\PracticasG\generic04\generic02\combinacional01\paquete_sumadorcompleto.vhdl -lib work C:\Users\Gabriela\Desktop\PracticasG\generic04\generic02\combinacional01\paquete_sumadormedio.vhdl -lib work C:\Users\Gabriela\Desktop\PracticasG\generic04\generic02\combinacional01\paquete_topcombin.vhdl -lib work C:\Users\Gabriela\Desktop\PracticasG\generic04\generic02\div00\osc00.vhdl -lib work C:\Users\Gabriela\Desktop\PracticasG\generic04\generic02\div00\enab00.vhdl -lib work C:\Users\Gabriela\Desktop\PracticasG\generic04\generic02\div00\div0.vhdl -lib work C:\Users\Gabriela\Desktop\PracticasG\generic04\generic02\div00\packagediv00.vhdl -lib work C:\Users\Gabriela\Desktop\PracticasG\generic04\generic02\div00\topdiv00.vhdl -lib work C:\Users\Gabriela\Desktop\PracticasG\generic04\generic02\impl1\source\and00.vhdl -lib work C:\Users\Gabriela\Desktop\PracticasG\generic04\generic02\impl1\source\or00.vhdl -lib work C:\Users\Gabriela\Desktop\PracticasG\generic04\generic02\impl1\source\xor00.vhdl -lib work C:\Users\Gabriela\Desktop\PracticasG\generic04\generic02\impl1\source\not00.vhdl -lib work C:\Users\Gabriela\Desktop\PracticasG\generic04\generic02\impl1\source\nand00.vhdl -lib work C:\Users\Gabriela\Desktop\PracticasG\generic04\generic02\impl1\source\nor00.vhdl -lib work C:\Users\Gabriela\Desktop\PracticasG\generic04\generic02\impl1\source\nxor00.vhdl -lib work C:\Users\Gabriela\Desktop\PracticasG\generic04\generic02\impl1\source\shiftr00.vhdl -lib work C:\Users\Gabriela\Desktop\PracticasG\generic04\generic02\impl1\source\shiftl00.vhdl -lib work C:\Users\Gabriela\Desktop\PracticasG\generic04\generic02\shiftx00.vhd -lib work C:\Users\Gabriela\Desktop\PracticasG\generic04\generic02\impl1\source\rotr00.vhdl -lib work C:\Users\Gabriela\Desktop\PracticasG\generic04\generic02\impl1\source\rotl00.vhdl -lib work C:\Users\Gabriela\Desktop\PracticasG\generic04\generic02\impl1\source\add00.vhdl -lib work C:\Users\Gabriela\Desktop\PracticasG\generic04\generic02\impl1\source\sub00.vhdl -lib work C:\Users\Gabriela\Desktop\PracticasG\generic04\generic02\multicomb.vhdl -lib work C:\Users\Gabriela\Desktop\PracticasG\generic04\generic02\impl1\source\comp2.vhdl -lib work C:\Users\Gabriela\Desktop\PracticasG\generic04\generic02\impl1\source\comp00.vhdl -lib work C:\Users\Gabriela\Desktop\PracticasG\generic04\generic02\impl1\source\concat00.vhdl -lib work C:\Users\Gabriela\Desktop\PracticasG\generic04\generic02\combinacional01\top_sumadormedio.vhdl -lib work C:\Users\Gabriela\Desktop\PracticasG\generic04\generic02\combinacional01\top_sumadorcompleto.vhdl -lib work C:\Users\Gabriela\Desktop\PracticasG\generic04\generic02\combinacional01\topmulticomb01.vhdl -lib work C:\Users\Gabriela\Desktop\PracticasG\generic04\generic02\impl1\source\uc00.vhdl -lib work C:\Users\Gabriela\Desktop\PracticasG\generic04\generic02\impl1\source\packagegeneric01.vhdl -lib work C:\Users\Gabriela\Desktop\PracticasG\generic04\generic02\impl1\source\topgeneric01.vhdl 
rc:0 success:1
C:\Users\Gabriela\Desktop\PracticasG\generic04\generic02\impl1\synwork\generic02_impl1_comp.srs|o|1465345928|64768
C:\Users\Gabriela\Desktop\PracticasG\generic04\generic02\impl1\synlog\generic02_impl1_compiler.srr|o|1465345928|12207
C:\lscc\diamond\3.6_x64\cae_library\synthesis\vhdl\machxo2.vhd|i|1377021608|73964
C:\Users\Gabriela\Desktop\PracticasG\generic04\generic02\combinacional01\and.vhdl|i|1443565940|249
C:\Users\Gabriela\Desktop\PracticasG\generic04\generic02\combinacional01\or.vhdl|i|1443566250|238
C:\Users\Gabriela\Desktop\PracticasG\generic04\generic02\combinacional01\xor.vhdl|i|1443566350|249
C:\Users\Gabriela\Desktop\PracticasG\generic04\generic02\combinacional01\paquete_sumadorcompleto.vhdl|i|1443566536|398
C:\Users\Gabriela\Desktop\PracticasG\generic04\generic02\combinacional01\paquete_sumadormedio.vhdl|i|1443566594|352
C:\Users\Gabriela\Desktop\PracticasG\generic04\generic02\combinacional01\paquete_topcombin.vhdl|i|1449085794|429
C:\Users\Gabriela\Desktop\PracticasG\generic04\generic02\div00\osc00.vhdl|i|1443787910|573
C:\Users\Gabriela\Desktop\PracticasG\generic04\generic02\div00\enab00.vhdl|i|1443787850|222
C:\Users\Gabriela\Desktop\PracticasG\generic04\generic02\div00\div0.vhdl|i|1443803230|1944
C:\Users\Gabriela\Desktop\PracticasG\generic04\generic02\div00\packagediv00.vhdl|i|1443787930|475
C:\Users\Gabriela\Desktop\PracticasG\generic04\generic02\div00\topdiv00.vhdl|i|1443787950|657
C:\Users\Gabriela\Desktop\PracticasG\generic04\generic02\impl1\source\and00.vhdl|i|1447149834|947
C:\Users\Gabriela\Desktop\PracticasG\generic04\generic02\impl1\source\or00.vhdl|i|1464957856|961
C:\Users\Gabriela\Desktop\PracticasG\generic04\generic02\impl1\source\xor00.vhdl|i|1464957858|970
C:\Users\Gabriela\Desktop\PracticasG\generic04\generic02\impl1\source\not00.vhdl|i|1464957856|918
C:\Users\Gabriela\Desktop\PracticasG\generic04\generic02\impl1\source\nand00.vhdl|i|1447149834|988
C:\Users\Gabriela\Desktop\PracticasG\generic04\generic02\impl1\source\nor00.vhdl|i|1447149834|995
C:\Users\Gabriela\Desktop\PracticasG\generic04\generic02\impl1\source\nxor00.vhdl|i|1447149886|1003
C:\Users\Gabriela\Desktop\PracticasG\generic04\generic02\impl1\source\shiftr00.vhdl|i|1464957856|1059
C:\Users\Gabriela\Desktop\PracticasG\generic04\generic02\impl1\source\shiftl00.vhdl|i|1464957856|1106
C:\Users\Gabriela\Desktop\PracticasG\generic04\generic02\shiftx00.vhd|i|1465008268|1996
C:\Users\Gabriela\Desktop\PracticasG\generic04\generic02\impl1\source\rotr00.vhdl|i|1464957856|1138
C:\Users\Gabriela\Desktop\PracticasG\generic04\generic02\impl1\source\rotl00.vhdl|i|1464957856|1137
C:\Users\Gabriela\Desktop\PracticasG\generic04\generic02\impl1\source\add00.vhdl|i|1464957910|1440
C:\Users\Gabriela\Desktop\PracticasG\generic04\generic02\impl1\source\sub00.vhdl|i|1464957910|1433
C:\Users\Gabriela\Desktop\PracticasG\generic04\generic02\multicomb.vhdl|i|1464957972|983
C:\Users\Gabriela\Desktop\PracticasG\generic04\generic02\impl1\source\comp2.vhdl|i|1464957972|994
C:\Users\Gabriela\Desktop\PracticasG\generic04\generic02\impl1\source\comp00.vhdl|i|1464957972|1196
C:\Users\Gabriela\Desktop\PracticasG\generic04\generic02\impl1\source\concat00.vhdl|i|1464972020|1172
C:\Users\Gabriela\Desktop\PracticasG\generic04\generic02\combinacional01\top_sumadormedio.vhdl|i|1443566808|518
C:\Users\Gabriela\Desktop\PracticasG\generic04\generic02\combinacional01\top_sumadorcompleto.vhdl|i|1443566812|772
C:\Users\Gabriela\Desktop\PracticasG\generic04\generic02\combinacional01\topmulticomb01.vhdl|i|1449098090|4268
C:\Users\Gabriela\Desktop\PracticasG\generic04\generic02\impl1\source\uc00.vhdl|i|1464990474|886
C:\Users\Gabriela\Desktop\PracticasG\generic04\generic02\impl1\source\packagegeneric01.vhdl|i|1465008752|6442
C:\Users\Gabriela\Desktop\PracticasG\generic04\generic02\impl1\source\topgeneric01.vhdl|i|1465343990|4497
C:\lscc\diamond\3.6_x64\synpbase\bin\c_hdl.exe|i|1439973922|1295360
C:\lscc\diamond\3.6_x64\synpbase\bin64\c_hdl.exe|i|1439974110|1896960
