Running in Lattice mode

sourcing C:\lscc\diamond\3.6_x64\synpbase\lib\message_override.tcl


Starting:    C:\lscc\diamond\3.6_x64\synpbase\bin64\mbin\synbatch.exe
Install:     C:\lscc\diamond\3.6_x64\synpbase
Hostname:    ISCGAB
Date:        Tue Feb 16 07:33:38 2016
Version:     J-2015.03L-SP1

Arguments:   -product synplify_pro -batch nand01_nand01_synplify.tcl
ProductType: synplify_pro





log file: "C:\Users\Gabriela\Desktop\Practicas\nand01\nand01\nand01_nand01.srr"

Running: hdl_info_gen in foreground



Generating HDL info...


hdl_info_gen Completed
Return Code: 0
Run Time:0h:00m:00s

Copied C:\Users\Gabriela\Desktop\Practicas\nand01\nand01\nand01_nand01.srr to C:\Users\Gabriela\Desktop\Practicas\nand01\nand01\nand01_nand01.srf

log file: "C:\Users\Gabriela\Desktop\Practicas\nand01\nand01\nand01_nand01.srr"

Running: nand01 in foreground



Running proj_1|nand01


Running: compile (Compile) on proj_1|nand01


Running: compile_flow (Compile Process) on proj_1|nand01


Running: compiler (Compile Input) on proj_1|nand01

Copied C:\Users\Gabriela\Desktop\Practicas\nand01\nand01\synwork\nand01_nand01_comp.srs to C:\Users\Gabriela\Desktop\Practicas\nand01\nand01\nand01_nand01.srs


compiler Completed
Return Code: 0
Run Time:0h:00m:02s


Running: multi_srs_gen (Multi-srs Generator) on proj_1|nand01

Copied C:\Users\Gabriela\Desktop\Practicas\nand01\nand01\synwork\nand01_nand01_comp.srs to C:\Users\Gabriela\Desktop\Practicas\nand01\nand01\synwork\nand01_nand01_s.srs


multi_srs_gen Completed
Return Code: 0
Run Time:0h:00m:00s

Copied C:\Users\Gabriela\Desktop\Practicas\nand01\nand01\synwork\nand01_nand01_mult.srs to C:\Users\Gabriela\Desktop\Practicas\nand01\nand01\nand01_nand01.srs

Copied C:\Users\Gabriela\Desktop\Practicas\nand01\nand01\nand01_nand01.srr to C:\Users\Gabriela\Desktop\Practicas\nand01\nand01\nand01_nand01.srf

Complete: Compile Process on proj_1|nand01


Running: premap (Pre-mapping) on proj_1|nand01

Copied C:\Users\Gabriela\Desktop\Practicas\nand01\nand01\nand01_nand01.fse to C:\Users\Gabriela\Desktop\Practicas\nand01\nand01\synwork\nand01_nand01_s.fse


premap Completed
Return Code: 0
Run Time:0h:00m:01s

Complete: Compile on proj_1|nand01


Running: map (Map) on proj_1|nand01


Running: fpga_mapper (Map & Optimize) on proj_1|nand01

Copied C:\Users\Gabriela\Desktop\Practicas\nand01\nand01\synwork\nand01_nand01_m.srm to C:\Users\Gabriela\Desktop\Practicas\nand01\nand01\nand01_nand01.srm


fpga_mapper Completed
Return Code: 0
Run Time:0h:00m:01s

Complete: Map on proj_1|nand01

Copied C:\Users\Gabriela\Desktop\Practicas\nand01\nand01\nand01_nand01.srr to C:\Users\Gabriela\Desktop\Practicas\nand01\nand01\nand01_nand01.srf

Complete: Logic Synthesis on proj_1|nand01

TCL script complete: "nand01_nand01_synplify.tcl"

exit status=0

exit status=0

Save changes for project:
C:\Users\Gabriela\Desktop\Practicas\nand01\nand01\proj_1.prj

batch mode default:no

