line 5789, col 42: Option set not found: vcs_ECP4_lib.
line 5803, col 44: Option set not found: vcs_ECP45M_lib.


Running in Lattice mode


Starting:    D:\Archivos de Programa\lscc\diamond\3.2_x64\synpbase\win64\mbin\synbatch.exe
Install:     D:\Archivos de Programa\lscc\diamond\3.2_x64\synpbase
Date:        Fri Jan 30 14:28:11 2015
Version:     I-2013.09L-SP1-1 

Arguments:   -product synplify_pro  -batch nxor01_nxor01_synplify.tcl
ProductType: synplify_pro






log file: "D:\PracticasDiamond\nxor01\nxor01\nxor01_nxor01.srr"





Generating HDL info...

hdl_info_gen Completed
Return Code: 0
Run Time:0h:00m:01s


Copied D:\PracticasDiamond\nxor01\nxor01\nxor01_nxor01.srr to D:\PracticasDiamond\nxor01\nxor01\nxor01_nxor01.srf

log file: "D:\PracticasDiamond\nxor01\nxor01\nxor01_nxor01.srr"





Running proj_1|nxor01


Running: Compile on proj_1|nxor01


Running: Compile Process on proj_1|nxor01


Running: Compile Input on proj_1|nxor01

Copied D:\PracticasDiamond\nxor01\nxor01\synwork\nxor01_nxor01_comp.srs to D:\PracticasDiamond\nxor01\nxor01\nxor01_nxor01.srs

compiler Completed
Return Code: 0
Run Time:0h:00m:02s


Copied D:\PracticasDiamond\nxor01\nxor01\nxor01_nxor01.srr to D:\PracticasDiamond\nxor01\nxor01\nxor01_nxor01.srf

Complete: Compile Process on proj_1|nxor01


Running: Pre-mapping on proj_1|nxor01

premap Completed
Return Code: 0
Run Time:0h:00m:01s


Complete: Compile on proj_1|nxor01


Running: Map on proj_1|nxor01


Running: Map & Optimize on proj_1|nxor01

fpga_mapper Completed
Return Code: 0
Run Time:0h:00m:04s


Complete: Map on proj_1|nxor01

Copied D:\PracticasDiamond\nxor01\nxor01\nxor01_nxor01.srr to D:\PracticasDiamond\nxor01\nxor01\nxor01_nxor01.srf

Complete: Logic Synthesis on proj_1|nxor01

TCL script complete: "nxor01_nxor01_synplify.tcl"

exit status=0


exit status=0


Save changes for project:
D:\PracticasDiamond\nxor01\nxor01\proj_1.prj

batch mode default:no

